2024-12-05 12:54:43,046 - INFO - Logging initialized. Log file: logs\2024-12-05_instance_1.log
2024-12-05 12:54:46,539 - INFO - 
------------------------------------------------------------
                     PROGRAM INITIALIZED
                     2024-12-05 12:54:46.539337          
------------------------------------------------------------
2024-12-05 12:54:47,815 - INFO - 
------------------------------------------------------------
                 AVAILABILITY CHECK INITIATED
                     2024-12-05 12:54:47.815223          
------------------------------------------------------------
2024-12-05 12:54:48,437 - INFO - Total URLs to be processed for site CS_MILITARIA: 1005
2024-12-05 12:54:48,440 - DEBUG - Starting new HTTPS connection (1): www.csmilitaria.co.uk:443
2024-12-05 12:54:49,742 - DEBUG - https://www.csmilitaria.co.uk:443 "GET /shop.php?code=13655 HTTP/1.1" 200 2940
2024-12-05 12:54:49,748 - ERROR - Error processing URL https://www.csmilitaria.co.uk/shop.php?code=13655: Invalid character '(' position 24
  line 1:
True if productSoup.find('button', class_='btn cta add2cart') else False
                        ^
2024-12-05 12:54:50,038 - DEBUG - https://www.csmilitaria.co.uk:443 "GET /shop.php?code=14668 HTTP/1.1" 200 2847
2024-12-05 12:54:50,042 - ERROR - Error processing URL https://www.csmilitaria.co.uk/shop.php?code=14668: Invalid character '(' position 24
  line 1:
True if productSoup.find('button', class_='btn cta add2cart') else False
                        ^
2024-12-05 12:54:50,332 - DEBUG - https://www.csmilitaria.co.uk:443 "GET /shop.php?code=13874 HTTP/1.1" 200 2893
2024-12-05 12:54:50,337 - ERROR - Error processing URL https://www.csmilitaria.co.uk/shop.php?code=13874: Invalid character '(' position 24
  line 1:
True if productSoup.find('button', class_='btn cta add2cart') else False
                        ^
2024-12-05 12:54:50,626 - DEBUG - https://www.csmilitaria.co.uk:443 "GET /shop.php?code=13419 HTTP/1.1" 200 2861
2024-12-05 12:54:50,630 - ERROR - Error processing URL https://www.csmilitaria.co.uk/shop.php?code=13419: Invalid character '(' position 24
  line 1:
True if productSoup.find('button', class_='btn cta add2cart') else False
                        ^
2024-12-05 12:54:50,921 - DEBUG - https://www.csmilitaria.co.uk:443 "GET /shop.php?code=12842 HTTP/1.1" 200 2859
2024-12-05 12:54:50,925 - ERROR - Error processing URL https://www.csmilitaria.co.uk/shop.php?code=12842: Invalid character '(' position 24
  line 1:
True if productSoup.find('button', class_='btn cta add2cart') else False
                        ^
2024-12-05 12:54:51,215 - DEBUG - https://www.csmilitaria.co.uk:443 "GET /shop.php?code=6669 HTTP/1.1" 200 2858
2024-12-05 12:54:51,219 - ERROR - Error processing URL https://www.csmilitaria.co.uk/shop.php?code=6669: Invalid character '(' position 24
  line 1:
True if productSoup.find('button', class_='btn cta add2cart') else False
                        ^
2024-12-05 12:54:51,509 - DEBUG - https://www.csmilitaria.co.uk:443 "GET /shop.php?code=11779 HTTP/1.1" 200 3008
2024-12-05 12:54:51,513 - ERROR - Error processing URL https://www.csmilitaria.co.uk/shop.php?code=11779: Invalid character '(' position 24
  line 1:
True if productSoup.find('button', class_='btn cta add2cart') else False
                        ^
2024-12-05 12:54:51,803 - DEBUG - https://www.csmilitaria.co.uk:443 "GET /shop.php?code=10792 HTTP/1.1" 200 3121
2024-12-05 12:54:51,807 - ERROR - Error processing URL https://www.csmilitaria.co.uk/shop.php?code=10792: Invalid character '(' position 24
  line 1:
True if productSoup.find('button', class_='btn cta add2cart') else False
                        ^
2024-12-05 12:54:52,097 - DEBUG - https://www.csmilitaria.co.uk:443 "GET /shop.php?code=11814 HTTP/1.1" 200 3288
2024-12-05 12:54:52,102 - ERROR - Error processing URL https://www.csmilitaria.co.uk/shop.php?code=11814: Invalid character '(' position 24
  line 1:
True if productSoup.find('button', class_='btn cta add2cart') else False
                        ^
2024-12-05 12:54:52,392 - DEBUG - https://www.csmilitaria.co.uk:443 "GET /shop.php?code=11951 HTTP/1.1" 200 3034
2024-12-05 12:54:52,396 - ERROR - Error processing URL https://www.csmilitaria.co.uk/shop.php?code=11951: Invalid character '(' position 24
  line 1:
True if productSoup.find('button', class_='btn cta add2cart') else False
                        ^
2024-12-05 12:54:52,685 - DEBUG - https://www.csmilitaria.co.uk:443 "GET /shop.php?code=1442 HTTP/1.1" 200 3018
2024-12-05 12:54:52,689 - ERROR - Error processing URL https://www.csmilitaria.co.uk/shop.php?code=1442: Invalid character '(' position 24
  line 1:
True if productSoup.find('button', class_='btn cta add2cart') else False
                        ^
2024-12-05 12:54:52,978 - DEBUG - https://www.csmilitaria.co.uk:443 "GET /shop.php?code=14587 HTTP/1.1" 200 3422
2024-12-05 12:54:52,984 - ERROR - Error processing URL https://www.csmilitaria.co.uk/shop.php?code=14587: Invalid character '(' position 24
  line 1:
True if productSoup.find('button', class_='btn cta add2cart') else False
                        ^
2024-12-05 12:54:53,285 - DEBUG - https://www.csmilitaria.co.uk:443 "GET /shop.php?code=14583 HTTP/1.1" 200 3440
2024-12-05 12:54:53,289 - ERROR - Error processing URL https://www.csmilitaria.co.uk/shop.php?code=14583: Invalid character '(' position 24
  line 1:
True if productSoup.find('button', class_='btn cta add2cart') else False
                        ^
2024-12-05 12:54:53,580 - DEBUG - https://www.csmilitaria.co.uk:443 "GET /shop.php?code=14534 HTTP/1.1" 200 3362
2024-12-05 12:54:53,585 - ERROR - Error processing URL https://www.csmilitaria.co.uk/shop.php?code=14534: Invalid character '(' position 24
  line 1:
True if productSoup.find('button', class_='btn cta add2cart') else False
                        ^
2024-12-05 12:54:53,876 - DEBUG - https://www.csmilitaria.co.uk:443 "GET /shop.php?code=12820 HTTP/1.1" 200 3428
2024-12-05 12:54:53,881 - ERROR - Error processing URL https://www.csmilitaria.co.uk/shop.php?code=12820: Invalid character '(' position 24
  line 1:
True if productSoup.find('button', class_='btn cta add2cart') else False
                        ^
2024-12-05 12:54:54,172 - DEBUG - https://www.csmilitaria.co.uk:443 "GET /shop.php?code=12816 HTTP/1.1" 200 3128
2024-12-05 12:54:54,176 - ERROR - Error processing URL https://www.csmilitaria.co.uk/shop.php?code=12816: Invalid character '(' position 24
  line 1:
True if productSoup.find('button', class_='btn cta add2cart') else False
                        ^
2024-12-05 12:54:54,465 - DEBUG - https://www.csmilitaria.co.uk:443 "GET /shop.php?code=2200 HTTP/1.1" 200 3478
2024-12-05 12:54:54,470 - ERROR - Error processing URL https://www.csmilitaria.co.uk/shop.php?code=2200: Invalid character '(' position 24
  line 1:
True if productSoup.find('button', class_='btn cta add2cart') else False
                        ^
2024-12-05 12:54:54,763 - DEBUG - https://www.csmilitaria.co.uk:443 "GET /shop.php?code=13771 HTTP/1.1" 200 2897
2024-12-05 12:54:54,767 - ERROR - Error processing URL https://www.csmilitaria.co.uk/shop.php?code=13771: Invalid character '(' position 24
  line 1:
True if productSoup.find('button', class_='btn cta add2cart') else False
                        ^
