2024-12-22 21:10:37,522 - INFO - Logging initialized. Log file: logs\2024-12-22_instance_14.log
2024-12-22 21:10:40,155 - INFO - 
------------------------------------------------------------
PROGRAM INITIALIZED 2024-12-22 21:10:40.155522
------------------------------------------------------------
2024-12-22 21:10:45,180 - INFO - PostgreSQL connection pool initialized.
2024-12-22 21:10:45,181 - DEBUG - Changing event name from creating-client-class.iot-data to creating-client-class.iot-data-plane
2024-12-22 21:10:45,182 - DEBUG - Changing event name from before-call.apigateway to before-call.api-gateway
2024-12-22 21:10:45,184 - DEBUG - Changing event name from request-created.machinelearning.Predict to request-created.machine-learning.Predict
2024-12-22 21:10:45,185 - DEBUG - Changing event name from before-parameter-build.autoscaling.CreateLaunchConfiguration to before-parameter-build.auto-scaling.CreateLaunchConfiguration
2024-12-22 21:10:45,185 - DEBUG - Changing event name from before-parameter-build.route53 to before-parameter-build.route-53
2024-12-22 21:10:45,186 - DEBUG - Changing event name from request-created.cloudsearchdomain.Search to request-created.cloudsearch-domain.Search
2024-12-22 21:10:45,186 - DEBUG - Changing event name from docs.*.autoscaling.CreateLaunchConfiguration.complete-section to docs.*.auto-scaling.CreateLaunchConfiguration.complete-section
2024-12-22 21:10:45,188 - DEBUG - Changing event name from before-parameter-build.logs.CreateExportTask to before-parameter-build.cloudwatch-logs.CreateExportTask
2024-12-22 21:10:45,188 - DEBUG - Changing event name from docs.*.logs.CreateExportTask.complete-section to docs.*.cloudwatch-logs.CreateExportTask.complete-section
2024-12-22 21:10:45,189 - DEBUG - Changing event name from before-parameter-build.cloudsearchdomain.Search to before-parameter-build.cloudsearch-domain.Search
2024-12-22 21:10:45,189 - DEBUG - Changing event name from docs.*.cloudsearchdomain.Search.complete-section to docs.*.cloudsearch-domain.Search.complete-section
2024-12-22 21:10:45,241 - DEBUG - Loading JSON file: C:\Users\keena\AppData\Local\Programs\Python\Python312\Lib\site-packages\botocore\data\endpoints.json
2024-12-22 21:10:45,254 - DEBUG - Loading JSON file: C:\Users\keena\AppData\Local\Programs\Python\Python312\Lib\site-packages\botocore\data\sdk-default-configuration.json
2024-12-22 21:10:45,255 - DEBUG - Event choose-service-name: calling handler <function handle_service_name_alias at 0x000001C430665E40>
2024-12-22 21:10:45,302 - DEBUG - Loading JSON file: C:\Users\keena\AppData\Local\Programs\Python\Python312\Lib\site-packages\botocore\data\s3\2006-03-01\service-2.json.gz
2024-12-22 21:10:45,310 - DEBUG - Loading JSON file: C:\Users\keena\AppData\Local\Programs\Python\Python312\Lib\site-packages\botocore\data\s3\2006-03-01\service-2.sdk-extras.json
2024-12-22 21:10:45,357 - DEBUG - Loading JSON file: C:\Users\keena\AppData\Local\Programs\Python\Python312\Lib\site-packages\botocore\data\s3\2006-03-01\endpoint-rule-set-1.json.gz
2024-12-22 21:10:45,360 - DEBUG - Loading JSON file: C:\Users\keena\AppData\Local\Programs\Python\Python312\Lib\site-packages\botocore\data\partitions.json
2024-12-22 21:10:45,361 - DEBUG - Event creating-client-class.s3: calling handler <function add_generate_presigned_post at 0x000001C43059ECA0>
2024-12-22 21:10:45,361 - DEBUG - Event creating-client-class.s3: calling handler <function lazy_call.<locals>._handler at 0x000001C43070D8A0>
2024-12-22 21:10:45,393 - DEBUG - Event creating-client-class.s3: calling handler <function add_generate_presigned_url at 0x000001C43059EA20>
2024-12-22 21:10:45,394 - DEBUG - Looking for endpoint for s3 via: environment_service
2024-12-22 21:10:45,394 - DEBUG - Looking for endpoint for s3 via: environment_global
2024-12-22 21:10:45,394 - DEBUG - Looking for endpoint for s3 via: config_service
2024-12-22 21:10:45,394 - DEBUG - Looking for endpoint for s3 via: config_global
2024-12-22 21:10:45,394 - DEBUG - No configured endpoint found.
2024-12-22 21:10:45,396 - DEBUG - Setting s3 timeout as (60, 60)
2024-12-22 21:10:45,399 - DEBUG - Loading JSON file: C:\Users\keena\AppData\Local\Programs\Python\Python312\Lib\site-packages\botocore\data\_retry.json
2024-12-22 21:10:45,399 - DEBUG - Registering retry handlers for service: s3
2024-12-22 21:10:45,399 - DEBUG - Registering S3 region redirector handler
2024-12-22 21:10:45,400 - DEBUG - Registering S3Express Identity Resolver
2024-12-22 21:10:49,980 - DEBUG - Navigating to products page: https://www.ea-militaria.com/new-items?p=0
2024-12-22 21:10:49,982 - DEBUG - Starting new HTTPS connection (1): www.ea-militaria.com:443
2024-12-22 21:10:51,961 - DEBUG - https://www.ea-militaria.com:443 "GET /new-items?p=0 HTTP/1.1" 200 None
2024-12-22 21:10:52,210 - INFO - 
------------------------------------------------------------
                    NEW INSTANCE STARTED                    
------------------------------------------------------------
2024-12-22 21:10:52,210 - INFO - MILITARIA SITE      : EA_MILITARIA
2024-12-22 21:10:52,210 - INFO - PRODUCTS URL        : https://www.ea-militaria.com/new-items?p=0
2024-12-22 21:10:52,210 - INFO - CYCLES RUN          : 0
2024-12-22 21:10:52,211 - INFO - PRODUCTS PROCESSED  : 0
2024-12-22 21:10:52,211 - INFO - TIMESTAMP           : 2024-12-22 21:10:52.210561
2024-12-22 21:10:52,211 - ERROR - Error constructing product URL: 'href'
2024-12-22 21:10:52,211 - WARNING - Product URL is invalid. Skipping this product.
2024-12-22 21:10:52,211 - DEBUG - Product URL constructed: https://www.ea-militaria.com/drl-sportabzeichen-wernstein-jena-in-silber.html
2024-12-22 21:10:52,685 - DEBUG - https://www.ea-militaria.com:443 "GET /drl-sportabzeichen-wernstein-jena-in-silber.html HTTP/1.1" 200 None
2024-12-22 21:10:53,713 - DEBUG - Processing valid URL: https://www.ea-militaria.com/media/catalog/product/cache/9b0b3b8cd6d61af269ad4888103f835d/e/a/eam_9420.jpeg
2024-12-22 21:10:54,714 - DEBUG - Processing valid URL: https://www.ea-militaria.com/media/catalog/product/cache/9b0b3b8cd6d61af269ad4888103f835d/e/a/eam_9427_1.jpeg
2024-12-22 21:10:54,714 - DEBUG - Extracted image URLs: ['https://www.ea-militaria.com/media/catalog/product/cache/9b0b3b8cd6d61af269ad4888103f835d/e/a/eam_9420.jpeg', 'https://www.ea-militaria.com/media/catalog/product/cache/9b0b3b8cd6d61af269ad4888103f835d/e/a/eam_9427_1.jpeg']
2024-12-22 21:10:54,714 - DEBUG - Scraped data: Title=Silver DRL Sportabzeichen, Price=85.00, Available=True
2024-12-22 21:10:54,715 - DEBUG - Extracted image URLs: ['https://www.ea-militaria.com/media/catalog/product/cache/9b0b3b8cd6d61af269ad4888103f835d/e/a/eam_9420.jpeg', 'https://www.ea-militaria.com/media/catalog/product/cache/9b0b3b8cd6d61af269ad4888103f835d/e/a/eam_9427_1.jpeg']
2024-12-22 21:10:56,127 - DEBUG - SQL Query Result for Product ID: [(227975,)]
2024-12-22 21:10:56,127 - DEBUG - Uploading images for product ID: 227975
2024-12-22 21:10:56,128 - DEBUG - Processing image 1/2: https://www.ea-militaria.com/media/catalog/product/cache/9b0b3b8cd6d61af269ad4888103f835d/e/a/eam_9420.jpeg
2024-12-22 21:10:58,129 - DEBUG - Starting upload: URL=https://www.ea-militaria.com/media/catalog/product/cache/9b0b3b8cd6d61af269ad4888103f835d/e/a/eam_9420.jpeg, Object Name=EA_MILITARIA/227975/227975-1.jpg
2024-12-22 21:10:58,130 - DEBUG - Starting new HTTPS connection (1): www.ea-militaria.com:443
2024-12-22 21:10:59,273 - ERROR - Error fetching image https://www.ea-militaria.com/media/catalog/product/cache/9b0b3b8cd6d61af269ad4888103f835d/e/a/eam_9420.jpeg: ('Connection aborted.', RemoteDisconnected('Remote end closed connection without response'))
2024-12-22 21:10:59,273 - DEBUG - Processing image 2/2: https://www.ea-militaria.com/media/catalog/product/cache/9b0b3b8cd6d61af269ad4888103f835d/e/a/eam_9427_1.jpeg
2024-12-22 21:11:01,274 - DEBUG - Starting upload: URL=https://www.ea-militaria.com/media/catalog/product/cache/9b0b3b8cd6d61af269ad4888103f835d/e/a/eam_9427_1.jpeg, Object Name=EA_MILITARIA/227975/227975-2.jpg
2024-12-22 21:11:01,275 - DEBUG - Starting new HTTPS connection (1): www.ea-militaria.com:443
2024-12-22 21:11:02,405 - ERROR - Error fetching image https://www.ea-militaria.com/media/catalog/product/cache/9b0b3b8cd6d61af269ad4888103f835d/e/a/eam_9427_1.jpeg: ('Connection aborted.', RemoteDisconnected('Remote end closed connection without response'))
2024-12-22 21:11:05,383 - INFO - Product 'https://www.ea-militaria.com/drl-sportabzeichen-wernstein-jena-in-silber.html' was updated or inserted successfully.
2024-12-22 21:11:05,383 - DEBUG - Product URL constructed: https://www.ea-militaria.com/rare-krim-campaign-shield-stickpin-16mm.html
2024-12-22 21:11:06,138 - DEBUG - https://www.ea-militaria.com:443 "GET /rare-krim-campaign-shield-stickpin-16mm.html HTTP/1.1" 200 None
2024-12-22 21:11:07,162 - DEBUG - Processing valid URL: https://www.ea-militaria.com/media/catalog/product/cache/9b0b3b8cd6d61af269ad4888103f835d/e/a/eam_9446_1.jpeg
2024-12-22 21:11:08,163 - DEBUG - Processing valid URL: https://www.ea-militaria.com/media/catalog/product/cache/9b0b3b8cd6d61af269ad4888103f835d/e/a/eam_9444_1.jpeg
2024-12-22 21:11:09,164 - DEBUG - Processing valid URL: https://www.ea-militaria.com/media/catalog/product/cache/9b0b3b8cd6d61af269ad4888103f835d/e/a/eam_9445.jpeg
2024-12-22 21:11:09,164 - DEBUG - Extracted image URLs: ['https://www.ea-militaria.com/media/catalog/product/cache/9b0b3b8cd6d61af269ad4888103f835d/e/a/eam_9446_1.jpeg', 'https://www.ea-militaria.com/media/catalog/product/cache/9b0b3b8cd6d61af269ad4888103f835d/e/a/eam_9444_1.jpeg', 'https://www.ea-militaria.com/media/catalog/product/cache/9b0b3b8cd6d61af269ad4888103f835d/e/a/eam_9445.jpeg']
2024-12-22 21:11:09,164 - DEBUG - Scraped data: Title=Rare Krim Campaign Shield Stickpin (16mm), Price=120.00, Available=True
2024-12-22 21:11:09,164 - DEBUG - Extracted image URLs: ['https://www.ea-militaria.com/media/catalog/product/cache/9b0b3b8cd6d61af269ad4888103f835d/e/a/eam_9446_1.jpeg', 'https://www.ea-militaria.com/media/catalog/product/cache/9b0b3b8cd6d61af269ad4888103f835d/e/a/eam_9444_1.jpeg', 'https://www.ea-militaria.com/media/catalog/product/cache/9b0b3b8cd6d61af269ad4888103f835d/e/a/eam_9445.jpeg']
2024-12-22 21:11:10,565 - DEBUG - SQL Query Result for Product ID: [(227899,)]
2024-12-22 21:11:10,566 - DEBUG - Uploading images for product ID: 227899
2024-12-22 21:11:10,566 - DEBUG - Processing image 1/3: https://www.ea-militaria.com/media/catalog/product/cache/9b0b3b8cd6d61af269ad4888103f835d/e/a/eam_9446_1.jpeg
2024-12-22 21:11:12,567 - DEBUG - Starting upload: URL=https://www.ea-militaria.com/media/catalog/product/cache/9b0b3b8cd6d61af269ad4888103f835d/e/a/eam_9446_1.jpeg, Object Name=EA_MILITARIA/227899/227899-1.jpg
2024-12-22 21:11:12,568 - DEBUG - Starting new HTTPS connection (1): www.ea-militaria.com:443
2024-12-22 21:11:13,683 - ERROR - Error fetching image https://www.ea-militaria.com/media/catalog/product/cache/9b0b3b8cd6d61af269ad4888103f835d/e/a/eam_9446_1.jpeg: ('Connection aborted.', RemoteDisconnected('Remote end closed connection without response'))
2024-12-22 21:11:13,684 - DEBUG - Processing image 2/3: https://www.ea-militaria.com/media/catalog/product/cache/9b0b3b8cd6d61af269ad4888103f835d/e/a/eam_9444_1.jpeg
2024-12-22 21:11:15,684 - DEBUG - Starting upload: URL=https://www.ea-militaria.com/media/catalog/product/cache/9b0b3b8cd6d61af269ad4888103f835d/e/a/eam_9444_1.jpeg, Object Name=EA_MILITARIA/227899/227899-2.jpg
2024-12-22 21:11:15,685 - DEBUG - Starting new HTTPS connection (1): www.ea-militaria.com:443
2024-12-22 21:11:16,809 - ERROR - Error fetching image https://www.ea-militaria.com/media/catalog/product/cache/9b0b3b8cd6d61af269ad4888103f835d/e/a/eam_9444_1.jpeg: ('Connection aborted.', RemoteDisconnected('Remote end closed connection without response'))
2024-12-22 21:11:16,809 - DEBUG - Processing image 3/3: https://www.ea-militaria.com/media/catalog/product/cache/9b0b3b8cd6d61af269ad4888103f835d/e/a/eam_9445.jpeg
2024-12-22 21:11:18,809 - DEBUG - Starting upload: URL=https://www.ea-militaria.com/media/catalog/product/cache/9b0b3b8cd6d61af269ad4888103f835d/e/a/eam_9445.jpeg, Object Name=EA_MILITARIA/227899/227899-3.jpg
2024-12-22 21:11:18,811 - DEBUG - Starting new HTTPS connection (1): www.ea-militaria.com:443
2024-12-22 21:11:20,209 - ERROR - Error fetching image https://www.ea-militaria.com/media/catalog/product/cache/9b0b3b8cd6d61af269ad4888103f835d/e/a/eam_9445.jpeg: ('Connection aborted.', RemoteDisconnected('Remote end closed connection without response'))
