2024-12-04 10:37:34,531 - INFO - Logging initialized. Log file: logs\2024-12-04_instance_2.log
2024-12-04 10:37:39,154 - INFO - 
------------------------------------------------------------
                     PROGRAM INITIALIZED
                     2024-12-04 10:37:39.154649          
------------------------------------------------------------
2024-12-04 10:37:40,244 - DEBUG - Navigating to products page: https://www.csmilitaria.co.uk/shop.php?pg=0
2024-12-04 10:37:40,246 - DEBUG - Starting new HTTPS connection (1): www.csmilitaria.co.uk:443
2024-12-04 10:37:41,376 - DEBUG - https://www.csmilitaria.co.uk:443 "GET /shop.php?pg=0 HTTP/1.1" 200 5644
2024-12-04 10:37:41,390 - INFO - 
------------------------------------------------------------
                    NEW INSTANCE STARTED                    
------------------------------------------------------------
2024-12-04 10:37:41,390 - INFO - MILITARIA SITE      : CS_MILITARIA
2024-12-04 10:37:41,391 - INFO - PRODUCTS URL        : https://www.csmilitaria.co.uk/shop.php?pg=0
2024-12-04 10:37:41,391 - INFO - CYCLES RUN          : 0
2024-12-04 10:37:41,391 - INFO - PRODUCTS PROCESSED  : 0
2024-12-04 10:37:41,391 - INFO - TIMESTAMP           : 2024-12-04 10:37:41.390055
2024-12-04 10:37:41,391 - DEBUG - Product URL constructed: https://www.csmilitaria.co.uk/shop.php?code=14741
2024-12-04 10:37:41,679 - DEBUG - https://www.csmilitaria.co.uk:443 "GET /shop.php?code=14741 HTTP/1.1" 200 3751
2024-12-04 10:37:41,684 - DEBUG - Scraped data - Title: WW1 French 73rd Infantry Regiment Kepi, Price: 745.00, Available: True
2024-12-04 10:37:42,307 - INFO - 
------------------------------------------------------------
                      PRODUCT UPDATED                       
------------------------------------------------------------
2024-12-04 10:37:42,308 - INFO - CURRENT PAGE        : 0
2024-12-04 10:37:42,308 - INFO - PRODUCTS PROCESSED  : 0
2024-12-04 10:37:42,308 - INFO - CONSECUTIVE MATCHES : 1
2024-12-04 10:37:42,308 - INFO - PRODUCT URL         : https://www.csmilitaria.co.uk/shop.php?code=14741
2024-12-04 10:37:42,308 - INFO - TIMESTAMP           : 2024-12-04 10:37:42.307903
2024-12-04 10:37:42,309 - DEBUG - Product URL constructed: https://www.csmilitaria.co.uk/shop.php?code=14728
2024-12-04 10:37:42,594 - DEBUG - https://www.csmilitaria.co.uk:443 "GET /shop.php?code=14728 HTTP/1.1" 200 2881
2024-12-04 10:37:42,599 - DEBUG - Scraped data - Title: WW2 Canadian Undershirt, Price: 75.00, Available: True
2024-12-04 10:37:43,026 - INFO - 
------------------------------------------------------------
                      PRODUCT UPDATED                       
------------------------------------------------------------
2024-12-04 10:37:43,026 - INFO - CURRENT PAGE        : 0
2024-12-04 10:37:43,026 - INFO - PRODUCTS PROCESSED  : 1
2024-12-04 10:37:43,027 - INFO - CONSECUTIVE MATCHES : 2
2024-12-04 10:37:43,027 - INFO - PRODUCT URL         : https://www.csmilitaria.co.uk/shop.php?code=14728
2024-12-04 10:37:43,027 - INFO - TIMESTAMP           : 2024-12-04 10:37:43.026035
2024-12-04 10:37:43,027 - DEBUG - Product URL constructed: https://www.csmilitaria.co.uk/shop.php?code=14729
2024-12-04 10:37:43,311 - DEBUG - https://www.csmilitaria.co.uk:443 "GET /shop.php?code=14729 HTTP/1.1" 200 2940
2024-12-04 10:37:43,316 - DEBUG - Scraped data - Title: WW2 Canadian Long Johns, Price: 75.00, Available: True
2024-12-04 10:37:43,731 - INFO - 
------------------------------------------------------------
                      PRODUCT UPDATED                       
------------------------------------------------------------
2024-12-04 10:37:43,731 - INFO - CURRENT PAGE        : 0
2024-12-04 10:37:43,732 - INFO - PRODUCTS PROCESSED  : 2
2024-12-04 10:37:43,732 - INFO - CONSECUTIVE MATCHES : 3
2024-12-04 10:37:43,732 - INFO - PRODUCT URL         : https://www.csmilitaria.co.uk/shop.php?code=14729
2024-12-04 10:37:43,732 - INFO - TIMESTAMP           : 2024-12-04 10:37:43.731106
2024-12-04 10:37:43,732 - DEBUG - Product URL constructed: https://www.csmilitaria.co.uk/shop.php?code=14730
2024-12-04 10:37:44,018 - DEBUG - https://www.csmilitaria.co.uk:443 "GET /shop.php?code=14730 HTTP/1.1" 200 2889
2024-12-04 10:37:44,022 - DEBUG - Scraped data - Title: WW2 Canadian Wool Socks, Price: 55.00, Available: True
2024-12-04 10:37:44,430 - INFO - 
------------------------------------------------------------
                      PRODUCT UPDATED                       
------------------------------------------------------------
2024-12-04 10:37:44,431 - INFO - CURRENT PAGE        : 0
2024-12-04 10:37:44,432 - INFO - PRODUCTS PROCESSED  : 3
2024-12-04 10:37:44,432 - INFO - CONSECUTIVE MATCHES : 4
2024-12-04 10:37:44,432 - INFO - PRODUCT URL         : https://www.csmilitaria.co.uk/shop.php?code=14730
2024-12-04 10:37:44,432 - INFO - TIMESTAMP           : 2024-12-04 10:37:44.430821
2024-12-04 10:37:44,432 - DEBUG - Product URL constructed: https://www.csmilitaria.co.uk/shop.php?code=14739
2024-12-04 10:37:44,716 - DEBUG - https://www.csmilitaria.co.uk:443 "GET /shop.php?code=14739 HTTP/1.1" 200 3184
2024-12-04 10:37:44,721 - WARNING - Unable to retrieve product PRICE.
2024-12-04 10:37:44,722 - WARNING - AttributeError while evaluating price element: 'NoneType' object has no attribute 'group'
2024-12-04 10:37:44,722 - DEBUG - Scraped data - Title: French WW1 Model M1893 Field Pack - 1917 Dated, Price: 0, Available: False
2024-12-04 10:37:45,975 - INFO - 
------------------------------------------------------------
                      PRODUCT UPDATED                       
------------------------------------------------------------
2024-12-04 10:37:45,976 - INFO - CURRENT PAGE        : 0
2024-12-04 10:37:45,976 - INFO - PRODUCTS PROCESSED  : 4
2024-12-04 10:37:45,976 - INFO - CONSECUTIVE MATCHES : 5
2024-12-04 10:37:45,976 - INFO - PRODUCT URL         : https://www.csmilitaria.co.uk/shop.php?code=14739
2024-12-04 10:37:45,976 - INFO - TIMESTAMP           : 2024-12-04 10:37:45.975254
2024-12-04 10:37:45,976 - INFO - 
------------------------------------------------------------
                    INSTANCE TERMINATED                     
------------------------------------------------------------
2024-12-04 10:37:45,977 - INFO - MILITARIA SITE      : CS_MILITARIA
2024-12-04 10:37:45,977 - INFO - CONSECUTIVE MATCHES : 5
2024-12-04 10:37:45,977 - INFO - CYCLES RUN          : 0
2024-12-04 10:37:45,977 - INFO - PRODUCTS PROCESSED  : 0
2024-12-04 10:37:45,977 - INFO - TIMESTAMP           : 2024-12-04 10:37:45.976254
2024-12-04 10:37:45,977 - DEBUG - Navigating to products page: https://www.csmilitaria.co.uk/archive.php?pg=0
2024-12-04 10:37:46,274 - DEBUG - https://www.csmilitaria.co.uk:443 "GET /archive.php?pg=0 HTTP/1.1" 200 6414
2024-12-04 10:37:46,285 - INFO - 
------------------------------------------------------------
                    NEW INSTANCE STARTED                    
------------------------------------------------------------
2024-12-04 10:37:46,285 - INFO - MILITARIA SITE      : CS_MILITARIA
2024-12-04 10:37:46,285 - INFO - PRODUCTS URL        : https://www.csmilitaria.co.uk/archive.php?pg=0
2024-12-04 10:37:46,286 - INFO - CYCLES RUN          : 0
2024-12-04 10:37:46,286 - INFO - PRODUCTS PROCESSED  : 0
2024-12-04 10:37:46,286 - INFO - TIMESTAMP           : 2024-12-04 10:37:46.285003
2024-12-04 10:37:46,286 - DEBUG - Product URL constructed: https://www.csmilitaria.co.uk/shop.php?code=14431
2024-12-04 10:37:46,571 - DEBUG - https://www.csmilitaria.co.uk:443 "GET /shop.php?code=14431 HTTP/1.1" 200 3173
2024-12-04 10:37:46,576 - DEBUG - Scraped data - Title: WW2 British Turtle Helmet With Camouflage Net 1944, Price: 345.00, Available: False
2024-12-04 10:37:47,683 - INFO - 
------------------------------------------------------------
                      PRODUCT UPDATED                       
------------------------------------------------------------
2024-12-04 10:37:47,683 - INFO - CURRENT PAGE        : 0
2024-12-04 10:37:47,683 - INFO - PRODUCTS PROCESSED  : 0
2024-12-04 10:37:47,684 - INFO - CONSECUTIVE MATCHES : 1
2024-12-04 10:37:47,684 - INFO - PRODUCT URL         : https://www.csmilitaria.co.uk/shop.php?code=14431
2024-12-04 10:37:47,684 - INFO - TIMESTAMP           : 2024-12-04 10:37:47.683546
2024-12-04 10:37:47,684 - DEBUG - Product URL constructed: https://www.csmilitaria.co.uk/shop.php?code=14597
2024-12-04 10:37:47,970 - DEBUG - https://www.csmilitaria.co.uk:443 "GET /shop.php?code=14597 HTTP/1.1" 200 2998
2024-12-04 10:37:47,974 - DEBUG - Scraped data - Title: WW1 British 1st Battalion Manchester Regiment Wolseley Sun Helmet, Price: 565.00, Available: False
2024-12-04 10:37:49,046 - INFO - 
------------------------------------------------------------
                      PRODUCT UPDATED                       
------------------------------------------------------------
2024-12-04 10:37:49,046 - INFO - CURRENT PAGE        : 0
2024-12-04 10:37:49,046 - INFO - PRODUCTS PROCESSED  : 1
2024-12-04 10:37:49,047 - INFO - CONSECUTIVE MATCHES : 2
2024-12-04 10:37:49,047 - INFO - PRODUCT URL         : https://www.csmilitaria.co.uk/shop.php?code=14597
2024-12-04 10:37:49,047 - INFO - TIMESTAMP           : 2024-12-04 10:37:49.046914
2024-12-04 10:37:49,047 - DEBUG - Product URL constructed: https://www.csmilitaria.co.uk/shop.php?code=14598
2024-12-04 10:37:49,333 - DEBUG - https://www.csmilitaria.co.uk:443 "GET /shop.php?code=14598 HTTP/1.1" 200 3031
2024-12-04 10:37:49,339 - DEBUG - Scraped data - Title: WW2 British Home Front NFS Helmet - Ransome & Rapier Fire Brigade, Price: 245.00, Available: False
2024-12-04 10:37:50,415 - INFO - 
------------------------------------------------------------
                      PRODUCT UPDATED                       
------------------------------------------------------------
2024-12-04 10:37:50,415 - INFO - CURRENT PAGE        : 0
2024-12-04 10:37:50,415 - INFO - PRODUCTS PROCESSED  : 2
2024-12-04 10:37:50,415 - INFO - CONSECUTIVE MATCHES : 3
2024-12-04 10:37:50,416 - INFO - PRODUCT URL         : https://www.csmilitaria.co.uk/shop.php?code=14598
2024-12-04 10:37:50,416 - INFO - TIMESTAMP           : 2024-12-04 10:37:50.415740
2024-12-04 10:37:50,416 - DEBUG - Product URL constructed: https://www.csmilitaria.co.uk/shop.php?code=14584
2024-12-04 10:37:50,700 - DEBUG - https://www.csmilitaria.co.uk:443 "GET /shop.php?code=14584 HTTP/1.1" 200 3375
2024-12-04 10:37:50,705 - DEBUG - Scraped data - Title: WW1 German Fur Felt Ersatz M95 Prussian Pickelhaube, Price: 2200.00, Available: False
2024-12-04 10:37:51,780 - INFO - 
------------------------------------------------------------
                      PRODUCT UPDATED                       
------------------------------------------------------------
2024-12-04 10:37:51,780 - INFO - CURRENT PAGE        : 0
2024-12-04 10:37:51,780 - INFO - PRODUCTS PROCESSED  : 3
2024-12-04 10:37:51,780 - INFO - CONSECUTIVE MATCHES : 4
2024-12-04 10:37:51,780 - INFO - PRODUCT URL         : https://www.csmilitaria.co.uk/shop.php?code=14584
2024-12-04 10:37:51,781 - INFO - TIMESTAMP           : 2024-12-04 10:37:51.780456
2024-12-04 10:37:51,781 - DEBUG - Product URL constructed: https://www.csmilitaria.co.uk/shop.php?code=14580
2024-12-04 10:37:52,064 - DEBUG - https://www.csmilitaria.co.uk:443 "GET /shop.php?code=14580 HTTP/1.1" 200 3365
2024-12-04 10:37:52,069 - DEBUG - Scraped data - Title: WW2 British Fresh To The Market Fibre Rimmed Paratrooper Helmet 1942 - Completely Untouched  Example, Price: 3450.00, Available: False
2024-12-04 10:37:53,135 - INFO - 
------------------------------------------------------------
                      PRODUCT UPDATED                       
------------------------------------------------------------
2024-12-04 10:37:53,135 - INFO - CURRENT PAGE        : 0
2024-12-04 10:37:53,135 - INFO - PRODUCTS PROCESSED  : 4
2024-12-04 10:37:53,135 - INFO - CONSECUTIVE MATCHES : 5
2024-12-04 10:37:53,135 - INFO - PRODUCT URL         : https://www.csmilitaria.co.uk/shop.php?code=14580
2024-12-04 10:37:53,135 - INFO - TIMESTAMP           : 2024-12-04 10:37:53.135101
2024-12-04 10:37:53,135 - INFO - 
------------------------------------------------------------
                    INSTANCE TERMINATED                     
------------------------------------------------------------
2024-12-04 10:37:53,136 - INFO - MILITARIA SITE      : CS_MILITARIA
2024-12-04 10:37:53,136 - INFO - CONSECUTIVE MATCHES : 5
2024-12-04 10:37:53,136 - INFO - CYCLES RUN          : 0
2024-12-04 10:37:53,136 - INFO - PRODUCTS PROCESSED  : 0
2024-12-04 10:37:53,136 - INFO - TIMESTAMP           : 2024-12-04 10:37:53.135101
2024-12-04 10:37:53,136 - DEBUG - Navigating to products page: https://mv40-45.com/shop.php?pg=0
2024-12-04 10:37:53,137 - DEBUG - Starting new HTTPS connection (1): mv40-45.com:443
2024-12-04 10:37:54,679 - DEBUG - https://mv40-45.com:443 "GET /shop.php?pg=0 HTTP/1.1" 200 5591
2024-12-04 10:37:54,692 - INFO - 
------------------------------------------------------------
                    NEW INSTANCE STARTED                    
------------------------------------------------------------
2024-12-04 10:37:54,692 - INFO - MILITARIA SITE      : MV40_45
2024-12-04 10:37:54,692 - INFO - PRODUCTS URL        : https://mv40-45.com/shop.php?pg=0
2024-12-04 10:37:54,693 - INFO - CYCLES RUN          : 0
2024-12-04 10:37:54,693 - INFO - PRODUCTS PROCESSED  : 0
2024-12-04 10:37:54,693 - INFO - TIMESTAMP           : 2024-12-04 10:37:54.692205
2024-12-04 10:37:54,693 - DEBUG - Product URL constructed: https://mv40-45.com/shop.php?code=54649
2024-12-04 10:37:55,022 - DEBUG - https://mv40-45.com:443 "GET /shop.php?code=54649 HTTP/1.1" 200 3149
2024-12-04 10:37:55,027 - DEBUG - Scraped data - Title: Kriegsmarine ships clock by Kieninger & Obergfell, Price: 2450.00, Available: True
2024-12-04 10:37:55,569 - INFO - 
------------------------------------------------------------
                      PRODUCT UPDATED                       
------------------------------------------------------------
2024-12-04 10:37:55,569 - INFO - CURRENT PAGE        : 0
2024-12-04 10:37:55,570 - INFO - PRODUCTS PROCESSED  : 0
2024-12-04 10:37:55,570 - INFO - CONSECUTIVE MATCHES : 1
2024-12-04 10:37:55,570 - INFO - PRODUCT URL         : https://mv40-45.com/shop.php?code=54649
2024-12-04 10:37:55,570 - INFO - TIMESTAMP           : 2024-12-04 10:37:55.569523
2024-12-04 10:37:55,570 - DEBUG - Product URL constructed: https://mv40-45.com/shop.php?code=55260
2024-12-04 10:37:55,899 - DEBUG - https://mv40-45.com:443 "GET /shop.php?code=55260 HTTP/1.1" 200 2999
2024-12-04 10:37:55,905 - DEBUG - Scraped data - Title: KVK 1.klasse (Kriegsverdienstkreuz 1. klasse mit Schwertern) Marked *21*, Price: 85.00, Available: True
2024-12-04 10:37:56,304 - INFO - 
------------------------------------------------------------
                      PRODUCT UPDATED                       
------------------------------------------------------------
2024-12-04 10:37:56,304 - INFO - CURRENT PAGE        : 0
2024-12-04 10:37:56,305 - INFO - PRODUCTS PROCESSED  : 1
2024-12-04 10:37:56,305 - INFO - CONSECUTIVE MATCHES : 2
2024-12-04 10:37:56,305 - INFO - PRODUCT URL         : https://mv40-45.com/shop.php?code=55260
2024-12-04 10:37:56,305 - INFO - TIMESTAMP           : 2024-12-04 10:37:56.304880
2024-12-04 10:37:56,305 - DEBUG - Product URL constructed: https://mv40-45.com/shop.php?code=55259
2024-12-04 10:37:56,637 - DEBUG - https://mv40-45.com:443 "GET /shop.php?code=55259 HTTP/1.1" 200 3076
2024-12-04 10:37:56,643 - DEBUG - Scraped data - Title: Late War German M31 Canteen and Cup HRE 43, Price: 150.00, Available: True
2024-12-04 10:37:57,039 - INFO - 
------------------------------------------------------------
                      PRODUCT UPDATED                       
------------------------------------------------------------
2024-12-04 10:37:57,040 - INFO - CURRENT PAGE        : 0
2024-12-04 10:37:57,040 - INFO - PRODUCTS PROCESSED  : 2
2024-12-04 10:37:57,040 - INFO - CONSECUTIVE MATCHES : 3
2024-12-04 10:37:57,040 - INFO - PRODUCT URL         : https://mv40-45.com/shop.php?code=55259
2024-12-04 10:37:57,040 - INFO - TIMESTAMP           : 2024-12-04 10:37:57.039035
2024-12-04 10:37:57,041 - DEBUG - Product URL constructed: https://mv40-45.com/shop.php?code=55258
2024-12-04 10:37:57,369 - DEBUG - https://mv40-45.com:443 "GET /shop.php?code=55258 HTTP/1.1" 200 3077
2024-12-04 10:37:57,377 - DEBUG - Scraped data - Title: SS EM-NCO ( Unterführer ) Degen ( Sword ) Alcoso Solingen, Price: 600.00, Available: True
2024-12-04 10:37:57,775 - INFO - 
------------------------------------------------------------
                      PRODUCT UPDATED                       
------------------------------------------------------------
2024-12-04 10:37:57,776 - INFO - CURRENT PAGE        : 0
2024-12-04 10:37:57,776 - INFO - PRODUCTS PROCESSED  : 3
2024-12-04 10:37:57,776 - INFO - CONSECUTIVE MATCHES : 4
2024-12-04 10:37:57,776 - INFO - PRODUCT URL         : https://mv40-45.com/shop.php?code=55258
2024-12-04 10:37:57,776 - INFO - TIMESTAMP           : 2024-12-04 10:37:57.775833
2024-12-04 10:37:57,777 - DEBUG - Product URL constructed: https://mv40-45.com/shop.php?code=55257
2024-12-04 10:37:58,107 - DEBUG - https://mv40-45.com:443 "GET /shop.php?code=55257 HTTP/1.1" 200 2944
2024-12-04 10:37:58,112 - DEBUG - Scraped data - Title: German War Merit Cross with Swords Marked *11*, Price: 60.00, Available: True
2024-12-04 10:37:58,504 - INFO - 
------------------------------------------------------------
                      PRODUCT UPDATED                       
------------------------------------------------------------
2024-12-04 10:37:58,505 - INFO - CURRENT PAGE        : 0
2024-12-04 10:37:58,505 - INFO - PRODUCTS PROCESSED  : 4
2024-12-04 10:37:58,505 - INFO - CONSECUTIVE MATCHES : 5
2024-12-04 10:37:58,505 - INFO - PRODUCT URL         : https://mv40-45.com/shop.php?code=55257
2024-12-04 10:37:58,505 - INFO - TIMESTAMP           : 2024-12-04 10:37:58.504393
2024-12-04 10:37:58,505 - INFO - 
------------------------------------------------------------
                    INSTANCE TERMINATED                     
------------------------------------------------------------
2024-12-04 10:37:58,506 - INFO - MILITARIA SITE      : MV40_45
2024-12-04 10:37:58,506 - INFO - CONSECUTIVE MATCHES : 5
2024-12-04 10:37:58,506 - INFO - CYCLES RUN          : 0
2024-12-04 10:37:58,506 - INFO - PRODUCTS PROCESSED  : 0
2024-12-04 10:37:58,506 - INFO - TIMESTAMP           : 2024-12-04 10:37:58.505391
2024-12-04 10:37:58,506 - DEBUG - Navigating to products page: https://mv40-45.com/archive.php?pg=0
2024-12-04 10:37:58,842 - DEBUG - https://mv40-45.com:443 "GET /archive.php?pg=0 HTTP/1.1" 200 5012
2024-12-04 10:37:58,852 - INFO - 
------------------------------------------------------------
                    NEW INSTANCE STARTED                    
------------------------------------------------------------
2024-12-04 10:37:58,852 - INFO - MILITARIA SITE      : MV40_45
2024-12-04 10:37:58,853 - INFO - PRODUCTS URL        : https://mv40-45.com/archive.php?pg=0
2024-12-04 10:37:58,853 - INFO - CYCLES RUN          : 0
2024-12-04 10:37:58,853 - INFO - PRODUCTS PROCESSED  : 0
2024-12-04 10:37:58,853 - INFO - TIMESTAMP           : 2024-12-04 10:37:58.852153
2024-12-04 10:37:58,853 - DEBUG - Product URL constructed: https://mv40-45.com/shop.php?code=55002
2024-12-04 10:37:59,183 - DEBUG - https://mv40-45.com:443 "GET /shop.php?code=55002 HTTP/1.1" 200 2907
2024-12-04 10:37:59,188 - DEBUG - Scraped data - Title: WW2 Era Green Necktie for Police, Price: 55.00, Available: False
2024-12-04 10:38:00,120 - INFO - 
------------------------------------------------------------
                      PRODUCT UPDATED                       
------------------------------------------------------------
2024-12-04 10:38:00,121 - INFO - CURRENT PAGE        : 0
2024-12-04 10:38:00,121 - INFO - PRODUCTS PROCESSED  : 0
2024-12-04 10:38:00,121 - INFO - CONSECUTIVE MATCHES : 1
2024-12-04 10:38:00,121 - INFO - PRODUCT URL         : https://mv40-45.com/shop.php?code=55002
2024-12-04 10:38:00,121 - INFO - TIMESTAMP           : 2024-12-04 10:38:00.120841
2024-12-04 10:38:00,121 - DEBUG - Product URL constructed: https://mv40-45.com/shop.php?code=54975
2024-12-04 10:38:00,451 - DEBUG - https://mv40-45.com:443 "GET /shop.php?code=54975 HTTP/1.1" 200 2924
2024-12-04 10:38:00,459 - DEBUG - Scraped data - Title: US WWII M1 Carbine Ammo box *Spam Can* 1944, Price: 75.00, Available: False
2024-12-04 10:38:01,532 - INFO - 
------------------------------------------------------------
                      PRODUCT UPDATED                       
------------------------------------------------------------
2024-12-04 10:38:01,532 - INFO - CURRENT PAGE        : 0
2024-12-04 10:38:01,532 - INFO - PRODUCTS PROCESSED  : 1
2024-12-04 10:38:01,533 - INFO - CONSECUTIVE MATCHES : 2
2024-12-04 10:38:01,533 - INFO - PRODUCT URL         : https://mv40-45.com/shop.php?code=54975
2024-12-04 10:38:01,533 - INFO - TIMESTAMP           : 2024-12-04 10:38:01.532631
2024-12-04 10:38:01,533 - DEBUG - Product URL constructed: https://mv40-45.com/shop.php?code=54969
2024-12-04 10:38:01,865 - DEBUG - https://mv40-45.com:443 "GET /shop.php?code=54969 HTTP/1.1" 200 2906
2024-12-04 10:38:01,871 - DEBUG - Scraped data - Title: US WWII M1 Rifle Ammo Bandoleer .30 Cal, Price: 35.00, Available: False
2024-12-04 10:38:02,977 - INFO - 
------------------------------------------------------------
                      PRODUCT UPDATED                       
------------------------------------------------------------
2024-12-04 10:38:02,977 - INFO - CURRENT PAGE        : 0
2024-12-04 10:38:02,978 - INFO - PRODUCTS PROCESSED  : 2
2024-12-04 10:38:02,978 - INFO - CONSECUTIVE MATCHES : 3
2024-12-04 10:38:02,978 - INFO - PRODUCT URL         : https://mv40-45.com/shop.php?code=54969
2024-12-04 10:38:02,978 - INFO - TIMESTAMP           : 2024-12-04 10:38:02.977432
2024-12-04 10:38:02,978 - DEBUG - Product URL constructed: https://mv40-45.com/shop.php?code=54947
2024-12-04 10:38:03,306 - DEBUG - https://mv40-45.com:443 "GET /shop.php?code=54947 HTTP/1.1" 200 2927
2024-12-04 10:38:03,311 - DEBUG - Scraped data - Title: US WWII M2 Jungle First Aid Kit 1944, Price: 175.00, Available: False
2024-12-04 10:38:04,353 - INFO - 
------------------------------------------------------------
                      PRODUCT UPDATED                       
------------------------------------------------------------
2024-12-04 10:38:04,353 - INFO - CURRENT PAGE        : 0
2024-12-04 10:38:04,353 - INFO - PRODUCTS PROCESSED  : 3
2024-12-04 10:38:04,353 - INFO - CONSECUTIVE MATCHES : 4
2024-12-04 10:38:04,353 - INFO - PRODUCT URL         : https://mv40-45.com/shop.php?code=54947
2024-12-04 10:38:04,354 - INFO - TIMESTAMP           : 2024-12-04 10:38:04.353049
2024-12-04 10:38:04,354 - DEBUG - Product URL constructed: https://mv40-45.com/shop.php?code=54946
2024-12-04 10:38:04,682 - DEBUG - https://mv40-45.com:443 "GET /shop.php?code=54946 HTTP/1.1" 200 3138
2024-12-04 10:38:04,687 - DEBUG - Scraped data - Title: US WWII 1942 Pattern USMC *Okinawa* Jungle Boots 1943, Price: 250.00, Available: False
2024-12-04 10:38:05,759 - INFO - 
------------------------------------------------------------
                      PRODUCT UPDATED                       
------------------------------------------------------------
2024-12-04 10:38:05,760 - INFO - CURRENT PAGE        : 0
2024-12-04 10:38:05,760 - INFO - PRODUCTS PROCESSED  : 4
2024-12-04 10:38:05,760 - INFO - CONSECUTIVE MATCHES : 5
2024-12-04 10:38:05,760 - INFO - PRODUCT URL         : https://mv40-45.com/shop.php?code=54946
2024-12-04 10:38:05,760 - INFO - TIMESTAMP           : 2024-12-04 10:38:05.759286
2024-12-04 10:38:05,760 - INFO - 
------------------------------------------------------------
                    INSTANCE TERMINATED                     
------------------------------------------------------------
2024-12-04 10:38:05,761 - INFO - MILITARIA SITE      : MV40_45
2024-12-04 10:38:05,761 - INFO - CONSECUTIVE MATCHES : 5
2024-12-04 10:38:05,761 - INFO - CYCLES RUN          : 0
2024-12-04 10:38:05,761 - INFO - PRODUCTS PROCESSED  : 0
2024-12-04 10:38:05,761 - INFO - TIMESTAMP           : 2024-12-04 10:38:05.760271
2024-12-04 10:38:05,761 - DEBUG - Navigating to products page: https://worldwarcollectibles.com/shop.php?pg=0
2024-12-04 10:38:05,762 - DEBUG - Starting new HTTPS connection (1): worldwarcollectibles.com:443
2024-12-04 10:38:07,078 - DEBUG - https://worldwarcollectibles.com:443 "GET /shop.php?pg=0 HTTP/1.1" 200 7930
2024-12-04 10:38:07,094 - INFO - 
------------------------------------------------------------
                    NEW INSTANCE STARTED                    
------------------------------------------------------------
2024-12-04 10:38:07,094 - INFO - MILITARIA SITE      : WORLDWAR_COLLECTIBLES
2024-12-04 10:38:07,094 - INFO - PRODUCTS URL        : https://worldwarcollectibles.com/shop.php?pg=0
2024-12-04 10:38:07,095 - INFO - CYCLES RUN          : 0
2024-12-04 10:38:07,095 - INFO - PRODUCTS PROCESSED  : 0
2024-12-04 10:38:07,095 - INFO - TIMESTAMP           : 2024-12-04 10:38:07.094508
2024-12-04 10:38:07,095 - DEBUG - Product URL constructed: https://worldwarcollectibles.com/shop.php?code=79090
2024-12-04 10:38:07,395 - DEBUG - https://worldwarcollectibles.com:443 "GET /shop.php?code=79090 HTTP/1.1" 200 2927
2024-12-04 10:38:07,400 - WARNING - Unable to retrieve product PRICE.
2024-12-04 10:38:07,400 - WARNING - AttributeError while evaluating price element: 'NoneType' object has no attribute 'group'
2024-12-04 10:38:07,400 - DEBUG - Scraped data - Title: Houten Militaria Show December 8, 2024, Price: 0, Available: False
2024-12-04 10:38:08,466 - INFO - 
------------------------------------------------------------
                      PRODUCT UPDATED                       
------------------------------------------------------------
2024-12-04 10:38:08,466 - INFO - CURRENT PAGE        : 0
2024-12-04 10:38:08,466 - INFO - PRODUCTS PROCESSED  : 0
2024-12-04 10:38:08,466 - INFO - CONSECUTIVE MATCHES : 1
2024-12-04 10:38:08,467 - INFO - PRODUCT URL         : https://worldwarcollectibles.com/shop.php?code=79090
2024-12-04 10:38:08,467 - INFO - TIMESTAMP           : 2024-12-04 10:38:08.466378
2024-12-04 10:38:08,467 - DEBUG - Product URL constructed: https://worldwarcollectibles.com/shop.php?code=77621
2024-12-04 10:38:08,768 - DEBUG - https://worldwarcollectibles.com:443 "GET /shop.php?code=77621 HTTP/1.1" 200 3100
2024-12-04 10:38:08,781 - DEBUG - Scraped data - Title: German Waffen-SS Knight*s Cross Recipient Portait Picture with Signature *Franz Riedel*, Price: 125.00, Available: True
2024-12-04 10:38:09,298 - INFO - 
------------------------------------------------------------
                      PRODUCT UPDATED                       
------------------------------------------------------------
2024-12-04 10:38:09,299 - INFO - CURRENT PAGE        : 0
2024-12-04 10:38:09,299 - INFO - PRODUCTS PROCESSED  : 1
2024-12-04 10:38:09,299 - INFO - CONSECUTIVE MATCHES : 2
2024-12-04 10:38:09,299 - INFO - PRODUCT URL         : https://worldwarcollectibles.com/shop.php?code=77621
2024-12-04 10:38:09,300 - INFO - TIMESTAMP           : 2024-12-04 10:38:09.298110
2024-12-04 10:38:09,300 - DEBUG - Product URL constructed: https://worldwarcollectibles.com/shop.php?code=77781
2024-12-04 10:38:09,600 - DEBUG - https://worldwarcollectibles.com:443 "GET /shop.php?code=77781 HTTP/1.1" 200 2952
2024-12-04 10:38:09,605 - WARNING - Unable to retrieve product PRICE.
2024-12-04 10:38:09,605 - WARNING - AttributeError while evaluating price element: 'NoneType' object has no attribute 'group'
2024-12-04 10:38:09,606 - DEBUG - Scraped data - Title: German WH Panzer Grenade Ammo Box, Price: 0, Available: False
2024-12-04 10:38:10,540 - INFO - 
------------------------------------------------------------
                      PRODUCT UPDATED                       
------------------------------------------------------------
2024-12-04 10:38:10,540 - INFO - CURRENT PAGE        : 0
2024-12-04 10:38:10,540 - INFO - PRODUCTS PROCESSED  : 2
2024-12-04 10:38:10,541 - INFO - CONSECUTIVE MATCHES : 3
2024-12-04 10:38:10,541 - INFO - PRODUCT URL         : https://worldwarcollectibles.com/shop.php?code=77781
2024-12-04 10:38:10,541 - INFO - TIMESTAMP           : 2024-12-04 10:38:10.540111
2024-12-04 10:38:10,541 - DEBUG - Product URL constructed: https://worldwarcollectibles.com/shop.php?code=78157
2024-12-04 10:38:10,840 - DEBUG - https://worldwarcollectibles.com:443 "GET /shop.php?code=78157 HTTP/1.1" 200 3082
2024-12-04 10:38:10,845 - DEBUG - Scraped data - Title: German WH Panzer Headphone *Dfh.b*, Price: 695.00, Available: True
2024-12-04 10:38:11,359 - INFO - 
------------------------------------------------------------
                      PRODUCT UPDATED                       
------------------------------------------------------------
2024-12-04 10:38:11,360 - INFO - CURRENT PAGE        : 0
2024-12-04 10:38:11,360 - INFO - PRODUCTS PROCESSED  : 3
2024-12-04 10:38:11,360 - INFO - CONSECUTIVE MATCHES : 4
2024-12-04 10:38:11,361 - INFO - PRODUCT URL         : https://worldwarcollectibles.com/shop.php?code=78157
2024-12-04 10:38:11,361 - INFO - TIMESTAMP           : 2024-12-04 10:38:11.359551
2024-12-04 10:38:11,361 - DEBUG - Product URL constructed: https://worldwarcollectibles.com/shop.php?code=78158
2024-12-04 10:38:11,661 - DEBUG - https://worldwarcollectibles.com:443 "GET /shop.php?code=78158 HTTP/1.1" 200 3181
2024-12-04 10:38:11,667 - DEBUG - Scraped data - Title: German WH Panzer Officer Visor Cap, Price: 1650.00, Available: True
2024-12-04 10:38:12,045 - INFO - 
------------------------------------------------------------
                      PRODUCT UPDATED                       
------------------------------------------------------------
2024-12-04 10:38:12,046 - INFO - CURRENT PAGE        : 0
2024-12-04 10:38:12,046 - INFO - PRODUCTS PROCESSED  : 4
2024-12-04 10:38:12,046 - INFO - CONSECUTIVE MATCHES : 5
2024-12-04 10:38:12,046 - INFO - PRODUCT URL         : https://worldwarcollectibles.com/shop.php?code=78158
2024-12-04 10:38:12,047 - INFO - TIMESTAMP           : 2024-12-04 10:38:12.045817
2024-12-04 10:38:12,047 - INFO - 
------------------------------------------------------------
                    INSTANCE TERMINATED                     
------------------------------------------------------------
2024-12-04 10:38:12,047 - INFO - MILITARIA SITE      : WORLDWAR_COLLECTIBLES
2024-12-04 10:38:12,047 - INFO - CONSECUTIVE MATCHES : 5
2024-12-04 10:38:12,047 - INFO - CYCLES RUN          : 0
2024-12-04 10:38:12,047 - INFO - PRODUCTS PROCESSED  : 0
2024-12-04 10:38:12,047 - INFO - TIMESTAMP           : 2024-12-04 10:38:12.047444
2024-12-04 10:38:12,048 - DEBUG - Navigating to products page: https://www.hiscoll.com/shop.php?pg=0
2024-12-04 10:38:12,048 - DEBUG - Starting new HTTPS connection (1): www.hiscoll.com:443
