2024-12-04 11:05:59,477 - INFO - Logging initialized. Log file: logs\2024-12-04_instance_9.log
2024-12-04 11:06:03,854 - INFO - 
------------------------------------------------------------
                     PROGRAM INITIALIZED
                     2024-12-04 11:06:03.854016          
------------------------------------------------------------
2024-12-04 11:06:05,864 - DEBUG - Navigating to products page: https://www.csmilitaria.co.uk/shop.php?pg=0
2024-12-04 11:06:05,866 - DEBUG - Starting new HTTPS connection (1): www.csmilitaria.co.uk:443
2024-12-04 11:06:06,997 - DEBUG - https://www.csmilitaria.co.uk:443 "GET /shop.php?pg=0 HTTP/1.1" 200 5644
2024-12-04 11:06:07,010 - INFO - 
------------------------------------------------------------
                    NEW INSTANCE STARTED                    
------------------------------------------------------------
2024-12-04 11:06:07,010 - INFO - MILITARIA SITE      : CS_MILITARIA
2024-12-04 11:06:07,011 - INFO - PRODUCTS URL        : https://www.csmilitaria.co.uk/shop.php?pg=0
2024-12-04 11:06:07,011 - INFO - CYCLES RUN          : 0
2024-12-04 11:06:07,011 - INFO - PRODUCTS PROCESSED  : 0
2024-12-04 11:06:07,011 - INFO - TIMESTAMP           : 2024-12-04 11:06:07.010101
2024-12-04 11:06:07,011 - DEBUG - Product URL constructed: https://www.csmilitaria.co.uk/shop.php?code=14741
2024-12-04 11:06:07,294 - DEBUG - https://www.csmilitaria.co.uk:443 "GET /shop.php?code=14741 HTTP/1.1" 200 3751
2024-12-04 11:06:07,300 - DEBUG - Scraped data - Title: WW1 French 73rd Infantry Regiment Kepi, Price: 745.00, Available: True
2024-12-04 11:06:07,704 - INFO - No updates required for product 'https://www.csmilitaria.co.uk/shop.php?code=14741'.
2024-12-04 11:06:07,704 - INFO - 
------------------------------------------------------------
                     NO PRODUCT UPDATE                      
------------------------------------------------------------
2024-12-04 11:06:07,704 - INFO - CURRENT PAGE        : 0
2024-12-04 11:06:07,705 - INFO - PRODUCTS PROCESSED  : 0
2024-12-04 11:06:07,705 - INFO - CONSECUTIVE MATCHES : 1
2024-12-04 11:06:07,705 - INFO - PRODUCT URL         : https://www.csmilitaria.co.uk/shop.php?code=14741
2024-12-04 11:06:07,705 - INFO - TIMESTAMP           : 2024-12-04 11:06:07.704162
2024-12-04 11:06:07,705 - INFO - No changes made for product 'https://www.csmilitaria.co.uk/shop.php?code=14741'.
2024-12-04 11:06:07,705 - DEBUG - Product URL constructed: https://www.csmilitaria.co.uk/shop.php?code=14728
2024-12-04 11:06:07,989 - DEBUG - https://www.csmilitaria.co.uk:443 "GET /shop.php?code=14728 HTTP/1.1" 200 2881
2024-12-04 11:06:07,994 - DEBUG - Scraped data - Title: WW2 Canadian Undershirt, Price: 75.00, Available: True
2024-12-04 11:06:08,240 - INFO - No updates required for product 'https://www.csmilitaria.co.uk/shop.php?code=14728'.
2024-12-04 11:06:08,241 - INFO - 
------------------------------------------------------------
                     NO PRODUCT UPDATE                      
------------------------------------------------------------
2024-12-04 11:06:08,241 - INFO - CURRENT PAGE        : 0
2024-12-04 11:06:08,241 - INFO - PRODUCTS PROCESSED  : 1
2024-12-04 11:06:08,242 - INFO - CONSECUTIVE MATCHES : 2
2024-12-04 11:06:08,242 - INFO - PRODUCT URL         : https://www.csmilitaria.co.uk/shop.php?code=14728
2024-12-04 11:06:08,242 - INFO - TIMESTAMP           : 2024-12-04 11:06:08.241956
2024-12-04 11:06:08,242 - INFO - No changes made for product 'https://www.csmilitaria.co.uk/shop.php?code=14728'.
2024-12-04 11:06:08,242 - DEBUG - Product URL constructed: https://www.csmilitaria.co.uk/shop.php?code=14729
2024-12-04 11:06:08,525 - DEBUG - https://www.csmilitaria.co.uk:443 "GET /shop.php?code=14729 HTTP/1.1" 200 2940
2024-12-04 11:06:08,530 - DEBUG - Scraped data - Title: WW2 Canadian Long Johns, Price: 75.00, Available: True
2024-12-04 11:06:08,808 - INFO - No updates required for product 'https://www.csmilitaria.co.uk/shop.php?code=14729'.
2024-12-04 11:06:08,808 - INFO - 
------------------------------------------------------------
                     NO PRODUCT UPDATE                      
------------------------------------------------------------
2024-12-04 11:06:08,809 - INFO - CURRENT PAGE        : 0
2024-12-04 11:06:08,809 - INFO - PRODUCTS PROCESSED  : 2
2024-12-04 11:06:08,809 - INFO - CONSECUTIVE MATCHES : 3
2024-12-04 11:06:08,809 - INFO - PRODUCT URL         : https://www.csmilitaria.co.uk/shop.php?code=14729
2024-12-04 11:06:08,810 - INFO - TIMESTAMP           : 2024-12-04 11:06:08.808107
2024-12-04 11:06:08,810 - INFO - No changes made for product 'https://www.csmilitaria.co.uk/shop.php?code=14729'.
2024-12-04 11:06:08,810 - DEBUG - Product URL constructed: https://www.csmilitaria.co.uk/shop.php?code=14730
2024-12-04 11:06:09,093 - DEBUG - https://www.csmilitaria.co.uk:443 "GET /shop.php?code=14730 HTTP/1.1" 200 2889
2024-12-04 11:06:09,098 - DEBUG - Scraped data - Title: WW2 Canadian Wool Socks, Price: 55.00, Available: True
2024-12-04 11:06:09,340 - INFO - No updates required for product 'https://www.csmilitaria.co.uk/shop.php?code=14730'.
2024-12-04 11:06:09,340 - INFO - 
------------------------------------------------------------
                     NO PRODUCT UPDATE                      
------------------------------------------------------------
2024-12-04 11:06:09,341 - INFO - CURRENT PAGE        : 0
2024-12-04 11:06:09,341 - INFO - PRODUCTS PROCESSED  : 3
2024-12-04 11:06:09,341 - INFO - CONSECUTIVE MATCHES : 4
2024-12-04 11:06:09,341 - INFO - PRODUCT URL         : https://www.csmilitaria.co.uk/shop.php?code=14730
2024-12-04 11:06:09,341 - INFO - TIMESTAMP           : 2024-12-04 11:06:09.340568
2024-12-04 11:06:09,341 - INFO - No changes made for product 'https://www.csmilitaria.co.uk/shop.php?code=14730'.
2024-12-04 11:06:09,341 - DEBUG - Product URL constructed: https://www.csmilitaria.co.uk/shop.php?code=14739
2024-12-04 11:06:09,625 - DEBUG - https://www.csmilitaria.co.uk:443 "GET /shop.php?code=14739 HTTP/1.1" 200 3184
2024-12-04 11:06:09,630 - WARNING - Unable to retrieve product PRICE.
2024-12-04 11:06:09,630 - WARNING - AttributeError while evaluating price element: 'NoneType' object has no attribute 'group'
2024-12-04 11:06:09,630 - DEBUG - Scraped data - Title: French WW1 Model M1893 Field Pack - 1917 Dated, Price: 0, Available: False
2024-12-04 11:06:10,316 - INFO - Product 'https://www.csmilitaria.co.uk/shop.php?code=14739' sold date updated: 2024-12-04 02:00:19 → 2024-12-04 11:06:09
2024-12-04 11:06:10,317 - INFO - Product 'https://www.csmilitaria.co.uk/shop.php?code=14739' updated successfully.
2024-12-04 11:06:10,317 - INFO - 
------------------------------------------------------------
                      PRODUCT UPDATED                       
------------------------------------------------------------
2024-12-04 11:06:10,317 - INFO - CURRENT PAGE        : 0
2024-12-04 11:06:10,317 - INFO - PRODUCTS PROCESSED  : 4
2024-12-04 11:06:10,318 - INFO - CONSECUTIVE MATCHES : 5
2024-12-04 11:06:10,318 - INFO - PRODUCT URL         : https://www.csmilitaria.co.uk/shop.php?code=14739
2024-12-04 11:06:10,318 - INFO - TIMESTAMP           : 2024-12-04 11:06:10.317751
2024-12-04 11:06:10,318 - INFO - ------------------------------------------------------------
2024-12-04 11:06:10,318 - INFO -                       PRODUCT UPDATED
2024-12-04 11:06:10,318 - INFO - ------------------------------------------------------------
2024-12-04 11:06:10,318 - INFO - Product 'https://www.csmilitaria.co.uk/shop.php?code=14739' was updated or inserted successfully.
2024-12-04 11:06:10,319 - DEBUG - Product URL constructed: https://www.csmilitaria.co.uk/shop.php?code=14744
2024-12-04 11:06:10,601 - DEBUG - https://www.csmilitaria.co.uk:443 "GET /shop.php?code=14744 HTTP/1.1" 200 2913
2024-12-04 11:06:10,606 - DEBUG - Scraped data - Title: WW2 Canadian MkI Pouches With Ballasite Cartridge Loops, Price: 60.00, Available: True
2024-12-04 11:06:10,994 - INFO - No updates required for product 'https://www.csmilitaria.co.uk/shop.php?code=14744'.
2024-12-04 11:06:10,995 - INFO - 
------------------------------------------------------------
                     NO PRODUCT UPDATE                      
------------------------------------------------------------
2024-12-04 11:06:10,995 - INFO - CURRENT PAGE        : 0
2024-12-04 11:06:10,995 - INFO - PRODUCTS PROCESSED  : 5
2024-12-04 11:06:10,995 - INFO - CONSECUTIVE MATCHES : 6
2024-12-04 11:06:10,996 - INFO - PRODUCT URL         : https://www.csmilitaria.co.uk/shop.php?code=14744
2024-12-04 11:06:10,996 - INFO - TIMESTAMP           : 2024-12-04 11:06:10.995782
2024-12-04 11:06:10,996 - INFO - No changes made for product 'https://www.csmilitaria.co.uk/shop.php?code=14744'.
2024-12-04 11:06:10,996 - DEBUG - Product URL constructed: https://www.csmilitaria.co.uk/shop.php?code=14726
2024-12-04 11:06:11,280 - DEBUG - https://www.csmilitaria.co.uk:443 "GET /shop.php?code=14726 HTTP/1.1" 200 2864
2024-12-04 11:06:11,285 - DEBUG - Scraped data - Title: WW2 Canadian Webbing Anklets 1945, Price: 45.00, Available: True
2024-12-04 11:06:11,532 - INFO - No updates required for product 'https://www.csmilitaria.co.uk/shop.php?code=14726'.
2024-12-04 11:06:11,532 - INFO - 
------------------------------------------------------------
                     NO PRODUCT UPDATE                      
------------------------------------------------------------
2024-12-04 11:06:11,533 - INFO - CURRENT PAGE        : 0
2024-12-04 11:06:11,533 - INFO - PRODUCTS PROCESSED  : 6
2024-12-04 11:06:11,533 - INFO - CONSECUTIVE MATCHES : 7
2024-12-04 11:06:11,533 - INFO - PRODUCT URL         : https://www.csmilitaria.co.uk/shop.php?code=14726
2024-12-04 11:06:11,533 - INFO - TIMESTAMP           : 2024-12-04 11:06:11.532684
2024-12-04 11:06:11,533 - INFO - No changes made for product 'https://www.csmilitaria.co.uk/shop.php?code=14726'.
2024-12-04 11:06:11,534 - DEBUG - Product URL constructed: https://www.csmilitaria.co.uk/shop.php?code=14731
2024-12-04 11:06:11,818 - DEBUG - https://www.csmilitaria.co.uk:443 "GET /shop.php?code=14731 HTTP/1.1" 200 2912
2024-12-04 11:06:11,823 - WARNING - Unable to retrieve product PRICE.
2024-12-04 11:06:11,823 - WARNING - AttributeError while evaluating price element: 'NoneType' object has no attribute 'group'
2024-12-04 11:06:11,824 - DEBUG - Scraped data - Title: WW2 Canadian Cold Weather Rubber Boots 1944, Price: 0, Available: False
2024-12-04 11:06:12,452 - INFO - Product 'https://www.csmilitaria.co.uk/shop.php?code=14731' sold date updated: 2024-12-04 02:00:20 → 2024-12-04 11:06:12
2024-12-04 11:06:12,452 - INFO - Product 'https://www.csmilitaria.co.uk/shop.php?code=14731' updated successfully.
2024-12-04 11:06:12,453 - INFO - 
------------------------------------------------------------
                      PRODUCT UPDATED                       
------------------------------------------------------------
2024-12-04 11:06:12,453 - INFO - CURRENT PAGE        : 0
2024-12-04 11:06:12,453 - INFO - PRODUCTS PROCESSED  : 7
2024-12-04 11:06:12,453 - INFO - CONSECUTIVE MATCHES : 8
2024-12-04 11:06:12,454 - INFO - PRODUCT URL         : https://www.csmilitaria.co.uk/shop.php?code=14731
2024-12-04 11:06:12,454 - INFO - TIMESTAMP           : 2024-12-04 11:06:12.453450
2024-12-04 11:06:12,454 - INFO - ------------------------------------------------------------
2024-12-04 11:06:12,454 - INFO -                       PRODUCT UPDATED
2024-12-04 11:06:12,454 - INFO - ------------------------------------------------------------
2024-12-04 11:06:12,454 - INFO - Product 'https://www.csmilitaria.co.uk/shop.php?code=14731' was updated or inserted successfully.
2024-12-04 11:06:12,455 - DEBUG - Product URL constructed: https://www.csmilitaria.co.uk/shop.php?code=14732
2024-12-04 11:06:12,738 - DEBUG - https://www.csmilitaria.co.uk:443 "GET /shop.php?code=14732 HTTP/1.1" 200 2969
2024-12-04 11:06:12,743 - DEBUG - Scraped data - Title: WW2 Canadian Entrenching Tool Set, Price: 150.00, Available: True
2024-12-04 11:06:13,109 - INFO - No updates required for product 'https://www.csmilitaria.co.uk/shop.php?code=14732'.
2024-12-04 11:06:13,109 - INFO - 
------------------------------------------------------------
                     NO PRODUCT UPDATE                      
------------------------------------------------------------
2024-12-04 11:06:13,110 - INFO - CURRENT PAGE        : 0
2024-12-04 11:06:13,110 - INFO - PRODUCTS PROCESSED  : 8
2024-12-04 11:06:13,110 - INFO - CONSECUTIVE MATCHES : 9
2024-12-04 11:06:13,111 - INFO - PRODUCT URL         : https://www.csmilitaria.co.uk/shop.php?code=14732
2024-12-04 11:06:13,111 - INFO - TIMESTAMP           : 2024-12-04 11:06:13.109653
2024-12-04 11:06:13,111 - INFO - No changes made for product 'https://www.csmilitaria.co.uk/shop.php?code=14732'.
2024-12-04 11:06:13,111 - DEBUG - Product URL constructed: https://www.csmilitaria.co.uk/shop.php?code=14727
2024-12-04 11:06:13,394 - DEBUG - https://www.csmilitaria.co.uk:443 "GET /shop.php?code=14727 HTTP/1.1" 200 2866
2024-12-04 11:06:13,398 - DEBUG - Scraped data - Title: WW2 British Army PT Shorts 1940, Price: 65.00, Available: True
2024-12-04 11:06:13,636 - INFO - No updates required for product 'https://www.csmilitaria.co.uk/shop.php?code=14727'.
2024-12-04 11:06:13,636 - INFO - 
------------------------------------------------------------
                     NO PRODUCT UPDATE                      
------------------------------------------------------------
2024-12-04 11:06:13,637 - INFO - CURRENT PAGE        : 0
2024-12-04 11:06:13,637 - INFO - PRODUCTS PROCESSED  : 9
2024-12-04 11:06:13,638 - INFO - CONSECUTIVE MATCHES : 10
2024-12-04 11:06:13,638 - INFO - PRODUCT URL         : https://www.csmilitaria.co.uk/shop.php?code=14727
2024-12-04 11:06:13,638 - INFO - TIMESTAMP           : 2024-12-04 11:06:13.636784
2024-12-04 11:06:13,638 - INFO - No changes made for product 'https://www.csmilitaria.co.uk/shop.php?code=14727'.
2024-12-04 11:06:13,638 - DEBUG - Navigating to products page: https://www.csmilitaria.co.uk/shop.php?pg=1
2024-12-04 11:06:13,937 - DEBUG - https://www.csmilitaria.co.uk:443 "GET /shop.php?pg=1 HTTP/1.1" 200 5644
2024-12-04 11:06:13,950 - INFO - 
------------------------------------------------------------
                    NEW INSTANCE STARTED                    
------------------------------------------------------------
2024-12-04 11:06:13,951 - INFO - MILITARIA SITE      : CS_MILITARIA
2024-12-04 11:06:13,951 - INFO - PRODUCTS URL        : https://www.csmilitaria.co.uk/shop.php?pg=1
2024-12-04 11:06:13,951 - INFO - CYCLES RUN          : 0
2024-12-04 11:06:13,951 - INFO - PRODUCTS PROCESSED  : 0
2024-12-04 11:06:13,951 - INFO - TIMESTAMP           : 2024-12-04 11:06:13.950337
2024-12-04 11:06:13,952 - DEBUG - Product URL constructed: https://www.csmilitaria.co.uk/shop.php?code=14741
2024-12-04 11:06:14,234 - DEBUG - https://www.csmilitaria.co.uk:443 "GET /shop.php?code=14741 HTTP/1.1" 200 3751
2024-12-04 11:06:14,240 - DEBUG - Scraped data - Title: WW1 French 73rd Infantry Regiment Kepi, Price: 745.00, Available: True
2024-12-04 11:06:14,474 - INFO - No updates required for product 'https://www.csmilitaria.co.uk/shop.php?code=14741'.
2024-12-04 11:06:14,475 - INFO - 
------------------------------------------------------------
                     NO PRODUCT UPDATE                      
------------------------------------------------------------
2024-12-04 11:06:14,476 - INFO - CURRENT PAGE        : 1
2024-12-04 11:06:14,476 - INFO - PRODUCTS PROCESSED  : 10
2024-12-04 11:06:14,476 - INFO - CONSECUTIVE MATCHES : 11
2024-12-04 11:06:14,476 - INFO - PRODUCT URL         : https://www.csmilitaria.co.uk/shop.php?code=14741
2024-12-04 11:06:14,476 - INFO - TIMESTAMP           : 2024-12-04 11:06:14.475453
2024-12-04 11:06:14,477 - INFO - No changes made for product 'https://www.csmilitaria.co.uk/shop.php?code=14741'.
2024-12-04 11:06:14,477 - DEBUG - Product URL constructed: https://www.csmilitaria.co.uk/shop.php?code=14728
2024-12-04 11:06:14,761 - DEBUG - https://www.csmilitaria.co.uk:443 "GET /shop.php?code=14728 HTTP/1.1" 200 2881
2024-12-04 11:06:14,766 - DEBUG - Scraped data - Title: WW2 Canadian Undershirt, Price: 75.00, Available: True
2024-12-04 11:06:14,996 - INFO - No updates required for product 'https://www.csmilitaria.co.uk/shop.php?code=14728'.
2024-12-04 11:06:14,997 - INFO - 
------------------------------------------------------------
                     NO PRODUCT UPDATE                      
------------------------------------------------------------
2024-12-04 11:06:14,998 - INFO - CURRENT PAGE        : 1
2024-12-04 11:06:14,998 - INFO - PRODUCTS PROCESSED  : 11
2024-12-04 11:06:14,998 - INFO - CONSECUTIVE MATCHES : 12
2024-12-04 11:06:14,998 - INFO - PRODUCT URL         : https://www.csmilitaria.co.uk/shop.php?code=14728
2024-12-04 11:06:14,998 - INFO - TIMESTAMP           : 2024-12-04 11:06:14.997708
2024-12-04 11:06:14,998 - INFO - No changes made for product 'https://www.csmilitaria.co.uk/shop.php?code=14728'.
2024-12-04 11:06:14,999 - DEBUG - Product URL constructed: https://www.csmilitaria.co.uk/shop.php?code=14729
2024-12-04 11:06:15,282 - DEBUG - https://www.csmilitaria.co.uk:443 "GET /shop.php?code=14729 HTTP/1.1" 200 2940
2024-12-04 11:06:15,286 - DEBUG - Scraped data - Title: WW2 Canadian Long Johns, Price: 75.00, Available: True
2024-12-04 11:06:15,541 - INFO - No updates required for product 'https://www.csmilitaria.co.uk/shop.php?code=14729'.
2024-12-04 11:06:15,541 - INFO - 
------------------------------------------------------------
                     NO PRODUCT UPDATE                      
------------------------------------------------------------
2024-12-04 11:06:15,542 - INFO - CURRENT PAGE        : 1
2024-12-04 11:06:15,543 - INFO - PRODUCTS PROCESSED  : 12
2024-12-04 11:06:15,543 - INFO - CONSECUTIVE MATCHES : 13
2024-12-04 11:06:15,543 - INFO - PRODUCT URL         : https://www.csmilitaria.co.uk/shop.php?code=14729
2024-12-04 11:06:15,543 - INFO - TIMESTAMP           : 2024-12-04 11:06:15.541865
2024-12-04 11:06:15,543 - INFO - No changes made for product 'https://www.csmilitaria.co.uk/shop.php?code=14729'.
2024-12-04 11:06:15,543 - DEBUG - Product URL constructed: https://www.csmilitaria.co.uk/shop.php?code=14730
2024-12-04 11:06:15,827 - DEBUG - https://www.csmilitaria.co.uk:443 "GET /shop.php?code=14730 HTTP/1.1" 200 2889
2024-12-04 11:06:15,831 - DEBUG - Scraped data - Title: WW2 Canadian Wool Socks, Price: 55.00, Available: True
2024-12-04 11:06:16,063 - INFO - No updates required for product 'https://www.csmilitaria.co.uk/shop.php?code=14730'.
2024-12-04 11:06:16,063 - INFO - 
------------------------------------------------------------
                     NO PRODUCT UPDATE                      
------------------------------------------------------------
2024-12-04 11:06:16,064 - INFO - CURRENT PAGE        : 1
2024-12-04 11:06:16,064 - INFO - PRODUCTS PROCESSED  : 13
2024-12-04 11:06:16,064 - INFO - CONSECUTIVE MATCHES : 14
2024-12-04 11:06:16,064 - INFO - PRODUCT URL         : https://www.csmilitaria.co.uk/shop.php?code=14730
2024-12-04 11:06:16,064 - INFO - TIMESTAMP           : 2024-12-04 11:06:16.063822
2024-12-04 11:06:16,064 - INFO - No changes made for product 'https://www.csmilitaria.co.uk/shop.php?code=14730'.
2024-12-04 11:06:16,065 - DEBUG - Product URL constructed: https://www.csmilitaria.co.uk/shop.php?code=14739
2024-12-04 11:06:16,349 - DEBUG - https://www.csmilitaria.co.uk:443 "GET /shop.php?code=14739 HTTP/1.1" 200 3184
2024-12-04 11:06:16,354 - WARNING - Unable to retrieve product PRICE.
2024-12-04 11:06:16,355 - WARNING - AttributeError while evaluating price element: 'NoneType' object has no attribute 'group'
2024-12-04 11:06:16,355 - DEBUG - Scraped data - Title: French WW1 Model M1893 Field Pack - 1917 Dated, Price: 0, Available: False
2024-12-04 11:06:16,971 - INFO - Product 'https://www.csmilitaria.co.uk/shop.php?code=14739' sold date updated: 2024-12-04 11:06:09 → 2024-12-04 11:06:16
2024-12-04 11:06:16,973 - INFO - Product 'https://www.csmilitaria.co.uk/shop.php?code=14739' updated successfully.
2024-12-04 11:06:16,973 - INFO - 
------------------------------------------------------------
                      PRODUCT UPDATED                       
------------------------------------------------------------
2024-12-04 11:06:16,973 - INFO - CURRENT PAGE        : 1
2024-12-04 11:06:16,973 - INFO - PRODUCTS PROCESSED  : 14
2024-12-04 11:06:16,973 - INFO - CONSECUTIVE MATCHES : 15
2024-12-04 11:06:16,973 - INFO - PRODUCT URL         : https://www.csmilitaria.co.uk/shop.php?code=14739
2024-12-04 11:06:16,973 - INFO - TIMESTAMP           : 2024-12-04 11:06:16.973105
2024-12-04 11:06:16,973 - INFO - ------------------------------------------------------------
2024-12-04 11:06:16,973 - INFO -                       PRODUCT UPDATED
2024-12-04 11:06:16,974 - INFO - ------------------------------------------------------------
2024-12-04 11:06:16,974 - INFO - Product 'https://www.csmilitaria.co.uk/shop.php?code=14739' was updated or inserted successfully.
2024-12-04 11:06:16,974 - DEBUG - Product URL constructed: https://www.csmilitaria.co.uk/shop.php?code=14744
2024-12-04 11:06:17,265 - DEBUG - https://www.csmilitaria.co.uk:443 "GET /shop.php?code=14744 HTTP/1.1" 200 2913
2024-12-04 11:06:17,271 - DEBUG - Scraped data - Title: WW2 Canadian MkI Pouches With Ballasite Cartridge Loops, Price: 60.00, Available: True
2024-12-04 11:06:17,632 - INFO - No updates required for product 'https://www.csmilitaria.co.uk/shop.php?code=14744'.
2024-12-04 11:06:17,633 - INFO - 
------------------------------------------------------------
                     NO PRODUCT UPDATE                      
------------------------------------------------------------
2024-12-04 11:06:17,633 - INFO - CURRENT PAGE        : 1
2024-12-04 11:06:17,633 - INFO - PRODUCTS PROCESSED  : 15
2024-12-04 11:06:17,634 - INFO - CONSECUTIVE MATCHES : 16
2024-12-04 11:06:17,634 - INFO - PRODUCT URL         : https://www.csmilitaria.co.uk/shop.php?code=14744
2024-12-04 11:06:17,634 - INFO - TIMESTAMP           : 2024-12-04 11:06:17.633124
2024-12-04 11:06:17,634 - INFO - No changes made for product 'https://www.csmilitaria.co.uk/shop.php?code=14744'.
2024-12-04 11:06:17,635 - DEBUG - Product URL constructed: https://www.csmilitaria.co.uk/shop.php?code=14726
2024-12-04 11:06:17,917 - DEBUG - https://www.csmilitaria.co.uk:443 "GET /shop.php?code=14726 HTTP/1.1" 200 2864
2024-12-04 11:06:17,922 - DEBUG - Scraped data - Title: WW2 Canadian Webbing Anklets 1945, Price: 45.00, Available: True
2024-12-04 11:06:18,151 - INFO - No updates required for product 'https://www.csmilitaria.co.uk/shop.php?code=14726'.
2024-12-04 11:06:18,152 - INFO - 
------------------------------------------------------------
                     NO PRODUCT UPDATE                      
------------------------------------------------------------
2024-12-04 11:06:18,152 - INFO - CURRENT PAGE        : 1
2024-12-04 11:06:18,152 - INFO - PRODUCTS PROCESSED  : 16
2024-12-04 11:06:18,152 - INFO - CONSECUTIVE MATCHES : 17
2024-12-04 11:06:18,152 - INFO - PRODUCT URL         : https://www.csmilitaria.co.uk/shop.php?code=14726
2024-12-04 11:06:18,152 - INFO - TIMESTAMP           : 2024-12-04 11:06:18.152132
2024-12-04 11:06:18,152 - INFO - No changes made for product 'https://www.csmilitaria.co.uk/shop.php?code=14726'.
2024-12-04 11:06:18,153 - DEBUG - Product URL constructed: https://www.csmilitaria.co.uk/shop.php?code=14731
2024-12-04 11:06:18,435 - DEBUG - https://www.csmilitaria.co.uk:443 "GET /shop.php?code=14731 HTTP/1.1" 200 2912
2024-12-04 11:06:18,440 - WARNING - Unable to retrieve product PRICE.
2024-12-04 11:06:18,440 - WARNING - AttributeError while evaluating price element: 'NoneType' object has no attribute 'group'
2024-12-04 11:06:18,440 - DEBUG - Scraped data - Title: WW2 Canadian Cold Weather Rubber Boots 1944, Price: 0, Available: False
2024-12-04 11:06:19,042 - INFO - Product 'https://www.csmilitaria.co.uk/shop.php?code=14731' sold date updated: 2024-12-04 11:06:12 → 2024-12-04 11:06:18
2024-12-04 11:06:19,043 - INFO - Product 'https://www.csmilitaria.co.uk/shop.php?code=14731' updated successfully.
2024-12-04 11:06:19,043 - INFO - 
------------------------------------------------------------
                      PRODUCT UPDATED                       
------------------------------------------------------------
2024-12-04 11:06:19,043 - INFO - CURRENT PAGE        : 1
2024-12-04 11:06:19,044 - INFO - PRODUCTS PROCESSED  : 17
2024-12-04 11:06:19,044 - INFO - CONSECUTIVE MATCHES : 18
2024-12-04 11:06:19,044 - INFO - PRODUCT URL         : https://www.csmilitaria.co.uk/shop.php?code=14731
2024-12-04 11:06:19,044 - INFO - TIMESTAMP           : 2024-12-04 11:06:19.043102
2024-12-04 11:06:19,044 - INFO - ------------------------------------------------------------
2024-12-04 11:06:19,044 - INFO -                       PRODUCT UPDATED
2024-12-04 11:06:19,045 - INFO - ------------------------------------------------------------
2024-12-04 11:06:19,045 - INFO - Product 'https://www.csmilitaria.co.uk/shop.php?code=14731' was updated or inserted successfully.
2024-12-04 11:06:19,045 - DEBUG - Product URL constructed: https://www.csmilitaria.co.uk/shop.php?code=14732
2024-12-04 11:06:19,329 - DEBUG - https://www.csmilitaria.co.uk:443 "GET /shop.php?code=14732 HTTP/1.1" 200 2969
2024-12-04 11:06:19,334 - DEBUG - Scraped data - Title: WW2 Canadian Entrenching Tool Set, Price: 150.00, Available: True
2024-12-04 11:06:19,695 - INFO - No updates required for product 'https://www.csmilitaria.co.uk/shop.php?code=14732'.
2024-12-04 11:06:19,695 - INFO - 
------------------------------------------------------------
                     NO PRODUCT UPDATE                      
------------------------------------------------------------
2024-12-04 11:06:19,696 - INFO - CURRENT PAGE        : 1
2024-12-04 11:06:19,696 - INFO - PRODUCTS PROCESSED  : 18
2024-12-04 11:06:19,696 - INFO - CONSECUTIVE MATCHES : 19
2024-12-04 11:06:19,697 - INFO - PRODUCT URL         : https://www.csmilitaria.co.uk/shop.php?code=14732
2024-12-04 11:06:19,697 - INFO - TIMESTAMP           : 2024-12-04 11:06:19.695575
2024-12-04 11:06:19,697 - INFO - No changes made for product 'https://www.csmilitaria.co.uk/shop.php?code=14732'.
2024-12-04 11:06:19,697 - DEBUG - Product URL constructed: https://www.csmilitaria.co.uk/shop.php?code=14727
2024-12-04 11:06:19,980 - DEBUG - https://www.csmilitaria.co.uk:443 "GET /shop.php?code=14727 HTTP/1.1" 200 2866
2024-12-04 11:06:19,985 - DEBUG - Scraped data - Title: WW2 British Army PT Shorts 1940, Price: 65.00, Available: True
2024-12-04 11:06:20,225 - INFO - No updates required for product 'https://www.csmilitaria.co.uk/shop.php?code=14727'.
2024-12-04 11:06:20,225 - INFO - 
------------------------------------------------------------
                     NO PRODUCT UPDATE                      
------------------------------------------------------------
2024-12-04 11:06:20,226 - INFO - CURRENT PAGE        : 1
2024-12-04 11:06:20,226 - INFO - PRODUCTS PROCESSED  : 19
2024-12-04 11:06:20,226 - INFO - CONSECUTIVE MATCHES : 20
2024-12-04 11:06:20,226 - INFO - PRODUCT URL         : https://www.csmilitaria.co.uk/shop.php?code=14727
2024-12-04 11:06:20,227 - INFO - TIMESTAMP           : 2024-12-04 11:06:20.225162
2024-12-04 11:06:20,227 - INFO - No changes made for product 'https://www.csmilitaria.co.uk/shop.php?code=14727'.
2024-12-04 11:06:20,227 - DEBUG - Navigating to products page: https://www.csmilitaria.co.uk/shop.php?pg=2
2024-12-04 11:06:20,524 - DEBUG - https://www.csmilitaria.co.uk:443 "GET /shop.php?pg=2 HTTP/1.1" 200 6143
2024-12-04 11:06:20,536 - INFO - 
------------------------------------------------------------
                    NEW INSTANCE STARTED                    
------------------------------------------------------------
2024-12-04 11:06:20,537 - INFO - MILITARIA SITE      : CS_MILITARIA
2024-12-04 11:06:20,537 - INFO - PRODUCTS URL        : https://www.csmilitaria.co.uk/shop.php?pg=2
2024-12-04 11:06:20,537 - INFO - CYCLES RUN          : 0
2024-12-04 11:06:20,537 - INFO - PRODUCTS PROCESSED  : 0
2024-12-04 11:06:20,537 - INFO - TIMESTAMP           : 2024-12-04 11:06:20.536733
2024-12-04 11:06:20,538 - DEBUG - Product URL constructed: https://www.csmilitaria.co.uk/shop.php?code=14725
2024-12-04 11:06:20,819 - DEBUG - https://www.csmilitaria.co.uk:443 "GET /shop.php?code=14725 HTTP/1.1" 200 2908
2024-12-04 11:06:20,824 - DEBUG - Scraped data - Title: WW2 Canadian Webbing Anklets  1943 - Size 3, Price: 45.00, Available: True
2024-12-04 11:06:21,049 - INFO - No updates required for product 'https://www.csmilitaria.co.uk/shop.php?code=14725'.
2024-12-04 11:06:21,049 - INFO - 
------------------------------------------------------------
                     NO PRODUCT UPDATE                      
------------------------------------------------------------
2024-12-04 11:06:21,050 - INFO - CURRENT PAGE        : 2
2024-12-04 11:06:21,050 - INFO - PRODUCTS PROCESSED  : 20
2024-12-04 11:06:21,050 - INFO - CONSECUTIVE MATCHES : 21
2024-12-04 11:06:21,050 - INFO - PRODUCT URL         : https://www.csmilitaria.co.uk/shop.php?code=14725
2024-12-04 11:06:21,050 - INFO - TIMESTAMP           : 2024-12-04 11:06:21.049711
2024-12-04 11:06:21,050 - INFO - No changes made for product 'https://www.csmilitaria.co.uk/shop.php?code=14725'.
2024-12-04 11:06:21,051 - DEBUG - Product URL constructed: https://www.csmilitaria.co.uk/shop.php?code=14736
2024-12-04 11:06:21,334 - DEBUG - https://www.csmilitaria.co.uk:443 "GET /shop.php?code=14736 HTTP/1.1" 200 2868
2024-12-04 11:06:21,338 - DEBUG - Scraped data - Title: WW2 Canadian Pistol Holster 1941, Price: 75.00, Available: True
2024-12-04 11:06:21,559 - INFO - No updates required for product 'https://www.csmilitaria.co.uk/shop.php?code=14736'.
2024-12-04 11:06:21,559 - INFO - 
------------------------------------------------------------
                     NO PRODUCT UPDATE                      
------------------------------------------------------------
2024-12-04 11:06:21,560 - INFO - CURRENT PAGE        : 2
2024-12-04 11:06:21,560 - INFO - PRODUCTS PROCESSED  : 21
2024-12-04 11:06:21,560 - INFO - CONSECUTIVE MATCHES : 22
2024-12-04 11:06:21,560 - INFO - PRODUCT URL         : https://www.csmilitaria.co.uk/shop.php?code=14736
2024-12-04 11:06:21,560 - INFO - TIMESTAMP           : 2024-12-04 11:06:21.559714
2024-12-04 11:06:21,560 - INFO - No changes made for product 'https://www.csmilitaria.co.uk/shop.php?code=14736'.
2024-12-04 11:06:21,560 - DEBUG - Product URL constructed: https://www.csmilitaria.co.uk/shop.php?code=14743
2024-12-04 11:06:21,844 - DEBUG - https://www.csmilitaria.co.uk:443 "GET /shop.php?code=14743 HTTP/1.1" 200 2965
2024-12-04 11:06:21,849 - DEBUG - Scraped data - Title: No.77 Phos  - Dated June 1944, Price: 275.00, Available: True
2024-12-04 11:06:22,058 - INFO - No updates required for product 'https://www.csmilitaria.co.uk/shop.php?code=14743'.
2024-12-04 11:06:22,059 - INFO - 
------------------------------------------------------------
                     NO PRODUCT UPDATE                      
------------------------------------------------------------
2024-12-04 11:06:22,059 - INFO - CURRENT PAGE        : 2
2024-12-04 11:06:22,059 - INFO - PRODUCTS PROCESSED  : 22
2024-12-04 11:06:22,059 - INFO - CONSECUTIVE MATCHES : 23
2024-12-04 11:06:22,060 - INFO - PRODUCT URL         : https://www.csmilitaria.co.uk/shop.php?code=14743
2024-12-04 11:06:22,060 - INFO - TIMESTAMP           : 2024-12-04 11:06:22.059661
2024-12-04 11:06:22,060 - INFO - No changes made for product 'https://www.csmilitaria.co.uk/shop.php?code=14743'.
2024-12-04 11:06:22,060 - DEBUG - Product URL constructed: https://www.csmilitaria.co.uk/shop.php?code=14745
2024-12-04 11:06:22,344 - DEBUG - https://www.csmilitaria.co.uk:443 "GET /shop.php?code=14745 HTTP/1.1" 200 2871
2024-12-04 11:06:22,349 - DEBUG - Scraped data - Title: WW2 Canadian Basic Pouches 1943, Price: 45.00, Available: True
2024-12-04 11:06:22,587 - INFO - No updates required for product 'https://www.csmilitaria.co.uk/shop.php?code=14745'.
2024-12-04 11:06:22,588 - INFO - 
------------------------------------------------------------
                     NO PRODUCT UPDATE                      
------------------------------------------------------------
2024-12-04 11:06:22,588 - INFO - CURRENT PAGE        : 2
2024-12-04 11:06:22,588 - INFO - PRODUCTS PROCESSED  : 23
2024-12-04 11:06:22,588 - INFO - CONSECUTIVE MATCHES : 24
2024-12-04 11:06:22,589 - INFO - PRODUCT URL         : https://www.csmilitaria.co.uk/shop.php?code=14745
2024-12-04 11:06:22,589 - INFO - TIMESTAMP           : 2024-12-04 11:06:22.588208
2024-12-04 11:06:22,589 - INFO - No changes made for product 'https://www.csmilitaria.co.uk/shop.php?code=14745'.
2024-12-04 11:06:22,589 - DEBUG - Product URL constructed: https://www.csmilitaria.co.uk/shop.php?code=14746
2024-12-04 11:06:22,873 - DEBUG - https://www.csmilitaria.co.uk:443 "GET /shop.php?code=14746 HTTP/1.1" 200 2866
2024-12-04 11:06:22,878 - DEBUG - Scraped data - Title: WW2 Canadian Waterbucket, Price: 45.00, Available: True
2024-12-04 11:06:23,096 - INFO - No updates required for product 'https://www.csmilitaria.co.uk/shop.php?code=14746'.
2024-12-04 11:06:23,097 - INFO - 
------------------------------------------------------------
                     NO PRODUCT UPDATE                      
------------------------------------------------------------
2024-12-04 11:06:23,097 - INFO - CURRENT PAGE        : 2
2024-12-04 11:06:23,097 - INFO - PRODUCTS PROCESSED  : 24
2024-12-04 11:06:23,098 - INFO - CONSECUTIVE MATCHES : 25
2024-12-04 11:06:23,098 - INFO - PRODUCT URL         : https://www.csmilitaria.co.uk/shop.php?code=14746
2024-12-04 11:06:23,098 - INFO - TIMESTAMP           : 2024-12-04 11:06:23.097488
2024-12-04 11:06:23,098 - INFO - No changes made for product 'https://www.csmilitaria.co.uk/shop.php?code=14746'.
2024-12-04 11:06:23,098 - DEBUG - Product URL constructed: https://www.csmilitaria.co.uk/shop.php?code=14710
2024-12-04 11:06:23,383 - DEBUG - https://www.csmilitaria.co.uk:443 "GET /shop.php?code=14710 HTTP/1.1" 200 3242
2024-12-04 11:06:23,388 - WARNING - Unable to retrieve product PRICE.
2024-12-04 11:06:23,389 - WARNING - AttributeError while evaluating price element: 'NoneType' object has no attribute 'group'
2024-12-04 11:06:23,389 - DEBUG - Scraped data - Title: ***Rare** WW2 Canadian Ankle Boots - Dated 1942, Price: 0, Available: False
2024-12-04 11:06:24,004 - INFO - Product 'https://www.csmilitaria.co.uk/shop.php?code=14710' availability updated: True → False
2024-12-04 11:06:24,497 - INFO - Product 'https://www.csmilitaria.co.uk/shop.php?code=14710' sold date updated: None → 2024-12-04 11:06:24
2024-12-04 11:06:24,497 - INFO - Product 'https://www.csmilitaria.co.uk/shop.php?code=14710' updated successfully.
2024-12-04 11:06:24,498 - INFO - 
------------------------------------------------------------
                      PRODUCT UPDATED                       
------------------------------------------------------------
2024-12-04 11:06:24,498 - INFO - CURRENT PAGE        : 2
2024-12-04 11:06:24,498 - INFO - PRODUCTS PROCESSED  : 25
2024-12-04 11:06:24,498 - INFO - CONSECUTIVE MATCHES : 26
2024-12-04 11:06:24,499 - INFO - PRODUCT URL         : https://www.csmilitaria.co.uk/shop.php?code=14710
2024-12-04 11:06:24,499 - INFO - TIMESTAMP           : 2024-12-04 11:06:24.497086
2024-12-04 11:06:24,499 - INFO - ------------------------------------------------------------
2024-12-04 11:06:24,499 - INFO -                       PRODUCT UPDATED
2024-12-04 11:06:24,499 - INFO - ------------------------------------------------------------
2024-12-04 11:06:24,499 - INFO - Product 'https://www.csmilitaria.co.uk/shop.php?code=14710' was updated or inserted successfully.
2024-12-04 11:06:24,500 - DEBUG - Product URL constructed: https://www.csmilitaria.co.uk/shop.php?code=14699
2024-12-04 11:06:24,783 - DEBUG - https://www.csmilitaria.co.uk:443 "GET /shop.php?code=14699 HTTP/1.1" 200 3111
2024-12-04 11:06:24,789 - DEBUG - Scraped data - Title: WW2 Canadian Helmet With Anti-Gas Cover 1942, Price: 375.00, Available: True
2024-12-04 11:06:25,127 - INFO - No updates required for product 'https://www.csmilitaria.co.uk/shop.php?code=14699'.
2024-12-04 11:06:25,127 - INFO - 
------------------------------------------------------------
                     NO PRODUCT UPDATE                      
------------------------------------------------------------
2024-12-04 11:06:25,127 - INFO - CURRENT PAGE        : 2
2024-12-04 11:06:25,128 - INFO - PRODUCTS PROCESSED  : 26
2024-12-04 11:06:25,128 - INFO - CONSECUTIVE MATCHES : 27
2024-12-04 11:06:25,128 - INFO - PRODUCT URL         : https://www.csmilitaria.co.uk/shop.php?code=14699
2024-12-04 11:06:25,128 - INFO - TIMESTAMP           : 2024-12-04 11:06:25.127047
2024-12-04 11:06:25,128 - INFO - No changes made for product 'https://www.csmilitaria.co.uk/shop.php?code=14699'.
2024-12-04 11:06:25,129 - DEBUG - Product URL constructed: https://www.csmilitaria.co.uk/shop.php?code=14698
2024-12-04 11:06:25,411 - DEBUG - https://www.csmilitaria.co.uk:443 "GET /shop.php?code=14698 HTTP/1.1" 200 3305
2024-12-04 11:06:25,417 - DEBUG - Scraped data - Title: WW2 Silk Map * Zones of France * & Normandy Coastline March 1944, Price: 245.00, Available: True
2024-12-04 11:06:25,641 - INFO - No updates required for product 'https://www.csmilitaria.co.uk/shop.php?code=14698'.
2024-12-04 11:06:25,642 - INFO - 
------------------------------------------------------------
                     NO PRODUCT UPDATE                      
------------------------------------------------------------
2024-12-04 11:06:25,642 - INFO - CURRENT PAGE        : 2
2024-12-04 11:06:25,642 - INFO - PRODUCTS PROCESSED  : 27
2024-12-04 11:06:25,643 - INFO - CONSECUTIVE MATCHES : 28
2024-12-04 11:06:25,643 - INFO - PRODUCT URL         : https://www.csmilitaria.co.uk/shop.php?code=14698
2024-12-04 11:06:25,643 - INFO - TIMESTAMP           : 2024-12-04 11:06:25.642993
2024-12-04 11:06:25,643 - INFO - No changes made for product 'https://www.csmilitaria.co.uk/shop.php?code=14698'.
2024-12-04 11:06:25,643 - DEBUG - Product URL constructed: https://www.csmilitaria.co.uk/shop.php?code=14701
2024-12-04 11:06:25,930 - DEBUG - https://www.csmilitaria.co.uk:443 "GET /shop.php?code=14701 HTTP/1.1" 200 3290
2024-12-04 11:06:25,935 - DEBUG - Scraped data - Title: WW1 British Officers 1902 Pattern Cuff Rank Tunic - West Kent Regiment, Price: 1350.00, Available: True
2024-12-04 11:06:26,166 - INFO - No updates required for product 'https://www.csmilitaria.co.uk/shop.php?code=14701'.
2024-12-04 11:06:26,167 - INFO - 
------------------------------------------------------------
                     NO PRODUCT UPDATE                      
------------------------------------------------------------
2024-12-04 11:06:26,167 - INFO - CURRENT PAGE        : 2
2024-12-04 11:06:26,167 - INFO - PRODUCTS PROCESSED  : 28
2024-12-04 11:06:26,167 - INFO - CONSECUTIVE MATCHES : 29
2024-12-04 11:06:26,167 - INFO - PRODUCT URL         : https://www.csmilitaria.co.uk/shop.php?code=14701
2024-12-04 11:06:26,167 - INFO - TIMESTAMP           : 2024-12-04 11:06:26.167670
2024-12-04 11:06:26,167 - INFO - No changes made for product 'https://www.csmilitaria.co.uk/shop.php?code=14701'.
2024-12-04 11:06:26,168 - DEBUG - Navigating to products page: https://www.csmilitaria.co.uk/shop.php?pg=3
2024-12-04 11:06:26,466 - DEBUG - https://www.csmilitaria.co.uk:443 "GET /shop.php?pg=3 HTTP/1.1" 200 6115
2024-12-04 11:06:26,485 - INFO - 
------------------------------------------------------------
                    NEW INSTANCE STARTED                    
------------------------------------------------------------
2024-12-04 11:06:26,486 - INFO - MILITARIA SITE      : CS_MILITARIA
2024-12-04 11:06:26,487 - INFO - PRODUCTS URL        : https://www.csmilitaria.co.uk/shop.php?pg=3
2024-12-04 11:06:26,487 - INFO - CYCLES RUN          : 0
2024-12-04 11:06:26,487 - INFO - PRODUCTS PROCESSED  : 0
2024-12-04 11:06:26,487 - INFO - TIMESTAMP           : 2024-12-04 11:06:26.485727
2024-12-04 11:06:26,488 - DEBUG - Product URL constructed: https://www.csmilitaria.co.uk/shop.php?code=14702
2024-12-04 11:06:26,771 - DEBUG - https://www.csmilitaria.co.uk:443 "GET /shop.php?code=14702 HTTP/1.1" 200 2862
2024-12-04 11:06:26,775 - WARNING - Unable to retrieve product PRICE.
2024-12-04 11:06:26,776 - WARNING - AttributeError while evaluating price element: 'NoneType' object has no attribute 'group'
2024-12-04 11:06:26,776 - DEBUG - Scraped data - Title: WW2 Canadian Mapcase 1942, Price: 0, Available: False
2024-12-04 11:06:27,352 - INFO - Product 'https://www.csmilitaria.co.uk/shop.php?code=14702' sold date updated: 2024-12-03 00:00:00 → 2024-12-04 11:06:26
2024-12-04 11:06:27,353 - INFO - Product 'https://www.csmilitaria.co.uk/shop.php?code=14702' updated successfully.
2024-12-04 11:06:27,353 - INFO - 
------------------------------------------------------------
                      PRODUCT UPDATED                       
------------------------------------------------------------
2024-12-04 11:06:27,353 - INFO - CURRENT PAGE        : 3
2024-12-04 11:06:27,354 - INFO - PRODUCTS PROCESSED  : 29
2024-12-04 11:06:27,354 - INFO - CONSECUTIVE MATCHES : 30
2024-12-04 11:06:27,354 - INFO - PRODUCT URL         : https://www.csmilitaria.co.uk/shop.php?code=14702
2024-12-04 11:06:27,354 - INFO - TIMESTAMP           : 2024-12-04 11:06:27.353275
2024-12-04 11:06:27,354 - INFO - ------------------------------------------------------------
2024-12-04 11:06:27,354 - INFO -                       PRODUCT UPDATED
2024-12-04 11:06:27,354 - INFO - ------------------------------------------------------------
2024-12-04 11:06:27,354 - INFO - Product 'https://www.csmilitaria.co.uk/shop.php?code=14702' was updated or inserted successfully.
2024-12-04 11:06:27,354 - DEBUG - Product URL constructed: https://www.csmilitaria.co.uk/shop.php?code=14704
2024-12-04 11:06:27,639 - DEBUG - https://www.csmilitaria.co.uk:443 "GET /shop.php?code=14704 HTTP/1.1" 200 2936
2024-12-04 11:06:27,643 - WARNING - Unable to retrieve product PRICE.
2024-12-04 11:06:27,643 - WARNING - AttributeError while evaluating price element: 'NoneType' object has no attribute 'group'
2024-12-04 11:06:27,644 - DEBUG - Scraped data - Title: WW2 Canadian Trouser Braces, Price: 0, Available: False
2024-12-04 11:06:28,416 - INFO - Product 'https://www.csmilitaria.co.uk/shop.php?code=14704' sold date updated: 2024-12-03 00:00:00 → 2024-12-04 11:06:28
2024-12-04 11:06:28,417 - INFO - Product 'https://www.csmilitaria.co.uk/shop.php?code=14704' updated successfully.
2024-12-04 11:06:28,417 - INFO - 
------------------------------------------------------------
                      PRODUCT UPDATED                       
------------------------------------------------------------
2024-12-04 11:06:28,418 - INFO - CURRENT PAGE        : 3
2024-12-04 11:06:28,418 - INFO - PRODUCTS PROCESSED  : 30
2024-12-04 11:06:28,418 - INFO - CONSECUTIVE MATCHES : 31
2024-12-04 11:06:28,418 - INFO - PRODUCT URL         : https://www.csmilitaria.co.uk/shop.php?code=14704
2024-12-04 11:06:28,418 - INFO - TIMESTAMP           : 2024-12-04 11:06:28.417355
2024-12-04 11:06:28,418 - INFO - ------------------------------------------------------------
2024-12-04 11:06:28,419 - INFO -                       PRODUCT UPDATED
2024-12-04 11:06:28,419 - INFO - ------------------------------------------------------------
2024-12-04 11:06:28,419 - INFO - Product 'https://www.csmilitaria.co.uk/shop.php?code=14704' was updated or inserted successfully.
2024-12-04 11:06:28,419 - DEBUG - Product URL constructed: https://www.csmilitaria.co.uk/shop.php?code=14703
2024-12-04 11:06:28,701 - DEBUG - https://www.csmilitaria.co.uk:443 "GET /shop.php?code=14703 HTTP/1.1" 200 3027
2024-12-04 11:06:28,706 - DEBUG - Scraped data - Title: WW2 Canadian Auxiliary Pouches For Extra Ammunition, Price: 125.00, Available: True
2024-12-04 11:06:29,056 - INFO - No updates required for product 'https://www.csmilitaria.co.uk/shop.php?code=14703'.
2024-12-04 11:06:29,056 - INFO - 
------------------------------------------------------------
                     NO PRODUCT UPDATE                      
------------------------------------------------------------
2024-12-04 11:06:29,057 - INFO - CURRENT PAGE        : 3
2024-12-04 11:06:29,058 - INFO - PRODUCTS PROCESSED  : 31
2024-12-04 11:06:29,058 - INFO - CONSECUTIVE MATCHES : 32
2024-12-04 11:06:29,058 - INFO - PRODUCT URL         : https://www.csmilitaria.co.uk/shop.php?code=14703
2024-12-04 11:06:29,058 - INFO - TIMESTAMP           : 2024-12-04 11:06:29.056967
2024-12-04 11:06:29,058 - INFO - No changes made for product 'https://www.csmilitaria.co.uk/shop.php?code=14703'.
2024-12-04 11:06:29,058 - DEBUG - Product URL constructed: https://www.csmilitaria.co.uk/shop.php?code=14705
2024-12-04 11:06:29,343 - DEBUG - https://www.csmilitaria.co.uk:443 "GET /shop.php?code=14705 HTTP/1.1" 200 2989
2024-12-04 11:06:29,348 - DEBUG - Scraped data - Title: *Rare** WW2 Canadian Anti-Gas Brassard - Dated Feb 44, Price: 350.00, Available: True
2024-12-04 11:06:29,532 - INFO - No updates required for product 'https://www.csmilitaria.co.uk/shop.php?code=14705'.
2024-12-04 11:06:29,533 - INFO - 
------------------------------------------------------------
                     NO PRODUCT UPDATE                      
------------------------------------------------------------
2024-12-04 11:06:29,533 - INFO - CURRENT PAGE        : 3
2024-12-04 11:06:29,534 - INFO - PRODUCTS PROCESSED  : 32
2024-12-04 11:06:29,534 - INFO - CONSECUTIVE MATCHES : 33
2024-12-04 11:06:29,534 - INFO - PRODUCT URL         : https://www.csmilitaria.co.uk/shop.php?code=14705
2024-12-04 11:06:29,534 - INFO - TIMESTAMP           : 2024-12-04 11:06:29.533177
2024-12-04 11:06:29,534 - INFO - No changes made for product 'https://www.csmilitaria.co.uk/shop.php?code=14705'.
2024-12-04 11:06:29,535 - DEBUG - Product URL constructed: https://www.csmilitaria.co.uk/shop.php?code=14708
2024-12-04 11:06:29,817 - DEBUG - https://www.csmilitaria.co.uk:443 "GET /shop.php?code=14708 HTTP/1.1" 200 2931
2024-12-04 11:06:29,821 - WARNING - Unable to retrieve product PRICE.
2024-12-04 11:06:29,821 - WARNING - AttributeError while evaluating price element: 'NoneType' object has no attribute 'group'
2024-12-04 11:06:29,822 - DEBUG - Scraped data - Title: **Rare** WW2 Canadian Collarless Shirt 1940, Price: 0, Available: False
2024-12-04 11:06:30,436 - INFO - Product 'https://www.csmilitaria.co.uk/shop.php?code=14708' sold date updated: 2024-12-03 00:00:00 → 2024-12-04 11:06:30
2024-12-04 11:06:30,436 - INFO - Product 'https://www.csmilitaria.co.uk/shop.php?code=14708' updated successfully.
2024-12-04 11:06:30,436 - INFO - 
------------------------------------------------------------
                      PRODUCT UPDATED                       
------------------------------------------------------------
2024-12-04 11:06:30,437 - INFO - CURRENT PAGE        : 3
2024-12-04 11:06:30,437 - INFO - PRODUCTS PROCESSED  : 33
2024-12-04 11:06:30,437 - INFO - CONSECUTIVE MATCHES : 34
2024-12-04 11:06:30,437 - INFO - PRODUCT URL         : https://www.csmilitaria.co.uk/shop.php?code=14708
2024-12-04 11:06:30,437 - INFO - TIMESTAMP           : 2024-12-04 11:06:30.436464
2024-12-04 11:06:30,437 - INFO - ------------------------------------------------------------
2024-12-04 11:06:30,438 - INFO -                       PRODUCT UPDATED
2024-12-04 11:06:30,438 - INFO - ------------------------------------------------------------
2024-12-04 11:06:30,438 - INFO - Product 'https://www.csmilitaria.co.uk/shop.php?code=14708' was updated or inserted successfully.
2024-12-04 11:06:30,438 - DEBUG - Product URL constructed: https://www.csmilitaria.co.uk/shop.php?code=14709
2024-12-04 11:06:30,723 - DEBUG - https://www.csmilitaria.co.uk:443 "GET /shop.php?code=14709 HTTP/1.1" 200 3120
2024-12-04 11:06:30,729 - DEBUG - Scraped data - Title: WW2 Canadian Infantrymans Webbing Equipment Set, Price: 475.00, Available: True
2024-12-04 11:06:31,083 - INFO - No updates required for product 'https://www.csmilitaria.co.uk/shop.php?code=14709'.
2024-12-04 11:06:31,083 - INFO - 
------------------------------------------------------------
                     NO PRODUCT UPDATE                      
------------------------------------------------------------
2024-12-04 11:06:31,083 - INFO - CURRENT PAGE        : 3
2024-12-04 11:06:31,083 - INFO - PRODUCTS PROCESSED  : 34
2024-12-04 11:06:31,084 - INFO - CONSECUTIVE MATCHES : 35
2024-12-04 11:06:31,084 - INFO - PRODUCT URL         : https://www.csmilitaria.co.uk/shop.php?code=14709
2024-12-04 11:06:31,084 - INFO - TIMESTAMP           : 2024-12-04 11:06:31.083840
2024-12-04 11:06:31,084 - INFO - No changes made for product 'https://www.csmilitaria.co.uk/shop.php?code=14709'.
2024-12-04 11:06:31,084 - DEBUG - Product URL constructed: https://www.csmilitaria.co.uk/shop.php?code=14712
2024-12-04 11:06:31,367 - DEBUG - https://www.csmilitaria.co.uk:443 "GET /shop.php?code=14712 HTTP/1.1" 200 3085
2024-12-04 11:06:31,372 - DEBUG - Scraped data - Title: WW2 Canadian Light Service Gas Mask As Worn On D-Day, Price: 225.00, Available: True
2024-12-04 11:06:31,561 - INFO - No updates required for product 'https://www.csmilitaria.co.uk/shop.php?code=14712'.
2024-12-04 11:06:31,562 - INFO - 
------------------------------------------------------------
                     NO PRODUCT UPDATE                      
------------------------------------------------------------
2024-12-04 11:06:31,562 - INFO - CURRENT PAGE        : 3
2024-12-04 11:06:31,562 - INFO - PRODUCTS PROCESSED  : 35
2024-12-04 11:06:31,562 - INFO - CONSECUTIVE MATCHES : 36
2024-12-04 11:06:31,563 - INFO - PRODUCT URL         : https://www.csmilitaria.co.uk/shop.php?code=14712
2024-12-04 11:06:31,563 - INFO - TIMESTAMP           : 2024-12-04 11:06:31.562431
2024-12-04 11:06:31,563 - INFO - No changes made for product 'https://www.csmilitaria.co.uk/shop.php?code=14712'.
2024-12-04 11:06:31,563 - DEBUG - Product URL constructed: https://www.csmilitaria.co.uk/shop.php?code=14713
2024-12-04 11:06:31,847 - DEBUG - https://www.csmilitaria.co.uk:443 "GET /shop.php?code=14713 HTTP/1.1" 200 3019
2024-12-04 11:06:31,852 - DEBUG - Scraped data - Title: WW2 Canadian Plimsolls (Rest & Sports Shoes) 1943, Price: 165.00, Available: True
2024-12-04 11:06:32,022 - INFO - No updates required for product 'https://www.csmilitaria.co.uk/shop.php?code=14713'.
2024-12-04 11:06:32,023 - INFO - 
------------------------------------------------------------
                     NO PRODUCT UPDATE                      
------------------------------------------------------------
2024-12-04 11:06:32,023 - INFO - CURRENT PAGE        : 3
2024-12-04 11:06:32,024 - INFO - PRODUCTS PROCESSED  : 36
2024-12-04 11:06:32,024 - INFO - CONSECUTIVE MATCHES : 37
2024-12-04 11:06:32,024 - INFO - PRODUCT URL         : https://www.csmilitaria.co.uk/shop.php?code=14713
2024-12-04 11:06:32,024 - INFO - TIMESTAMP           : 2024-12-04 11:06:32.023417
2024-12-04 11:06:32,024 - INFO - No changes made for product 'https://www.csmilitaria.co.uk/shop.php?code=14713'.
2024-12-04 11:06:32,024 - DEBUG - Product URL constructed: https://www.csmilitaria.co.uk/shop.php?code=14697
2024-12-04 11:06:32,308 - DEBUG - https://www.csmilitaria.co.uk:443 "GET /shop.php?code=14697 HTTP/1.1" 200 3139
2024-12-04 11:06:32,312 - DEBUG - Scraped data - Title: WW1 German Battle Damaged Camouflage M16 Helmet, Price: 1100.00, Available: True
2024-12-04 11:06:32,486 - INFO - No updates required for product 'https://www.csmilitaria.co.uk/shop.php?code=14697'.
2024-12-04 11:06:32,486 - INFO - 
------------------------------------------------------------
                     NO PRODUCT UPDATE                      
------------------------------------------------------------
2024-12-04 11:06:32,487 - INFO - CURRENT PAGE        : 3
2024-12-04 11:06:32,487 - INFO - PRODUCTS PROCESSED  : 37
2024-12-04 11:06:32,487 - INFO - CONSECUTIVE MATCHES : 38
2024-12-04 11:06:32,487 - INFO - PRODUCT URL         : https://www.csmilitaria.co.uk/shop.php?code=14697
2024-12-04 11:06:32,487 - INFO - TIMESTAMP           : 2024-12-04 11:06:32.486382
2024-12-04 11:06:32,488 - INFO - No changes made for product 'https://www.csmilitaria.co.uk/shop.php?code=14697'.
2024-12-04 11:06:32,488 - DEBUG - Product URL constructed: https://www.csmilitaria.co.uk/shop.php?code=14464
2024-12-04 11:06:32,772 - DEBUG - https://www.csmilitaria.co.uk:443 "GET /shop.php?code=14464 HTTP/1.1" 200 3032
2024-12-04 11:06:32,777 - DEBUG - Scraped data - Title: WW2 British Army Ankle Boots 1942, Price: 325.00, Available: True
2024-12-04 11:06:32,948 - INFO - No updates required for product 'https://www.csmilitaria.co.uk/shop.php?code=14464'.
2024-12-04 11:06:32,948 - INFO - 
------------------------------------------------------------
                     NO PRODUCT UPDATE                      
------------------------------------------------------------
2024-12-04 11:06:32,949 - INFO - CURRENT PAGE        : 3
2024-12-04 11:06:32,949 - INFO - PRODUCTS PROCESSED  : 38
2024-12-04 11:06:32,949 - INFO - CONSECUTIVE MATCHES : 39
2024-12-04 11:06:32,949 - INFO - PRODUCT URL         : https://www.csmilitaria.co.uk/shop.php?code=14464
2024-12-04 11:06:32,950 - INFO - TIMESTAMP           : 2024-12-04 11:06:32.948145
2024-12-04 11:06:32,950 - INFO - No changes made for product 'https://www.csmilitaria.co.uk/shop.php?code=14464'.
2024-12-04 11:06:32,950 - DEBUG - Navigating to products page: https://www.csmilitaria.co.uk/shop.php?pg=4
2024-12-04 11:06:33,246 - DEBUG - https://www.csmilitaria.co.uk:443 "GET /shop.php?pg=4 HTTP/1.1" 200 6154
2024-12-04 11:06:33,258 - INFO - 
------------------------------------------------------------
                    NEW INSTANCE STARTED                    
------------------------------------------------------------
2024-12-04 11:06:33,259 - INFO - MILITARIA SITE      : CS_MILITARIA
2024-12-04 11:06:33,260 - INFO - PRODUCTS URL        : https://www.csmilitaria.co.uk/shop.php?pg=4
2024-12-04 11:06:33,260 - INFO - CYCLES RUN          : 0
2024-12-04 11:06:33,260 - INFO - PRODUCTS PROCESSED  : 0
2024-12-04 11:06:33,260 - INFO - TIMESTAMP           : 2024-12-04 11:06:33.258929
2024-12-04 11:06:33,260 - DEBUG - Product URL constructed: https://www.csmilitaria.co.uk/shop.php?code=14706
2024-12-04 11:06:33,544 - DEBUG - https://www.csmilitaria.co.uk:443 "GET /shop.php?code=14706 HTTP/1.1" 200 2839
2024-12-04 11:06:33,550 - WARNING - Unable to retrieve product PRICE.
2024-12-04 11:06:33,550 - WARNING - AttributeError while evaluating price element: 'NoneType' object has no attribute 'group'
2024-12-04 11:06:33,551 - DEBUG - Scraped data - Title: WW2 Canadian Webbing Anklets 1943, Price: 0, Available: False
2024-12-04 11:06:34,078 - INFO - Product 'https://www.csmilitaria.co.uk/shop.php?code=14706' sold date updated: 2024-12-03 00:00:00 → 2024-12-04 11:06:33
2024-12-04 11:06:34,078 - INFO - Product 'https://www.csmilitaria.co.uk/shop.php?code=14706' updated successfully.
2024-12-04 11:06:34,078 - INFO - 
------------------------------------------------------------
                      PRODUCT UPDATED                       
------------------------------------------------------------
2024-12-04 11:06:34,079 - INFO - CURRENT PAGE        : 4
2024-12-04 11:06:34,079 - INFO - PRODUCTS PROCESSED  : 39
2024-12-04 11:06:34,079 - INFO - CONSECUTIVE MATCHES : 40
2024-12-04 11:06:34,079 - INFO - PRODUCT URL         : https://www.csmilitaria.co.uk/shop.php?code=14706
2024-12-04 11:06:34,079 - INFO - TIMESTAMP           : 2024-12-04 11:06:34.078400
2024-12-04 11:06:34,079 - INFO - ------------------------------------------------------------
2024-12-04 11:06:34,080 - INFO -                       PRODUCT UPDATED
2024-12-04 11:06:34,080 - INFO - ------------------------------------------------------------
2024-12-04 11:06:34,080 - INFO - Product 'https://www.csmilitaria.co.uk/shop.php?code=14706' was updated or inserted successfully.
2024-12-04 11:06:34,080 - DEBUG - Product URL constructed: https://www.csmilitaria.co.uk/shop.php?code=14711
2024-12-04 11:06:34,365 - DEBUG - https://www.csmilitaria.co.uk:443 "GET /shop.php?code=14711 HTTP/1.1" 200 2865
2024-12-04 11:06:34,370 - DEBUG - Scraped data - Title: WW2 Canadian *Khaki Cleanser* For Web Equipment, Price: 45.00, Available: True
2024-12-04 11:06:34,707 - INFO - No updates required for product 'https://www.csmilitaria.co.uk/shop.php?code=14711'.
2024-12-04 11:06:34,707 - INFO - 
------------------------------------------------------------
                     NO PRODUCT UPDATE                      
------------------------------------------------------------
2024-12-04 11:06:34,708 - INFO - CURRENT PAGE        : 4
2024-12-04 11:06:34,708 - INFO - PRODUCTS PROCESSED  : 40
2024-12-04 11:06:34,708 - INFO - CONSECUTIVE MATCHES : 41
2024-12-04 11:06:34,708 - INFO - PRODUCT URL         : https://www.csmilitaria.co.uk/shop.php?code=14711
2024-12-04 11:06:34,709 - INFO - TIMESTAMP           : 2024-12-04 11:06:34.707814
2024-12-04 11:06:34,709 - INFO - No changes made for product 'https://www.csmilitaria.co.uk/shop.php?code=14711'.
2024-12-04 11:06:34,709 - DEBUG - Product URL constructed: https://www.csmilitaria.co.uk/shop.php?code=14714
2024-12-04 11:06:34,992 - DEBUG - https://www.csmilitaria.co.uk:443 "GET /shop.php?code=14714 HTTP/1.1" 200 2871
2024-12-04 11:06:34,997 - DEBUG - Scraped data - Title: WW2 Canadian Rifle Sling 1943, Price: 75.00, Available: True
2024-12-04 11:06:35,183 - INFO - No updates required for product 'https://www.csmilitaria.co.uk/shop.php?code=14714'.
2024-12-04 11:06:35,184 - INFO - 
------------------------------------------------------------
                     NO PRODUCT UPDATE                      
------------------------------------------------------------
2024-12-04 11:06:35,184 - INFO - CURRENT PAGE        : 4
2024-12-04 11:06:35,184 - INFO - PRODUCTS PROCESSED  : 41
2024-12-04 11:06:35,184 - INFO - CONSECUTIVE MATCHES : 42
2024-12-04 11:06:35,185 - INFO - PRODUCT URL         : https://www.csmilitaria.co.uk/shop.php?code=14714
2024-12-04 11:06:35,185 - INFO - TIMESTAMP           : 2024-12-04 11:06:35.184945
2024-12-04 11:06:35,185 - INFO - No changes made for product 'https://www.csmilitaria.co.uk/shop.php?code=14714'.
2024-12-04 11:06:35,185 - DEBUG - Product URL constructed: https://www.csmilitaria.co.uk/shop.php?code=14717
2024-12-04 11:06:35,470 - DEBUG - https://www.csmilitaria.co.uk:443 "GET /shop.php?code=14717 HTTP/1.1" 200 3198
2024-12-04 11:06:35,475 - DEBUG - Scraped data - Title: WW2 Canadian Helmet - 1st R.C.O.C Reinforcement Unit, Price: 545.00, Available: True
2024-12-04 11:06:35,646 - INFO - No updates required for product 'https://www.csmilitaria.co.uk/shop.php?code=14717'.
2024-12-04 11:06:35,646 - INFO - 
------------------------------------------------------------
                     NO PRODUCT UPDATE                      
------------------------------------------------------------
2024-12-04 11:06:35,647 - INFO - CURRENT PAGE        : 4
2024-12-04 11:06:35,647 - INFO - PRODUCTS PROCESSED  : 42
2024-12-04 11:06:35,647 - INFO - CONSECUTIVE MATCHES : 43
2024-12-04 11:06:35,647 - INFO - PRODUCT URL         : https://www.csmilitaria.co.uk/shop.php?code=14717
2024-12-04 11:06:35,647 - INFO - TIMESTAMP           : 2024-12-04 11:06:35.646152
2024-12-04 11:06:35,647 - INFO - No changes made for product 'https://www.csmilitaria.co.uk/shop.php?code=14717'.
2024-12-04 11:06:35,648 - DEBUG - Product URL constructed: https://www.csmilitaria.co.uk/shop.php?code=14715
2024-12-04 11:06:35,931 - DEBUG - https://www.csmilitaria.co.uk:443 "GET /shop.php?code=14715 HTTP/1.1" 200 2998
2024-12-04 11:06:35,935 - DEBUG - Scraped data - Title: WW2 Canadian Khaki Beret 1944 -  Saskatchewan Regt., Price: 245.00, Available: True
2024-12-04 11:06:36,106 - INFO - No updates required for product 'https://www.csmilitaria.co.uk/shop.php?code=14715'.
2024-12-04 11:06:36,106 - INFO - 
------------------------------------------------------------
                     NO PRODUCT UPDATE                      
------------------------------------------------------------
2024-12-04 11:06:36,106 - INFO - CURRENT PAGE        : 4
2024-12-04 11:06:36,107 - INFO - PRODUCTS PROCESSED  : 43
2024-12-04 11:06:36,107 - INFO - CONSECUTIVE MATCHES : 44
2024-12-04 11:06:36,107 - INFO - PRODUCT URL         : https://www.csmilitaria.co.uk/shop.php?code=14715
2024-12-04 11:06:36,107 - INFO - TIMESTAMP           : 2024-12-04 11:06:36.106418
2024-12-04 11:06:36,107 - INFO - No changes made for product 'https://www.csmilitaria.co.uk/shop.php?code=14715'.
2024-12-04 11:06:36,107 - DEBUG - Product URL constructed: https://www.csmilitaria.co.uk/shop.php?code=14716
2024-12-04 11:06:36,392 - DEBUG - https://www.csmilitaria.co.uk:443 "GET /shop.php?code=14716 HTTP/1.1" 200 3060
2024-12-04 11:06:36,397 - DEBUG - Scraped data - Title: WW2 Canadian Messtin Set & Rations Bag, Price: 100.00, Available: True
2024-12-04 11:06:36,569 - INFO - No updates required for product 'https://www.csmilitaria.co.uk/shop.php?code=14716'.
2024-12-04 11:06:36,570 - INFO - 
------------------------------------------------------------
                     NO PRODUCT UPDATE                      
------------------------------------------------------------
2024-12-04 11:06:36,570 - INFO - CURRENT PAGE        : 4
2024-12-04 11:06:36,570 - INFO - PRODUCTS PROCESSED  : 44
2024-12-04 11:06:36,571 - INFO - CONSECUTIVE MATCHES : 45
2024-12-04 11:06:36,571 - INFO - PRODUCT URL         : https://www.csmilitaria.co.uk/shop.php?code=14716
2024-12-04 11:06:36,571 - INFO - TIMESTAMP           : 2024-12-04 11:06:36.570088
2024-12-04 11:06:36,571 - INFO - No changes made for product 'https://www.csmilitaria.co.uk/shop.php?code=14716'.
2024-12-04 11:06:36,571 - DEBUG - Product URL constructed: https://www.csmilitaria.co.uk/shop.php?code=14718
2024-12-04 11:06:36,857 - DEBUG - https://www.csmilitaria.co.uk:443 "GET /shop.php?code=14718 HTTP/1.1" 200 2983
2024-12-04 11:06:36,862 - DEBUG - Scraped data - Title: WW2 Canadian Browning Hi-Power Pistol Holster 1944, Price: 150.00, Available: True
2024-12-04 11:06:37,032 - INFO - No updates required for product 'https://www.csmilitaria.co.uk/shop.php?code=14718'.
2024-12-04 11:06:37,033 - INFO - 
------------------------------------------------------------
                     NO PRODUCT UPDATE                      
------------------------------------------------------------
2024-12-04 11:06:37,033 - INFO - CURRENT PAGE        : 4
2024-12-04 11:06:37,033 - INFO - PRODUCTS PROCESSED  : 45
2024-12-04 11:06:37,033 - INFO - CONSECUTIVE MATCHES : 46
2024-12-04 11:06:37,033 - INFO - PRODUCT URL         : https://www.csmilitaria.co.uk/shop.php?code=14718
2024-12-04 11:06:37,034 - INFO - TIMESTAMP           : 2024-12-04 11:06:37.033361
2024-12-04 11:06:37,034 - INFO - No changes made for product 'https://www.csmilitaria.co.uk/shop.php?code=14718'.
2024-12-04 11:06:37,034 - DEBUG - Product URL constructed: https://www.csmilitaria.co.uk/shop.php?code=11540
2024-12-04 11:06:37,317 - DEBUG - https://www.csmilitaria.co.uk:443 "GET /shop.php?code=11540 HTTP/1.1" 200 3671
2024-12-04 11:06:37,322 - WARNING - Unable to retrieve product PRICE.
2024-12-04 11:06:37,322 - WARNING - AttributeError while evaluating price element: 'NoneType' object has no attribute 'group'
2024-12-04 11:06:37,323 - DEBUG - Scraped data - Title: WW1 German M15 Prussian Cuirassier Helmet 1916, Price: 0, Available: False
2024-12-04 11:06:37,852 - INFO - Product 'https://www.csmilitaria.co.uk/shop.php?code=11540' sold date updated: 2024-12-03 00:00:00 → 2024-12-04 11:06:37
2024-12-04 11:06:37,853 - INFO - Product 'https://www.csmilitaria.co.uk/shop.php?code=11540' updated successfully.
2024-12-04 11:06:37,853 - INFO - 
------------------------------------------------------------
                      PRODUCT UPDATED                       
------------------------------------------------------------
2024-12-04 11:06:37,853 - INFO - CURRENT PAGE        : 4
2024-12-04 11:06:37,854 - INFO - PRODUCTS PROCESSED  : 46
2024-12-04 11:06:37,854 - INFO - CONSECUTIVE MATCHES : 47
2024-12-04 11:06:37,854 - INFO - PRODUCT URL         : https://www.csmilitaria.co.uk/shop.php?code=11540
2024-12-04 11:06:37,854 - INFO - TIMESTAMP           : 2024-12-04 11:06:37.853345
2024-12-04 11:06:37,854 - INFO - ------------------------------------------------------------
2024-12-04 11:06:37,854 - INFO -                       PRODUCT UPDATED
2024-12-04 11:06:37,855 - INFO - ------------------------------------------------------------
2024-12-04 11:06:37,855 - INFO - Product 'https://www.csmilitaria.co.uk/shop.php?code=11540' was updated or inserted successfully.
2024-12-04 11:06:37,855 - DEBUG - Product URL constructed: https://www.csmilitaria.co.uk/shop.php?code=10307
2024-12-04 11:06:38,140 - DEBUG - https://www.csmilitaria.co.uk:443 "GET /shop.php?code=10307 HTTP/1.1" 200 3574
2024-12-04 11:06:38,145 - WARNING - Unable to retrieve product PRICE.
2024-12-04 11:06:38,146 - WARNING - AttributeError while evaluating price element: 'NoneType' object has no attribute 'group'
2024-12-04 11:06:38,146 - DEBUG - Scraped data - Title: WW1 German Second Model *Sappenpanzer* Trench Armour, Price: 0, Available: False
