2024-12-27 20:43:40,018 - INFO - Logging initialized. Log file: logs\2024-12-27_instance_5.log
2024-12-27 20:43:44,581 - WARNING - 
------------------------------------------------------------
PROGRAM INITIALIZED 2024-12-27 20:43:44.581377
------------------------------------------------------------
2024-12-27 20:43:49,664 - INFO - PostgreSQL connection pool initialized.
2024-12-27 20:43:49,665 - DEBUG - Changing event name from creating-client-class.iot-data to creating-client-class.iot-data-plane
2024-12-27 20:43:49,668 - DEBUG - Changing event name from before-call.apigateway to before-call.api-gateway
2024-12-27 20:43:49,669 - DEBUG - Changing event name from request-created.machinelearning.Predict to request-created.machine-learning.Predict
2024-12-27 20:43:49,670 - DEBUG - Changing event name from before-parameter-build.autoscaling.CreateLaunchConfiguration to before-parameter-build.auto-scaling.CreateLaunchConfiguration
2024-12-27 20:43:49,670 - DEBUG - Changing event name from before-parameter-build.route53 to before-parameter-build.route-53
2024-12-27 20:43:49,671 - DEBUG - Changing event name from request-created.cloudsearchdomain.Search to request-created.cloudsearch-domain.Search
2024-12-27 20:43:49,671 - DEBUG - Changing event name from docs.*.autoscaling.CreateLaunchConfiguration.complete-section to docs.*.auto-scaling.CreateLaunchConfiguration.complete-section
2024-12-27 20:43:49,673 - DEBUG - Changing event name from before-parameter-build.logs.CreateExportTask to before-parameter-build.cloudwatch-logs.CreateExportTask
2024-12-27 20:43:49,674 - DEBUG - Changing event name from docs.*.logs.CreateExportTask.complete-section to docs.*.cloudwatch-logs.CreateExportTask.complete-section
2024-12-27 20:43:49,674 - DEBUG - Changing event name from before-parameter-build.cloudsearchdomain.Search to before-parameter-build.cloudsearch-domain.Search
2024-12-27 20:43:49,674 - DEBUG - Changing event name from docs.*.cloudsearchdomain.Search.complete-section to docs.*.cloudsearch-domain.Search.complete-section
2024-12-27 20:43:49,727 - DEBUG - Loading JSON file: C:\Users\keena\AppData\Local\Programs\Python\Python312\Lib\site-packages\botocore\data\endpoints.json
2024-12-27 20:43:49,740 - DEBUG - Loading JSON file: C:\Users\keena\AppData\Local\Programs\Python\Python312\Lib\site-packages\botocore\data\sdk-default-configuration.json
2024-12-27 20:43:49,740 - DEBUG - Event choose-service-name: calling handler <function handle_service_name_alias at 0x00000262D194E700>
2024-12-27 20:43:49,792 - DEBUG - Loading JSON file: C:\Users\keena\AppData\Local\Programs\Python\Python312\Lib\site-packages\botocore\data\s3\2006-03-01\service-2.json.gz
2024-12-27 20:43:49,799 - DEBUG - Loading JSON file: C:\Users\keena\AppData\Local\Programs\Python\Python312\Lib\site-packages\botocore\data\s3\2006-03-01\service-2.sdk-extras.json
2024-12-27 20:43:49,851 - DEBUG - Loading JSON file: C:\Users\keena\AppData\Local\Programs\Python\Python312\Lib\site-packages\botocore\data\s3\2006-03-01\endpoint-rule-set-1.json.gz
2024-12-27 20:43:49,855 - DEBUG - Loading JSON file: C:\Users\keena\AppData\Local\Programs\Python\Python312\Lib\site-packages\botocore\data\partitions.json
2024-12-27 20:43:49,856 - DEBUG - Event creating-client-class.s3: calling handler <function add_generate_presigned_post at 0x00000262D188B560>
2024-12-27 20:43:49,856 - DEBUG - Event creating-client-class.s3: calling handler <function lazy_call.<locals>._handler at 0x00000262D19EA520>
2024-12-27 20:43:49,893 - DEBUG - Event creating-client-class.s3: calling handler <function add_generate_presigned_url at 0x00000262D188B2E0>
2024-12-27 20:43:49,894 - DEBUG - Looking for endpoint for s3 via: environment_service
2024-12-27 20:43:49,894 - DEBUG - Looking for endpoint for s3 via: environment_global
2024-12-27 20:43:49,895 - DEBUG - Looking for endpoint for s3 via: config_service
2024-12-27 20:43:49,895 - DEBUG - Looking for endpoint for s3 via: config_global
2024-12-27 20:43:49,895 - DEBUG - No configured endpoint found.
2024-12-27 20:43:49,897 - DEBUG - Setting s3 timeout as (60, 60)
2024-12-27 20:43:49,899 - DEBUG - Loading JSON file: C:\Users\keena\AppData\Local\Programs\Python\Python312\Lib\site-packages\botocore\data\_retry.json
2024-12-27 20:43:49,900 - DEBUG - Registering retry handlers for service: s3
2024-12-27 20:43:49,901 - DEBUG - Registering S3 region redirector handler
2024-12-27 20:43:49,901 - DEBUG - Registering S3Express Identity Resolver
2024-12-27 20:43:49,902 - INFO - S3Manager initialized for bucket militaria-images
2024-12-27 20:43:53,019 - ERROR - Error processing site OORLOGSSPULLEN: process_site() takes 6 positional arguments but 9 were given
2024-12-27 20:43:53,019 - ERROR - Error processing site OORLOGSSPULLEN: process_site() takes 6 positional arguments but 9 were given
2024-12-27 20:43:53,019 - ERROR - Error processing site FJM44: process_site() takes 6 positional arguments but 9 were given
2024-12-27 20:43:53,019 - ERROR - Error processing site AWC_MILITARIA: process_site() takes 6 positional arguments but 9 were given
2024-12-27 20:43:53,019 - ERROR - Error processing site BFR_MILITARIA: process_site() takes 6 positional arguments but 9 were given
2024-12-27 20:43:53,020 - ERROR - Error processing site BLUNDERBUSS_ANTIQUES: process_site() takes 6 positional arguments but 9 were given
2024-12-27 20:43:53,020 - ERROR - Error processing site BOAS_MILITARIA: process_site() takes 6 positional arguments but 9 were given
2024-12-27 20:43:53,020 - ERROR - Error processing site BOB_SIMS_MILITARIA: process_site() takes 6 positional arguments but 9 were given
2024-12-27 20:43:53,020 - ERROR - Error processing site PAST_GLORIES_MILITARIA: process_site() takes 6 positional arguments but 9 were given
2024-12-27 20:43:53,020 - ERROR - Error processing site MINDEN_MILITARIA: process_site() takes 6 positional arguments but 9 were given
2024-12-27 20:43:53,020 - ERROR - Error processing site CROW_VALLEY_MILITARIA: process_site() takes 6 positional arguments but 9 were given
2024-12-27 20:43:53,020 - ERROR - Error processing site GRANDADS_KITBAG: process_site() takes 6 positional arguments but 9 were given
2024-12-27 20:43:53,020 - ERROR - Error processing site HANNAHS_REICH: process_site() takes 6 positional arguments but 9 were given
2024-12-27 20:43:53,020 - ERROR - Error processing site GK_MILITARIA: process_site() takes 6 positional arguments but 9 were given
2024-12-27 20:43:53,021 - ERROR - Error processing site ANTIK: process_site() takes 6 positional arguments but 9 were given
2024-12-27 20:43:53,021 - ERROR - Error processing site APG_MILITARIA: process_site() takes 6 positional arguments but 9 were given
2024-12-27 20:43:53,021 - ERROR - Error processing site ARNHEM44: process_site() takes 6 positional arguments but 9 were given
2024-12-27 20:43:53,021 - ERROR - Error processing site AMA_SUPPLY: process_site() takes 6 positional arguments but 9 were given
2024-12-27 20:43:53,021 - ERROR - Error processing site 20TH_CENTURY_MILITARIA: process_site() takes 6 positional arguments but 9 were given
2024-12-27 20:43:53,021 - ERROR - Error processing site ARMYSURPLUS_365: process_site() takes 6 positional arguments but 9 were given
2024-12-27 20:43:53,021 - ERROR - Error processing site A_AND_C_MILITARIA: process_site() takes 6 positional arguments but 9 were given
2024-12-27 20:43:53,021 - ERROR - Error processing site A1_MILITARIA: process_site() takes 6 positional arguments but 9 were given
2024-12-27 20:43:53,021 - ERROR - Error processing site A2Z_MILITARY_COLLECTABLES: process_site() takes 6 positional arguments but 9 were given
2024-12-27 20:43:53,022 - ERROR - Error processing site ABERDEEN_MEDALS: process_site() takes 6 positional arguments but 9 were given
2024-12-27 20:43:53,022 - ERROR - Error processing site ADF_COLLECTABLES: process_site() takes 6 positional arguments but 9 were given
2024-12-27 20:43:53,022 - ERROR - Error processing site ACK_ACK_MILITARIA: process_site() takes 6 positional arguments but 9 were given
2024-12-27 20:43:53,022 - ERROR - Error processing site 20TH_CENTURY_MILITARIA: process_site() takes 6 positional arguments but 9 were given
2024-12-27 20:43:53,022 - ERROR - Error processing site ENEMY_MILITARIA: process_site() takes 6 positional arguments but 9 were given
2024-12-27 20:43:53,022 - ERROR - Error processing site QMS_MILITARIA: process_site() takes 6 positional arguments but 9 were given
2024-12-27 20:43:53,022 - ERROR - Error processing site CHASE_MILITARIA: process_site() takes 6 positional arguments but 9 were given
2024-12-27 20:43:53,022 - ERROR - Error processing site MARNA_MILITARIA: process_site() takes 6 positional arguments but 9 were given
2024-12-27 20:43:53,023 - ERROR - Error processing site CIRCA1941: process_site() takes 6 positional arguments but 9 were given
2024-12-27 20:43:53,023 - ERROR - Error processing site CIRCA1941: process_site() takes 6 positional arguments but 9 were given
2024-12-27 20:43:53,023 - ERROR - Error processing site ARMYZDAR: process_site() takes 6 positional arguments but 9 were given
2024-12-27 20:43:53,023 - ERROR - Error processing site BROKEN_ARROW_MILITARIA: process_site() takes 6 positional arguments but 9 were given
2024-12-27 20:43:53,023 - ERROR - Error processing site CS_MILITARIA: process_site() takes 6 positional arguments but 9 were given
2024-12-27 20:43:53,023 - ERROR - Error processing site CS_MILITARIA: process_site() takes 6 positional arguments but 9 were given
2024-12-27 20:43:53,023 - ERROR - Error processing site MV40_45: process_site() takes 6 positional arguments but 9 were given
2024-12-27 20:43:53,023 - ERROR - Error processing site MV40_45: process_site() takes 6 positional arguments but 9 were given
2024-12-27 20:43:53,023 - ERROR - Error processing site WORLDWAR_COLLECTIBLES: process_site() takes 6 positional arguments but 9 were given
2024-12-27 20:43:53,024 - ERROR - Error processing site HISCOLL_MILITARY_ANTIQUES: process_site() takes 6 positional arguments but 9 were given
2024-12-27 20:43:53,024 - ERROR - Error processing site MILITARIA_PLAZA: process_site() takes 6 positional arguments but 9 were given
2024-12-27 20:43:53,024 - ERROR - Error processing site MILITARIA_PLAZA: process_site() takes 6 positional arguments but 9 were given
2024-12-27 20:43:53,024 - ERROR - Error processing site TYSMILITARIA: process_site() takes 6 positional arguments but 9 were given
2024-12-27 20:43:53,024 - ERROR - Error processing site ERSATZ_MILITARIA: process_site() takes 6 positional arguments but 9 were given
2024-12-27 20:43:53,024 - ERROR - Error processing site RG_MILITARIA: process_site() takes 6 positional arguments but 9 were given
2024-12-27 20:43:53,025 - ERROR - Error processing site FRONTKAMPFER45: process_site() takes 6 positional arguments but 9 were given
2024-12-27 20:43:53,025 - ERROR - Error processing site EA_MILITARIA: process_site() takes 6 positional arguments but 9 were given
2024-12-27 20:43:53,025 - ERROR - Error processing site WARS_END_SHOP: process_site() takes 6 positional arguments but 9 were given
2024-12-27 20:43:53,025 - ERROR - Error processing site WARS_END_SHOP: process_site() takes 6 positional arguments but 9 were given
2024-12-27 20:43:53,025 - ERROR - Error processing site SS_STEEL_INC: process_site() takes 6 positional arguments but 9 were given
2024-12-27 20:43:53,025 - ERROR - Error processing site THE_WAR_FRONT: process_site() takes 6 positional arguments but 9 were given
2024-12-27 20:43:53,025 - ERROR - Error processing site VIRTUAL_GRENADIER: process_site() takes 6 positional arguments but 9 were given
2024-12-27 20:43:53,025 - ERROR - Error processing site VIRTUAL_GRENADIER: process_site() takes 6 positional arguments but 9 were given
2024-12-27 20:43:53,026 - ERROR - Error processing site VIRTUAL_GRENADIER: process_site() takes 6 positional arguments but 9 were given
2024-12-27 20:43:53,026 - ERROR - Error processing site VIRTUAL_GRENADIER: process_site() takes 6 positional arguments but 9 were given
2024-12-27 20:43:53,026 - ERROR - Error processing site VIRTUAL_GRENADIER: process_site() takes 6 positional arguments but 9 were given
2024-12-27 20:43:53,026 - ERROR - Error processing site VIRTUAL_GRENADIER: process_site() takes 6 positional arguments but 9 were given
2024-12-27 20:43:53,026 - ERROR - Error processing site VIRTUAL_GRENADIER: process_site() takes 6 positional arguments but 9 were given
2024-12-27 20:43:53,026 - ERROR - Error processing site RUPTURED_DUCK: process_site() takes 6 positional arguments but 9 were given
2024-12-27 20:43:53,027 - ERROR - Error processing site BEVO_MILITARIA: process_site() takes 6 positional arguments but 9 were given
2024-12-27 20:43:53,027 - INFO - Pausing for 900 seconds before starting the next cycle...
