2024-12-04 22:08:37,708 - INFO - Logging initialized. Log file: logs\2024-12-04_instance_20.log
2024-12-04 22:08:42,403 - INFO - 
------------------------------------------------------------
                     PROGRAM INITIALIZED
                     2024-12-04 22:08:42.402171          
------------------------------------------------------------
2024-12-04 22:08:43,422 - INFO - 
------------------------------------------------------------
                 AVAILABILITY CHECK INITIATED
                     2024-12-04 22:08:43.422981          
------------------------------------------------------------
2024-12-04 22:08:44,035 - INFO - Total URLs to be processed for site CS_MILITARIA: 1004
2024-12-04 22:08:44,040 - DEBUG - Starting new HTTPS connection (1): www.csmilitaria.co.uk:443
2024-12-04 22:08:45,112 - DEBUG - https://www.csmilitaria.co.uk:443 "GET /shop.php?code=13655 HTTP/1.1" 200 2940
2024-12-04 22:08:45,118 - ERROR - Error processing URL https://www.csmilitaria.co.uk/shop.php?code=13655: Invalid character '(' position 24
  line 1:
True if productSoup.find('button', class_='btn cta add2cart') else False
                        ^
2024-12-04 22:08:45,405 - DEBUG - https://www.csmilitaria.co.uk:443 "GET /shop.php?code=14668 HTTP/1.1" 200 2847
2024-12-04 22:08:45,409 - ERROR - Error processing URL https://www.csmilitaria.co.uk/shop.php?code=14668: Invalid character '(' position 24
  line 1:
True if productSoup.find('button', class_='btn cta add2cart') else False
                        ^
2024-12-04 22:08:45,697 - DEBUG - https://www.csmilitaria.co.uk:443 "GET /shop.php?code=13874 HTTP/1.1" 200 2893
2024-12-04 22:08:45,701 - ERROR - Error processing URL https://www.csmilitaria.co.uk/shop.php?code=13874: Invalid character '(' position 24
  line 1:
True if productSoup.find('button', class_='btn cta add2cart') else False
                        ^
2024-12-04 22:08:45,990 - DEBUG - https://www.csmilitaria.co.uk:443 "GET /shop.php?code=13419 HTTP/1.1" 200 2861
2024-12-04 22:08:45,993 - ERROR - Error processing URL https://www.csmilitaria.co.uk/shop.php?code=13419: Invalid character '(' position 24
  line 1:
True if productSoup.find('button', class_='btn cta add2cart') else False
                        ^
2024-12-04 22:08:46,282 - DEBUG - https://www.csmilitaria.co.uk:443 "GET /shop.php?code=12842 HTTP/1.1" 200 2859
2024-12-04 22:08:46,285 - ERROR - Error processing URL https://www.csmilitaria.co.uk/shop.php?code=12842: Invalid character '(' position 24
  line 1:
True if productSoup.find('button', class_='btn cta add2cart') else False
                        ^
2024-12-04 22:08:46,574 - DEBUG - https://www.csmilitaria.co.uk:443 "GET /shop.php?code=6669 HTTP/1.1" 200 2858
2024-12-04 22:08:46,578 - ERROR - Error processing URL https://www.csmilitaria.co.uk/shop.php?code=6669: Invalid character '(' position 24
  line 1:
True if productSoup.find('button', class_='btn cta add2cart') else False
                        ^
2024-12-04 22:08:46,866 - DEBUG - https://www.csmilitaria.co.uk:443 "GET /shop.php?code=11779 HTTP/1.1" 200 3008
2024-12-04 22:08:46,870 - ERROR - Error processing URL https://www.csmilitaria.co.uk/shop.php?code=11779: Invalid character '(' position 24
  line 1:
True if productSoup.find('button', class_='btn cta add2cart') else False
                        ^
2024-12-04 22:08:47,157 - DEBUG - https://www.csmilitaria.co.uk:443 "GET /shop.php?code=10792 HTTP/1.1" 200 3121
2024-12-04 22:08:47,161 - ERROR - Error processing URL https://www.csmilitaria.co.uk/shop.php?code=10792: Invalid character '(' position 24
  line 1:
True if productSoup.find('button', class_='btn cta add2cart') else False
                        ^
2024-12-04 22:08:47,448 - DEBUG - https://www.csmilitaria.co.uk:443 "GET /shop.php?code=11814 HTTP/1.1" 200 3288
2024-12-04 22:08:47,453 - ERROR - Error processing URL https://www.csmilitaria.co.uk/shop.php?code=11814: Invalid character '(' position 24
  line 1:
True if productSoup.find('button', class_='btn cta add2cart') else False
                        ^
2024-12-04 22:08:47,740 - DEBUG - https://www.csmilitaria.co.uk:443 "GET /shop.php?code=11951 HTTP/1.1" 200 3034
2024-12-04 22:08:47,743 - ERROR - Error processing URL https://www.csmilitaria.co.uk/shop.php?code=11951: Invalid character '(' position 24
  line 1:
True if productSoup.find('button', class_='btn cta add2cart') else False
                        ^
