2024-12-24 11:01:33,249 - INFO - Logging initialized. Log file: logs\2024-12-24_instance_1.log
2024-12-24 11:01:36,924 - INFO - 
------------------------------------------------------------
PROGRAM INITIALIZED 2024-12-24 11:01:36.924309
------------------------------------------------------------
2024-12-24 11:01:42,262 - INFO - PostgreSQL connection pool initialized.
2024-12-24 11:01:42,269 - DEBUG - Changing event name from creating-client-class.iot-data to creating-client-class.iot-data-plane
2024-12-24 11:01:42,270 - DEBUG - Changing event name from before-call.apigateway to before-call.api-gateway
2024-12-24 11:01:42,272 - DEBUG - Changing event name from request-created.machinelearning.Predict to request-created.machine-learning.Predict
2024-12-24 11:01:42,273 - DEBUG - Changing event name from before-parameter-build.autoscaling.CreateLaunchConfiguration to before-parameter-build.auto-scaling.CreateLaunchConfiguration
2024-12-24 11:01:42,273 - DEBUG - Changing event name from before-parameter-build.route53 to before-parameter-build.route-53
2024-12-24 11:01:42,273 - DEBUG - Changing event name from request-created.cloudsearchdomain.Search to request-created.cloudsearch-domain.Search
2024-12-24 11:01:42,274 - DEBUG - Changing event name from docs.*.autoscaling.CreateLaunchConfiguration.complete-section to docs.*.auto-scaling.CreateLaunchConfiguration.complete-section
2024-12-24 11:01:42,276 - DEBUG - Changing event name from before-parameter-build.logs.CreateExportTask to before-parameter-build.cloudwatch-logs.CreateExportTask
2024-12-24 11:01:42,276 - DEBUG - Changing event name from docs.*.logs.CreateExportTask.complete-section to docs.*.cloudwatch-logs.CreateExportTask.complete-section
2024-12-24 11:01:42,276 - DEBUG - Changing event name from before-parameter-build.cloudsearchdomain.Search to before-parameter-build.cloudsearch-domain.Search
2024-12-24 11:01:42,276 - DEBUG - Changing event name from docs.*.cloudsearchdomain.Search.complete-section to docs.*.cloudsearch-domain.Search.complete-section
2024-12-24 11:01:42,361 - DEBUG - Loading JSON file: C:\Users\keena\AppData\Local\Programs\Python\Python312\Lib\site-packages\botocore\data\endpoints.json
2024-12-24 11:01:42,381 - DEBUG - Loading JSON file: C:\Users\keena\AppData\Local\Programs\Python\Python312\Lib\site-packages\botocore\data\sdk-default-configuration.json
2024-12-24 11:01:42,382 - DEBUG - Event choose-service-name: calling handler <function handle_service_name_alias at 0x000002A6F7FB1DA0>
2024-12-24 11:01:42,639 - DEBUG - Loading JSON file: C:\Users\keena\AppData\Local\Programs\Python\Python312\Lib\site-packages\botocore\data\s3\2006-03-01\service-2.json.gz
2024-12-24 11:01:42,653 - DEBUG - Loading JSON file: C:\Users\keena\AppData\Local\Programs\Python\Python312\Lib\site-packages\botocore\data\s3\2006-03-01\service-2.sdk-extras.json
2024-12-24 11:01:42,727 - DEBUG - Loading JSON file: C:\Users\keena\AppData\Local\Programs\Python\Python312\Lib\site-packages\botocore\data\s3\2006-03-01\endpoint-rule-set-1.json.gz
2024-12-24 11:01:42,735 - DEBUG - Loading JSON file: C:\Users\keena\AppData\Local\Programs\Python\Python312\Lib\site-packages\botocore\data\partitions.json
2024-12-24 11:01:42,737 - DEBUG - Event creating-client-class.s3: calling handler <function add_generate_presigned_post at 0x000002A6F7EF2C00>
2024-12-24 11:01:42,737 - DEBUG - Event creating-client-class.s3: calling handler <function lazy_call.<locals>._handler at 0x000002A6F805D800>
2024-12-24 11:01:42,785 - DEBUG - Event creating-client-class.s3: calling handler <function add_generate_presigned_url at 0x000002A6F7EF2980>
2024-12-24 11:01:42,786 - DEBUG - Looking for endpoint for s3 via: environment_service
2024-12-24 11:01:42,786 - DEBUG - Looking for endpoint for s3 via: environment_global
2024-12-24 11:01:42,786 - DEBUG - Looking for endpoint for s3 via: config_service
2024-12-24 11:01:42,787 - DEBUG - Looking for endpoint for s3 via: config_global
2024-12-24 11:01:42,787 - DEBUG - No configured endpoint found.
2024-12-24 11:01:42,788 - DEBUG - Setting s3 timeout as (60, 60)
2024-12-24 11:01:42,808 - DEBUG - Loading JSON file: C:\Users\keena\AppData\Local\Programs\Python\Python312\Lib\site-packages\botocore\data\_retry.json
2024-12-24 11:01:42,809 - DEBUG - Registering retry handlers for service: s3
2024-12-24 11:01:42,809 - DEBUG - Registering S3 region redirector handler
2024-12-24 11:01:42,810 - DEBUG - Registering S3Express Identity Resolver
2024-12-24 11:01:50,829 - DEBUG - Navigating to products page: https://fjm44.com/shop/page/0/
2024-12-24 11:01:50,832 - DEBUG - Starting new HTTPS connection (1): fjm44.com:443
2024-12-24 11:01:52,174 - DEBUG - https://fjm44.com:443 "GET /shop/page/0/ HTTP/1.1" 200 None
2024-12-24 11:01:52,210 - INFO - 
------------------------------------------------------------
                    NEW INSTANCE STARTED                    
------------------------------------------------------------
2024-12-24 11:01:52,210 - INFO - MILITARIA SITE      : FJM44
2024-12-24 11:01:52,210 - INFO - PRODUCTS URL        : https://fjm44.com/shop/page/0/
2024-12-24 11:01:52,211 - INFO - CYCLES RUN          : 0
2024-12-24 11:01:52,211 - INFO - PRODUCTS PROCESSED  : 0
2024-12-24 11:01:52,211 - INFO - TIMESTAMP           : 2024-12-24 11:01:52.210619
2024-12-24 11:01:52,211 - DEBUG - Product URL constructed: https://fjm44.com/product/non-reversible-late-war-matching-hard-edged-sumpftarn-winter-parka-set/
2024-12-24 11:01:52,502 - DEBUG - https://fjm44.com:443 "GET /product/non-reversible-late-war-matching-hard-edged-sumpftarn-winter-parka-set/ HTTP/1.1" 200 None
2024-12-24 11:01:52,521 - DEBUG - Extracted image URLs: ['https://fjm44.com/wp-content/uploads/2024/12/fjm_11866-scaled.jpg', 'https://fjm44.com/wp-content/uploads/2024/12/fjm_11865-scaled.jpg', 'https://fjm44.com/wp-content/uploads/2024/12/fjm_11864-scaled.jpg', 'https://fjm44.com/wp-content/uploads/2024/12/fjm_11863-scaled.jpg', 'https://fjm44.com/wp-content/uploads/2024/12/fjm_11862-scaled.jpg', 'https://fjm44.com/wp-content/uploads/2024/12/fjm_11861-scaled.jpg', 'https://fjm44.com/wp-content/uploads/2024/12/fjm_11860-scaled.jpg', 'https://fjm44.com/wp-content/uploads/2024/12/fjm_11859-scaled.jpg', 'https://fjm44.com/wp-content/uploads/2024/12/fjm_11858-scaled.jpg', 'https://fjm44.com/wp-content/uploads/2024/12/fjm_11857-scaled.jpg', 'https://fjm44.com/wp-content/uploads/2024/12/fjm_11856-scaled.jpg', 'https://fjm44.com/wp-content/uploads/2024/12/fjm_11855-scaled.jpg', 'https://fjm44.com/wp-content/uploads/2024/12/fjm_11854-scaled.jpg', 'https://fjm44.com/wp-content/uploads/2024/12/fjm_11853-scaled.jpg', 'https://fjm44.com/wp-content/uploads/2024/12/fjm_11852-scaled.jpg', 'https://fjm44.com/wp-content/uploads/2024/12/fjm_11851-scaled.jpg', 'https://fjm44.com/wp-content/uploads/2024/12/fjm_11850-scaled.jpg', 'https://fjm44.com/wp-content/uploads/2024/12/fjm_11849-scaled.jpg', 'https://fjm44.com/wp-content/uploads/2024/12/fjm_11848-scaled.jpg', 'https://fjm44.com/wp-content/uploads/2024/12/fjm_11847-scaled.jpg', 'https://fjm44.com/wp-content/uploads/2024/12/fjm_11846-scaled.jpg', 'https://fjm44.com/wp-content/uploads/2024/12/fjm_11845-scaled.jpg', 'https://fjm44.com/wp-content/uploads/2024/12/fjm_11844-scaled.jpg', 'https://fjm44.com/wp-content/uploads/2024/12/fjm_11843-scaled.jpg', 'https://fjm44.com/wp-content/uploads/2024/12/fjm_11842-scaled.jpg']
2024-12-24 11:01:52,522 - DEBUG - Scraped data: Title=Non reversible late war matching hard edged Sumpftarn winter parka set, Price=3000.00, Available=True
2024-12-24 11:01:52,522 - WARNING - Error uploading image https://fjm44.com/wp-content/uploads/2024/12/fjm_11866-scaled.jpg: S3Manager.upload_image() missing 2 required positional arguments: 'product_id' and 'image_index'
2024-12-24 11:01:52,522 - WARNING - Error uploading image https://fjm44.com/wp-content/uploads/2024/12/fjm_11865-scaled.jpg: S3Manager.upload_image() missing 2 required positional arguments: 'product_id' and 'image_index'
2024-12-24 11:01:52,523 - WARNING - Error uploading image https://fjm44.com/wp-content/uploads/2024/12/fjm_11864-scaled.jpg: S3Manager.upload_image() missing 2 required positional arguments: 'product_id' and 'image_index'
2024-12-24 11:01:52,523 - WARNING - Error uploading image https://fjm44.com/wp-content/uploads/2024/12/fjm_11863-scaled.jpg: S3Manager.upload_image() missing 2 required positional arguments: 'product_id' and 'image_index'
2024-12-24 11:01:52,523 - WARNING - Error uploading image https://fjm44.com/wp-content/uploads/2024/12/fjm_11862-scaled.jpg: S3Manager.upload_image() missing 2 required positional arguments: 'product_id' and 'image_index'
2024-12-24 11:01:52,523 - WARNING - Error uploading image https://fjm44.com/wp-content/uploads/2024/12/fjm_11861-scaled.jpg: S3Manager.upload_image() missing 2 required positional arguments: 'product_id' and 'image_index'
2024-12-24 11:01:52,523 - WARNING - Error uploading image https://fjm44.com/wp-content/uploads/2024/12/fjm_11860-scaled.jpg: S3Manager.upload_image() missing 2 required positional arguments: 'product_id' and 'image_index'
2024-12-24 11:01:52,524 - WARNING - Error uploading image https://fjm44.com/wp-content/uploads/2024/12/fjm_11859-scaled.jpg: S3Manager.upload_image() missing 2 required positional arguments: 'product_id' and 'image_index'
2024-12-24 11:01:52,524 - WARNING - Error uploading image https://fjm44.com/wp-content/uploads/2024/12/fjm_11858-scaled.jpg: S3Manager.upload_image() missing 2 required positional arguments: 'product_id' and 'image_index'
2024-12-24 11:01:52,524 - WARNING - Error uploading image https://fjm44.com/wp-content/uploads/2024/12/fjm_11857-scaled.jpg: S3Manager.upload_image() missing 2 required positional arguments: 'product_id' and 'image_index'
2024-12-24 11:01:52,524 - WARNING - Error uploading image https://fjm44.com/wp-content/uploads/2024/12/fjm_11856-scaled.jpg: S3Manager.upload_image() missing 2 required positional arguments: 'product_id' and 'image_index'
2024-12-24 11:01:52,524 - WARNING - Error uploading image https://fjm44.com/wp-content/uploads/2024/12/fjm_11855-scaled.jpg: S3Manager.upload_image() missing 2 required positional arguments: 'product_id' and 'image_index'
2024-12-24 11:01:52,525 - WARNING - Error uploading image https://fjm44.com/wp-content/uploads/2024/12/fjm_11854-scaled.jpg: S3Manager.upload_image() missing 2 required positional arguments: 'product_id' and 'image_index'
2024-12-24 11:01:52,525 - WARNING - Error uploading image https://fjm44.com/wp-content/uploads/2024/12/fjm_11853-scaled.jpg: S3Manager.upload_image() missing 2 required positional arguments: 'product_id' and 'image_index'
2024-12-24 11:01:52,525 - WARNING - Error uploading image https://fjm44.com/wp-content/uploads/2024/12/fjm_11852-scaled.jpg: S3Manager.upload_image() missing 2 required positional arguments: 'product_id' and 'image_index'
2024-12-24 11:01:52,525 - WARNING - Error uploading image https://fjm44.com/wp-content/uploads/2024/12/fjm_11851-scaled.jpg: S3Manager.upload_image() missing 2 required positional arguments: 'product_id' and 'image_index'
2024-12-24 11:01:52,525 - WARNING - Error uploading image https://fjm44.com/wp-content/uploads/2024/12/fjm_11850-scaled.jpg: S3Manager.upload_image() missing 2 required positional arguments: 'product_id' and 'image_index'
2024-12-24 11:01:52,525 - WARNING - Error uploading image https://fjm44.com/wp-content/uploads/2024/12/fjm_11849-scaled.jpg: S3Manager.upload_image() missing 2 required positional arguments: 'product_id' and 'image_index'
2024-12-24 11:01:52,526 - WARNING - Error uploading image https://fjm44.com/wp-content/uploads/2024/12/fjm_11848-scaled.jpg: S3Manager.upload_image() missing 2 required positional arguments: 'product_id' and 'image_index'
2024-12-24 11:01:52,526 - WARNING - Error uploading image https://fjm44.com/wp-content/uploads/2024/12/fjm_11847-scaled.jpg: S3Manager.upload_image() missing 2 required positional arguments: 'product_id' and 'image_index'
2024-12-24 11:01:52,526 - WARNING - Error uploading image https://fjm44.com/wp-content/uploads/2024/12/fjm_11846-scaled.jpg: S3Manager.upload_image() missing 2 required positional arguments: 'product_id' and 'image_index'
2024-12-24 11:01:52,526 - WARNING - Error uploading image https://fjm44.com/wp-content/uploads/2024/12/fjm_11845-scaled.jpg: S3Manager.upload_image() missing 2 required positional arguments: 'product_id' and 'image_index'
2024-12-24 11:01:52,526 - WARNING - Error uploading image https://fjm44.com/wp-content/uploads/2024/12/fjm_11844-scaled.jpg: S3Manager.upload_image() missing 2 required positional arguments: 'product_id' and 'image_index'
2024-12-24 11:01:52,527 - WARNING - Error uploading image https://fjm44.com/wp-content/uploads/2024/12/fjm_11843-scaled.jpg: S3Manager.upload_image() missing 2 required positional arguments: 'product_id' and 'image_index'
2024-12-24 11:01:52,527 - WARNING - Error uploading image https://fjm44.com/wp-content/uploads/2024/12/fjm_11842-scaled.jpg: S3Manager.upload_image() missing 2 required positional arguments: 'product_id' and 'image_index'
2024-12-24 11:01:56,793 - INFO - Product 'https://fjm44.com/product/non-reversible-late-war-matching-hard-edged-sumpftarn-winter-parka-set/' was updated or inserted successfully.
2024-12-24 11:01:56,793 - DEBUG - Product URL constructed: https://fjm44.com/product/rare-unissued-white-rayon-gebirgsjager-camouflage-anorak/
2024-12-24 11:01:57,343 - DEBUG - https://fjm44.com:443 "GET /product/rare-unissued-white-rayon-gebirgsjager-camouflage-anorak/ HTTP/1.1" 200 None
2024-12-24 11:01:57,364 - DEBUG - Extracted image URLs: ['https://fjm44.com/wp-content/uploads/2024/12/fjm_11828-scaled.jpg', 'https://fjm44.com/wp-content/uploads/2024/12/fjm_11841-scaled.jpg', 'https://fjm44.com/wp-content/uploads/2024/12/fjm_11840-scaled.jpg', 'https://fjm44.com/wp-content/uploads/2024/12/fjm_11839-scaled.jpg', 'https://fjm44.com/wp-content/uploads/2024/12/fjm_11838-scaled.jpg', 'https://fjm44.com/wp-content/uploads/2024/12/fjm_11837-scaled.jpg', 'https://fjm44.com/wp-content/uploads/2024/12/fjm_11836-scaled.jpg', 'https://fjm44.com/wp-content/uploads/2024/12/fjm_11835-scaled.jpg', 'https://fjm44.com/wp-content/uploads/2024/12/fjm_11834-scaled.jpg', 'https://fjm44.com/wp-content/uploads/2024/12/fjm_11833-scaled.jpg', 'https://fjm44.com/wp-content/uploads/2024/12/fjm_11832-scaled.jpg', 'https://fjm44.com/wp-content/uploads/2024/12/fjm_11831-scaled.jpg', 'https://fjm44.com/wp-content/uploads/2024/12/fjm_11830-scaled.jpg', 'https://fjm44.com/wp-content/uploads/2024/12/fjm_11829-scaled.jpg', 'https://fjm44.com/wp-content/uploads/2024/12/fjm_11828-scaled.jpg']
2024-12-24 11:01:57,365 - DEBUG - Scraped data: Title=Rare unissued white rayon Gebirgsjäger camouflage anorak, Price=975.00, Available=True
2024-12-24 11:01:57,366 - WARNING - Error uploading image https://fjm44.com/wp-content/uploads/2024/12/fjm_11828-scaled.jpg: S3Manager.upload_image() missing 2 required positional arguments: 'product_id' and 'image_index'
2024-12-24 11:01:57,366 - WARNING - Error uploading image https://fjm44.com/wp-content/uploads/2024/12/fjm_11841-scaled.jpg: S3Manager.upload_image() missing 2 required positional arguments: 'product_id' and 'image_index'
2024-12-24 11:01:57,366 - WARNING - Error uploading image https://fjm44.com/wp-content/uploads/2024/12/fjm_11840-scaled.jpg: S3Manager.upload_image() missing 2 required positional arguments: 'product_id' and 'image_index'
2024-12-24 11:01:57,366 - WARNING - Error uploading image https://fjm44.com/wp-content/uploads/2024/12/fjm_11839-scaled.jpg: S3Manager.upload_image() missing 2 required positional arguments: 'product_id' and 'image_index'
2024-12-24 11:01:57,367 - WARNING - Error uploading image https://fjm44.com/wp-content/uploads/2024/12/fjm_11838-scaled.jpg: S3Manager.upload_image() missing 2 required positional arguments: 'product_id' and 'image_index'
2024-12-24 11:01:57,367 - WARNING - Error uploading image https://fjm44.com/wp-content/uploads/2024/12/fjm_11837-scaled.jpg: S3Manager.upload_image() missing 2 required positional arguments: 'product_id' and 'image_index'
2024-12-24 11:01:57,367 - WARNING - Error uploading image https://fjm44.com/wp-content/uploads/2024/12/fjm_11836-scaled.jpg: S3Manager.upload_image() missing 2 required positional arguments: 'product_id' and 'image_index'
2024-12-24 11:01:57,367 - WARNING - Error uploading image https://fjm44.com/wp-content/uploads/2024/12/fjm_11835-scaled.jpg: S3Manager.upload_image() missing 2 required positional arguments: 'product_id' and 'image_index'
2024-12-24 11:01:57,367 - WARNING - Error uploading image https://fjm44.com/wp-content/uploads/2024/12/fjm_11834-scaled.jpg: S3Manager.upload_image() missing 2 required positional arguments: 'product_id' and 'image_index'
2024-12-24 11:01:57,368 - WARNING - Error uploading image https://fjm44.com/wp-content/uploads/2024/12/fjm_11833-scaled.jpg: S3Manager.upload_image() missing 2 required positional arguments: 'product_id' and 'image_index'
2024-12-24 11:01:57,368 - WARNING - Error uploading image https://fjm44.com/wp-content/uploads/2024/12/fjm_11832-scaled.jpg: S3Manager.upload_image() missing 2 required positional arguments: 'product_id' and 'image_index'
2024-12-24 11:01:57,368 - WARNING - Error uploading image https://fjm44.com/wp-content/uploads/2024/12/fjm_11831-scaled.jpg: S3Manager.upload_image() missing 2 required positional arguments: 'product_id' and 'image_index'
2024-12-24 11:01:57,368 - WARNING - Error uploading image https://fjm44.com/wp-content/uploads/2024/12/fjm_11830-scaled.jpg: S3Manager.upload_image() missing 2 required positional arguments: 'product_id' and 'image_index'
2024-12-24 11:01:57,368 - WARNING - Error uploading image https://fjm44.com/wp-content/uploads/2024/12/fjm_11829-scaled.jpg: S3Manager.upload_image() missing 2 required positional arguments: 'product_id' and 'image_index'
2024-12-24 11:01:57,369 - WARNING - Error uploading image https://fjm44.com/wp-content/uploads/2024/12/fjm_11828-scaled.jpg: S3Manager.upload_image() missing 2 required positional arguments: 'product_id' and 'image_index'
2024-12-24 11:02:01,663 - INFO - Product 'https://fjm44.com/product/rare-unissued-white-rayon-gebirgsjager-camouflage-anorak/' was updated or inserted successfully.
2024-12-24 11:02:01,664 - DEBUG - Product URL constructed: https://fjm44.com/product/heer-waffen-ss-issue-wool-red-and-blue-striped-blanket/
2024-12-24 11:02:02,205 - DEBUG - https://fjm44.com:443 "GET /product/heer-waffen-ss-issue-wool-red-and-blue-striped-blanket/ HTTP/1.1" 200 None
2024-12-24 11:02:02,245 - DEBUG - Extracted image URLs: ['https://fjm44.com/wp-content/uploads/2024/12/fjm_11821-scaled.jpg', 'https://fjm44.com/wp-content/uploads/2024/12/fjm_11822-scaled.jpg', 'https://fjm44.com/wp-content/uploads/2024/12/fjm_11827-scaled.jpg', 'https://fjm44.com/wp-content/uploads/2024/12/fjm_11826-scaled.jpg', 'https://fjm44.com/wp-content/uploads/2024/12/fjm_11825-scaled.jpg', 'https://fjm44.com/wp-content/uploads/2024/12/fjm_11824-scaled.jpg', 'https://fjm44.com/wp-content/uploads/2024/12/fjm_11823-scaled.jpg']
2024-12-24 11:02:02,246 - DEBUG - Scraped data: Title=Heer / Waffen-SS issue wool red and blue striped blanket, Price=250.00, Available=True
2024-12-24 11:02:02,246 - WARNING - Error uploading image https://fjm44.com/wp-content/uploads/2024/12/fjm_11821-scaled.jpg: S3Manager.upload_image() missing 2 required positional arguments: 'product_id' and 'image_index'
2024-12-24 11:02:02,247 - WARNING - Error uploading image https://fjm44.com/wp-content/uploads/2024/12/fjm_11822-scaled.jpg: S3Manager.upload_image() missing 2 required positional arguments: 'product_id' and 'image_index'
2024-12-24 11:02:02,247 - WARNING - Error uploading image https://fjm44.com/wp-content/uploads/2024/12/fjm_11827-scaled.jpg: S3Manager.upload_image() missing 2 required positional arguments: 'product_id' and 'image_index'
2024-12-24 11:02:02,247 - WARNING - Error uploading image https://fjm44.com/wp-content/uploads/2024/12/fjm_11826-scaled.jpg: S3Manager.upload_image() missing 2 required positional arguments: 'product_id' and 'image_index'
2024-12-24 11:02:02,248 - WARNING - Error uploading image https://fjm44.com/wp-content/uploads/2024/12/fjm_11825-scaled.jpg: S3Manager.upload_image() missing 2 required positional arguments: 'product_id' and 'image_index'
2024-12-24 11:02:02,248 - WARNING - Error uploading image https://fjm44.com/wp-content/uploads/2024/12/fjm_11824-scaled.jpg: S3Manager.upload_image() missing 2 required positional arguments: 'product_id' and 'image_index'
2024-12-24 11:02:02,248 - WARNING - Error uploading image https://fjm44.com/wp-content/uploads/2024/12/fjm_11823-scaled.jpg: S3Manager.upload_image() missing 2 required positional arguments: 'product_id' and 'image_index'
