2024-12-28 00:08:58,098 - INFO - Logging initialized. Log file: logs\2024-12-28_instance_1.log
2024-12-28 00:09:00,106 - WARNING - 
------------------------------------------------------------
PROGRAM INITIALIZED 2024-12-28 00:09:00.106744
------------------------------------------------------------
2024-12-28 00:09:05,237 - INFO - PostgreSQL connection pool initialized.
2024-12-28 00:09:05,238 - DEBUG - Changing event name from creating-client-class.iot-data to creating-client-class.iot-data-plane
2024-12-28 00:09:05,240 - DEBUG - Changing event name from before-call.apigateway to before-call.api-gateway
2024-12-28 00:09:05,241 - DEBUG - Changing event name from request-created.machinelearning.Predict to request-created.machine-learning.Predict
2024-12-28 00:09:05,242 - DEBUG - Changing event name from before-parameter-build.autoscaling.CreateLaunchConfiguration to before-parameter-build.auto-scaling.CreateLaunchConfiguration
2024-12-28 00:09:05,242 - DEBUG - Changing event name from before-parameter-build.route53 to before-parameter-build.route-53
2024-12-28 00:09:05,243 - DEBUG - Changing event name from request-created.cloudsearchdomain.Search to request-created.cloudsearch-domain.Search
2024-12-28 00:09:05,243 - DEBUG - Changing event name from docs.*.autoscaling.CreateLaunchConfiguration.complete-section to docs.*.auto-scaling.CreateLaunchConfiguration.complete-section
2024-12-28 00:09:05,245 - DEBUG - Changing event name from before-parameter-build.logs.CreateExportTask to before-parameter-build.cloudwatch-logs.CreateExportTask
2024-12-28 00:09:05,245 - DEBUG - Changing event name from docs.*.logs.CreateExportTask.complete-section to docs.*.cloudwatch-logs.CreateExportTask.complete-section
2024-12-28 00:09:05,245 - DEBUG - Changing event name from before-parameter-build.cloudsearchdomain.Search to before-parameter-build.cloudsearch-domain.Search
2024-12-28 00:09:05,246 - DEBUG - Changing event name from docs.*.cloudsearchdomain.Search.complete-section to docs.*.cloudsearch-domain.Search.complete-section
2024-12-28 00:09:05,310 - DEBUG - Loading JSON file: C:\Users\keena\AppData\Local\Programs\Python\Python312\Lib\site-packages\botocore\data\endpoints.json
2024-12-28 00:09:05,320 - DEBUG - Loading JSON file: C:\Users\keena\AppData\Local\Programs\Python\Python312\Lib\site-packages\botocore\data\sdk-default-configuration.json
2024-12-28 00:09:05,320 - DEBUG - Event choose-service-name: calling handler <function handle_service_name_alias at 0x000001B5F8E6E700>
2024-12-28 00:09:05,368 - DEBUG - Loading JSON file: C:\Users\keena\AppData\Local\Programs\Python\Python312\Lib\site-packages\botocore\data\s3\2006-03-01\service-2.json.gz
2024-12-28 00:09:05,375 - DEBUG - Loading JSON file: C:\Users\keena\AppData\Local\Programs\Python\Python312\Lib\site-packages\botocore\data\s3\2006-03-01\service-2.sdk-extras.json
2024-12-28 00:09:05,425 - DEBUG - Loading JSON file: C:\Users\keena\AppData\Local\Programs\Python\Python312\Lib\site-packages\botocore\data\s3\2006-03-01\endpoint-rule-set-1.json.gz
2024-12-28 00:09:05,428 - DEBUG - Loading JSON file: C:\Users\keena\AppData\Local\Programs\Python\Python312\Lib\site-packages\botocore\data\partitions.json
2024-12-28 00:09:05,429 - DEBUG - Event creating-client-class.s3: calling handler <function add_generate_presigned_post at 0x000001B5F8DAB560>
2024-12-28 00:09:05,429 - DEBUG - Event creating-client-class.s3: calling handler <function lazy_call.<locals>._handler at 0x000001B5F8F0A520>
2024-12-28 00:09:05,458 - DEBUG - Event creating-client-class.s3: calling handler <function add_generate_presigned_url at 0x000001B5F8DAB2E0>
2024-12-28 00:09:05,459 - DEBUG - Looking for endpoint for s3 via: environment_service
2024-12-28 00:09:05,459 - DEBUG - Looking for endpoint for s3 via: environment_global
2024-12-28 00:09:05,459 - DEBUG - Looking for endpoint for s3 via: config_service
2024-12-28 00:09:05,459 - DEBUG - Looking for endpoint for s3 via: config_global
2024-12-28 00:09:05,459 - DEBUG - No configured endpoint found.
2024-12-28 00:09:05,461 - DEBUG - Setting s3 timeout as (60, 60)
2024-12-28 00:09:05,464 - DEBUG - Loading JSON file: C:\Users\keena\AppData\Local\Programs\Python\Python312\Lib\site-packages\botocore\data\_retry.json
2024-12-28 00:09:05,464 - DEBUG - Registering retry handlers for service: s3
2024-12-28 00:09:05,465 - DEBUG - Registering S3 region redirector handler
2024-12-28 00:09:05,465 - DEBUG - Registering S3Express Identity Resolver
2024-12-28 00:09:05,466 - INFO - S3Manager initialized for bucket militaria-images
2024-12-28 00:09:07,091 - DEBUG - Navigating to products page: https://oorlogsspullen.nl/product-categorie/new/page/0/
2024-12-28 00:09:07,093 - DEBUG - Starting new HTTPS connection (1): oorlogsspullen.nl:443
2024-12-28 00:09:09,588 - DEBUG - https://oorlogsspullen.nl:443 "GET /product-categorie/new/page/0/ HTTP/1.1" 200 21121
2024-12-28 00:09:09,868 - INFO - 
------------------------------------------------------------
                    NEW INSTANCE STARTED                    
------------------------------------------------------------
2024-12-28 00:09:09,869 - INFO - MILITARIA SITE      : OORLOGSSPULLEN
2024-12-28 00:09:09,869 - INFO - PRODUCTS URL        : https://oorlogsspullen.nl/product-categorie/new/page/0/
2024-12-28 00:09:09,869 - INFO - CYCLES RUN          : 0
2024-12-28 00:09:09,870 - INFO - PRODUCTS PROCESSED  : 0
2024-12-28 00:09:09,870 - INFO - TIMESTAMP           : 2024-12-28 00:09:09.868365
2024-12-28 00:09:09,870 - DEBUG - Product URL constructed: https://oorlogsspullen.nl/product/original-wwii-us-army-snow-camouflage-trousers-7/
2024-12-28 00:09:10,356 - DEBUG - Image upload already completed for product URL: https://oorlogsspullen.nl/product/original-wwii-us-army-snow-camouflage-trousers-7/.
2024-12-28 00:09:10,356 - INFO - Skipping image upload for product: https://oorlogsspullen.nl/product/original-wwii-us-army-snow-camouflage-trousers-7/ as images are already uploaded.
2024-12-28 00:09:10,356 - DEBUG - Product URL constructed: https://oorlogsspullen.nl/product/original-wwii-dutch-bank-document-grouping-nsb-leader-anton-mussert/
2024-12-28 00:09:10,840 - DEBUG - Image upload already completed for product URL: https://oorlogsspullen.nl/product/original-wwii-dutch-bank-document-grouping-nsb-leader-anton-mussert/.
2024-12-28 00:09:10,840 - INFO - Skipping image upload for product: https://oorlogsspullen.nl/product/original-wwii-dutch-bank-document-grouping-nsb-leader-anton-mussert/ as images are already uploaded.
2024-12-28 00:09:10,840 - DEBUG - Product URL constructed: https://oorlogsspullen.nl/product/original-wwii-german-red-cross-letter-guernsey-island-somerset/
2024-12-28 00:09:11,313 - DEBUG - Image upload already completed for product URL: https://oorlogsspullen.nl/product/original-wwii-german-red-cross-letter-guernsey-island-somerset/.
2024-12-28 00:09:11,313 - INFO - Skipping image upload for product: https://oorlogsspullen.nl/product/original-wwii-german-red-cross-letter-guernsey-island-somerset/ as images are already uploaded.
2024-12-28 00:09:11,314 - DEBUG - Product URL constructed: https://oorlogsspullen.nl/product/original-wwii-south-african-sanp-greyshemde-uniform/
2024-12-28 00:09:11,788 - DEBUG - Image upload already completed for product URL: https://oorlogsspullen.nl/product/original-wwii-south-african-sanp-greyshemde-uniform/.
2024-12-28 00:09:11,788 - INFO - Skipping image upload for product: https://oorlogsspullen.nl/product/original-wwii-south-african-sanp-greyshemde-uniform/ as images are already uploaded.
2024-12-28 00:09:11,789 - DEBUG - Product URL constructed: https://oorlogsspullen.nl/product/original-wwii-us-battle-of-the-bulge-antitank-minefield-sketch-map-area-of-baugnez-4/
2024-12-28 00:09:12,271 - DEBUG - Image upload already completed for product URL: https://oorlogsspullen.nl/product/original-wwii-us-battle-of-the-bulge-antitank-minefield-sketch-map-area-of-baugnez-4/.
2024-12-28 00:09:12,272 - INFO - Skipping image upload for product: https://oorlogsspullen.nl/product/original-wwii-us-battle-of-the-bulge-antitank-minefield-sketch-map-area-of-baugnez-4/ as images are already uploaded.
2024-12-28 00:09:12,272 - DEBUG - Product URL constructed: https://oorlogsspullen.nl/product/original-wwii-dutch-police-fn-m25-holster/
2024-12-28 00:09:12,749 - DEBUG - Image upload already completed for product URL: https://oorlogsspullen.nl/product/original-wwii-dutch-police-fn-m25-holster/.
2024-12-28 00:09:12,749 - INFO - Skipping image upload for product: https://oorlogsspullen.nl/product/original-wwii-dutch-police-fn-m25-holster/ as images are already uploaded.
2024-12-28 00:09:12,750 - DEBUG - Product URL constructed: https://oorlogsspullen.nl/product/original-wwii-dutch-luchtbeschermingsdienst-helmet-39/
2024-12-28 00:09:13,233 - DEBUG - Image upload already completed for product URL: https://oorlogsspullen.nl/product/original-wwii-dutch-luchtbeschermingsdienst-helmet-39/.
2024-12-28 00:09:13,233 - INFO - Skipping image upload for product: https://oorlogsspullen.nl/product/original-wwii-dutch-luchtbeschermingsdienst-helmet-39/ as images are already uploaded.
2024-12-28 00:09:13,234 - DEBUG - Product URL constructed: https://oorlogsspullen.nl/product/original-wwii-us-battle-of-the-bulge-antitank-minefield-sketch-map-area-of-durbuy-clavier/
2024-12-28 00:09:13,706 - DEBUG - Image upload already completed for product URL: https://oorlogsspullen.nl/product/original-wwii-us-battle-of-the-bulge-antitank-minefield-sketch-map-area-of-durbuy-clavier/.
2024-12-28 00:09:13,706 - INFO - Skipping image upload for product: https://oorlogsspullen.nl/product/original-wwii-us-battle-of-the-bulge-antitank-minefield-sketch-map-area-of-durbuy-clavier/ as images are already uploaded.
2024-12-28 00:09:13,706 - DEBUG - Product URL constructed: https://oorlogsspullen.nl/product/original-wwii-us-ardennes-antitank-minefield-sketches-maps-area-near-vielsalm/
2024-12-28 00:09:14,181 - DEBUG - Image upload already completed for product URL: https://oorlogsspullen.nl/product/original-wwii-us-ardennes-antitank-minefield-sketches-maps-area-near-vielsalm/.
2024-12-28 00:09:14,181 - INFO - Skipping image upload for product: https://oorlogsspullen.nl/product/original-wwii-us-ardennes-antitank-minefield-sketches-maps-area-near-vielsalm/ as images are already uploaded.
2024-12-28 00:09:14,181 - DEBUG - Product URL constructed: https://oorlogsspullen.nl/product/original-wwii-italian-waffen-ss-newspaper-8/
2024-12-28 00:09:14,655 - DEBUG - Image upload already completed for product URL: https://oorlogsspullen.nl/product/original-wwii-italian-waffen-ss-newspaper-8/.
2024-12-28 00:09:14,655 - INFO - Skipping image upload for product: https://oorlogsspullen.nl/product/original-wwii-italian-waffen-ss-newspaper-8/ as images are already uploaded.
2024-12-28 00:09:14,656 - DEBUG - Product URL constructed: https://oorlogsspullen.nl/product/original-wwii-italian-waffen-ss-newspaper-7/
2024-12-28 00:09:15,128 - DEBUG - Image upload already completed for product URL: https://oorlogsspullen.nl/product/original-wwii-italian-waffen-ss-newspaper-7/.
2024-12-28 00:09:15,128 - INFO - Skipping image upload for product: https://oorlogsspullen.nl/product/original-wwii-italian-waffen-ss-newspaper-7/ as images are already uploaded.
2024-12-28 00:09:15,129 - DEBUG - Product URL constructed: https://oorlogsspullen.nl/product/original-wwii-italian-waffen-ss-newspaper-6/
2024-12-28 00:09:15,616 - DEBUG - Image upload already completed for product URL: https://oorlogsspullen.nl/product/original-wwii-italian-waffen-ss-newspaper-6/.
2024-12-28 00:09:15,617 - INFO - Skipping image upload for product: https://oorlogsspullen.nl/product/original-wwii-italian-waffen-ss-newspaper-6/ as images are already uploaded.
2024-12-28 00:09:15,617 - DEBUG - Product URL constructed: https://oorlogsspullen.nl/product/original-wwii-dutch-nsnap-magazine-rappard-2/
2024-12-28 00:09:16,091 - DEBUG - Image upload already completed for product URL: https://oorlogsspullen.nl/product/original-wwii-dutch-nsnap-magazine-rappard-2/.
2024-12-28 00:09:16,092 - INFO - Skipping image upload for product: https://oorlogsspullen.nl/product/original-wwii-dutch-nsnap-magazine-rappard-2/ as images are already uploaded.
2024-12-28 00:09:16,092 - DEBUG - Product URL constructed: https://oorlogsspullen.nl/product/original-wwii-german-luftwaffe-officers-raincoat/
2024-12-28 00:09:16,566 - DEBUG - Image upload already completed for product URL: https://oorlogsspullen.nl/product/original-wwii-german-luftwaffe-officers-raincoat/.
2024-12-28 00:09:16,567 - INFO - Skipping image upload for product: https://oorlogsspullen.nl/product/original-wwii-german-luftwaffe-officers-raincoat/ as images are already uploaded.
2024-12-28 00:09:16,567 - DEBUG - Product URL constructed: https://oorlogsspullen.nl/product/original-wwii-german-wh-m36-medical-major-field-jacket/
2024-12-28 00:09:17,041 - DEBUG - Image upload already completed for product URL: https://oorlogsspullen.nl/product/original-wwii-german-wh-m36-medical-major-field-jacket/.
2024-12-28 00:09:17,041 - INFO - Skipping image upload for product: https://oorlogsspullen.nl/product/original-wwii-german-wh-m36-medical-major-field-jacket/ as images are already uploaded.
2024-12-28 00:09:17,041 - DEBUG - Product URL constructed: https://oorlogsspullen.nl/product/original-wwii-dutch-red-cross-letter-utrecht-london/
2024-12-28 00:09:17,512 - DEBUG - Image upload already completed for product URL: https://oorlogsspullen.nl/product/original-wwii-dutch-red-cross-letter-utrecht-london/.
2024-12-28 00:09:17,513 - INFO - Skipping image upload for product: https://oorlogsspullen.nl/product/original-wwii-dutch-red-cross-letter-utrecht-london/ as images are already uploaded.
2024-12-28 00:09:17,513 - DEBUG - Navigating to products page: https://oorlogsspullen.nl/product-categorie/new/page/1/
2024-12-28 00:09:17,514 - DEBUG - Resetting dropped connection: oorlogsspullen.nl
2024-12-28 00:09:19,693 - DEBUG - https://oorlogsspullen.nl:443 "GET /product-categorie/new/page/1/ HTTP/1.1" 301 0
2024-12-28 00:09:21,363 - DEBUG - https://oorlogsspullen.nl:443 "GET /product-categorie/new/ HTTP/1.1" 200 21121
2024-12-28 00:09:21,641 - INFO - 
------------------------------------------------------------
                    NEW INSTANCE STARTED                    
------------------------------------------------------------
2024-12-28 00:09:21,642 - INFO - MILITARIA SITE      : OORLOGSSPULLEN
2024-12-28 00:09:21,642 - INFO - PRODUCTS URL        : https://oorlogsspullen.nl/product-categorie/new/page/1/
2024-12-28 00:09:21,642 - INFO - CYCLES RUN          : 0
2024-12-28 00:09:21,642 - INFO - PRODUCTS PROCESSED  : 0
2024-12-28 00:09:21,642 - INFO - TIMESTAMP           : 2024-12-28 00:09:21.641747
2024-12-28 00:09:21,643 - DEBUG - Product URL constructed: https://oorlogsspullen.nl/product/original-wwii-us-army-snow-camouflage-trousers-7/
2024-12-28 00:09:22,118 - DEBUG - Image upload already completed for product URL: https://oorlogsspullen.nl/product/original-wwii-us-army-snow-camouflage-trousers-7/.
2024-12-28 00:09:22,118 - INFO - Skipping image upload for product: https://oorlogsspullen.nl/product/original-wwii-us-army-snow-camouflage-trousers-7/ as images are already uploaded.
2024-12-28 00:09:22,118 - DEBUG - Product URL constructed: https://oorlogsspullen.nl/product/original-wwii-dutch-bank-document-grouping-nsb-leader-anton-mussert/
2024-12-28 00:09:22,591 - DEBUG - Image upload already completed for product URL: https://oorlogsspullen.nl/product/original-wwii-dutch-bank-document-grouping-nsb-leader-anton-mussert/.
2024-12-28 00:09:22,592 - INFO - Skipping image upload for product: https://oorlogsspullen.nl/product/original-wwii-dutch-bank-document-grouping-nsb-leader-anton-mussert/ as images are already uploaded.
2024-12-28 00:09:22,592 - DEBUG - Product URL constructed: https://oorlogsspullen.nl/product/original-wwii-german-red-cross-letter-guernsey-island-somerset/
2024-12-28 00:09:23,064 - DEBUG - Image upload already completed for product URL: https://oorlogsspullen.nl/product/original-wwii-german-red-cross-letter-guernsey-island-somerset/.
2024-12-28 00:09:23,064 - INFO - Skipping image upload for product: https://oorlogsspullen.nl/product/original-wwii-german-red-cross-letter-guernsey-island-somerset/ as images are already uploaded.
2024-12-28 00:09:23,065 - DEBUG - Product URL constructed: https://oorlogsspullen.nl/product/original-wwii-south-african-sanp-greyshemde-uniform/
2024-12-28 00:09:23,538 - DEBUG - Image upload already completed for product URL: https://oorlogsspullen.nl/product/original-wwii-south-african-sanp-greyshemde-uniform/.
2024-12-28 00:09:23,538 - INFO - Skipping image upload for product: https://oorlogsspullen.nl/product/original-wwii-south-african-sanp-greyshemde-uniform/ as images are already uploaded.
2024-12-28 00:09:23,538 - DEBUG - Product URL constructed: https://oorlogsspullen.nl/product/original-wwii-us-battle-of-the-bulge-antitank-minefield-sketch-map-area-of-baugnez-4/
2024-12-28 00:09:24,015 - DEBUG - Image upload already completed for product URL: https://oorlogsspullen.nl/product/original-wwii-us-battle-of-the-bulge-antitank-minefield-sketch-map-area-of-baugnez-4/.
2024-12-28 00:09:24,015 - INFO - Skipping image upload for product: https://oorlogsspullen.nl/product/original-wwii-us-battle-of-the-bulge-antitank-minefield-sketch-map-area-of-baugnez-4/ as images are already uploaded.
2024-12-28 00:09:24,016 - DEBUG - Product URL constructed: https://oorlogsspullen.nl/product/original-wwii-dutch-police-fn-m25-holster/
2024-12-28 00:09:24,489 - DEBUG - Image upload already completed for product URL: https://oorlogsspullen.nl/product/original-wwii-dutch-police-fn-m25-holster/.
2024-12-28 00:09:24,489 - INFO - Skipping image upload for product: https://oorlogsspullen.nl/product/original-wwii-dutch-police-fn-m25-holster/ as images are already uploaded.
2024-12-28 00:09:24,489 - DEBUG - Product URL constructed: https://oorlogsspullen.nl/product/original-wwii-dutch-luchtbeschermingsdienst-helmet-39/
2024-12-28 00:09:24,977 - DEBUG - Image upload already completed for product URL: https://oorlogsspullen.nl/product/original-wwii-dutch-luchtbeschermingsdienst-helmet-39/.
2024-12-28 00:09:24,978 - INFO - Skipping image upload for product: https://oorlogsspullen.nl/product/original-wwii-dutch-luchtbeschermingsdienst-helmet-39/ as images are already uploaded.
2024-12-28 00:09:24,978 - DEBUG - Product URL constructed: https://oorlogsspullen.nl/product/original-wwii-us-battle-of-the-bulge-antitank-minefield-sketch-map-area-of-durbuy-clavier/
2024-12-28 00:09:25,455 - DEBUG - Image upload already completed for product URL: https://oorlogsspullen.nl/product/original-wwii-us-battle-of-the-bulge-antitank-minefield-sketch-map-area-of-durbuy-clavier/.
2024-12-28 00:09:25,456 - INFO - Skipping image upload for product: https://oorlogsspullen.nl/product/original-wwii-us-battle-of-the-bulge-antitank-minefield-sketch-map-area-of-durbuy-clavier/ as images are already uploaded.
2024-12-28 00:09:25,456 - DEBUG - Product URL constructed: https://oorlogsspullen.nl/product/original-wwii-us-ardennes-antitank-minefield-sketches-maps-area-near-vielsalm/
2024-12-28 00:09:25,930 - DEBUG - Image upload already completed for product URL: https://oorlogsspullen.nl/product/original-wwii-us-ardennes-antitank-minefield-sketches-maps-area-near-vielsalm/.
2024-12-28 00:09:25,931 - INFO - Skipping image upload for product: https://oorlogsspullen.nl/product/original-wwii-us-ardennes-antitank-minefield-sketches-maps-area-near-vielsalm/ as images are already uploaded.
2024-12-28 00:09:25,931 - INFO - Target match count (25) reached. Terminating site processing.
2024-12-28 00:09:25,931 - INFO - 
------------------------------------------------------------
                    INSTANCE TERMINATED                     
------------------------------------------------------------
2024-12-28 00:09:25,931 - INFO - MILITARIA SITE      : OORLOGSSPULLEN
2024-12-28 00:09:25,931 - INFO - CONSECUTIVE MATCHES : 25 / 25
2024-12-28 00:09:25,932 - INFO - CYCLES RUN          : 0
2024-12-28 00:09:25,932 - INFO - PRODUCTS PROCESSED  : 0
2024-12-28 00:09:25,932 - INFO - TIMESTAMP           : 2024-12-28 00:09:25.931932
2024-12-28 00:09:25,932 - INFO - Successfully processed site: OORLOGSSPULLEN
2024-12-28 00:09:25,932 - DEBUG - Navigating to products page: https://oorlogsspullen.nl/product-categorie/archief/page/0/
2024-12-28 00:09:25,933 - DEBUG - Resetting dropped connection: oorlogsspullen.nl
2024-12-28 00:09:28,316 - DEBUG - https://oorlogsspullen.nl:443 "GET /product-categorie/archief/page/0/ HTTP/1.1" 200 20813
2024-12-28 00:09:28,596 - INFO - 
------------------------------------------------------------
                    NEW INSTANCE STARTED                    
------------------------------------------------------------
2024-12-28 00:09:28,596 - INFO - MILITARIA SITE      : OORLOGSSPULLEN
2024-12-28 00:09:28,597 - INFO - PRODUCTS URL        : https://oorlogsspullen.nl/product-categorie/archief/page/0/
2024-12-28 00:09:28,597 - INFO - CYCLES RUN          : 0
2024-12-28 00:09:28,597 - INFO - PRODUCTS PROCESSED  : 0
2024-12-28 00:09:28,597 - INFO - TIMESTAMP           : 2024-12-28 00:09:28.596953
2024-12-28 00:09:28,597 - DEBUG - Product URL constructed: https://oorlogsspullen.nl/product/original-pre-1940-dutch-army-m95-hembrug-rifle-eu-deko/
2024-12-28 00:09:29,071 - DEBUG - Image upload already completed for product URL: https://oorlogsspullen.nl/product/original-pre-1940-dutch-army-m95-hembrug-rifle-eu-deko/.
2024-12-28 00:09:29,072 - INFO - Skipping image upload for product: https://oorlogsspullen.nl/product/original-pre-1940-dutch-army-m95-hembrug-rifle-eu-deko/ as images are already uploaded.
2024-12-28 00:09:29,072 - DEBUG - Product URL constructed: https://oorlogsspullen.nl/product/original-wwii-italian-waffen-ss-newspaper-9/
2024-12-28 00:09:29,570 - DEBUG - Image upload already completed for product URL: https://oorlogsspullen.nl/product/original-wwii-italian-waffen-ss-newspaper-9/.
2024-12-28 00:09:29,570 - INFO - Skipping image upload for product: https://oorlogsspullen.nl/product/original-wwii-italian-waffen-ss-newspaper-9/ as images are already uploaded.
2024-12-28 00:09:29,571 - DEBUG - Product URL constructed: https://oorlogsspullen.nl/product/original-wwii-italian-waffen-ss-newspaper-5/
2024-12-28 00:09:30,053 - DEBUG - Image upload already completed for product URL: https://oorlogsspullen.nl/product/original-wwii-italian-waffen-ss-newspaper-5/.
2024-12-28 00:09:30,053 - INFO - Skipping image upload for product: https://oorlogsspullen.nl/product/original-wwii-italian-waffen-ss-newspaper-5/ as images are already uploaded.
2024-12-28 00:09:30,054 - DEBUG - Product URL constructed: https://oorlogsspullen.nl/product/original-wwii-german-schutzpolizei-wachtmeister-uniform-jacket/
2024-12-28 00:09:30,549 - DEBUG - Image upload already completed for product URL: https://oorlogsspullen.nl/product/original-wwii-german-schutzpolizei-wachtmeister-uniform-jacket/.
2024-12-28 00:09:30,550 - INFO - Skipping image upload for product: https://oorlogsspullen.nl/product/original-wwii-german-schutzpolizei-wachtmeister-uniform-jacket/ as images are already uploaded.
2024-12-28 00:09:30,550 - DEBUG - Product URL constructed: https://oorlogsspullen.nl/product/original-wwii-ukrainian-volunteer-ybb-insignia/
2024-12-28 00:09:31,022 - DEBUG - Image upload already completed for product URL: https://oorlogsspullen.nl/product/original-wwii-ukrainian-volunteer-ybb-insignia/.
2024-12-28 00:09:31,023 - INFO - Skipping image upload for product: https://oorlogsspullen.nl/product/original-wwii-ukrainian-volunteer-ybb-insignia/ as images are already uploaded.
2024-12-28 00:09:31,023 - DEBUG - Product URL constructed: https://oorlogsspullen.nl/product/original-wwii-german-wh-heer-m43-uniform-jacket-in-italian-wool-2/
2024-12-28 00:09:31,518 - DEBUG - Image upload already completed for product URL: https://oorlogsspullen.nl/product/original-wwii-german-wh-heer-m43-uniform-jacket-in-italian-wool-2/.
2024-12-28 00:09:31,518 - INFO - Skipping image upload for product: https://oorlogsspullen.nl/product/original-wwii-german-wh-heer-m43-uniform-jacket-in-italian-wool-2/ as images are already uploaded.
2024-12-28 00:09:31,519 - DEBUG - Product URL constructed: https://oorlogsspullen.nl/product/original-wwii-german-luftwaffe-tropical-pith-helmet-eagle-9/
2024-12-28 00:09:31,990 - DEBUG - Image upload already completed for product URL: https://oorlogsspullen.nl/product/original-wwii-german-luftwaffe-tropical-pith-helmet-eagle-9/.
2024-12-28 00:09:31,991 - INFO - Skipping image upload for product: https://oorlogsspullen.nl/product/original-wwii-german-luftwaffe-tropical-pith-helmet-eagle-9/ as images are already uploaded.
2024-12-28 00:09:31,991 - DEBUG - Product URL constructed: https://oorlogsspullen.nl/product/original-wwii-flemish-de-ss-man-newspaper-2/
2024-12-28 00:09:32,472 - DEBUG - Image upload already completed for product URL: https://oorlogsspullen.nl/product/original-wwii-flemish-de-ss-man-newspaper-2/.
2024-12-28 00:09:32,472 - INFO - Skipping image upload for product: https://oorlogsspullen.nl/product/original-wwii-flemish-de-ss-man-newspaper-2/ as images are already uploaded.
2024-12-28 00:09:32,473 - DEBUG - Product URL constructed: https://oorlogsspullen.nl/product/original-wwii-us-record-were-gonna-have-to-slap-the-dirty-little-jap-remember-pearl-harbor/
2024-12-28 00:09:32,944 - DEBUG - Image upload already completed for product URL: https://oorlogsspullen.nl/product/original-wwii-us-record-were-gonna-have-to-slap-the-dirty-little-jap-remember-pearl-harbor/.
2024-12-28 00:09:32,945 - INFO - Skipping image upload for product: https://oorlogsspullen.nl/product/original-wwii-us-record-were-gonna-have-to-slap-the-dirty-little-jap-remember-pearl-harbor/ as images are already uploaded.
2024-12-28 00:09:32,945 - DEBUG - Product URL constructed: https://oorlogsspullen.nl/product/original-wwii-german-war-merit-cross-with-swords-3/
2024-12-28 00:09:33,437 - DEBUG - Image upload already completed for product URL: https://oorlogsspullen.nl/product/original-wwii-german-war-merit-cross-with-swords-3/.
2024-12-28 00:09:33,437 - INFO - Skipping image upload for product: https://oorlogsspullen.nl/product/original-wwii-german-war-merit-cross-with-swords-3/ as images are already uploaded.
2024-12-28 00:09:33,437 - DEBUG - Product URL constructed: https://oorlogsspullen.nl/product/original-wwii-flemish-nsvap-newspaper-3/
2024-12-28 00:09:33,913 - DEBUG - Image upload already completed for product URL: https://oorlogsspullen.nl/product/original-wwii-flemish-nsvap-newspaper-3/.
2024-12-28 00:09:33,913 - INFO - Skipping image upload for product: https://oorlogsspullen.nl/product/original-wwii-flemish-nsvap-newspaper-3/ as images are already uploaded.
2024-12-28 00:09:33,913 - DEBUG - Product URL constructed: https://oorlogsspullen.nl/product/original-wwii-flemish-vnv-local-announcement-booklet-department-turnhout/
2024-12-28 00:09:34,385 - DEBUG - Image upload already completed for product URL: https://oorlogsspullen.nl/product/original-wwii-flemish-vnv-local-announcement-booklet-department-turnhout/.
2024-12-28 00:09:34,386 - INFO - Skipping image upload for product: https://oorlogsspullen.nl/product/original-wwii-flemish-vnv-local-announcement-booklet-department-turnhout/ as images are already uploaded.
2024-12-28 00:09:34,387 - DEBUG - Product URL constructed: https://oorlogsspullen.nl/product/original-wwii-flemish-nsvap-youth-movement-magazine-nederduitsche-jeugd-sigrune/
2024-12-28 00:09:34,859 - DEBUG - Image upload already completed for product URL: https://oorlogsspullen.nl/product/original-wwii-flemish-nsvap-youth-movement-magazine-nederduitsche-jeugd-sigrune/.
2024-12-28 00:09:34,859 - INFO - Skipping image upload for product: https://oorlogsspullen.nl/product/original-wwii-flemish-nsvap-youth-movement-magazine-nederduitsche-jeugd-sigrune/ as images are already uploaded.
2024-12-28 00:09:34,860 - DEBUG - Product URL constructed: https://oorlogsspullen.nl/product/original-wwii-nsb-in-vlaanderen-registration-form/
2024-12-28 00:09:35,331 - DEBUG - Image upload already completed for product URL: https://oorlogsspullen.nl/product/original-wwii-nsb-in-vlaanderen-registration-form/.
2024-12-28 00:09:35,332 - INFO - Skipping image upload for product: https://oorlogsspullen.nl/product/original-wwii-nsb-in-vlaanderen-registration-form/ as images are already uploaded.
2024-12-28 00:09:35,332 - DEBUG - Product URL constructed: https://oorlogsspullen.nl/product/original-wwii-us-army-map-of-zevenaar-1944/
2024-12-28 00:09:35,822 - DEBUG - Image upload already completed for product URL: https://oorlogsspullen.nl/product/original-wwii-us-army-map-of-zevenaar-1944/.
2024-12-28 00:09:35,823 - INFO - Skipping image upload for product: https://oorlogsspullen.nl/product/original-wwii-us-army-map-of-zevenaar-1944/ as images are already uploaded.
2024-12-28 00:09:35,823 - DEBUG - Product URL constructed: https://oorlogsspullen.nl/product/original-wwii-british-army-map-of-wageningen-bennekom/
2024-12-28 00:09:36,296 - DEBUG - Image upload already completed for product URL: https://oorlogsspullen.nl/product/original-wwii-british-army-map-of-wageningen-bennekom/.
2024-12-28 00:09:36,296 - INFO - Skipping image upload for product: https://oorlogsspullen.nl/product/original-wwii-british-army-map-of-wageningen-bennekom/ as images are already uploaded.
2024-12-28 00:09:36,296 - DEBUG - Navigating to products page: https://oorlogsspullen.nl/product-categorie/archief/page/1/
2024-12-28 00:09:36,297 - DEBUG - Resetting dropped connection: oorlogsspullen.nl
2024-12-28 00:09:38,516 - DEBUG - https://oorlogsspullen.nl:443 "GET /product-categorie/archief/page/1/ HTTP/1.1" 301 0
2024-12-28 00:09:40,120 - DEBUG - https://oorlogsspullen.nl:443 "GET /product-categorie/archief/ HTTP/1.1" 200 20813
2024-12-28 00:09:40,400 - INFO - 
------------------------------------------------------------
                    NEW INSTANCE STARTED                    
------------------------------------------------------------
2024-12-28 00:09:40,401 - INFO - MILITARIA SITE      : OORLOGSSPULLEN
2024-12-28 00:09:40,401 - INFO - PRODUCTS URL        : https://oorlogsspullen.nl/product-categorie/archief/page/1/
2024-12-28 00:09:40,401 - INFO - CYCLES RUN          : 0
2024-12-28 00:09:40,402 - INFO - PRODUCTS PROCESSED  : 0
2024-12-28 00:09:40,402 - INFO - TIMESTAMP           : 2024-12-28 00:09:40.400940
2024-12-28 00:09:40,402 - DEBUG - Product URL constructed: https://oorlogsspullen.nl/product/original-pre-1940-dutch-army-m95-hembrug-rifle-eu-deko/
2024-12-28 00:09:40,889 - DEBUG - Image upload already completed for product URL: https://oorlogsspullen.nl/product/original-pre-1940-dutch-army-m95-hembrug-rifle-eu-deko/.
2024-12-28 00:09:40,889 - INFO - Skipping image upload for product: https://oorlogsspullen.nl/product/original-pre-1940-dutch-army-m95-hembrug-rifle-eu-deko/ as images are already uploaded.
2024-12-28 00:09:40,889 - DEBUG - Product URL constructed: https://oorlogsspullen.nl/product/original-wwii-italian-waffen-ss-newspaper-9/
2024-12-28 00:09:41,374 - DEBUG - Image upload already completed for product URL: https://oorlogsspullen.nl/product/original-wwii-italian-waffen-ss-newspaper-9/.
2024-12-28 00:09:41,374 - INFO - Skipping image upload for product: https://oorlogsspullen.nl/product/original-wwii-italian-waffen-ss-newspaper-9/ as images are already uploaded.
2024-12-28 00:09:41,374 - DEBUG - Product URL constructed: https://oorlogsspullen.nl/product/original-wwii-italian-waffen-ss-newspaper-5/
2024-12-28 00:09:41,853 - DEBUG - Image upload already completed for product URL: https://oorlogsspullen.nl/product/original-wwii-italian-waffen-ss-newspaper-5/.
2024-12-28 00:09:41,853 - INFO - Skipping image upload for product: https://oorlogsspullen.nl/product/original-wwii-italian-waffen-ss-newspaper-5/ as images are already uploaded.
2024-12-28 00:09:41,854 - DEBUG - Product URL constructed: https://oorlogsspullen.nl/product/original-wwii-german-schutzpolizei-wachtmeister-uniform-jacket/
2024-12-28 00:09:42,341 - DEBUG - Image upload already completed for product URL: https://oorlogsspullen.nl/product/original-wwii-german-schutzpolizei-wachtmeister-uniform-jacket/.
2024-12-28 00:09:42,341 - INFO - Skipping image upload for product: https://oorlogsspullen.nl/product/original-wwii-german-schutzpolizei-wachtmeister-uniform-jacket/ as images are already uploaded.
2024-12-28 00:09:42,342 - DEBUG - Product URL constructed: https://oorlogsspullen.nl/product/original-wwii-ukrainian-volunteer-ybb-insignia/
2024-12-28 00:09:42,817 - DEBUG - Image upload already completed for product URL: https://oorlogsspullen.nl/product/original-wwii-ukrainian-volunteer-ybb-insignia/.
2024-12-28 00:09:42,817 - INFO - Skipping image upload for product: https://oorlogsspullen.nl/product/original-wwii-ukrainian-volunteer-ybb-insignia/ as images are already uploaded.
2024-12-28 00:09:42,818 - DEBUG - Product URL constructed: https://oorlogsspullen.nl/product/original-wwii-german-wh-heer-m43-uniform-jacket-in-italian-wool-2/
2024-12-28 00:09:43,297 - DEBUG - Image upload already completed for product URL: https://oorlogsspullen.nl/product/original-wwii-german-wh-heer-m43-uniform-jacket-in-italian-wool-2/.
2024-12-28 00:09:43,298 - INFO - Skipping image upload for product: https://oorlogsspullen.nl/product/original-wwii-german-wh-heer-m43-uniform-jacket-in-italian-wool-2/ as images are already uploaded.
2024-12-28 00:09:43,298 - DEBUG - Product URL constructed: https://oorlogsspullen.nl/product/original-wwii-german-luftwaffe-tropical-pith-helmet-eagle-9/
2024-12-28 00:09:43,786 - DEBUG - Image upload already completed for product URL: https://oorlogsspullen.nl/product/original-wwii-german-luftwaffe-tropical-pith-helmet-eagle-9/.
2024-12-28 00:09:43,786 - INFO - Skipping image upload for product: https://oorlogsspullen.nl/product/original-wwii-german-luftwaffe-tropical-pith-helmet-eagle-9/ as images are already uploaded.
2024-12-28 00:09:43,786 - DEBUG - Product URL constructed: https://oorlogsspullen.nl/product/original-wwii-flemish-de-ss-man-newspaper-2/
2024-12-28 00:09:44,283 - DEBUG - Image upload already completed for product URL: https://oorlogsspullen.nl/product/original-wwii-flemish-de-ss-man-newspaper-2/.
2024-12-28 00:09:44,283 - INFO - Skipping image upload for product: https://oorlogsspullen.nl/product/original-wwii-flemish-de-ss-man-newspaper-2/ as images are already uploaded.
2024-12-28 00:09:44,283 - DEBUG - Product URL constructed: https://oorlogsspullen.nl/product/original-wwii-us-record-were-gonna-have-to-slap-the-dirty-little-jap-remember-pearl-harbor/
2024-12-28 00:09:44,754 - DEBUG - Image upload already completed for product URL: https://oorlogsspullen.nl/product/original-wwii-us-record-were-gonna-have-to-slap-the-dirty-little-jap-remember-pearl-harbor/.
2024-12-28 00:09:44,754 - INFO - Skipping image upload for product: https://oorlogsspullen.nl/product/original-wwii-us-record-were-gonna-have-to-slap-the-dirty-little-jap-remember-pearl-harbor/ as images are already uploaded.
2024-12-28 00:09:44,754 - INFO - Target match count (25) reached. Terminating site processing.
2024-12-28 00:09:44,755 - INFO - 
------------------------------------------------------------
                    INSTANCE TERMINATED                     
------------------------------------------------------------
2024-12-28 00:09:44,755 - INFO - MILITARIA SITE      : OORLOGSSPULLEN
2024-12-28 00:09:44,755 - INFO - CONSECUTIVE MATCHES : 25 / 25
2024-12-28 00:09:44,756 - INFO - CYCLES RUN          : 0
2024-12-28 00:09:44,756 - INFO - PRODUCTS PROCESSED  : 0
2024-12-28 00:09:44,756 - INFO - TIMESTAMP           : 2024-12-28 00:09:44.755439
2024-12-28 00:09:44,756 - INFO - Successfully processed site: OORLOGSSPULLEN
2024-12-28 00:09:44,756 - DEBUG - Navigating to products page: https://fjm44.com/shop/page/0/
2024-12-28 00:09:44,757 - DEBUG - Starting new HTTPS connection (1): fjm44.com:443
2024-12-28 00:09:51,719 - DEBUG - https://fjm44.com:443 "GET /shop/page/0/ HTTP/1.1" 200 None
2024-12-28 00:09:51,778 - INFO - 
------------------------------------------------------------
                    NEW INSTANCE STARTED                    
------------------------------------------------------------
2024-12-28 00:09:51,779 - INFO - MILITARIA SITE      : FJM44
2024-12-28 00:09:51,779 - INFO - PRODUCTS URL        : https://fjm44.com/shop/page/0/
2024-12-28 00:09:51,779 - INFO - CYCLES RUN          : 0
2024-12-28 00:09:51,779 - INFO - PRODUCTS PROCESSED  : 0
2024-12-28 00:09:51,779 - INFO - TIMESTAMP           : 2024-12-28 00:09:51.778697
2024-12-28 00:09:51,780 - DEBUG - Product URL constructed: https://fjm44.com/product/rare-blood-stained-waffen-ss-totenkopf-m43-em-field-blouse/
2024-12-28 00:09:52,252 - DEBUG - Image upload needed for product URL: https://fjm44.com/product/rare-blood-stained-waffen-ss-totenkopf-m43-em-field-blouse/.
2024-12-28 00:09:52,726 - DEBUG - Image upload needed for product URL: https://fjm44.com/product/rare-blood-stained-waffen-ss-totenkopf-m43-em-field-blouse/.
2024-12-28 00:09:52,726 - DEBUG - Product URL constructed: https://fjm44.com/product/non-reversible-late-war-matching-hard-edged-sumpftarn-winter-parka-set/
2024-12-28 00:09:53,203 - DEBUG - Image upload already completed for product URL: https://fjm44.com/product/non-reversible-late-war-matching-hard-edged-sumpftarn-winter-parka-set/.
2024-12-28 00:09:53,204 - INFO - Skipping image upload for product: https://fjm44.com/product/non-reversible-late-war-matching-hard-edged-sumpftarn-winter-parka-set/ as images are already uploaded.
2024-12-28 00:09:53,204 - DEBUG - Product URL constructed: https://fjm44.com/product/rare-unissued-white-rayon-gebirgsjager-camouflage-anorak/
2024-12-28 00:09:53,691 - DEBUG - Image upload already completed for product URL: https://fjm44.com/product/rare-unissued-white-rayon-gebirgsjager-camouflage-anorak/.
2024-12-28 00:09:53,691 - INFO - Skipping image upload for product: https://fjm44.com/product/rare-unissued-white-rayon-gebirgsjager-camouflage-anorak/ as images are already uploaded.
2024-12-28 00:09:53,691 - DEBUG - Product URL constructed: https://fjm44.com/product/heer-waffen-ss-issue-wool-red-and-blue-striped-blanket/
2024-12-28 00:09:54,165 - DEBUG - Image upload already completed for product URL: https://fjm44.com/product/heer-waffen-ss-issue-wool-red-and-blue-striped-blanket/.
2024-12-28 00:09:54,165 - INFO - Skipping image upload for product: https://fjm44.com/product/heer-waffen-ss-issue-wool-red-and-blue-striped-blanket/ as images are already uploaded.
2024-12-28 00:09:54,165 - DEBUG - Product URL constructed: https://fjm44.com/product/reversible-waffen-ss-parka-trousers-in-oak-leaf-camouflage-2/
2024-12-28 00:09:54,637 - DEBUG - Image upload already completed for product URL: https://fjm44.com/product/reversible-waffen-ss-parka-trousers-in-oak-leaf-camouflage-2/.
2024-12-28 00:09:54,638 - INFO - Skipping image upload for product: https://fjm44.com/product/reversible-waffen-ss-parka-trousers-in-oak-leaf-camouflage-2/ as images are already uploaded.
2024-12-28 00:09:54,638 - DEBUG - Product URL constructed: https://fjm44.com/product/mittens-5/
2024-12-28 00:09:55,111 - DEBUG - Image upload already completed for product URL: https://fjm44.com/product/mittens-5/.
2024-12-28 00:09:55,112 - INFO - Skipping image upload for product: https://fjm44.com/product/mittens-5/ as images are already uploaded.
2024-12-28 00:09:55,112 - DEBUG - Product URL constructed: https://fjm44.com/product/c/
2024-12-28 00:09:55,585 - DEBUG - Image upload already completed for product URL: https://fjm44.com/product/c/.
2024-12-28 00:09:55,585 - INFO - Skipping image upload for product: https://fjm44.com/product/c/ as images are already uploaded.
2024-12-28 00:09:55,585 - DEBUG - Product URL constructed: https://fjm44.com/product/us-m1942-paratrooper-jump-jacket-101st-and-82nd-airborne/
2024-12-28 00:09:56,057 - DEBUG - Image upload already completed for product URL: https://fjm44.com/product/us-m1942-paratrooper-jump-jacket-101st-and-82nd-airborne/.
2024-12-28 00:09:56,058 - INFO - Skipping image upload for product: https://fjm44.com/product/us-m1942-paratrooper-jump-jacket-101st-and-82nd-airborne/ as images are already uploaded.
2024-12-28 00:09:56,058 - DEBUG - Product URL constructed: https://fjm44.com/product/us-musette-bag-with-unit-code-and-asn/
