2024-12-26 20:27:23,668 - INFO - Logging initialized. Log file: logs\2024-12-26_instance_19.log
2024-12-26 20:27:25,999 - INFO - 
------------------------------------------------------------
PROGRAM INITIALIZED 2024-12-26 20:27:25.999431
------------------------------------------------------------
2024-12-26 20:27:30,940 - INFO - PostgreSQL connection pool initialized.
2024-12-26 20:27:30,941 - DEBUG - Changing event name from creating-client-class.iot-data to creating-client-class.iot-data-plane
2024-12-26 20:27:30,942 - DEBUG - Changing event name from before-call.apigateway to before-call.api-gateway
2024-12-26 20:27:30,944 - DEBUG - Changing event name from request-created.machinelearning.Predict to request-created.machine-learning.Predict
2024-12-26 20:27:30,945 - DEBUG - Changing event name from before-parameter-build.autoscaling.CreateLaunchConfiguration to before-parameter-build.auto-scaling.CreateLaunchConfiguration
2024-12-26 20:27:30,945 - DEBUG - Changing event name from before-parameter-build.route53 to before-parameter-build.route-53
2024-12-26 20:27:30,946 - DEBUG - Changing event name from request-created.cloudsearchdomain.Search to request-created.cloudsearch-domain.Search
2024-12-26 20:27:30,946 - DEBUG - Changing event name from docs.*.autoscaling.CreateLaunchConfiguration.complete-section to docs.*.auto-scaling.CreateLaunchConfiguration.complete-section
2024-12-26 20:27:30,948 - DEBUG - Changing event name from before-parameter-build.logs.CreateExportTask to before-parameter-build.cloudwatch-logs.CreateExportTask
2024-12-26 20:27:30,948 - DEBUG - Changing event name from docs.*.logs.CreateExportTask.complete-section to docs.*.cloudwatch-logs.CreateExportTask.complete-section
2024-12-26 20:27:30,948 - DEBUG - Changing event name from before-parameter-build.cloudsearchdomain.Search to before-parameter-build.cloudsearch-domain.Search
2024-12-26 20:27:30,949 - DEBUG - Changing event name from docs.*.cloudsearchdomain.Search.complete-section to docs.*.cloudsearch-domain.Search.complete-section
2024-12-26 20:27:30,994 - DEBUG - Loading JSON file: C:\Users\keena\AppData\Local\Programs\Python\Python312\Lib\site-packages\botocore\data\endpoints.json
2024-12-26 20:27:31,005 - DEBUG - Loading JSON file: C:\Users\keena\AppData\Local\Programs\Python\Python312\Lib\site-packages\botocore\data\sdk-default-configuration.json
2024-12-26 20:27:31,005 - DEBUG - Event choose-service-name: calling handler <function handle_service_name_alias at 0x000001FEF916E5C0>
2024-12-26 20:27:31,052 - DEBUG - Loading JSON file: C:\Users\keena\AppData\Local\Programs\Python\Python312\Lib\site-packages\botocore\data\s3\2006-03-01\service-2.json.gz
2024-12-26 20:27:31,059 - DEBUG - Loading JSON file: C:\Users\keena\AppData\Local\Programs\Python\Python312\Lib\site-packages\botocore\data\s3\2006-03-01\service-2.sdk-extras.json
2024-12-26 20:27:31,106 - DEBUG - Loading JSON file: C:\Users\keena\AppData\Local\Programs\Python\Python312\Lib\site-packages\botocore\data\s3\2006-03-01\endpoint-rule-set-1.json.gz
2024-12-26 20:27:31,109 - DEBUG - Loading JSON file: C:\Users\keena\AppData\Local\Programs\Python\Python312\Lib\site-packages\botocore\data\partitions.json
2024-12-26 20:27:31,111 - DEBUG - Event creating-client-class.s3: calling handler <function add_generate_presigned_post at 0x000001FEF90AB420>
2024-12-26 20:27:31,111 - DEBUG - Event creating-client-class.s3: calling handler <function lazy_call.<locals>._handler at 0x000001FEF920DF80>
2024-12-26 20:27:31,146 - DEBUG - Event creating-client-class.s3: calling handler <function add_generate_presigned_url at 0x000001FEF90AB1A0>
2024-12-26 20:27:31,146 - DEBUG - Looking for endpoint for s3 via: environment_service
2024-12-26 20:27:31,146 - DEBUG - Looking for endpoint for s3 via: environment_global
2024-12-26 20:27:31,147 - DEBUG - Looking for endpoint for s3 via: config_service
2024-12-26 20:27:31,147 - DEBUG - Looking for endpoint for s3 via: config_global
2024-12-26 20:27:31,147 - DEBUG - No configured endpoint found.
2024-12-26 20:27:31,148 - DEBUG - Setting s3 timeout as (60, 60)
2024-12-26 20:27:31,151 - DEBUG - Loading JSON file: C:\Users\keena\AppData\Local\Programs\Python\Python312\Lib\site-packages\botocore\data\_retry.json
2024-12-26 20:27:31,152 - DEBUG - Registering retry handlers for service: s3
2024-12-26 20:27:31,152 - DEBUG - Registering S3 region redirector handler
2024-12-26 20:27:31,152 - DEBUG - Registering S3Express Identity Resolver
2024-12-26 20:27:31,153 - INFO - S3Manager initialized for bucket militaria-images
2024-12-26 20:27:41,454 - DEBUG - Navigating to products page: https://www.warsendshop.com/collections/all-allied-items?page=0
2024-12-26 20:27:41,456 - DEBUG - Starting new HTTPS connection (1): www.warsendshop.com:443
2024-12-26 20:27:41,991 - DEBUG - https://www.warsendshop.com:443 "GET /collections/all-allied-items?page=0 HTTP/1.1" 200 None
2024-12-26 20:27:42,013 - INFO - 
------------------------------------------------------------
                    NEW INSTANCE STARTED                    
------------------------------------------------------------
2024-12-26 20:27:42,014 - INFO - MILITARIA SITE      : WARS_END_SHOP
2024-12-26 20:27:42,014 - INFO - PRODUCTS URL        : https://www.warsendshop.com/collections/all-allied-items?page=0
2024-12-26 20:27:42,014 - INFO - CYCLES RUN          : 0
2024-12-26 20:27:42,014 - INFO - PRODUCTS PROCESSED  : 0
2024-12-26 20:27:42,014 - INFO - TIMESTAMP           : 2024-12-26 20:27:42.013344
2024-12-26 20:27:42,015 - DEBUG - Product URL constructed: https://www.warsendshop.com/collections/all-allied-items/products/my-uncles-hat-uncle-sam-hat-pin
2024-12-26 20:27:42,564 - DEBUG - Image upload needed for product URL: https://www.warsendshop.com/collections/all-allied-items/products/my-uncles-hat-uncle-sam-hat-pin.
2024-12-26 20:27:42,909 - DEBUG - https://www.warsendshop.com:443 "GET /collections/all-allied-items/products/my-uncles-hat-uncle-sam-hat-pin HTTP/1.1" 200 None
2024-12-26 20:27:42,921 - DEBUG - Scraped data: Title=*My Uncle*s Hat* Uncle Sam Hat Pin, Price=34.00, Available=True
2024-12-26 20:27:42,921 - DEBUG - Image extraction skipped due to missing or placeholder imageElement.
2024-12-26 20:27:42,922 - DEBUG - Image extraction skipped for product: https://www.warsendshop.com/collections/all-allied-items/products/my-uncles-hat-uncle-sam-hat-pin
2024-12-26 20:27:44,051 - INFO - Product 'https://www.warsendshop.com/collections/all-allied-items/products/my-uncles-hat-uncle-sam-hat-pin' was updated or inserted successfully.
2024-12-26 20:27:44,051 - DEBUG - Product URL constructed: https://www.warsendshop.com/collections/all-allied-items/products/show-your-badge-ashtray
2024-12-26 20:27:44,591 - DEBUG - Image upload needed for product URL: https://www.warsendshop.com/collections/all-allied-items/products/show-your-badge-ashtray.
2024-12-26 20:27:44,905 - DEBUG - https://www.warsendshop.com:443 "GET /collections/all-allied-items/products/show-your-badge-ashtray HTTP/1.1" 200 None
2024-12-26 20:27:44,917 - DEBUG - Scraped data: Title=*Show Your Badge* Ashtray, Price=42.50, Available=True
2024-12-26 20:27:44,918 - DEBUG - Image extraction skipped due to missing or placeholder imageElement.
2024-12-26 20:27:44,918 - DEBUG - Image extraction skipped for product: https://www.warsendshop.com/collections/all-allied-items/products/show-your-badge-ashtray
2024-12-26 20:27:46,025 - INFO - Product 'https://www.warsendshop.com/collections/all-allied-items/products/show-your-badge-ashtray' was updated or inserted successfully.
2024-12-26 20:27:46,026 - DEBUG - Product URL constructed: https://www.warsendshop.com/collections/all-allied-items/products/1936-american-numerology-book
2024-12-26 20:27:46,569 - DEBUG - Image upload needed for product URL: https://www.warsendshop.com/collections/all-allied-items/products/1936-american-numerology-book.
2024-12-26 20:27:46,808 - DEBUG - https://www.warsendshop.com:443 "GET /collections/all-allied-items/products/1936-american-numerology-book HTTP/1.1" 200 None
2024-12-26 20:27:46,822 - DEBUG - Scraped data: Title=1936 American Numerology Book, Price=6.00, Available=True
2024-12-26 20:27:46,822 - DEBUG - Image extraction skipped due to missing or placeholder imageElement.
2024-12-26 20:27:46,822 - DEBUG - Image extraction skipped for product: https://www.warsendshop.com/collections/all-allied-items/products/1936-american-numerology-book
2024-12-26 20:27:47,910 - INFO - Product 'https://www.warsendshop.com/collections/all-allied-items/products/1936-american-numerology-book' was updated or inserted successfully.
2024-12-26 20:27:47,910 - DEBUG - Product URL constructed: https://www.warsendshop.com/collections/all-allied-items/products/1937-american-tie-rack-with-matching-suggestions
2024-12-26 20:27:48,456 - DEBUG - Image upload needed for product URL: https://www.warsendshop.com/collections/all-allied-items/products/1937-american-tie-rack-with-matching-suggestions.
2024-12-26 20:27:48,746 - DEBUG - https://www.warsendshop.com:443 "GET /collections/all-allied-items/products/1937-american-tie-rack-with-matching-suggestions HTTP/1.1" 200 None
2024-12-26 20:27:48,785 - DEBUG - Scraped data: Title=1937 American Tie Rack with Matching Suggestions, Price=20.00, Available=True
2024-12-26 20:27:48,785 - DEBUG - Image extraction skipped due to missing or placeholder imageElement.
2024-12-26 20:27:48,785 - DEBUG - Image extraction skipped for product: https://www.warsendshop.com/collections/all-allied-items/products/1937-american-tie-rack-with-matching-suggestions
2024-12-26 20:27:49,864 - INFO - Product 'https://www.warsendshop.com/collections/all-allied-items/products/1937-american-tie-rack-with-matching-suggestions' was updated or inserted successfully.
2024-12-26 20:27:49,865 - DEBUG - Product URL constructed: https://www.warsendshop.com/collections/all-allied-items/products/1941-german-french-dictionary
2024-12-26 20:27:50,407 - DEBUG - Image upload needed for product URL: https://www.warsendshop.com/collections/all-allied-items/products/1941-german-french-dictionary.
2024-12-26 20:27:50,707 - DEBUG - https://www.warsendshop.com:443 "GET /collections/all-allied-items/products/1941-german-french-dictionary HTTP/1.1" 200 None
2024-12-26 20:27:50,722 - DEBUG - Scraped data: Title=1941 German French Dictionary (with New Words from the War), Price=32.50, Available=True
2024-12-26 20:27:50,722 - DEBUG - Image extraction skipped due to missing or placeholder imageElement.
2024-12-26 20:27:50,722 - DEBUG - Image extraction skipped for product: https://www.warsendshop.com/collections/all-allied-items/products/1941-german-french-dictionary
2024-12-26 20:27:51,811 - INFO - Product 'https://www.warsendshop.com/collections/all-allied-items/products/1941-german-french-dictionary' was updated or inserted successfully.
2024-12-26 20:27:51,811 - DEBUG - Product URL constructed: https://www.warsendshop.com/collections/all-allied-items/products/1943-camouflage-gauze-bandage-2-inch-by-6-yards
2024-12-26 20:27:52,354 - DEBUG - Image upload needed for product URL: https://www.warsendshop.com/collections/all-allied-items/products/1943-camouflage-gauze-bandage-2-inch-by-6-yards.
2024-12-26 20:27:52,686 - DEBUG - https://www.warsendshop.com:443 "GET /collections/all-allied-items/products/1943-camouflage-gauze-bandage-2-inch-by-6-yards HTTP/1.1" 200 None
2024-12-26 20:27:52,699 - DEBUG - Scraped data: Title=1943 Camouflage Gauze Bandage 2 Inch by 6 Yards, Price=3.50, Available=True
2024-12-26 20:27:52,700 - DEBUG - Image extraction skipped due to missing or placeholder imageElement.
2024-12-26 20:27:52,700 - DEBUG - Image extraction skipped for product: https://www.warsendshop.com/collections/all-allied-items/products/1943-camouflage-gauze-bandage-2-inch-by-6-yards
