2024-12-24 11:13:57,662 - INFO - Logging initialized. Log file: logs\2024-12-24_instance_5.log
2024-12-24 11:13:59,974 - INFO - 
------------------------------------------------------------
PROGRAM INITIALIZED 2024-12-24 11:13:59.974104
------------------------------------------------------------
2024-12-24 11:15:01,434 - INFO - PostgreSQL connection pool initialized.
2024-12-24 11:15:01,435 - DEBUG - Changing event name from creating-client-class.iot-data to creating-client-class.iot-data-plane
2024-12-24 11:15:01,437 - DEBUG - Changing event name from before-call.apigateway to before-call.api-gateway
2024-12-24 11:15:01,438 - DEBUG - Changing event name from request-created.machinelearning.Predict to request-created.machine-learning.Predict
2024-12-24 11:15:01,439 - DEBUG - Changing event name from before-parameter-build.autoscaling.CreateLaunchConfiguration to before-parameter-build.auto-scaling.CreateLaunchConfiguration
2024-12-24 11:15:01,439 - DEBUG - Changing event name from before-parameter-build.route53 to before-parameter-build.route-53
2024-12-24 11:15:01,439 - DEBUG - Changing event name from request-created.cloudsearchdomain.Search to request-created.cloudsearch-domain.Search
2024-12-24 11:15:01,440 - DEBUG - Changing event name from docs.*.autoscaling.CreateLaunchConfiguration.complete-section to docs.*.auto-scaling.CreateLaunchConfiguration.complete-section
2024-12-24 11:15:01,442 - DEBUG - Changing event name from before-parameter-build.logs.CreateExportTask to before-parameter-build.cloudwatch-logs.CreateExportTask
2024-12-24 11:15:01,442 - DEBUG - Changing event name from docs.*.logs.CreateExportTask.complete-section to docs.*.cloudwatch-logs.CreateExportTask.complete-section
2024-12-24 11:15:01,442 - DEBUG - Changing event name from before-parameter-build.cloudsearchdomain.Search to before-parameter-build.cloudsearch-domain.Search
2024-12-24 11:15:01,443 - DEBUG - Changing event name from docs.*.cloudsearchdomain.Search.complete-section to docs.*.cloudsearch-domain.Search.complete-section
2024-12-24 11:15:01,559 - DEBUG - Loading JSON file: C:\Users\keena\AppData\Local\Programs\Python\Python312\Lib\site-packages\botocore\data\endpoints.json
2024-12-24 11:15:01,573 - DEBUG - Loading JSON file: C:\Users\keena\AppData\Local\Programs\Python\Python312\Lib\site-packages\botocore\data\sdk-default-configuration.json
2024-12-24 11:15:01,573 - DEBUG - Event choose-service-name: calling handler <function handle_service_name_alias at 0x000001C70D599D00>
2024-12-24 11:15:01,623 - DEBUG - Loading JSON file: C:\Users\keena\AppData\Local\Programs\Python\Python312\Lib\site-packages\botocore\data\s3\2006-03-01\service-2.json.gz
2024-12-24 11:15:01,631 - DEBUG - Loading JSON file: C:\Users\keena\AppData\Local\Programs\Python\Python312\Lib\site-packages\botocore\data\s3\2006-03-01\service-2.sdk-extras.json
2024-12-24 11:15:01,679 - DEBUG - Loading JSON file: C:\Users\keena\AppData\Local\Programs\Python\Python312\Lib\site-packages\botocore\data\s3\2006-03-01\endpoint-rule-set-1.json.gz
2024-12-24 11:15:01,681 - DEBUG - Loading JSON file: C:\Users\keena\AppData\Local\Programs\Python\Python312\Lib\site-packages\botocore\data\partitions.json
2024-12-24 11:15:01,683 - DEBUG - Event creating-client-class.s3: calling handler <function add_generate_presigned_post at 0x000001C70D4D6B60>
2024-12-24 11:15:01,683 - DEBUG - Event creating-client-class.s3: calling handler <function lazy_call.<locals>._handler at 0x000001C70D639760>
2024-12-24 11:15:01,722 - DEBUG - Event creating-client-class.s3: calling handler <function add_generate_presigned_url at 0x000001C70D4D68E0>
2024-12-24 11:15:01,723 - DEBUG - Looking for endpoint for s3 via: environment_service
2024-12-24 11:15:01,723 - DEBUG - Looking for endpoint for s3 via: environment_global
2024-12-24 11:15:01,723 - DEBUG - Looking for endpoint for s3 via: config_service
2024-12-24 11:15:01,724 - DEBUG - Looking for endpoint for s3 via: config_global
2024-12-24 11:15:01,724 - DEBUG - No configured endpoint found.
2024-12-24 11:15:01,726 - DEBUG - Setting s3 timeout as (60, 60)
2024-12-24 11:15:01,728 - DEBUG - Loading JSON file: C:\Users\keena\AppData\Local\Programs\Python\Python312\Lib\site-packages\botocore\data\_retry.json
2024-12-24 11:15:01,729 - DEBUG - Registering retry handlers for service: s3
2024-12-24 11:15:01,729 - DEBUG - Registering S3 region redirector handler
2024-12-24 11:15:01,730 - DEBUG - Registering S3Express Identity Resolver
2024-12-24 11:15:05,122 - DEBUG - Navigating to products page: https://fjm44.com/shop/page/0/
2024-12-24 11:15:05,124 - DEBUG - Starting new HTTPS connection (1): fjm44.com:443
2024-12-24 11:15:06,407 - DEBUG - https://fjm44.com:443 "GET /shop/page/0/ HTTP/1.1" 200 None
2024-12-24 11:15:06,446 - INFO - 
------------------------------------------------------------
                    NEW INSTANCE STARTED                    
------------------------------------------------------------
2024-12-24 11:15:06,446 - INFO - MILITARIA SITE      : FJM44
2024-12-24 11:15:06,446 - INFO - PRODUCTS URL        : https://fjm44.com/shop/page/0/
2024-12-24 11:15:06,446 - INFO - CYCLES RUN          : 0
2024-12-24 11:15:06,447 - INFO - PRODUCTS PROCESSED  : 0
2024-12-24 11:15:06,447 - INFO - TIMESTAMP           : 2024-12-24 11:15:06.445554
2024-12-24 11:15:06,447 - DEBUG - Product URL constructed: https://fjm44.com/product/non-reversible-late-war-matching-hard-edged-sumpftarn-winter-parka-set/
2024-12-24 11:15:06,749 - DEBUG - https://fjm44.com:443 "GET /product/non-reversible-late-war-matching-hard-edged-sumpftarn-winter-parka-set/ HTTP/1.1" 200 None
2024-12-24 11:15:06,767 - DEBUG - Extracted image URLs: ['https://fjm44.com/wp-content/uploads/2024/12/fjm_11866-scaled.jpg', 'https://fjm44.com/wp-content/uploads/2024/12/fjm_11865-scaled.jpg', 'https://fjm44.com/wp-content/uploads/2024/12/fjm_11864-scaled.jpg', 'https://fjm44.com/wp-content/uploads/2024/12/fjm_11863-scaled.jpg', 'https://fjm44.com/wp-content/uploads/2024/12/fjm_11862-scaled.jpg', 'https://fjm44.com/wp-content/uploads/2024/12/fjm_11861-scaled.jpg', 'https://fjm44.com/wp-content/uploads/2024/12/fjm_11860-scaled.jpg', 'https://fjm44.com/wp-content/uploads/2024/12/fjm_11859-scaled.jpg', 'https://fjm44.com/wp-content/uploads/2024/12/fjm_11858-scaled.jpg', 'https://fjm44.com/wp-content/uploads/2024/12/fjm_11857-scaled.jpg', 'https://fjm44.com/wp-content/uploads/2024/12/fjm_11856-scaled.jpg', 'https://fjm44.com/wp-content/uploads/2024/12/fjm_11855-scaled.jpg', 'https://fjm44.com/wp-content/uploads/2024/12/fjm_11854-scaled.jpg', 'https://fjm44.com/wp-content/uploads/2024/12/fjm_11853-scaled.jpg', 'https://fjm44.com/wp-content/uploads/2024/12/fjm_11852-scaled.jpg', 'https://fjm44.com/wp-content/uploads/2024/12/fjm_11851-scaled.jpg', 'https://fjm44.com/wp-content/uploads/2024/12/fjm_11850-scaled.jpg', 'https://fjm44.com/wp-content/uploads/2024/12/fjm_11849-scaled.jpg', 'https://fjm44.com/wp-content/uploads/2024/12/fjm_11848-scaled.jpg', 'https://fjm44.com/wp-content/uploads/2024/12/fjm_11847-scaled.jpg', 'https://fjm44.com/wp-content/uploads/2024/12/fjm_11846-scaled.jpg', 'https://fjm44.com/wp-content/uploads/2024/12/fjm_11845-scaled.jpg', 'https://fjm44.com/wp-content/uploads/2024/12/fjm_11844-scaled.jpg', 'https://fjm44.com/wp-content/uploads/2024/12/fjm_11843-scaled.jpg', 'https://fjm44.com/wp-content/uploads/2024/12/fjm_11842-scaled.jpg']
2024-12-24 11:15:06,768 - DEBUG - Scraped data: Title=Non reversible late war matching hard edged Sumpftarn winter parka set, Price=3000.00, Available=True
2024-12-24 11:15:51,998 - DEBUG - Product ID for URL 'https://fjm44.com/product/non-reversible-late-war-matching-hard-edged-sumpftarn-winter-parka-set/' is 227428
2024-12-24 11:15:51,998 - ERROR - Error uploading image to S3: 'S3Manager' object has no attribute 'db_processor'
2024-12-24 11:15:51,998 - ERROR - Error uploading image to S3: 'S3Manager' object has no attribute 'db_processor'
2024-12-24 11:15:51,998 - ERROR - Error uploading image to S3: 'S3Manager' object has no attribute 'db_processor'
2024-12-24 11:15:51,999 - ERROR - Error uploading image to S3: 'S3Manager' object has no attribute 'db_processor'
2024-12-24 11:15:51,999 - ERROR - Error uploading image to S3: 'S3Manager' object has no attribute 'db_processor'
2024-12-24 11:15:51,999 - ERROR - Error uploading image to S3: 'S3Manager' object has no attribute 'db_processor'
2024-12-24 11:15:51,999 - ERROR - Error uploading image to S3: 'S3Manager' object has no attribute 'db_processor'
2024-12-24 11:15:51,999 - ERROR - Error uploading image to S3: 'S3Manager' object has no attribute 'db_processor'
2024-12-24 11:15:51,999 - ERROR - Error uploading image to S3: 'S3Manager' object has no attribute 'db_processor'
2024-12-24 11:15:51,999 - ERROR - Error uploading image to S3: 'S3Manager' object has no attribute 'db_processor'
2024-12-24 11:15:51,999 - ERROR - Error uploading image to S3: 'S3Manager' object has no attribute 'db_processor'
2024-12-24 11:15:52,000 - ERROR - Error uploading image to S3: 'S3Manager' object has no attribute 'db_processor'
2024-12-24 11:15:52,000 - ERROR - Error uploading image to S3: 'S3Manager' object has no attribute 'db_processor'
2024-12-24 11:15:52,000 - ERROR - Error uploading image to S3: 'S3Manager' object has no attribute 'db_processor'
2024-12-24 11:15:52,000 - ERROR - Error uploading image to S3: 'S3Manager' object has no attribute 'db_processor'
2024-12-24 11:15:52,000 - ERROR - Error uploading image to S3: 'S3Manager' object has no attribute 'db_processor'
2024-12-24 11:15:52,000 - ERROR - Error uploading image to S3: 'S3Manager' object has no attribute 'db_processor'
2024-12-24 11:15:52,000 - ERROR - Error uploading image to S3: 'S3Manager' object has no attribute 'db_processor'
2024-12-24 11:15:52,000 - ERROR - Error uploading image to S3: 'S3Manager' object has no attribute 'db_processor'
2024-12-24 11:15:52,001 - ERROR - Error uploading image to S3: 'S3Manager' object has no attribute 'db_processor'
2024-12-24 11:15:52,001 - ERROR - Error uploading image to S3: 'S3Manager' object has no attribute 'db_processor'
2024-12-24 11:15:52,001 - ERROR - Error uploading image to S3: 'S3Manager' object has no attribute 'db_processor'
2024-12-24 11:15:52,001 - ERROR - Error uploading image to S3: 'S3Manager' object has no attribute 'db_processor'
2024-12-24 11:15:52,001 - ERROR - Error uploading image to S3: 'S3Manager' object has no attribute 'db_processor'
2024-12-24 11:15:52,001 - ERROR - Error uploading image to S3: 'S3Manager' object has no attribute 'db_processor'
