2024-12-04 21:55:25,676 - INFO - Logging initialized. Log file: logs\2024-12-04_instance_18.log
2024-12-04 21:55:29,931 - INFO - 
------------------------------------------------------------
                     PROGRAM INITIALIZED
                     2024-12-04 21:55:29.931182          
------------------------------------------------------------
2024-12-04 21:55:30,969 - INFO - 
------------------------------------------------------------
                 AVAILABILITY CHECK INITIATED
                     2024-12-04 21:55:30.969477          
------------------------------------------------------------
2024-12-04 21:55:31,588 - INFO - Total URLs to be processed for site CS_MILITARIA: 1004
2024-12-04 21:55:31,594 - DEBUG - Starting new HTTPS connection (1): www.csmilitaria.co.uk:443
2024-12-04 21:55:32,703 - DEBUG - https://www.csmilitaria.co.uk:443 "GET /shop.php?code=13655 HTTP/1.1" 200 2940
2024-12-04 21:55:32,709 - ERROR - Error processing URL https://www.csmilitaria.co.uk/shop.php?code=13655: Invalid character '(' position 24
  line 1:
True if productSoup.find('button', class_='btn cta add2cart') else False
                        ^
2024-12-04 21:55:33,010 - DEBUG - https://www.csmilitaria.co.uk:443 "GET /shop.php?code=14668 HTTP/1.1" 200 2847
2024-12-04 21:55:33,015 - ERROR - Error processing URL https://www.csmilitaria.co.uk/shop.php?code=14668: Invalid character '(' position 24
  line 1:
True if productSoup.find('button', class_='btn cta add2cart') else False
                        ^
2024-12-04 21:55:33,316 - DEBUG - https://www.csmilitaria.co.uk:443 "GET /shop.php?code=13874 HTTP/1.1" 200 2893
2024-12-04 21:55:33,322 - ERROR - Error processing URL https://www.csmilitaria.co.uk/shop.php?code=13874: Invalid character '(' position 24
  line 1:
True if productSoup.find('button', class_='btn cta add2cart') else False
                        ^
2024-12-04 21:55:33,624 - DEBUG - https://www.csmilitaria.co.uk:443 "GET /shop.php?code=13419 HTTP/1.1" 200 2861
2024-12-04 21:55:33,628 - ERROR - Error processing URL https://www.csmilitaria.co.uk/shop.php?code=13419: Invalid character '(' position 24
  line 1:
True if productSoup.find('button', class_='btn cta add2cart') else False
                        ^
2024-12-04 21:55:33,934 - DEBUG - https://www.csmilitaria.co.uk:443 "GET /shop.php?code=12842 HTTP/1.1" 200 2859
2024-12-04 21:55:33,937 - ERROR - Error processing URL https://www.csmilitaria.co.uk/shop.php?code=12842: Invalid character '(' position 24
  line 1:
True if productSoup.find('button', class_='btn cta add2cart') else False
                        ^
2024-12-04 21:55:34,239 - DEBUG - https://www.csmilitaria.co.uk:443 "GET /shop.php?code=6669 HTTP/1.1" 200 2858
2024-12-04 21:55:34,243 - ERROR - Error processing URL https://www.csmilitaria.co.uk/shop.php?code=6669: Invalid character '(' position 24
  line 1:
True if productSoup.find('button', class_='btn cta add2cart') else False
                        ^
2024-12-04 21:55:34,545 - DEBUG - https://www.csmilitaria.co.uk:443 "GET /shop.php?code=11779 HTTP/1.1" 200 3008
2024-12-04 21:55:34,550 - ERROR - Error processing URL https://www.csmilitaria.co.uk/shop.php?code=11779: Invalid character '(' position 24
  line 1:
True if productSoup.find('button', class_='btn cta add2cart') else False
                        ^
2024-12-04 21:55:34,851 - DEBUG - https://www.csmilitaria.co.uk:443 "GET /shop.php?code=10792 HTTP/1.1" 200 3121
2024-12-04 21:55:34,856 - ERROR - Error processing URL https://www.csmilitaria.co.uk/shop.php?code=10792: Invalid character '(' position 24
  line 1:
True if productSoup.find('button', class_='btn cta add2cart') else False
                        ^
2024-12-04 21:55:35,157 - DEBUG - https://www.csmilitaria.co.uk:443 "GET /shop.php?code=11814 HTTP/1.1" 200 3288
2024-12-04 21:55:35,162 - ERROR - Error processing URL https://www.csmilitaria.co.uk/shop.php?code=11814: Invalid character '(' position 24
  line 1:
True if productSoup.find('button', class_='btn cta add2cart') else False
                        ^
2024-12-04 21:55:35,467 - DEBUG - https://www.csmilitaria.co.uk:443 "GET /shop.php?code=11951 HTTP/1.1" 200 3034
2024-12-04 21:55:35,472 - ERROR - Error processing URL https://www.csmilitaria.co.uk/shop.php?code=11951: Invalid character '(' position 24
  line 1:
True if productSoup.find('button', class_='btn cta add2cart') else False
                        ^
2024-12-04 21:55:35,773 - DEBUG - https://www.csmilitaria.co.uk:443 "GET /shop.php?code=1442 HTTP/1.1" 200 3018
2024-12-04 21:55:35,779 - ERROR - Error processing URL https://www.csmilitaria.co.uk/shop.php?code=1442: Invalid character '(' position 24
  line 1:
True if productSoup.find('button', class_='btn cta add2cart') else False
                        ^
2024-12-04 21:55:36,082 - DEBUG - https://www.csmilitaria.co.uk:443 "GET /shop.php?code=14587 HTTP/1.1" 200 3422
2024-12-04 21:55:36,089 - ERROR - Error processing URL https://www.csmilitaria.co.uk/shop.php?code=14587: Invalid character '(' position 24
  line 1:
True if productSoup.find('button', class_='btn cta add2cart') else False
                        ^
