2024-12-26 19:53:03,026 - INFO - Logging initialized. Log file: logs\2024-12-26_instance_12.log
2024-12-26 19:53:06,453 - INFO - 
------------------------------------------------------------
PROGRAM INITIALIZED 2024-12-26 19:53:06.453591
------------------------------------------------------------
2024-12-26 19:53:11,428 - INFO - PostgreSQL connection pool initialized.
2024-12-26 19:53:11,429 - DEBUG - Changing event name from creating-client-class.iot-data to creating-client-class.iot-data-plane
2024-12-26 19:53:11,431 - DEBUG - Changing event name from before-call.apigateway to before-call.api-gateway
2024-12-26 19:53:11,432 - DEBUG - Changing event name from request-created.machinelearning.Predict to request-created.machine-learning.Predict
2024-12-26 19:53:11,433 - DEBUG - Changing event name from before-parameter-build.autoscaling.CreateLaunchConfiguration to before-parameter-build.auto-scaling.CreateLaunchConfiguration
2024-12-26 19:53:11,433 - DEBUG - Changing event name from before-parameter-build.route53 to before-parameter-build.route-53
2024-12-26 19:53:11,434 - DEBUG - Changing event name from request-created.cloudsearchdomain.Search to request-created.cloudsearch-domain.Search
2024-12-26 19:53:11,434 - DEBUG - Changing event name from docs.*.autoscaling.CreateLaunchConfiguration.complete-section to docs.*.auto-scaling.CreateLaunchConfiguration.complete-section
2024-12-26 19:53:11,436 - DEBUG - Changing event name from before-parameter-build.logs.CreateExportTask to before-parameter-build.cloudwatch-logs.CreateExportTask
2024-12-26 19:53:11,437 - DEBUG - Changing event name from docs.*.logs.CreateExportTask.complete-section to docs.*.cloudwatch-logs.CreateExportTask.complete-section
2024-12-26 19:53:11,437 - DEBUG - Changing event name from before-parameter-build.cloudsearchdomain.Search to before-parameter-build.cloudsearch-domain.Search
2024-12-26 19:53:11,437 - DEBUG - Changing event name from docs.*.cloudsearchdomain.Search.complete-section to docs.*.cloudsearch-domain.Search.complete-section
2024-12-26 19:53:11,495 - DEBUG - Loading JSON file: C:\Users\keena\AppData\Local\Programs\Python\Python312\Lib\site-packages\botocore\data\endpoints.json
2024-12-26 19:53:11,506 - DEBUG - Loading JSON file: C:\Users\keena\AppData\Local\Programs\Python\Python312\Lib\site-packages\botocore\data\sdk-default-configuration.json
2024-12-26 19:53:11,507 - DEBUG - Event choose-service-name: calling handler <function handle_service_name_alias at 0x0000021D9102E020>
2024-12-26 19:53:11,565 - DEBUG - Loading JSON file: C:\Users\keena\AppData\Local\Programs\Python\Python312\Lib\site-packages\botocore\data\s3\2006-03-01\service-2.json.gz
2024-12-26 19:53:11,573 - DEBUG - Loading JSON file: C:\Users\keena\AppData\Local\Programs\Python\Python312\Lib\site-packages\botocore\data\s3\2006-03-01\service-2.sdk-extras.json
2024-12-26 19:53:11,630 - DEBUG - Loading JSON file: C:\Users\keena\AppData\Local\Programs\Python\Python312\Lib\site-packages\botocore\data\s3\2006-03-01\endpoint-rule-set-1.json.gz
2024-12-26 19:53:11,633 - DEBUG - Loading JSON file: C:\Users\keena\AppData\Local\Programs\Python\Python312\Lib\site-packages\botocore\data\partitions.json
2024-12-26 19:53:11,634 - DEBUG - Event creating-client-class.s3: calling handler <function add_generate_presigned_post at 0x0000021D90F6AE80>
2024-12-26 19:53:11,635 - DEBUG - Event creating-client-class.s3: calling handler <function lazy_call.<locals>._handler at 0x0000021D910CD9E0>
2024-12-26 19:53:11,663 - DEBUG - Event creating-client-class.s3: calling handler <function add_generate_presigned_url at 0x0000021D90F6AC00>
2024-12-26 19:53:11,663 - DEBUG - Looking for endpoint for s3 via: environment_service
2024-12-26 19:53:11,664 - DEBUG - Looking for endpoint for s3 via: environment_global
2024-12-26 19:53:11,664 - DEBUG - Looking for endpoint for s3 via: config_service
2024-12-26 19:53:11,664 - DEBUG - Looking for endpoint for s3 via: config_global
2024-12-26 19:53:11,664 - DEBUG - No configured endpoint found.
2024-12-26 19:53:11,665 - DEBUG - Setting s3 timeout as (60, 60)
2024-12-26 19:53:11,668 - DEBUG - Loading JSON file: C:\Users\keena\AppData\Local\Programs\Python\Python312\Lib\site-packages\botocore\data\_retry.json
2024-12-26 19:53:11,669 - DEBUG - Registering retry handlers for service: s3
2024-12-26 19:53:11,669 - DEBUG - Registering S3 region redirector handler
2024-12-26 19:53:11,669 - DEBUG - Registering S3Express Identity Resolver
2024-12-26 19:53:11,670 - INFO - S3Manager initialized for bucket militaria-images
2024-12-26 19:53:15,247 - DEBUG - Navigating to products page: https://www.ea-militaria.com/new-items?p=0
2024-12-26 19:53:15,249 - DEBUG - Starting new HTTPS connection (1): www.ea-militaria.com:443
2024-12-26 19:53:16,621 - DEBUG - https://www.ea-militaria.com:443 "GET /new-items?p=0 HTTP/1.1" 200 None
2024-12-26 19:53:16,841 - INFO - 
------------------------------------------------------------
                    NEW INSTANCE STARTED                    
------------------------------------------------------------
2024-12-26 19:53:16,842 - INFO - MILITARIA SITE      : EA_MILITARIA
2024-12-26 19:53:16,842 - INFO - PRODUCTS URL        : https://www.ea-militaria.com/new-items?p=0
2024-12-26 19:53:16,842 - INFO - CYCLES RUN          : 0
2024-12-26 19:53:16,843 - INFO - PRODUCTS PROCESSED  : 0
2024-12-26 19:53:16,843 - INFO - TIMESTAMP           : 2024-12-26 19:53:16.841417
2024-12-26 19:53:16,843 - ERROR - Error constructing product URL: 'href'
2024-12-26 19:53:16,843 - WARNING - Product URL is invalid. Skipping this product.
2024-12-26 19:53:16,843 - DEBUG - Product URL constructed: https://www.ea-militaria.com/wehrmacht-officers-kavallerie-schirmmutze.html
2024-12-26 19:53:17,404 - DEBUG - Image upload needed for product URL: https://www.ea-militaria.com/wehrmacht-officers-kavallerie-schirmmutze.html.
2024-12-26 19:53:17,834 - DEBUG - https://www.ea-militaria.com:443 "GET /wehrmacht-officers-kavallerie-schirmmutze.html HTTP/1.1" 200 None
2024-12-26 19:53:18,155 - DEBUG - Scraped data: Title=Officers Kavallerie Schirmmütze, Price=1395.00, Available=True
2024-12-26 19:53:18,155 - DEBUG - Image extraction skipped due to missing or placeholder imageElement.
2024-12-26 19:53:18,155 - DEBUG - Image extraction skipped for product: https://www.ea-militaria.com/wehrmacht-officers-kavallerie-schirmmutze.html
2024-12-26 19:53:19,258 - INFO - Product 'https://www.ea-militaria.com/wehrmacht-officers-kavallerie-schirmmutze.html' was updated or inserted successfully.
2024-12-26 19:53:19,259 - DEBUG - Product URL constructed: https://www.ea-militaria.com/wehrmacht-porcelain-luftwaffe-dinner-plate-1941-aktiengesellschaft-porzellanfabrik-schonwald-1941.html
2024-12-26 19:53:19,817 - DEBUG - Image upload needed for product URL: https://www.ea-militaria.com/wehrmacht-porcelain-luftwaffe-dinner-plate-1941-aktiengesellschaft-porzellanfabrik-schonwald-1941.html.
2024-12-26 19:53:20,501 - DEBUG - https://www.ea-militaria.com:443 "GET /wehrmacht-porcelain-luftwaffe-dinner-plate-1941-aktiengesellschaft-porzellanfabrik-schonwald-1941.html HTTP/1.1" 200 None
2024-12-26 19:53:20,527 - DEBUG - Scraped data: Title=Luftwaffe Porcelain Dinner Plate (Schönwald, 1941), Price=40.00, Available=True
2024-12-26 19:53:20,527 - DEBUG - Image extraction skipped due to missing or placeholder imageElement.
2024-12-26 19:53:20,527 - DEBUG - Image extraction skipped for product: https://www.ea-militaria.com/wehrmacht-porcelain-luftwaffe-dinner-plate-1941-aktiengesellschaft-porzellanfabrik-schonwald-1941.html
2024-12-26 19:53:21,610 - INFO - Product 'https://www.ea-militaria.com/wehrmacht-porcelain-luftwaffe-dinner-plate-1941-aktiengesellschaft-porzellanfabrik-schonwald-1941.html' was updated or inserted successfully.
2024-12-26 19:53:21,610 - DEBUG - Product URL constructed: https://www.ea-militaria.com/reichswehr-porcelain-side-dish-plate-1936-carl-tielsch-en-co-altwasser.html
2024-12-26 19:53:22,166 - DEBUG - Image upload needed for product URL: https://www.ea-militaria.com/reichswehr-porcelain-side-dish-plate-1936-carl-tielsch-en-co-altwasser.html.
2024-12-26 19:53:22,851 - DEBUG - https://www.ea-militaria.com:443 "GET /reichswehr-porcelain-side-dish-plate-1936-carl-tielsch-en-co-altwasser.html HTTP/1.1" 200 None
2024-12-26 19:53:22,876 - DEBUG - Scraped data: Title=Reichswehr Porcelain Side Dish Plate (C.Tielsch, 1936), Price=35.00, Available=True
2024-12-26 19:53:22,877 - DEBUG - Image extraction skipped due to missing or placeholder imageElement.
2024-12-26 19:53:22,877 - DEBUG - Image extraction skipped for product: https://www.ea-militaria.com/reichswehr-porcelain-side-dish-plate-1936-carl-tielsch-en-co-altwasser.html
2024-12-26 19:53:23,967 - INFO - Product 'https://www.ea-militaria.com/reichswehr-porcelain-side-dish-plate-1936-carl-tielsch-en-co-altwasser.html' was updated or inserted successfully.
2024-12-26 19:53:23,967 - DEBUG - Product URL constructed: https://www.ea-militaria.com/deutsche-miniature-hitler-jugend-leistungsabzeichen-in-silber-unmarked.html
2024-12-26 19:53:24,510 - DEBUG - Image upload needed for product URL: https://www.ea-militaria.com/deutsche-miniature-hitler-jugend-leistungsabzeichen-in-silber-unmarked.html.
2024-12-26 19:53:25,287 - DEBUG - https://www.ea-militaria.com:443 "GET /deutsche-miniature-hitler-jugend-leistungsabzeichen-in-silber-unmarked.html HTTP/1.1" 200 None
2024-12-26 19:53:25,311 - DEBUG - Scraped data: Title=Miniature Silver HJ Leistungsabzeichen, Price=45.00, Available=True
2024-12-26 19:53:25,311 - DEBUG - Image extraction skipped due to missing or placeholder imageElement.
2024-12-26 19:53:25,311 - DEBUG - Image extraction skipped for product: https://www.ea-militaria.com/deutsche-miniature-hitler-jugend-leistungsabzeichen-in-silber-unmarked.html
2024-12-26 19:53:26,399 - INFO - Product 'https://www.ea-militaria.com/deutsche-miniature-hitler-jugend-leistungsabzeichen-in-silber-unmarked.html' was updated or inserted successfully.
2024-12-26 19:53:26,400 - DEBUG - Product URL constructed: https://www.ea-militaria.com/deutsche-miniature-hitler-jugend-leistungsabzeichen-in-bronze-m1-101-gustav-brehmer-markneukirchen.html
2024-12-26 19:53:26,944 - DEBUG - Image upload needed for product URL: https://www.ea-militaria.com/deutsche-miniature-hitler-jugend-leistungsabzeichen-in-bronze-m1-101-gustav-brehmer-markneukirchen.html.
2024-12-26 19:53:29,149 - DEBUG - https://www.ea-militaria.com:443 "GET /deutsche-miniature-hitler-jugend-leistungsabzeichen-in-bronze-m1-101-gustav-brehmer-markneukirchen.html HTTP/1.1" 200 None
2024-12-26 19:53:29,171 - DEBUG - Scraped data: Title=Miniature Bronze HJ Leistungsabzeichen (m1/101), Price=85.00, Available=False
2024-12-26 19:53:29,172 - DEBUG - Image extraction skipped due to missing or placeholder imageElement.
2024-12-26 19:53:29,172 - DEBUG - Image extraction skipped for product: https://www.ea-militaria.com/deutsche-miniature-hitler-jugend-leistungsabzeichen-in-bronze-m1-101-gustav-brehmer-markneukirchen.html
2024-12-26 19:53:30,880 - INFO - Product 'https://www.ea-militaria.com/deutsche-miniature-hitler-jugend-leistungsabzeichen-in-bronze-m1-101-gustav-brehmer-markneukirchen.html' was updated or inserted successfully.
2024-12-26 19:53:30,880 - DEBUG - Product URL constructed: https://www.ea-militaria.com/detusche-miniature-hitler-jugend-leistungsabzeichen-in-silber-m1-36-berg-en-nolte-ag-ludenscheid.html
2024-12-26 19:53:31,423 - DEBUG - Image upload needed for product URL: https://www.ea-militaria.com/detusche-miniature-hitler-jugend-leistungsabzeichen-in-silber-m1-36-berg-en-nolte-ag-ludenscheid.html.
2024-12-26 19:53:33,280 - DEBUG - https://www.ea-militaria.com:443 "GET /detusche-miniature-hitler-jugend-leistungsabzeichen-in-silber-m1-36-berg-en-nolte-ag-ludenscheid.html HTTP/1.1" 200 None
2024-12-26 19:53:33,305 - DEBUG - Scraped data: Title=Miniature Black HJ Leistungsabzeichen (m1/36), Price=150.00, Available=False
2024-12-26 19:53:33,305 - DEBUG - Image extraction skipped due to missing or placeholder imageElement.
2024-12-26 19:53:33,305 - DEBUG - Image extraction skipped for product: https://www.ea-militaria.com/detusche-miniature-hitler-jugend-leistungsabzeichen-in-silber-m1-36-berg-en-nolte-ag-ludenscheid.html
