2024-12-23 12:21:18,892 - INFO - Logging initialized. Log file: logs\2024-12-23_instance_3.log
2024-12-23 12:21:22,364 - INFO - 
------------------------------------------------------------
PROGRAM INITIALIZED 2024-12-23 12:21:22.364057
------------------------------------------------------------
2024-12-23 12:21:27,331 - INFO - PostgreSQL connection pool initialized.
2024-12-23 12:21:27,332 - DEBUG - Changing event name from creating-client-class.iot-data to creating-client-class.iot-data-plane
2024-12-23 12:21:27,334 - DEBUG - Changing event name from before-call.apigateway to before-call.api-gateway
2024-12-23 12:21:27,336 - DEBUG - Changing event name from request-created.machinelearning.Predict to request-created.machine-learning.Predict
2024-12-23 12:21:27,337 - DEBUG - Changing event name from before-parameter-build.autoscaling.CreateLaunchConfiguration to before-parameter-build.auto-scaling.CreateLaunchConfiguration
2024-12-23 12:21:27,337 - DEBUG - Changing event name from before-parameter-build.route53 to before-parameter-build.route-53
2024-12-23 12:21:27,337 - DEBUG - Changing event name from request-created.cloudsearchdomain.Search to request-created.cloudsearch-domain.Search
2024-12-23 12:21:27,338 - DEBUG - Changing event name from docs.*.autoscaling.CreateLaunchConfiguration.complete-section to docs.*.auto-scaling.CreateLaunchConfiguration.complete-section
2024-12-23 12:21:27,340 - DEBUG - Changing event name from before-parameter-build.logs.CreateExportTask to before-parameter-build.cloudwatch-logs.CreateExportTask
2024-12-23 12:21:27,340 - DEBUG - Changing event name from docs.*.logs.CreateExportTask.complete-section to docs.*.cloudwatch-logs.CreateExportTask.complete-section
2024-12-23 12:21:27,340 - DEBUG - Changing event name from before-parameter-build.cloudsearchdomain.Search to before-parameter-build.cloudsearch-domain.Search
2024-12-23 12:21:27,340 - DEBUG - Changing event name from docs.*.cloudsearchdomain.Search.complete-section to docs.*.cloudsearch-domain.Search.complete-section
2024-12-23 12:21:27,393 - DEBUG - Loading JSON file: C:\Users\keena\AppData\Local\Programs\Python\Python312\Lib\site-packages\botocore\data\endpoints.json
2024-12-23 12:21:27,402 - DEBUG - Loading JSON file: C:\Users\keena\AppData\Local\Programs\Python\Python312\Lib\site-packages\botocore\data\sdk-default-configuration.json
2024-12-23 12:21:27,403 - DEBUG - Event choose-service-name: calling handler <function handle_service_name_alias at 0x000002741ECF5E40>
2024-12-23 12:21:27,451 - DEBUG - Loading JSON file: C:\Users\keena\AppData\Local\Programs\Python\Python312\Lib\site-packages\botocore\data\s3\2006-03-01\service-2.json.gz
2024-12-23 12:21:27,456 - DEBUG - Loading JSON file: C:\Users\keena\AppData\Local\Programs\Python\Python312\Lib\site-packages\botocore\data\s3\2006-03-01\service-2.sdk-extras.json
2024-12-23 12:21:27,506 - DEBUG - Loading JSON file: C:\Users\keena\AppData\Local\Programs\Python\Python312\Lib\site-packages\botocore\data\s3\2006-03-01\endpoint-rule-set-1.json.gz
2024-12-23 12:21:27,509 - DEBUG - Loading JSON file: C:\Users\keena\AppData\Local\Programs\Python\Python312\Lib\site-packages\botocore\data\partitions.json
2024-12-23 12:21:27,510 - DEBUG - Event creating-client-class.s3: calling handler <function add_generate_presigned_post at 0x000002741EC36CA0>
2024-12-23 12:21:27,510 - DEBUG - Event creating-client-class.s3: calling handler <function lazy_call.<locals>._handler at 0x000002741ED9D8A0>
2024-12-23 12:21:27,537 - DEBUG - Event creating-client-class.s3: calling handler <function add_generate_presigned_url at 0x000002741EC36A20>
2024-12-23 12:21:27,537 - DEBUG - Looking for endpoint for s3 via: environment_service
2024-12-23 12:21:27,538 - DEBUG - Looking for endpoint for s3 via: environment_global
2024-12-23 12:21:27,538 - DEBUG - Looking for endpoint for s3 via: config_service
2024-12-23 12:21:27,538 - DEBUG - Looking for endpoint for s3 via: config_global
2024-12-23 12:21:27,538 - DEBUG - No configured endpoint found.
2024-12-23 12:21:27,539 - DEBUG - Setting s3 timeout as (60, 60)
2024-12-23 12:21:27,543 - DEBUG - Loading JSON file: C:\Users\keena\AppData\Local\Programs\Python\Python312\Lib\site-packages\botocore\data\_retry.json
2024-12-23 12:21:27,543 - DEBUG - Registering retry handlers for service: s3
2024-12-23 12:21:27,543 - DEBUG - Registering S3 region redirector handler
2024-12-23 12:21:27,544 - DEBUG - Registering S3Express Identity Resolver
2024-12-23 12:21:29,099 - DEBUG - Navigating to products page: https://www.ea-militaria.com/new-items?p=0
2024-12-23 12:21:29,101 - DEBUG - Starting new HTTPS connection (1): www.ea-militaria.com:443
2024-12-23 12:21:31,039 - DEBUG - https://www.ea-militaria.com:443 "GET /new-items?p=0 HTTP/1.1" 200 None
2024-12-23 12:21:31,236 - INFO - 
------------------------------------------------------------
                    NEW INSTANCE STARTED                    
------------------------------------------------------------
2024-12-23 12:21:31,238 - INFO - MILITARIA SITE      : EA_MILITARIA
2024-12-23 12:21:31,238 - INFO - PRODUCTS URL        : https://www.ea-militaria.com/new-items?p=0
2024-12-23 12:21:31,238 - INFO - CYCLES RUN          : 0
2024-12-23 12:21:31,238 - INFO - PRODUCTS PROCESSED  : 0
2024-12-23 12:21:31,238 - INFO - TIMESTAMP           : 2024-12-23 12:21:31.236997
2024-12-23 12:21:31,238 - ERROR - Error constructing product URL: 'href'
2024-12-23 12:21:31,239 - WARNING - Product URL is invalid. Skipping this product.
2024-12-23 12:21:31,239 - DEBUG - Product URL constructed: https://www.ea-militaria.com/wehrmach-wallmeister-arm-bade.html
2024-12-23 12:21:31,661 - DEBUG - https://www.ea-militaria.com:443 "GET /wehrmach-wallmeister-arm-bade.html HTTP/1.1" 200 None
2024-12-23 12:21:31,687 - DEBUG - Scraped data: Title=Wehrmacht *Wallmeister* Arm Badge, Price=45.00, Available=True
2024-12-23 12:21:31,687 - DEBUG - Image extraction skipped due to missing or placeholder imageElement.
2024-12-23 12:21:31,687 - DEBUG - Image extraction skipped for product: https://www.ea-militaria.com/wehrmach-wallmeister-arm-bade.html
2024-12-23 12:21:34,760 - INFO - Product 'https://www.ea-militaria.com/wehrmach-wallmeister-arm-bade.html' was updated or inserted successfully.
2024-12-23 12:21:34,761 - DEBUG - Product URL constructed: https://www.ea-militaria.com/wehrmacht-nco-hufbeschlagpersonal-arm-badge.html
2024-12-23 12:21:35,514 - DEBUG - https://www.ea-militaria.com:443 "GET /wehrmacht-nco-hufbeschlagpersonal-arm-badge.html HTTP/1.1" 200 None
2024-12-23 12:21:35,537 - DEBUG - Scraped data: Title=Wehrmacht NCO *Hufbeschlagpersonal* Arm Badge, Price=65.00, Available=True
2024-12-23 12:21:35,537 - DEBUG - Image extraction skipped due to missing or placeholder imageElement.
2024-12-23 12:21:35,537 - DEBUG - Image extraction skipped for product: https://www.ea-militaria.com/wehrmacht-nco-hufbeschlagpersonal-arm-badge.html
2024-12-23 12:21:38,153 - INFO - Product 'https://www.ea-militaria.com/wehrmacht-nco-hufbeschlagpersonal-arm-badge.html' was updated or inserted successfully.
2024-12-23 12:21:38,153 - DEBUG - Product URL constructed: https://www.ea-militaria.com/wehrmacht-kradschutzen-signal-blitz-badge.html
2024-12-23 12:21:38,933 - DEBUG - https://www.ea-militaria.com:443 "GET /wehrmacht-kradschutzen-signal-blitz-badge.html HTTP/1.1" 200 None
2024-12-23 12:21:38,955 - DEBUG - Scraped data: Title=Wehrmacht *Kradschützen* Signal-Blitz Badge, Price=45.00, Available=True
2024-12-23 12:21:38,955 - DEBUG - Image extraction skipped due to missing or placeholder imageElement.
2024-12-23 12:21:38,955 - DEBUG - Image extraction skipped for product: https://www.ea-militaria.com/wehrmacht-kradschutzen-signal-blitz-badge.html
2024-12-23 12:21:41,547 - INFO - Product 'https://www.ea-militaria.com/wehrmacht-kradschutzen-signal-blitz-badge.html' was updated or inserted successfully.
2024-12-23 12:21:41,548 - DEBUG - Product URL constructed: https://www.ea-militaria.com/german-panzer-handwerker-badge-1st-class.html
2024-12-23 12:21:42,289 - DEBUG - https://www.ea-militaria.com:443 "GET /german-panzer-handwerker-badge-1st-class.html HTTP/1.1" 200 None
2024-12-23 12:21:42,314 - DEBUG - Scraped data: Title=Wehrmacht *Kraftfahrzeug und Panzerwart I* Badge, Price=85.00, Available=True
2024-12-23 12:21:42,314 - DEBUG - Image extraction skipped due to missing or placeholder imageElement.
2024-12-23 12:21:42,314 - DEBUG - Image extraction skipped for product: https://www.ea-militaria.com/german-panzer-handwerker-badge-1st-class.html
2024-12-23 12:21:44,991 - INFO - Product 'https://www.ea-militaria.com/german-panzer-handwerker-badge-1st-class.html' was updated or inserted successfully.
2024-12-23 12:21:44,991 - DEBUG - Product URL constructed: https://www.ea-militaria.com/wehrmacht-handwerker-badge.html
2024-12-23 12:21:45,723 - DEBUG - https://www.ea-militaria.com:443 "GET /wehrmacht-handwerker-badge.html HTTP/1.1" 200 None
2024-12-23 12:21:45,750 - DEBUG - Scraped data: Title=Wehrmacht *Handwerker* Badge, Price=55.00, Available=True
2024-12-23 12:21:45,750 - DEBUG - Image extraction skipped due to missing or placeholder imageElement.
2024-12-23 12:21:45,751 - DEBUG - Image extraction skipped for product: https://www.ea-militaria.com/wehrmacht-handwerker-badge.html
2024-12-23 12:21:48,521 - INFO - Product 'https://www.ea-militaria.com/wehrmacht-handwerker-badge.html' was updated or inserted successfully.
2024-12-23 12:21:48,521 - DEBUG - Product URL constructed: https://www.ea-militaria.com/drl-sportabzeichen-wernstein-jena-in-silber.html
2024-12-23 12:21:49,277 - DEBUG - https://www.ea-militaria.com:443 "GET /drl-sportabzeichen-wernstein-jena-in-silber.html HTTP/1.1" 200 None
2024-12-23 12:21:49,302 - DEBUG - Scraped data: Title=Silver DRL Sportabzeichen, Price=85.00, Available=True
2024-12-23 12:21:49,302 - DEBUG - Image extraction skipped due to missing or placeholder imageElement.
2024-12-23 12:21:49,303 - DEBUG - Image extraction skipped for product: https://www.ea-militaria.com/drl-sportabzeichen-wernstein-jena-in-silber.html
2024-12-23 12:21:53,661 - INFO - Product 'https://www.ea-militaria.com/drl-sportabzeichen-wernstein-jena-in-silber.html' was updated or inserted successfully.
2024-12-23 12:21:53,661 - DEBUG - Product URL constructed: https://www.ea-militaria.com/rare-krim-campaign-shield-stickpin-16mm.html
2024-12-23 12:21:55,763 - DEBUG - https://www.ea-militaria.com:443 "GET /rare-krim-campaign-shield-stickpin-16mm.html HTTP/1.1" 200 None
2024-12-23 12:21:55,785 - DEBUG - Scraped data: Title=Rare Krim Campaign Shield Stickpin (16mm), Price=120.00, Available=True
2024-12-23 12:21:55,785 - DEBUG - Image extraction skipped due to missing or placeholder imageElement.
2024-12-23 12:21:55,785 - DEBUG - Image extraction skipped for product: https://www.ea-militaria.com/rare-krim-campaign-shield-stickpin-16mm.html
2024-12-23 12:22:00,156 - INFO - Product 'https://www.ea-militaria.com/rare-krim-campaign-shield-stickpin-16mm.html' was updated or inserted successfully.
2024-12-23 12:22:00,157 - DEBUG - Product URL constructed: https://www.ea-militaria.com/fliegerhorst-kompanie-werl-erkennungsmarke-379-ad2.html
2024-12-23 12:22:02,684 - DEBUG - https://www.ea-militaria.com:443 "GET /fliegerhorst-kompanie-werl-erkennungsmarke-379-ad2.html HTTP/1.1" 200 None
2024-12-23 12:22:02,703 - DEBUG - Scraped data: Title=Flg.H.Komp Werl Erkennungsmarke, Price=65.00, Available=True
2024-12-23 12:22:02,703 - DEBUG - Image extraction skipped due to missing or placeholder imageElement.
2024-12-23 12:22:02,703 - DEBUG - Image extraction skipped for product: https://www.ea-militaria.com/fliegerhorst-kompanie-werl-erkennungsmarke-379-ad2.html
2024-12-23 12:22:07,067 - INFO - Product 'https://www.ea-militaria.com/fliegerhorst-kompanie-werl-erkennungsmarke-379-ad2.html' was updated or inserted successfully.
2024-12-23 12:22:07,067 - DEBUG - Product URL constructed: https://www.ea-militaria.com/german-gold-drl-sportabzeichen-for-war-disabled-wernstein-jena.html
2024-12-23 12:22:09,777 - DEBUG - https://www.ea-militaria.com:443 "GET /german-gold-drl-sportabzeichen-for-war-disabled-wernstein-jena.html HTTP/1.1" 200 None
2024-12-23 12:22:09,803 - DEBUG - Scraped data: Title=Rare DRL Sportabzeichen Stickpin for War Disabled (W.Jena), Price=80.00, Available=True
2024-12-23 12:22:09,803 - DEBUG - Image extraction skipped due to missing or placeholder imageElement.
2024-12-23 12:22:09,803 - DEBUG - Image extraction skipped for product: https://www.ea-militaria.com/german-gold-drl-sportabzeichen-for-war-disabled-wernstein-jena.html
2024-12-23 12:22:14,146 - INFO - Product 'https://www.ea-militaria.com/german-gold-drl-sportabzeichen-for-war-disabled-wernstein-jena.html' was updated or inserted successfully.
2024-12-23 12:22:14,147 - DEBUG - Product URL constructed: https://www.ea-militaria.com/named-luftwaffe-lkpw101-flight-helmet-jg77.html
2024-12-23 12:22:17,298 - DEBUG - https://www.ea-militaria.com:443 "GET /named-luftwaffe-lkpw101-flight-helmet-jg77.html HTTP/1.1" 200 None
2024-12-23 12:22:17,321 - DEBUG - Scraped data: Title=Named Luftwaffe LKpW101 Flight Helmet (JG77), Price=495.00, Available=True
2024-12-23 12:22:17,322 - DEBUG - Image extraction skipped due to missing or placeholder imageElement.
2024-12-23 12:22:17,322 - DEBUG - Image extraction skipped for product: https://www.ea-militaria.com/named-luftwaffe-lkpw101-flight-helmet-jg77.html
2024-12-23 12:22:21,692 - INFO - Product 'https://www.ea-militaria.com/named-luftwaffe-lkpw101-flight-helmet-jg77.html' was updated or inserted successfully.
2024-12-23 12:22:21,692 - DEBUG - Product URL constructed: https://www.ea-militaria.com/officers-gebirgstruppe-schirmmutze-august-muller-munchen.html
2024-12-23 12:22:24,648 - DEBUG - https://www.ea-militaria.com:443 "GET /officers-gebirgstruppe-schirmmutze-august-muller-munchen.html HTTP/1.1" 200 None
2024-12-23 12:22:24,675 - DEBUG - Scraped data: Title=Officers Gebirgstruppe Schirmmütze (August Müller), Price=1550.00, Available=True
2024-12-23 12:22:24,675 - DEBUG - Image extraction skipped due to missing or placeholder imageElement.
2024-12-23 12:22:24,675 - DEBUG - Image extraction skipped for product: https://www.ea-militaria.com/officers-gebirgstruppe-schirmmutze-august-muller-munchen.html
2024-12-23 12:22:29,007 - INFO - Product 'https://www.ea-militaria.com/officers-gebirgstruppe-schirmmutze-august-muller-munchen.html' was updated or inserted successfully.
2024-12-23 12:22:29,007 - DEBUG - Product URL constructed: https://www.ea-militaria.com/large-luftwaffe-navigation-map-nl-germany.html
2024-12-23 12:22:31,775 - DEBUG - https://www.ea-militaria.com:443 "GET /large-luftwaffe-navigation-map-nl-germany.html HTTP/1.1" 200 None
2024-12-23 12:22:31,800 - DEBUG - Scraped data: Title=Large! Luftwaffe Navigation Map (NL/Germany), Price=175.00, Available=True
2024-12-23 12:22:31,801 - DEBUG - Image extraction skipped due to missing or placeholder imageElement.
2024-12-23 12:22:31,801 - DEBUG - Image extraction skipped for product: https://www.ea-militaria.com/large-luftwaffe-navigation-map-nl-germany.html
2024-12-23 12:22:36,171 - INFO - Product 'https://www.ea-militaria.com/large-luftwaffe-navigation-map-nl-germany.html' was updated or inserted successfully.
2024-12-23 12:22:36,171 - DEBUG - Product URL constructed: https://www.ea-militaria.com/bakelite-marschkompass-a-cxn.html
2024-12-23 12:22:40,348 - DEBUG - https://www.ea-militaria.com:443 "GET /bakelite-marschkompass-a-cxn.html HTTP/1.1" 200 None
2024-12-23 12:22:40,375 - DEBUG - Scraped data: Title=Bakelite Marschkompass (A), Price=90.00, Available=False
2024-12-23 12:22:40,375 - DEBUG - Image extraction skipped due to missing or placeholder imageElement.
2024-12-23 12:22:40,375 - DEBUG - Image extraction skipped for product: https://www.ea-militaria.com/bakelite-marschkompass-a-cxn.html
2024-12-23 12:22:44,716 - INFO - Product 'https://www.ea-militaria.com/bakelite-marschkompass-a-cxn.html' was updated or inserted successfully.
2024-12-23 12:22:44,716 - DEBUG - Product URL constructed: https://www.ea-militaria.com/stab-i-bataillon-2-ss-freiwillige-legion-lettland-erkennungsmarke-142.html
2024-12-23 12:22:47,337 - DEBUG - https://www.ea-militaria.com:443 "GET /stab-i-bataillon-2-ss-freiwillige-legion-lettland-erkennungsmarke-142.html HTTP/1.1" 200 None
2024-12-23 12:22:47,358 - DEBUG - Scraped data: Title=Stab I/2.ᛋᛋ-Fr.Leg.Lettl. Erkennungsmarke, Price=255.00, Available=True
2024-12-23 12:22:47,358 - DEBUG - Image extraction skipped due to missing or placeholder imageElement.
2024-12-23 12:22:47,359 - DEBUG - Image extraction skipped for product: https://www.ea-militaria.com/stab-i-bataillon-2-ss-freiwillige-legion-lettland-erkennungsmarke-142.html
2024-12-23 12:22:51,742 - INFO - Product 'https://www.ea-militaria.com/stab-i-bataillon-2-ss-freiwillige-legion-lettland-erkennungsmarke-142.html' was updated or inserted successfully.
2024-12-23 12:22:51,742 - DEBUG - Product URL constructed: https://www.ea-militaria.com/stamm-kanzlei-kavallerie-ersatz-abteilung-100-erkennungsmarke-999-ad2.html
2024-12-23 12:22:55,044 - DEBUG - https://www.ea-militaria.com:443 "GET /stamm-kanzlei-kavallerie-ersatz-abteilung-100-erkennungsmarke-999-ad2.html HTTP/1.1" 200 None
2024-12-23 12:22:55,066 - DEBUG - Scraped data: Title=St.Kanzl.Kav.Ers.Abt.100 Erkennungsmarke, Price=150.00, Available=False
2024-12-23 12:22:55,067 - DEBUG - Image extraction skipped due to missing or placeholder imageElement.
2024-12-23 12:22:55,067 - DEBUG - Image extraction skipped for product: https://www.ea-militaria.com/stamm-kanzlei-kavallerie-ersatz-abteilung-100-erkennungsmarke-999-ad2.html
2024-12-23 12:22:59,556 - INFO - Product 'https://www.ea-militaria.com/stamm-kanzlei-kavallerie-ersatz-abteilung-100-erkennungsmarke-999-ad2.html' was updated or inserted successfully.
2024-12-23 12:22:59,556 - DEBUG - Product URL constructed: https://www.ea-militaria.com/german-kriegsschrott-enameled-serving-ladle.html
2024-12-23 12:23:02,153 - DEBUG - https://www.ea-militaria.com:443 "GET /german-kriegsschrott-enameled-serving-ladle.html HTTP/1.1" 200 None
2024-12-23 12:23:02,191 - DEBUG - Scraped data: Title=German *Kriegsschrott* Enameled Serving Ladle, Price=75.00, Available=False
2024-12-23 12:23:02,191 - DEBUG - Image extraction skipped due to missing or placeholder imageElement.
2024-12-23 12:23:02,191 - DEBUG - Image extraction skipped for product: https://www.ea-militaria.com/german-kriegsschrott-enameled-serving-ladle.html
2024-12-23 12:23:06,613 - INFO - Product 'https://www.ea-militaria.com/german-kriegsschrott-enameled-serving-ladle.html' was updated or inserted successfully.
2024-12-23 12:23:06,613 - DEBUG - Product URL constructed: https://www.ea-militaria.com/german-kriegsschrott-enameled-tub-gasmaskfilter.html
2024-12-23 12:23:08,468 - DEBUG - https://www.ea-militaria.com:443 "GET /german-kriegsschrott-enameled-tub-gasmaskfilter.html HTTP/1.1" 200 None
2024-12-23 12:23:08,533 - DEBUG - Scraped data: Title=German *Kriegsschrott* Enameled tub, Price=45.00, Available=True
2024-12-23 12:23:08,533 - DEBUG - Image extraction skipped due to missing or placeholder imageElement.
2024-12-23 12:23:08,533 - DEBUG - Image extraction skipped for product: https://www.ea-militaria.com/german-kriegsschrott-enameled-tub-gasmaskfilter.html
2024-12-23 12:23:12,848 - INFO - Product 'https://www.ea-militaria.com/german-kriegsschrott-enameled-tub-gasmaskfilter.html' was updated or inserted successfully.
2024-12-23 12:23:12,849 - DEBUG - Product URL constructed: https://www.ea-militaria.com/porcelain-heer-marked-dinner-plate-1937-carl-tielsch-en-co-altwasser.html
2024-12-23 12:23:15,830 - DEBUG - https://www.ea-militaria.com:443 "GET /porcelain-heer-marked-dinner-plate-1937-carl-tielsch-en-co-altwasser.html HTTP/1.1" 200 None
2024-12-23 12:23:15,854 - DEBUG - Scraped data: Title=Wehrmacht Porcelain Diner Plate (C.Tielsch, 1937), Price=50.00, Available=True
2024-12-23 12:23:15,854 - DEBUG - Image extraction skipped due to missing or placeholder imageElement.
2024-12-23 12:23:15,854 - DEBUG - Image extraction skipped for product: https://www.ea-militaria.com/porcelain-heer-marked-dinner-plate-1937-carl-tielsch-en-co-altwasser.html
2024-12-23 12:23:20,220 - INFO - Product 'https://www.ea-militaria.com/porcelain-heer-marked-dinner-plate-1937-carl-tielsch-en-co-altwasser.html' was updated or inserted successfully.
2024-12-23 12:23:20,221 - DEBUG - Product URL constructed: https://www.ea-militaria.com/porcelain-german-wehrmacht-diner-plate-hutschenreuther-selb-bavaria-germany-1942.html
2024-12-23 12:23:22,414 - DEBUG - https://www.ea-militaria.com:443 "GET /porcelain-german-wehrmacht-diner-plate-hutschenreuther-selb-bavaria-germany-1942.html HTTP/1.1" 200 None
2024-12-23 12:23:22,440 - DEBUG - Scraped data: Title=Porcelain Wehrmacht DIner Plate (Hutschenreuther, 1942), Price=50.00, Available=True
2024-12-23 12:23:22,441 - DEBUG - Image extraction skipped due to missing or placeholder imageElement.
2024-12-23 12:23:22,441 - DEBUG - Image extraction skipped for product: https://www.ea-militaria.com/porcelain-german-wehrmacht-diner-plate-hutschenreuther-selb-bavaria-germany-1942.html
2024-12-23 12:23:26,722 - INFO - Product 'https://www.ea-militaria.com/porcelain-german-wehrmacht-diner-plate-hutschenreuther-selb-bavaria-germany-1942.html' was updated or inserted successfully.
2024-12-23 12:23:26,722 - DEBUG - Product URL constructed: https://www.ea-militaria.com/large-luftwaffe-porcelain-serving-platter-kpm-1940.html
2024-12-23 12:23:28,759 - DEBUG - https://www.ea-militaria.com:443 "GET /large-luftwaffe-porcelain-serving-platter-kpm-1940.html HTTP/1.1" 200 None
2024-12-23 12:23:28,782 - DEBUG - Scraped data: Title=Large LW Porcelain Serving Platter (KPM, 1940), Price=100.00, Available=True
2024-12-23 12:23:28,782 - DEBUG - Image extraction skipped due to missing or placeholder imageElement.
2024-12-23 12:23:28,782 - DEBUG - Image extraction skipped for product: https://www.ea-militaria.com/large-luftwaffe-porcelain-serving-platter-kpm-1940.html
2024-12-23 12:23:33,741 - INFO - Product 'https://www.ea-militaria.com/large-luftwaffe-porcelain-serving-platter-kpm-1940.html' was updated or inserted successfully.
2024-12-23 12:23:33,742 - DEBUG - Product URL constructed: https://www.ea-militaria.com/wehrmacht-porcelain-gravy-boat-heinrich-en-co-selb-bavaria-1938.html
2024-12-23 12:23:37,266 - DEBUG - https://www.ea-militaria.com:443 "GET /wehrmacht-porcelain-gravy-boat-heinrich-en-co-selb-bavaria-1938.html HTTP/1.1" 200 None
2024-12-23 12:23:37,289 - DEBUG - Scraped data: Title=Wehrmacht Porcelain Gravy Boat (H&C, 1938), Price=95.00, Available=True
2024-12-23 12:23:37,289 - DEBUG - Image extraction skipped due to missing or placeholder imageElement.
2024-12-23 12:23:37,289 - DEBUG - Image extraction skipped for product: https://www.ea-militaria.com/wehrmacht-porcelain-gravy-boat-heinrich-en-co-selb-bavaria-1938.html
2024-12-23 12:23:41,483 - INFO - Product 'https://www.ea-militaria.com/wehrmacht-porcelain-gravy-boat-heinrich-en-co-selb-bavaria-1938.html' was updated or inserted successfully.
2024-12-23 12:23:41,483 - DEBUG - Product URL constructed: https://www.ea-militaria.com/large-6-marine-kraftfahr-abteilung-commemorative-book.html
2024-12-23 12:23:45,287 - DEBUG - https://www.ea-militaria.com:443 "GET /large-6-marine-kraftfahr-abteilung-commemorative-book.html HTTP/1.1" 200 None
2024-12-23 12:23:45,319 - DEBUG - Scraped data: Title=Large! 6.Marine Kraftfahr Abteilung Commemorative Book, Price=150.00, Available=True
2024-12-23 12:23:45,319 - DEBUG - Image extraction skipped due to missing or placeholder imageElement.
2024-12-23 12:23:45,319 - DEBUG - Image extraction skipped for product: https://www.ea-militaria.com/large-6-marine-kraftfahr-abteilung-commemorative-book.html
2024-12-23 12:23:49,616 - INFO - Product 'https://www.ea-militaria.com/large-6-marine-kraftfahr-abteilung-commemorative-book.html' was updated or inserted successfully.
2024-12-23 12:23:49,616 - DEBUG - Product URL constructed: https://www.ea-militaria.com/3-schutzen-kompanie-feld-ersatz-bataillon-33-erkennungsmarke-dh.html
2024-12-23 12:23:52,066 - DEBUG - https://www.ea-militaria.com:443 "GET /3-schutzen-kompanie-feld-ersatz-bataillon-33-erkennungsmarke-dh.html HTTP/1.1" 200 None
2024-12-23 12:23:52,088 - DEBUG - Scraped data: Title=3.Kp.Feld.Ers.Btl.33 EKM (33.Inf.-Div.), Price=55.00, Available=False
2024-12-23 12:23:52,088 - DEBUG - Image extraction skipped due to missing or placeholder imageElement.
2024-12-23 12:23:52,088 - DEBUG - Image extraction skipped for product: https://www.ea-militaria.com/3-schutzen-kompanie-feld-ersatz-bataillon-33-erkennungsmarke-dh.html
2024-12-23 12:23:55,836 - INFO - Product 'https://www.ea-militaria.com/3-schutzen-kompanie-feld-ersatz-bataillon-33-erkennungsmarke-dh.html' was updated or inserted successfully.
2024-12-23 12:23:55,836 - DEBUG - Product URL constructed: https://www.ea-militaria.com/nachrichten-zug-1-batterie-artillerie-regiment-116-erkennungsmarke-dh.html
2024-12-23 12:23:57,832 - DEBUG - https://www.ea-militaria.com:443 "GET /nachrichten-zug-1-batterie-artillerie-regiment-116-erkennungsmarke-dh.html HTTP/1.1" 200 None
2024-12-23 12:23:57,856 - DEBUG - Scraped data: Title=Nachr.Zug. 1.Btr./ Art.Regt.116 EKM (5.Pz.-Div.), Price=35.00, Available=False
2024-12-23 12:23:57,856 - DEBUG - Image extraction skipped due to missing or placeholder imageElement.
2024-12-23 12:23:57,857 - DEBUG - Image extraction skipped for product: https://www.ea-militaria.com/nachrichten-zug-1-batterie-artillerie-regiment-116-erkennungsmarke-dh.html
2024-12-23 12:24:02,274 - INFO - Product 'https://www.ea-militaria.com/nachrichten-zug-1-batterie-artillerie-regiment-116-erkennungsmarke-dh.html' was updated or inserted successfully.
2024-12-23 12:24:02,274 - DEBUG - Product URL constructed: https://www.ea-militaria.com/die-wehrmacht-sonderheft-magazine-osterreich-1938.html
2024-12-23 12:24:16,116 - DEBUG - https://www.ea-militaria.com:443 "GET /die-wehrmacht-sonderheft-magazine-osterreich-1938.html HTTP/1.1" 200 None
2024-12-23 12:24:16,165 - DEBUG - Scraped data: Title=Rare *Die Wehrmacht Sonderheft* Magazine, Price=95.00, Available=True
2024-12-23 12:24:16,165 - DEBUG - Image extraction skipped due to missing or placeholder imageElement.
2024-12-23 12:24:16,165 - DEBUG - Image extraction skipped for product: https://www.ea-militaria.com/die-wehrmacht-sonderheft-magazine-osterreich-1938.html
2024-12-23 12:24:20,797 - INFO - Product 'https://www.ea-militaria.com/die-wehrmacht-sonderheft-magazine-osterreich-1938.html' was updated or inserted successfully.
2024-12-23 12:24:20,798 - INFO - Target match count (25) reached. Terminating site processing.
2024-12-23 12:24:20,798 - INFO - 
------------------------------------------------------------
                    INSTANCE TERMINATED                     
------------------------------------------------------------
2024-12-23 12:24:20,798 - INFO - MILITARIA SITE      : EA_MILITARIA
2024-12-23 12:24:20,798 - INFO - CONSECUTIVE MATCHES : 25 / 25
2024-12-23 12:24:20,798 - INFO - CYCLES RUN          : 0
2024-12-23 12:24:20,798 - INFO - PRODUCTS PROCESSED  : 0
2024-12-23 12:24:20,798 - INFO - TIMESTAMP           : 2024-12-23 12:24:20.798645
2024-12-23 12:24:20,799 - INFO - Successfully processed site: EA_MILITARIA
2024-12-23 12:24:20,799 - INFO - Pausing for 900 seconds before starting the next cycle...
