2024-12-24 11:04:49,310 - INFO - Logging initialized. Log file: logs\2024-12-24_instance_2.log
2024-12-24 11:04:51,864 - INFO - 
------------------------------------------------------------
PROGRAM INITIALIZED 2024-12-24 11:04:51.864432
------------------------------------------------------------
2024-12-24 11:04:57,464 - INFO - PostgreSQL connection pool initialized.
2024-12-24 11:04:57,465 - DEBUG - Changing event name from creating-client-class.iot-data to creating-client-class.iot-data-plane
2024-12-24 11:04:57,467 - DEBUG - Changing event name from before-call.apigateway to before-call.api-gateway
2024-12-24 11:04:57,468 - DEBUG - Changing event name from request-created.machinelearning.Predict to request-created.machine-learning.Predict
2024-12-24 11:04:57,469 - DEBUG - Changing event name from before-parameter-build.autoscaling.CreateLaunchConfiguration to before-parameter-build.auto-scaling.CreateLaunchConfiguration
2024-12-24 11:04:57,470 - DEBUG - Changing event name from before-parameter-build.route53 to before-parameter-build.route-53
2024-12-24 11:04:57,470 - DEBUG - Changing event name from request-created.cloudsearchdomain.Search to request-created.cloudsearch-domain.Search
2024-12-24 11:04:57,471 - DEBUG - Changing event name from docs.*.autoscaling.CreateLaunchConfiguration.complete-section to docs.*.auto-scaling.CreateLaunchConfiguration.complete-section
2024-12-24 11:04:57,473 - DEBUG - Changing event name from before-parameter-build.logs.CreateExportTask to before-parameter-build.cloudwatch-logs.CreateExportTask
2024-12-24 11:04:57,473 - DEBUG - Changing event name from docs.*.logs.CreateExportTask.complete-section to docs.*.cloudwatch-logs.CreateExportTask.complete-section
2024-12-24 11:04:57,473 - DEBUG - Changing event name from before-parameter-build.cloudsearchdomain.Search to before-parameter-build.cloudsearch-domain.Search
2024-12-24 11:04:57,473 - DEBUG - Changing event name from docs.*.cloudsearchdomain.Search.complete-section to docs.*.cloudsearch-domain.Search.complete-section
2024-12-24 11:04:57,534 - DEBUG - Loading JSON file: C:\Users\keena\AppData\Local\Programs\Python\Python312\Lib\site-packages\botocore\data\endpoints.json
2024-12-24 11:04:57,544 - DEBUG - Loading JSON file: C:\Users\keena\AppData\Local\Programs\Python\Python312\Lib\site-packages\botocore\data\sdk-default-configuration.json
2024-12-24 11:04:57,545 - DEBUG - Event choose-service-name: calling handler <function handle_service_name_alias at 0x0000019056119DA0>
2024-12-24 11:04:57,596 - DEBUG - Loading JSON file: C:\Users\keena\AppData\Local\Programs\Python\Python312\Lib\site-packages\botocore\data\s3\2006-03-01\service-2.json.gz
2024-12-24 11:04:57,602 - DEBUG - Loading JSON file: C:\Users\keena\AppData\Local\Programs\Python\Python312\Lib\site-packages\botocore\data\s3\2006-03-01\service-2.sdk-extras.json
2024-12-24 11:04:57,653 - DEBUG - Loading JSON file: C:\Users\keena\AppData\Local\Programs\Python\Python312\Lib\site-packages\botocore\data\s3\2006-03-01\endpoint-rule-set-1.json.gz
2024-12-24 11:04:57,655 - DEBUG - Loading JSON file: C:\Users\keena\AppData\Local\Programs\Python\Python312\Lib\site-packages\botocore\data\partitions.json
2024-12-24 11:04:57,657 - DEBUG - Event creating-client-class.s3: calling handler <function add_generate_presigned_post at 0x0000019056056C00>
2024-12-24 11:04:57,657 - DEBUG - Event creating-client-class.s3: calling handler <function lazy_call.<locals>._handler at 0x00000190561BD800>
2024-12-24 11:04:57,686 - DEBUG - Event creating-client-class.s3: calling handler <function add_generate_presigned_url at 0x0000019056056980>
2024-12-24 11:04:57,687 - DEBUG - Looking for endpoint for s3 via: environment_service
2024-12-24 11:04:57,687 - DEBUG - Looking for endpoint for s3 via: environment_global
2024-12-24 11:04:57,687 - DEBUG - Looking for endpoint for s3 via: config_service
2024-12-24 11:04:57,687 - DEBUG - Looking for endpoint for s3 via: config_global
2024-12-24 11:04:57,687 - DEBUG - No configured endpoint found.
2024-12-24 11:04:57,689 - DEBUG - Setting s3 timeout as (60, 60)
2024-12-24 11:04:57,692 - DEBUG - Loading JSON file: C:\Users\keena\AppData\Local\Programs\Python\Python312\Lib\site-packages\botocore\data\_retry.json
2024-12-24 11:04:57,692 - DEBUG - Registering retry handlers for service: s3
2024-12-24 11:04:57,693 - DEBUG - Registering S3 region redirector handler
2024-12-24 11:04:57,693 - DEBUG - Registering S3Express Identity Resolver
2024-12-24 11:04:59,779 - DEBUG - Navigating to products page: https://fjm44.com/shop/page/0/
2024-12-24 11:04:59,781 - DEBUG - Starting new HTTPS connection (1): fjm44.com:443
2024-12-24 11:05:01,058 - DEBUG - https://fjm44.com:443 "GET /shop/page/0/ HTTP/1.1" 200 None
2024-12-24 11:05:01,094 - INFO - 
------------------------------------------------------------
                    NEW INSTANCE STARTED                    
------------------------------------------------------------
2024-12-24 11:05:01,094 - INFO - MILITARIA SITE      : FJM44
2024-12-24 11:05:01,094 - INFO - PRODUCTS URL        : https://fjm44.com/shop/page/0/
2024-12-24 11:05:01,095 - INFO - CYCLES RUN          : 0
2024-12-24 11:05:01,095 - INFO - PRODUCTS PROCESSED  : 0
2024-12-24 11:05:01,095 - INFO - TIMESTAMP           : 2024-12-24 11:05:01.094318
2024-12-24 11:05:01,095 - DEBUG - Product URL constructed: https://fjm44.com/product/non-reversible-late-war-matching-hard-edged-sumpftarn-winter-parka-set/
2024-12-24 11:05:01,382 - DEBUG - https://fjm44.com:443 "GET /product/non-reversible-late-war-matching-hard-edged-sumpftarn-winter-parka-set/ HTTP/1.1" 200 None
2024-12-24 11:05:01,401 - DEBUG - Extracted image URLs: ['https://fjm44.com/wp-content/uploads/2024/12/fjm_11866-scaled.jpg', 'https://fjm44.com/wp-content/uploads/2024/12/fjm_11865-scaled.jpg', 'https://fjm44.com/wp-content/uploads/2024/12/fjm_11864-scaled.jpg', 'https://fjm44.com/wp-content/uploads/2024/12/fjm_11863-scaled.jpg', 'https://fjm44.com/wp-content/uploads/2024/12/fjm_11862-scaled.jpg', 'https://fjm44.com/wp-content/uploads/2024/12/fjm_11861-scaled.jpg', 'https://fjm44.com/wp-content/uploads/2024/12/fjm_11860-scaled.jpg', 'https://fjm44.com/wp-content/uploads/2024/12/fjm_11859-scaled.jpg', 'https://fjm44.com/wp-content/uploads/2024/12/fjm_11858-scaled.jpg', 'https://fjm44.com/wp-content/uploads/2024/12/fjm_11857-scaled.jpg', 'https://fjm44.com/wp-content/uploads/2024/12/fjm_11856-scaled.jpg', 'https://fjm44.com/wp-content/uploads/2024/12/fjm_11855-scaled.jpg', 'https://fjm44.com/wp-content/uploads/2024/12/fjm_11854-scaled.jpg', 'https://fjm44.com/wp-content/uploads/2024/12/fjm_11853-scaled.jpg', 'https://fjm44.com/wp-content/uploads/2024/12/fjm_11852-scaled.jpg', 'https://fjm44.com/wp-content/uploads/2024/12/fjm_11851-scaled.jpg', 'https://fjm44.com/wp-content/uploads/2024/12/fjm_11850-scaled.jpg', 'https://fjm44.com/wp-content/uploads/2024/12/fjm_11849-scaled.jpg', 'https://fjm44.com/wp-content/uploads/2024/12/fjm_11848-scaled.jpg', 'https://fjm44.com/wp-content/uploads/2024/12/fjm_11847-scaled.jpg', 'https://fjm44.com/wp-content/uploads/2024/12/fjm_11846-scaled.jpg', 'https://fjm44.com/wp-content/uploads/2024/12/fjm_11845-scaled.jpg', 'https://fjm44.com/wp-content/uploads/2024/12/fjm_11844-scaled.jpg', 'https://fjm44.com/wp-content/uploads/2024/12/fjm_11843-scaled.jpg', 'https://fjm44.com/wp-content/uploads/2024/12/fjm_11842-scaled.jpg']
2024-12-24 11:05:01,402 - DEBUG - Scraped data: Title=Non reversible late war matching hard edged Sumpftarn winter parka set, Price=3000.00, Available=True
2024-12-24 11:05:01,402 - WARNING - Error uploading image https://fjm44.com/wp-content/uploads/2024/12/fjm_11866-scaled.jpg: S3Manager.upload_image() missing 1 required positional argument: 'site_name'
2024-12-24 11:05:01,403 - WARNING - Error uploading image https://fjm44.com/wp-content/uploads/2024/12/fjm_11865-scaled.jpg: S3Manager.upload_image() missing 1 required positional argument: 'site_name'
2024-12-24 11:05:01,403 - WARNING - Error uploading image https://fjm44.com/wp-content/uploads/2024/12/fjm_11864-scaled.jpg: S3Manager.upload_image() missing 1 required positional argument: 'site_name'
2024-12-24 11:05:01,403 - WARNING - Error uploading image https://fjm44.com/wp-content/uploads/2024/12/fjm_11863-scaled.jpg: S3Manager.upload_image() missing 1 required positional argument: 'site_name'
2024-12-24 11:05:01,403 - WARNING - Error uploading image https://fjm44.com/wp-content/uploads/2024/12/fjm_11862-scaled.jpg: S3Manager.upload_image() missing 1 required positional argument: 'site_name'
2024-12-24 11:05:01,404 - WARNING - Error uploading image https://fjm44.com/wp-content/uploads/2024/12/fjm_11861-scaled.jpg: S3Manager.upload_image() missing 1 required positional argument: 'site_name'
2024-12-24 11:05:01,404 - WARNING - Error uploading image https://fjm44.com/wp-content/uploads/2024/12/fjm_11860-scaled.jpg: S3Manager.upload_image() missing 1 required positional argument: 'site_name'
2024-12-24 11:05:01,404 - WARNING - Error uploading image https://fjm44.com/wp-content/uploads/2024/12/fjm_11859-scaled.jpg: S3Manager.upload_image() missing 1 required positional argument: 'site_name'
2024-12-24 11:05:01,404 - WARNING - Error uploading image https://fjm44.com/wp-content/uploads/2024/12/fjm_11858-scaled.jpg: S3Manager.upload_image() missing 1 required positional argument: 'site_name'
2024-12-24 11:05:01,404 - WARNING - Error uploading image https://fjm44.com/wp-content/uploads/2024/12/fjm_11857-scaled.jpg: S3Manager.upload_image() missing 1 required positional argument: 'site_name'
2024-12-24 11:05:01,405 - WARNING - Error uploading image https://fjm44.com/wp-content/uploads/2024/12/fjm_11856-scaled.jpg: S3Manager.upload_image() missing 1 required positional argument: 'site_name'
2024-12-24 11:05:01,405 - WARNING - Error uploading image https://fjm44.com/wp-content/uploads/2024/12/fjm_11855-scaled.jpg: S3Manager.upload_image() missing 1 required positional argument: 'site_name'
2024-12-24 11:05:01,405 - WARNING - Error uploading image https://fjm44.com/wp-content/uploads/2024/12/fjm_11854-scaled.jpg: S3Manager.upload_image() missing 1 required positional argument: 'site_name'
2024-12-24 11:05:01,405 - WARNING - Error uploading image https://fjm44.com/wp-content/uploads/2024/12/fjm_11853-scaled.jpg: S3Manager.upload_image() missing 1 required positional argument: 'site_name'
2024-12-24 11:05:01,405 - WARNING - Error uploading image https://fjm44.com/wp-content/uploads/2024/12/fjm_11852-scaled.jpg: S3Manager.upload_image() missing 1 required positional argument: 'site_name'
2024-12-24 11:05:01,406 - WARNING - Error uploading image https://fjm44.com/wp-content/uploads/2024/12/fjm_11851-scaled.jpg: S3Manager.upload_image() missing 1 required positional argument: 'site_name'
2024-12-24 11:05:01,406 - WARNING - Error uploading image https://fjm44.com/wp-content/uploads/2024/12/fjm_11850-scaled.jpg: S3Manager.upload_image() missing 1 required positional argument: 'site_name'
2024-12-24 11:05:01,406 - WARNING - Error uploading image https://fjm44.com/wp-content/uploads/2024/12/fjm_11849-scaled.jpg: S3Manager.upload_image() missing 1 required positional argument: 'site_name'
2024-12-24 11:05:01,406 - WARNING - Error uploading image https://fjm44.com/wp-content/uploads/2024/12/fjm_11848-scaled.jpg: S3Manager.upload_image() missing 1 required positional argument: 'site_name'
2024-12-24 11:05:01,406 - WARNING - Error uploading image https://fjm44.com/wp-content/uploads/2024/12/fjm_11847-scaled.jpg: S3Manager.upload_image() missing 1 required positional argument: 'site_name'
2024-12-24 11:05:01,407 - WARNING - Error uploading image https://fjm44.com/wp-content/uploads/2024/12/fjm_11846-scaled.jpg: S3Manager.upload_image() missing 1 required positional argument: 'site_name'
2024-12-24 11:05:01,407 - WARNING - Error uploading image https://fjm44.com/wp-content/uploads/2024/12/fjm_11845-scaled.jpg: S3Manager.upload_image() missing 1 required positional argument: 'site_name'
2024-12-24 11:05:01,407 - WARNING - Error uploading image https://fjm44.com/wp-content/uploads/2024/12/fjm_11844-scaled.jpg: S3Manager.upload_image() missing 1 required positional argument: 'site_name'
2024-12-24 11:05:01,407 - WARNING - Error uploading image https://fjm44.com/wp-content/uploads/2024/12/fjm_11843-scaled.jpg: S3Manager.upload_image() missing 1 required positional argument: 'site_name'
2024-12-24 11:05:01,408 - WARNING - Error uploading image https://fjm44.com/wp-content/uploads/2024/12/fjm_11842-scaled.jpg: S3Manager.upload_image() missing 1 required positional argument: 'site_name'
2024-12-24 11:05:05,393 - INFO - Product 'https://fjm44.com/product/non-reversible-late-war-matching-hard-edged-sumpftarn-winter-parka-set/' was updated or inserted successfully.
2024-12-24 11:05:05,393 - DEBUG - Product URL constructed: https://fjm44.com/product/rare-unissued-white-rayon-gebirgsjager-camouflage-anorak/
2024-12-24 11:05:05,928 - DEBUG - https://fjm44.com:443 "GET /product/rare-unissued-white-rayon-gebirgsjager-camouflage-anorak/ HTTP/1.1" 200 None
2024-12-24 11:05:05,947 - DEBUG - Extracted image URLs: ['https://fjm44.com/wp-content/uploads/2024/12/fjm_11828-scaled.jpg', 'https://fjm44.com/wp-content/uploads/2024/12/fjm_11841-scaled.jpg', 'https://fjm44.com/wp-content/uploads/2024/12/fjm_11840-scaled.jpg', 'https://fjm44.com/wp-content/uploads/2024/12/fjm_11839-scaled.jpg', 'https://fjm44.com/wp-content/uploads/2024/12/fjm_11838-scaled.jpg', 'https://fjm44.com/wp-content/uploads/2024/12/fjm_11837-scaled.jpg', 'https://fjm44.com/wp-content/uploads/2024/12/fjm_11836-scaled.jpg', 'https://fjm44.com/wp-content/uploads/2024/12/fjm_11835-scaled.jpg', 'https://fjm44.com/wp-content/uploads/2024/12/fjm_11834-scaled.jpg', 'https://fjm44.com/wp-content/uploads/2024/12/fjm_11833-scaled.jpg', 'https://fjm44.com/wp-content/uploads/2024/12/fjm_11832-scaled.jpg', 'https://fjm44.com/wp-content/uploads/2024/12/fjm_11831-scaled.jpg', 'https://fjm44.com/wp-content/uploads/2024/12/fjm_11830-scaled.jpg', 'https://fjm44.com/wp-content/uploads/2024/12/fjm_11829-scaled.jpg', 'https://fjm44.com/wp-content/uploads/2024/12/fjm_11828-scaled.jpg']
2024-12-24 11:05:05,948 - DEBUG - Scraped data: Title=Rare unissued white rayon Gebirgsjäger camouflage anorak, Price=975.00, Available=True
2024-12-24 11:05:05,948 - WARNING - Error uploading image https://fjm44.com/wp-content/uploads/2024/12/fjm_11828-scaled.jpg: S3Manager.upload_image() missing 1 required positional argument: 'site_name'
2024-12-24 11:05:05,948 - WARNING - Error uploading image https://fjm44.com/wp-content/uploads/2024/12/fjm_11841-scaled.jpg: S3Manager.upload_image() missing 1 required positional argument: 'site_name'
2024-12-24 11:05:05,949 - WARNING - Error uploading image https://fjm44.com/wp-content/uploads/2024/12/fjm_11840-scaled.jpg: S3Manager.upload_image() missing 1 required positional argument: 'site_name'
2024-12-24 11:05:05,949 - WARNING - Error uploading image https://fjm44.com/wp-content/uploads/2024/12/fjm_11839-scaled.jpg: S3Manager.upload_image() missing 1 required positional argument: 'site_name'
2024-12-24 11:05:05,949 - WARNING - Error uploading image https://fjm44.com/wp-content/uploads/2024/12/fjm_11838-scaled.jpg: S3Manager.upload_image() missing 1 required positional argument: 'site_name'
2024-12-24 11:05:05,950 - WARNING - Error uploading image https://fjm44.com/wp-content/uploads/2024/12/fjm_11837-scaled.jpg: S3Manager.upload_image() missing 1 required positional argument: 'site_name'
2024-12-24 11:05:05,950 - WARNING - Error uploading image https://fjm44.com/wp-content/uploads/2024/12/fjm_11836-scaled.jpg: S3Manager.upload_image() missing 1 required positional argument: 'site_name'
2024-12-24 11:05:05,950 - WARNING - Error uploading image https://fjm44.com/wp-content/uploads/2024/12/fjm_11835-scaled.jpg: S3Manager.upload_image() missing 1 required positional argument: 'site_name'
2024-12-24 11:05:05,950 - WARNING - Error uploading image https://fjm44.com/wp-content/uploads/2024/12/fjm_11834-scaled.jpg: S3Manager.upload_image() missing 1 required positional argument: 'site_name'
2024-12-24 11:05:05,950 - WARNING - Error uploading image https://fjm44.com/wp-content/uploads/2024/12/fjm_11833-scaled.jpg: S3Manager.upload_image() missing 1 required positional argument: 'site_name'
2024-12-24 11:05:05,951 - WARNING - Error uploading image https://fjm44.com/wp-content/uploads/2024/12/fjm_11832-scaled.jpg: S3Manager.upload_image() missing 1 required positional argument: 'site_name'
2024-12-24 11:05:05,951 - WARNING - Error uploading image https://fjm44.com/wp-content/uploads/2024/12/fjm_11831-scaled.jpg: S3Manager.upload_image() missing 1 required positional argument: 'site_name'
2024-12-24 11:05:05,951 - WARNING - Error uploading image https://fjm44.com/wp-content/uploads/2024/12/fjm_11830-scaled.jpg: S3Manager.upload_image() missing 1 required positional argument: 'site_name'
2024-12-24 11:05:05,951 - WARNING - Error uploading image https://fjm44.com/wp-content/uploads/2024/12/fjm_11829-scaled.jpg: S3Manager.upload_image() missing 1 required positional argument: 'site_name'
2024-12-24 11:05:05,951 - WARNING - Error uploading image https://fjm44.com/wp-content/uploads/2024/12/fjm_11828-scaled.jpg: S3Manager.upload_image() missing 1 required positional argument: 'site_name'
