2024-12-27 20:51:05,383 - INFO - Logging initialized. Log file: logs\2024-12-27_instance_8.log
2024-12-27 20:51:07,474 - WARNING - 
------------------------------------------------------------
PROGRAM INITIALIZED 2024-12-27 20:51:07.474746
------------------------------------------------------------
2024-12-27 20:51:12,592 - INFO - PostgreSQL connection pool initialized.
2024-12-27 20:51:12,592 - DEBUG - Changing event name from creating-client-class.iot-data to creating-client-class.iot-data-plane
2024-12-27 20:51:12,594 - DEBUG - Changing event name from before-call.apigateway to before-call.api-gateway
2024-12-27 20:51:12,596 - DEBUG - Changing event name from request-created.machinelearning.Predict to request-created.machine-learning.Predict
2024-12-27 20:51:12,597 - DEBUG - Changing event name from before-parameter-build.autoscaling.CreateLaunchConfiguration to before-parameter-build.auto-scaling.CreateLaunchConfiguration
2024-12-27 20:51:12,598 - DEBUG - Changing event name from before-parameter-build.route53 to before-parameter-build.route-53
2024-12-27 20:51:12,598 - DEBUG - Changing event name from request-created.cloudsearchdomain.Search to request-created.cloudsearch-domain.Search
2024-12-27 20:51:12,599 - DEBUG - Changing event name from docs.*.autoscaling.CreateLaunchConfiguration.complete-section to docs.*.auto-scaling.CreateLaunchConfiguration.complete-section
2024-12-27 20:51:12,600 - DEBUG - Changing event name from before-parameter-build.logs.CreateExportTask to before-parameter-build.cloudwatch-logs.CreateExportTask
2024-12-27 20:51:12,601 - DEBUG - Changing event name from docs.*.logs.CreateExportTask.complete-section to docs.*.cloudwatch-logs.CreateExportTask.complete-section
2024-12-27 20:51:12,601 - DEBUG - Changing event name from before-parameter-build.cloudsearchdomain.Search to before-parameter-build.cloudsearch-domain.Search
2024-12-27 20:51:12,601 - DEBUG - Changing event name from docs.*.cloudsearchdomain.Search.complete-section to docs.*.cloudsearch-domain.Search.complete-section
2024-12-27 20:51:12,653 - DEBUG - Loading JSON file: C:\Users\keena\AppData\Local\Programs\Python\Python312\Lib\site-packages\botocore\data\endpoints.json
2024-12-27 20:51:12,667 - DEBUG - Loading JSON file: C:\Users\keena\AppData\Local\Programs\Python\Python312\Lib\site-packages\botocore\data\sdk-default-configuration.json
2024-12-27 20:51:12,668 - DEBUG - Event choose-service-name: calling handler <function handle_service_name_alias at 0x000002A41BEEE7A0>
2024-12-27 20:51:12,726 - DEBUG - Loading JSON file: C:\Users\keena\AppData\Local\Programs\Python\Python312\Lib\site-packages\botocore\data\s3\2006-03-01\service-2.json.gz
2024-12-27 20:51:12,735 - DEBUG - Loading JSON file: C:\Users\keena\AppData\Local\Programs\Python\Python312\Lib\site-packages\botocore\data\s3\2006-03-01\service-2.sdk-extras.json
2024-12-27 20:51:12,783 - DEBUG - Loading JSON file: C:\Users\keena\AppData\Local\Programs\Python\Python312\Lib\site-packages\botocore\data\s3\2006-03-01\endpoint-rule-set-1.json.gz
2024-12-27 20:51:12,785 - DEBUG - Loading JSON file: C:\Users\keena\AppData\Local\Programs\Python\Python312\Lib\site-packages\botocore\data\partitions.json
2024-12-27 20:51:12,787 - DEBUG - Event creating-client-class.s3: calling handler <function add_generate_presigned_post at 0x000002A41BE2B600>
2024-12-27 20:51:12,787 - DEBUG - Event creating-client-class.s3: calling handler <function lazy_call.<locals>._handler at 0x000002A41BF8A5C0>
2024-12-27 20:51:12,824 - DEBUG - Event creating-client-class.s3: calling handler <function add_generate_presigned_url at 0x000002A41BE2B380>
2024-12-27 20:51:12,825 - DEBUG - Looking for endpoint for s3 via: environment_service
2024-12-27 20:51:12,825 - DEBUG - Looking for endpoint for s3 via: environment_global
2024-12-27 20:51:12,825 - DEBUG - Looking for endpoint for s3 via: config_service
2024-12-27 20:51:12,825 - DEBUG - Looking for endpoint for s3 via: config_global
2024-12-27 20:51:12,825 - DEBUG - No configured endpoint found.
2024-12-27 20:51:12,827 - DEBUG - Setting s3 timeout as (60, 60)
2024-12-27 20:51:12,830 - DEBUG - Loading JSON file: C:\Users\keena\AppData\Local\Programs\Python\Python312\Lib\site-packages\botocore\data\_retry.json
2024-12-27 20:51:12,831 - DEBUG - Registering retry handlers for service: s3
2024-12-27 20:51:12,831 - DEBUG - Registering S3 region redirector handler
2024-12-27 20:51:12,832 - DEBUG - Registering S3Express Identity Resolver
2024-12-27 20:51:12,832 - INFO - S3Manager initialized for bucket militaria-images
2024-12-27 20:51:15,088 - DEBUG - Navigating to products page: https://oorlogsspullen.nl/product-categorie/new/page/0/
2024-12-27 20:51:15,090 - DEBUG - Starting new HTTPS connection (1): oorlogsspullen.nl:443
2024-12-27 20:51:17,436 - DEBUG - https://oorlogsspullen.nl:443 "GET /product-categorie/new/page/0/ HTTP/1.1" 200 21121
2024-12-27 20:51:17,720 - INFO - 
------------------------------------------------------------
                    NEW INSTANCE STARTED                    
------------------------------------------------------------
2024-12-27 20:51:17,721 - INFO - MILITARIA SITE      : OORLOGSSPULLEN
2024-12-27 20:51:17,721 - INFO - PRODUCTS URL        : https://oorlogsspullen.nl/product-categorie/new/page/0/
2024-12-27 20:51:17,721 - INFO - CYCLES RUN          : 0
2024-12-27 20:51:17,721 - INFO - PRODUCTS PROCESSED  : 0
2024-12-27 20:51:17,721 - INFO - TIMESTAMP           : 2024-12-27 20:51:17.720306
2024-12-27 20:51:17,721 - DEBUG - Product URL constructed: https://oorlogsspullen.nl/product/original-wwii-us-army-snow-camouflage-trousers-7/
2024-12-27 20:51:18,202 - DEBUG - Image upload already completed for product URL: https://oorlogsspullen.nl/product/original-wwii-us-army-snow-camouflage-trousers-7/.
2024-12-27 20:51:18,202 - INFO - Skipping image upload for product: https://oorlogsspullen.nl/product/original-wwii-us-army-snow-camouflage-trousers-7/ as images are already uploaded.
2024-12-27 20:51:18,203 - DEBUG - Product URL constructed: https://oorlogsspullen.nl/product/original-wwii-dutch-bank-document-grouping-nsb-leader-anton-mussert/
2024-12-27 20:51:18,686 - DEBUG - Image upload already completed for product URL: https://oorlogsspullen.nl/product/original-wwii-dutch-bank-document-grouping-nsb-leader-anton-mussert/.
2024-12-27 20:51:18,686 - INFO - Skipping image upload for product: https://oorlogsspullen.nl/product/original-wwii-dutch-bank-document-grouping-nsb-leader-anton-mussert/ as images are already uploaded.
2024-12-27 20:51:18,687 - DEBUG - Product URL constructed: https://oorlogsspullen.nl/product/original-wwii-german-red-cross-letter-guernsey-island-somerset/
2024-12-27 20:51:19,167 - DEBUG - Image upload already completed for product URL: https://oorlogsspullen.nl/product/original-wwii-german-red-cross-letter-guernsey-island-somerset/.
2024-12-27 20:51:19,167 - INFO - Skipping image upload for product: https://oorlogsspullen.nl/product/original-wwii-german-red-cross-letter-guernsey-island-somerset/ as images are already uploaded.
2024-12-27 20:51:19,167 - DEBUG - Product URL constructed: https://oorlogsspullen.nl/product/original-wwii-south-african-sanp-greyshemde-uniform/
2024-12-27 20:51:19,633 - DEBUG - Image upload already completed for product URL: https://oorlogsspullen.nl/product/original-wwii-south-african-sanp-greyshemde-uniform/.
2024-12-27 20:51:19,633 - INFO - Skipping image upload for product: https://oorlogsspullen.nl/product/original-wwii-south-african-sanp-greyshemde-uniform/ as images are already uploaded.
2024-12-27 20:51:19,633 - DEBUG - Product URL constructed: https://oorlogsspullen.nl/product/original-wwii-us-battle-of-the-bulge-antitank-minefield-sketch-map-area-of-baugnez-4/
2024-12-27 20:51:20,124 - DEBUG - Image upload already completed for product URL: https://oorlogsspullen.nl/product/original-wwii-us-battle-of-the-bulge-antitank-minefield-sketch-map-area-of-baugnez-4/.
2024-12-27 20:51:20,124 - INFO - Skipping image upload for product: https://oorlogsspullen.nl/product/original-wwii-us-battle-of-the-bulge-antitank-minefield-sketch-map-area-of-baugnez-4/ as images are already uploaded.
2024-12-27 20:51:20,124 - DEBUG - Product URL constructed: https://oorlogsspullen.nl/product/original-wwii-dutch-police-fn-m25-holster/
2024-12-27 20:51:20,602 - DEBUG - Image upload already completed for product URL: https://oorlogsspullen.nl/product/original-wwii-dutch-police-fn-m25-holster/.
2024-12-27 20:51:20,602 - INFO - Skipping image upload for product: https://oorlogsspullen.nl/product/original-wwii-dutch-police-fn-m25-holster/ as images are already uploaded.
2024-12-27 20:51:20,602 - DEBUG - Product URL constructed: https://oorlogsspullen.nl/product/original-wwii-dutch-luchtbeschermingsdienst-helmet-39/
2024-12-27 20:51:21,070 - DEBUG - Image upload already completed for product URL: https://oorlogsspullen.nl/product/original-wwii-dutch-luchtbeschermingsdienst-helmet-39/.
2024-12-27 20:51:21,070 - INFO - Skipping image upload for product: https://oorlogsspullen.nl/product/original-wwii-dutch-luchtbeschermingsdienst-helmet-39/ as images are already uploaded.
2024-12-27 20:51:21,070 - DEBUG - Product URL constructed: https://oorlogsspullen.nl/product/original-wwii-us-battle-of-the-bulge-antitank-minefield-sketch-map-area-of-durbuy-clavier/
2024-12-27 20:51:21,554 - DEBUG - Image upload already completed for product URL: https://oorlogsspullen.nl/product/original-wwii-us-battle-of-the-bulge-antitank-minefield-sketch-map-area-of-durbuy-clavier/.
2024-12-27 20:51:21,554 - INFO - Skipping image upload for product: https://oorlogsspullen.nl/product/original-wwii-us-battle-of-the-bulge-antitank-minefield-sketch-map-area-of-durbuy-clavier/ as images are already uploaded.
2024-12-27 20:51:21,554 - DEBUG - Product URL constructed: https://oorlogsspullen.nl/product/original-wwii-us-ardennes-antitank-minefield-sketches-maps-area-near-vielsalm/
2024-12-27 20:51:22,092 - DEBUG - Image upload already completed for product URL: https://oorlogsspullen.nl/product/original-wwii-us-ardennes-antitank-minefield-sketches-maps-area-near-vielsalm/.
2024-12-27 20:51:22,093 - INFO - Skipping image upload for product: https://oorlogsspullen.nl/product/original-wwii-us-ardennes-antitank-minefield-sketches-maps-area-near-vielsalm/ as images are already uploaded.
2024-12-27 20:51:22,093 - DEBUG - Product URL constructed: https://oorlogsspullen.nl/product/original-wwii-italian-waffen-ss-newspaper-8/
2024-12-27 20:51:22,569 - DEBUG - Image upload already completed for product URL: https://oorlogsspullen.nl/product/original-wwii-italian-waffen-ss-newspaper-8/.
2024-12-27 20:51:22,569 - INFO - Skipping image upload for product: https://oorlogsspullen.nl/product/original-wwii-italian-waffen-ss-newspaper-8/ as images are already uploaded.
2024-12-27 20:51:22,570 - DEBUG - Product URL constructed: https://oorlogsspullen.nl/product/original-wwii-italian-waffen-ss-newspaper-7/
2024-12-27 20:51:23,070 - DEBUG - Image upload already completed for product URL: https://oorlogsspullen.nl/product/original-wwii-italian-waffen-ss-newspaper-7/.
2024-12-27 20:51:23,070 - INFO - Skipping image upload for product: https://oorlogsspullen.nl/product/original-wwii-italian-waffen-ss-newspaper-7/ as images are already uploaded.
2024-12-27 20:51:23,070 - DEBUG - Product URL constructed: https://oorlogsspullen.nl/product/original-wwii-italian-waffen-ss-newspaper-6/
2024-12-27 20:51:23,548 - DEBUG - Image upload already completed for product URL: https://oorlogsspullen.nl/product/original-wwii-italian-waffen-ss-newspaper-6/.
2024-12-27 20:51:23,549 - INFO - Skipping image upload for product: https://oorlogsspullen.nl/product/original-wwii-italian-waffen-ss-newspaper-6/ as images are already uploaded.
2024-12-27 20:51:23,549 - DEBUG - Product URL constructed: https://oorlogsspullen.nl/product/original-wwii-dutch-nsnap-magazine-rappard-2/
2024-12-27 20:51:24,017 - DEBUG - Image upload already completed for product URL: https://oorlogsspullen.nl/product/original-wwii-dutch-nsnap-magazine-rappard-2/.
2024-12-27 20:51:24,018 - INFO - Skipping image upload for product: https://oorlogsspullen.nl/product/original-wwii-dutch-nsnap-magazine-rappard-2/ as images are already uploaded.
2024-12-27 20:51:24,018 - DEBUG - Product URL constructed: https://oorlogsspullen.nl/product/original-wwii-german-luftwaffe-officers-raincoat/
2024-12-27 20:51:24,485 - DEBUG - Image upload already completed for product URL: https://oorlogsspullen.nl/product/original-wwii-german-luftwaffe-officers-raincoat/.
2024-12-27 20:51:24,486 - INFO - Skipping image upload for product: https://oorlogsspullen.nl/product/original-wwii-german-luftwaffe-officers-raincoat/ as images are already uploaded.
2024-12-27 20:51:24,486 - DEBUG - Product URL constructed: https://oorlogsspullen.nl/product/original-wwii-german-wh-m36-medical-major-field-jacket/
2024-12-27 20:51:24,956 - DEBUG - Image upload already completed for product URL: https://oorlogsspullen.nl/product/original-wwii-german-wh-m36-medical-major-field-jacket/.
2024-12-27 20:51:24,956 - INFO - Skipping image upload for product: https://oorlogsspullen.nl/product/original-wwii-german-wh-m36-medical-major-field-jacket/ as images are already uploaded.
2024-12-27 20:51:24,956 - DEBUG - Product URL constructed: https://oorlogsspullen.nl/product/original-wwii-dutch-red-cross-letter-utrecht-london/
2024-12-27 20:51:25,428 - DEBUG - Image upload already completed for product URL: https://oorlogsspullen.nl/product/original-wwii-dutch-red-cross-letter-utrecht-london/.
2024-12-27 20:51:25,428 - INFO - Skipping image upload for product: https://oorlogsspullen.nl/product/original-wwii-dutch-red-cross-letter-utrecht-london/ as images are already uploaded.
2024-12-27 20:51:25,429 - DEBUG - Navigating to products page: https://oorlogsspullen.nl/product-categorie/new/page/1/
2024-12-27 20:51:25,430 - DEBUG - Resetting dropped connection: oorlogsspullen.nl
2024-12-27 20:51:27,613 - DEBUG - https://oorlogsspullen.nl:443 "GET /product-categorie/new/page/1/ HTTP/1.1" 301 0
2024-12-27 20:51:29,280 - DEBUG - https://oorlogsspullen.nl:443 "GET /product-categorie/new/ HTTP/1.1" 200 21121
2024-12-27 20:51:29,554 - INFO - 
------------------------------------------------------------
                    NEW INSTANCE STARTED                    
------------------------------------------------------------
2024-12-27 20:51:29,555 - INFO - MILITARIA SITE      : OORLOGSSPULLEN
2024-12-27 20:51:29,555 - INFO - PRODUCTS URL        : https://oorlogsspullen.nl/product-categorie/new/page/1/
2024-12-27 20:51:29,555 - INFO - CYCLES RUN          : 0
2024-12-27 20:51:29,555 - INFO - PRODUCTS PROCESSED  : 0
2024-12-27 20:51:29,555 - INFO - TIMESTAMP           : 2024-12-27 20:51:29.554703
2024-12-27 20:51:29,555 - DEBUG - Product URL constructed: https://oorlogsspullen.nl/product/original-wwii-us-army-snow-camouflage-trousers-7/
2024-12-27 20:51:30,065 - DEBUG - Image upload already completed for product URL: https://oorlogsspullen.nl/product/original-wwii-us-army-snow-camouflage-trousers-7/.
2024-12-27 20:51:30,065 - INFO - Skipping image upload for product: https://oorlogsspullen.nl/product/original-wwii-us-army-snow-camouflage-trousers-7/ as images are already uploaded.
2024-12-27 20:51:30,065 - DEBUG - Product URL constructed: https://oorlogsspullen.nl/product/original-wwii-dutch-bank-document-grouping-nsb-leader-anton-mussert/
2024-12-27 20:51:30,554 - DEBUG - Image upload already completed for product URL: https://oorlogsspullen.nl/product/original-wwii-dutch-bank-document-grouping-nsb-leader-anton-mussert/.
2024-12-27 20:51:30,554 - INFO - Skipping image upload for product: https://oorlogsspullen.nl/product/original-wwii-dutch-bank-document-grouping-nsb-leader-anton-mussert/ as images are already uploaded.
2024-12-27 20:51:30,555 - DEBUG - Product URL constructed: https://oorlogsspullen.nl/product/original-wwii-german-red-cross-letter-guernsey-island-somerset/
2024-12-27 20:51:31,044 - DEBUG - Image upload already completed for product URL: https://oorlogsspullen.nl/product/original-wwii-german-red-cross-letter-guernsey-island-somerset/.
2024-12-27 20:51:31,044 - INFO - Skipping image upload for product: https://oorlogsspullen.nl/product/original-wwii-german-red-cross-letter-guernsey-island-somerset/ as images are already uploaded.
2024-12-27 20:51:31,044 - DEBUG - Product URL constructed: https://oorlogsspullen.nl/product/original-wwii-south-african-sanp-greyshemde-uniform/
2024-12-27 20:51:31,512 - DEBUG - Image upload already completed for product URL: https://oorlogsspullen.nl/product/original-wwii-south-african-sanp-greyshemde-uniform/.
2024-12-27 20:51:31,512 - INFO - Skipping image upload for product: https://oorlogsspullen.nl/product/original-wwii-south-african-sanp-greyshemde-uniform/ as images are already uploaded.
2024-12-27 20:51:31,513 - DEBUG - Product URL constructed: https://oorlogsspullen.nl/product/original-wwii-us-battle-of-the-bulge-antitank-minefield-sketch-map-area-of-baugnez-4/
2024-12-27 20:51:32,038 - DEBUG - Image upload already completed for product URL: https://oorlogsspullen.nl/product/original-wwii-us-battle-of-the-bulge-antitank-minefield-sketch-map-area-of-baugnez-4/.
2024-12-27 20:51:32,038 - INFO - Skipping image upload for product: https://oorlogsspullen.nl/product/original-wwii-us-battle-of-the-bulge-antitank-minefield-sketch-map-area-of-baugnez-4/ as images are already uploaded.
2024-12-27 20:51:32,038 - DEBUG - Product URL constructed: https://oorlogsspullen.nl/product/original-wwii-dutch-police-fn-m25-holster/
2024-12-27 20:51:32,506 - DEBUG - Image upload already completed for product URL: https://oorlogsspullen.nl/product/original-wwii-dutch-police-fn-m25-holster/.
2024-12-27 20:51:32,506 - INFO - Skipping image upload for product: https://oorlogsspullen.nl/product/original-wwii-dutch-police-fn-m25-holster/ as images are already uploaded.
2024-12-27 20:51:32,507 - DEBUG - Product URL constructed: https://oorlogsspullen.nl/product/original-wwii-dutch-luchtbeschermingsdienst-helmet-39/
2024-12-27 20:51:32,975 - DEBUG - Image upload already completed for product URL: https://oorlogsspullen.nl/product/original-wwii-dutch-luchtbeschermingsdienst-helmet-39/.
2024-12-27 20:51:32,975 - INFO - Skipping image upload for product: https://oorlogsspullen.nl/product/original-wwii-dutch-luchtbeschermingsdienst-helmet-39/ as images are already uploaded.
2024-12-27 20:51:32,975 - DEBUG - Product URL constructed: https://oorlogsspullen.nl/product/original-wwii-us-battle-of-the-bulge-antitank-minefield-sketch-map-area-of-durbuy-clavier/
