2024-12-23 12:09:47,097 - INFO - Logging initialized. Log file: logs\2024-12-23_instance_1.log
2024-12-23 12:09:50,310 - INFO - 
------------------------------------------------------------
PROGRAM INITIALIZED 2024-12-23 12:09:50.310436
------------------------------------------------------------
2024-12-23 12:09:55,244 - INFO - PostgreSQL connection pool initialized.
2024-12-23 12:09:55,252 - DEBUG - Changing event name from creating-client-class.iot-data to creating-client-class.iot-data-plane
2024-12-23 12:09:55,254 - DEBUG - Changing event name from before-call.apigateway to before-call.api-gateway
2024-12-23 12:09:55,255 - DEBUG - Changing event name from request-created.machinelearning.Predict to request-created.machine-learning.Predict
2024-12-23 12:09:55,256 - DEBUG - Changing event name from before-parameter-build.autoscaling.CreateLaunchConfiguration to before-parameter-build.auto-scaling.CreateLaunchConfiguration
2024-12-23 12:09:55,256 - DEBUG - Changing event name from before-parameter-build.route53 to before-parameter-build.route-53
2024-12-23 12:09:55,257 - DEBUG - Changing event name from request-created.cloudsearchdomain.Search to request-created.cloudsearch-domain.Search
2024-12-23 12:09:55,257 - DEBUG - Changing event name from docs.*.autoscaling.CreateLaunchConfiguration.complete-section to docs.*.auto-scaling.CreateLaunchConfiguration.complete-section
2024-12-23 12:09:55,259 - DEBUG - Changing event name from before-parameter-build.logs.CreateExportTask to before-parameter-build.cloudwatch-logs.CreateExportTask
2024-12-23 12:09:55,259 - DEBUG - Changing event name from docs.*.logs.CreateExportTask.complete-section to docs.*.cloudwatch-logs.CreateExportTask.complete-section
2024-12-23 12:09:55,259 - DEBUG - Changing event name from before-parameter-build.cloudsearchdomain.Search to before-parameter-build.cloudsearch-domain.Search
2024-12-23 12:09:55,259 - DEBUG - Changing event name from docs.*.cloudsearchdomain.Search.complete-section to docs.*.cloudsearch-domain.Search.complete-section
2024-12-23 12:09:55,330 - DEBUG - Loading JSON file: C:\Users\keena\AppData\Local\Programs\Python\Python312\Lib\site-packages\botocore\data\endpoints.json
2024-12-23 12:09:55,349 - DEBUG - Loading JSON file: C:\Users\keena\AppData\Local\Programs\Python\Python312\Lib\site-packages\botocore\data\sdk-default-configuration.json
2024-12-23 12:09:55,349 - DEBUG - Event choose-service-name: calling handler <function handle_service_name_alias at 0x000001A8F6595DA0>
2024-12-23 12:09:55,435 - DEBUG - Loading JSON file: C:\Users\keena\AppData\Local\Programs\Python\Python312\Lib\site-packages\botocore\data\s3\2006-03-01\service-2.json.gz
2024-12-23 12:09:55,446 - DEBUG - Loading JSON file: C:\Users\keena\AppData\Local\Programs\Python\Python312\Lib\site-packages\botocore\data\s3\2006-03-01\service-2.sdk-extras.json
2024-12-23 12:09:55,516 - DEBUG - Loading JSON file: C:\Users\keena\AppData\Local\Programs\Python\Python312\Lib\site-packages\botocore\data\s3\2006-03-01\endpoint-rule-set-1.json.gz
2024-12-23 12:09:55,525 - DEBUG - Loading JSON file: C:\Users\keena\AppData\Local\Programs\Python\Python312\Lib\site-packages\botocore\data\partitions.json
2024-12-23 12:09:55,528 - DEBUG - Event creating-client-class.s3: calling handler <function add_generate_presigned_post at 0x000001A8F64D6C00>
2024-12-23 12:09:55,528 - DEBUG - Event creating-client-class.s3: calling handler <function lazy_call.<locals>._handler at 0x000001A8F663D800>
2024-12-23 12:09:55,572 - DEBUG - Event creating-client-class.s3: calling handler <function add_generate_presigned_url at 0x000001A8F64D6980>
2024-12-23 12:09:55,572 - DEBUG - Looking for endpoint for s3 via: environment_service
2024-12-23 12:09:55,572 - DEBUG - Looking for endpoint for s3 via: environment_global
2024-12-23 12:09:55,572 - DEBUG - Looking for endpoint for s3 via: config_service
2024-12-23 12:09:55,573 - DEBUG - Looking for endpoint for s3 via: config_global
2024-12-23 12:09:55,573 - DEBUG - No configured endpoint found.
2024-12-23 12:09:55,574 - DEBUG - Setting s3 timeout as (60, 60)
2024-12-23 12:09:55,599 - DEBUG - Loading JSON file: C:\Users\keena\AppData\Local\Programs\Python\Python312\Lib\site-packages\botocore\data\_retry.json
2024-12-23 12:09:55,600 - DEBUG - Registering retry handlers for service: s3
2024-12-23 12:09:55,600 - DEBUG - Registering S3 region redirector handler
2024-12-23 12:09:55,601 - DEBUG - Registering S3Express Identity Resolver
2024-12-23 12:09:56,916 - DEBUG - Navigating to products page: https://www.ea-militaria.com/new-items?p=0
2024-12-23 12:09:56,919 - DEBUG - Starting new HTTPS connection (1): www.ea-militaria.com:443
2024-12-23 12:10:02,235 - DEBUG - https://www.ea-militaria.com:443 "GET /new-items?p=0 HTTP/1.1" 200 None
2024-12-23 12:10:02,340 - INFO - 
------------------------------------------------------------
                    NEW INSTANCE STARTED                    
------------------------------------------------------------
2024-12-23 12:10:02,340 - INFO - MILITARIA SITE      : EA_MILITARIA
2024-12-23 12:10:02,341 - INFO - PRODUCTS URL        : https://www.ea-militaria.com/new-items?p=0
2024-12-23 12:10:02,341 - INFO - CYCLES RUN          : 0
2024-12-23 12:10:02,341 - INFO - PRODUCTS PROCESSED  : 0
2024-12-23 12:10:02,341 - INFO - TIMESTAMP           : 2024-12-23 12:10:02.340488
2024-12-23 12:10:02,342 - ERROR - Error constructing product URL: 'href'
2024-12-23 12:10:02,342 - WARNING - Product URL is invalid. Skipping this product.
2024-12-23 12:10:02,342 - DEBUG - Product URL constructed: https://www.ea-militaria.com/wehrmach-wallmeister-arm-bade.html
2024-12-23 12:10:05,049 - DEBUG - https://www.ea-militaria.com:443 "GET /wehrmach-wallmeister-arm-bade.html HTTP/1.1" 200 None
2024-12-23 12:10:05,074 - ERROR - Function None not found.
2024-12-23 12:10:05,074 - DEBUG - Extracted image URLs: []
2024-12-23 12:10:05,075 - ERROR - Error fetching and scraping product: too many values to unpack (expected 4)
2024-12-23 12:10:05,075 - WARNING - Failed to fetch or scrape product details for https://www.ea-militaria.com/wehrmach-wallmeister-arm-bade.html. Skipping.
2024-12-23 12:10:05,075 - DEBUG - Product URL constructed: https://www.ea-militaria.com/wehrmacht-nco-hufbeschlagpersonal-arm-badge.html
2024-12-23 12:10:07,771 - DEBUG - https://www.ea-militaria.com:443 "GET /wehrmacht-nco-hufbeschlagpersonal-arm-badge.html HTTP/1.1" 200 None
2024-12-23 12:10:07,795 - ERROR - Function None not found.
2024-12-23 12:10:07,795 - DEBUG - Extracted image URLs: []
2024-12-23 12:10:07,795 - ERROR - Error fetching and scraping product: too many values to unpack (expected 4)
2024-12-23 12:10:07,796 - WARNING - Failed to fetch or scrape product details for https://www.ea-militaria.com/wehrmacht-nco-hufbeschlagpersonal-arm-badge.html. Skipping.
2024-12-23 12:10:07,796 - DEBUG - Product URL constructed: https://www.ea-militaria.com/wehrmacht-kradschutzen-signal-blitz-badge.html
2024-12-23 12:10:09,775 - DEBUG - https://www.ea-militaria.com:443 "GET /wehrmacht-kradschutzen-signal-blitz-badge.html HTTP/1.1" 200 None
2024-12-23 12:10:09,797 - ERROR - Function None not found.
2024-12-23 12:10:09,797 - DEBUG - Extracted image URLs: []
2024-12-23 12:10:09,797 - ERROR - Error fetching and scraping product: too many values to unpack (expected 4)
2024-12-23 12:10:09,798 - WARNING - Failed to fetch or scrape product details for https://www.ea-militaria.com/wehrmacht-kradschutzen-signal-blitz-badge.html. Skipping.
2024-12-23 12:10:09,798 - DEBUG - Product URL constructed: https://www.ea-militaria.com/german-panzer-handwerker-badge-1st-class.html
