2024-12-26 20:32:14,449 - INFO - Logging initialized. Log file: logs\2024-12-26_instance_21.log
2024-12-26 20:32:16,411 - INFO - 
------------------------------------------------------------
PROGRAM INITIALIZED 2024-12-26 20:32:16.411405
------------------------------------------------------------
2024-12-26 20:32:21,332 - INFO - PostgreSQL connection pool initialized.
2024-12-26 20:32:21,333 - DEBUG - Changing event name from creating-client-class.iot-data to creating-client-class.iot-data-plane
2024-12-26 20:32:21,336 - DEBUG - Changing event name from before-call.apigateway to before-call.api-gateway
2024-12-26 20:32:21,338 - DEBUG - Changing event name from request-created.machinelearning.Predict to request-created.machine-learning.Predict
2024-12-26 20:32:21,339 - DEBUG - Changing event name from before-parameter-build.autoscaling.CreateLaunchConfiguration to before-parameter-build.auto-scaling.CreateLaunchConfiguration
2024-12-26 20:32:21,340 - DEBUG - Changing event name from before-parameter-build.route53 to before-parameter-build.route-53
2024-12-26 20:32:21,340 - DEBUG - Changing event name from request-created.cloudsearchdomain.Search to request-created.cloudsearch-domain.Search
2024-12-26 20:32:21,341 - DEBUG - Changing event name from docs.*.autoscaling.CreateLaunchConfiguration.complete-section to docs.*.auto-scaling.CreateLaunchConfiguration.complete-section
2024-12-26 20:32:21,342 - DEBUG - Changing event name from before-parameter-build.logs.CreateExportTask to before-parameter-build.cloudwatch-logs.CreateExportTask
2024-12-26 20:32:21,343 - DEBUG - Changing event name from docs.*.logs.CreateExportTask.complete-section to docs.*.cloudwatch-logs.CreateExportTask.complete-section
2024-12-26 20:32:21,343 - DEBUG - Changing event name from before-parameter-build.cloudsearchdomain.Search to before-parameter-build.cloudsearch-domain.Search
2024-12-26 20:32:21,343 - DEBUG - Changing event name from docs.*.cloudsearchdomain.Search.complete-section to docs.*.cloudsearch-domain.Search.complete-section
2024-12-26 20:32:21,390 - DEBUG - Loading JSON file: C:\Users\keena\AppData\Local\Programs\Python\Python312\Lib\site-packages\botocore\data\endpoints.json
2024-12-26 20:32:21,401 - DEBUG - Loading JSON file: C:\Users\keena\AppData\Local\Programs\Python\Python312\Lib\site-packages\botocore\data\sdk-default-configuration.json
2024-12-26 20:32:21,401 - DEBUG - Event choose-service-name: calling handler <function handle_service_name_alias at 0x000002D9681EE660>
2024-12-26 20:32:21,449 - DEBUG - Loading JSON file: C:\Users\keena\AppData\Local\Programs\Python\Python312\Lib\site-packages\botocore\data\s3\2006-03-01\service-2.json.gz
2024-12-26 20:32:21,456 - DEBUG - Loading JSON file: C:\Users\keena\AppData\Local\Programs\Python\Python312\Lib\site-packages\botocore\data\s3\2006-03-01\service-2.sdk-extras.json
2024-12-26 20:32:21,502 - DEBUG - Loading JSON file: C:\Users\keena\AppData\Local\Programs\Python\Python312\Lib\site-packages\botocore\data\s3\2006-03-01\endpoint-rule-set-1.json.gz
2024-12-26 20:32:21,505 - DEBUG - Loading JSON file: C:\Users\keena\AppData\Local\Programs\Python\Python312\Lib\site-packages\botocore\data\partitions.json
2024-12-26 20:32:21,507 - DEBUG - Event creating-client-class.s3: calling handler <function add_generate_presigned_post at 0x000002D96812B4C0>
2024-12-26 20:32:21,507 - DEBUG - Event creating-client-class.s3: calling handler <function lazy_call.<locals>._handler at 0x000002D968292020>
2024-12-26 20:32:21,540 - DEBUG - Event creating-client-class.s3: calling handler <function add_generate_presigned_url at 0x000002D96812B240>
2024-12-26 20:32:21,540 - DEBUG - Looking for endpoint for s3 via: environment_service
2024-12-26 20:32:21,540 - DEBUG - Looking for endpoint for s3 via: environment_global
2024-12-26 20:32:21,540 - DEBUG - Looking for endpoint for s3 via: config_service
2024-12-26 20:32:21,541 - DEBUG - Looking for endpoint for s3 via: config_global
2024-12-26 20:32:21,541 - DEBUG - No configured endpoint found.
2024-12-26 20:32:21,542 - DEBUG - Setting s3 timeout as (60, 60)
2024-12-26 20:32:21,545 - DEBUG - Loading JSON file: C:\Users\keena\AppData\Local\Programs\Python\Python312\Lib\site-packages\botocore\data\_retry.json
2024-12-26 20:32:21,545 - DEBUG - Registering retry handlers for service: s3
2024-12-26 20:32:21,545 - DEBUG - Registering S3 region redirector handler
2024-12-26 20:32:21,546 - DEBUG - Registering S3Express Identity Resolver
2024-12-26 20:32:21,546 - INFO - S3Manager initialized for bucket militaria-images
2024-12-26 20:32:28,410 - DEBUG - Navigating to products page: https://www.thewarfront.com/shop-war-front-militaria?page=0
2024-12-26 20:32:28,412 - DEBUG - Starting new HTTPS connection (1): www.thewarfront.com:443
2024-12-26 20:32:30,234 - DEBUG - https://www.thewarfront.com:443 "GET /shop-war-front-militaria?page=0 HTTP/1.1" 200 None
2024-12-26 20:32:30,722 - INFO - 
------------------------------------------------------------
                    NEW INSTANCE STARTED                    
------------------------------------------------------------
2024-12-26 20:32:30,723 - INFO - MILITARIA SITE      : THE_WAR_FRONT
2024-12-26 20:32:30,723 - INFO - PRODUCTS URL        : https://www.thewarfront.com/shop-war-front-militaria?page=0
2024-12-26 20:32:30,723 - INFO - CYCLES RUN          : 0
2024-12-26 20:32:30,724 - INFO - PRODUCTS PROCESSED  : 0
2024-12-26 20:32:30,724 - INFO - TIMESTAMP           : 2024-12-26 20:32:30.722565
2024-12-26 20:32:30,724 - DEBUG - Product URL constructed: https://www.thewarfront.com/product-page/wwii-us-british-made-haversack
2024-12-26 20:32:31,263 - DEBUG - Image upload needed for product URL: https://www.thewarfront.com/product-page/wwii-us-british-made-haversack.
2024-12-26 20:32:32,994 - DEBUG - https://www.thewarfront.com:443 "GET /product-page/wwii-us-british-made-haversack HTTP/1.1" 200 None
2024-12-26 20:32:33,707 - DEBUG - Extracted image URLs: ['https://static.wixstatic.com/media/f979a2_83c00fa2c9aa4d0180b03b5493f5c802~mv2.jpg/v1/fill/w_2250,h_3000,al_c,q_85/f979a2_83c00fa2c9aa4d0180b03b5493f5c802~mv2.jpg', 'https://static.wixstatic.com/media/f979a2_070da5b059df49318ecef32a9bb4addd~mv2.jpg/v1/fill/w_2250,h_3000,al_c,q_85/f979a2_070da5b059df49318ecef32a9bb4addd~mv2.jpg', 'https://static.wixstatic.com/media/f979a2_d6b74654d79c423a837e3dfe8205233d~mv2.jpg/v1/fill/w_2250,h_3000,al_c,q_85/f979a2_d6b74654d79c423a837e3dfe8205233d~mv2.jpg', 'https://static.wixstatic.com/media/f979a2_1834f3e6e760431b988547e53d658a1c~mv2.jpg/v1/fill/w_2250,h_3000,al_c,q_85/f979a2_1834f3e6e760431b988547e53d658a1c~mv2.jpg', 'https://static.wixstatic.com/media/f979a2_0ac029b5a0a646e7b52148a7e81f0169~mv2.jpg/v1/fill/w_2250,h_3000,al_c,q_85/f979a2_0ac029b5a0a646e7b52148a7e81f0169~mv2.jpg', 'https://static.wixstatic.com/media/f979a2_f9b9c155107e4f808776fb683bf9bebd~mv2.jpg/v1/fill/w_2250,h_3000,al_c,q_85/f979a2_f9b9c155107e4f808776fb683bf9bebd~mv2.jpg']
2024-12-26 20:32:33,708 - DEBUG - Scraped data: Title=WWII US BRITISH MADE HAVERSACK, Price=95.00, Available=True
2024-12-26 20:32:34,243 - DEBUG - Product ID for URL 'https://www.thewarfront.com/product-page/wwii-us-british-made-haversack' is 228032
2024-12-26 20:32:34,244 - DEBUG - Fetching image from https://static.wixstatic.com/media/f979a2_83c00fa2c9aa4d0180b03b5493f5c802~mv2.jpg/v1/fill/w_2250,h_3000,al_c,q_85/f979a2_83c00fa2c9aa4d0180b03b5493f5c802~mv2.jpg
2024-12-26 20:32:34,245 - DEBUG - Starting new HTTPS connection (1): static.wixstatic.com:443
2024-12-26 20:32:34,783 - DEBUG - https://static.wixstatic.com:443 "GET /media/f979a2_83c00fa2c9aa4d0180b03b5493f5c802~mv2.jpg/v1/fill/w_2250,h_3000,al_c,q_85/f979a2_83c00fa2c9aa4d0180b03b5493f5c802~mv2.jpg HTTP/1.1" 200 2278511
2024-12-26 20:32:34,783 - DEBUG - Opting out of CRT Transfer Manager. Preferred client: auto, CRT available: False, Instance Optimized: False.
2024-12-26 20:32:34,784 - DEBUG - Using default client. pid: 117944, thread: 146144
2024-12-26 20:32:34,784 - DEBUG - Acquiring 0
2024-12-26 20:32:34,784 - DEBUG - UploadSubmissionTask(transfer_id=0, {'transfer_future': <s3transfer.futures.TransferFuture object at 0x000002D967E51970>}) about to wait for the following futures []
2024-12-26 20:32:34,785 - DEBUG - UploadSubmissionTask(transfer_id=0, {'transfer_future': <s3transfer.futures.TransferFuture object at 0x000002D967E51970>}) done waiting for dependent futures
2024-12-26 20:32:34,785 - DEBUG - Executing task UploadSubmissionTask(transfer_id=0, {'transfer_future': <s3transfer.futures.TransferFuture object at 0x000002D967E51970>}) with kwargs {'client': <botocore.client.S3 object at 0x000002D968DAC950>, 'config': <boto3.s3.transfer.TransferConfig object at 0x000002D9691C3DA0>, 'osutil': <s3transfer.utils.OSUtils object at 0x000002D9680C2180>, 'request_executor': <s3transfer.futures.BoundedExecutor object at 0x000002D9691C3DD0>, 'transfer_future': <s3transfer.futures.TransferFuture object at 0x000002D967E51970>}
2024-12-26 20:32:35,594 - DEBUG - Submitting task PutObjectTask(transfer_id=0, {'bucket': 'militaria-images', 'key': 'THE_WAR_FRONT/228032/228032-1.jpg', 'extra_args': {}}) to executor <s3transfer.futures.BoundedExecutor object at 0x000002D9691C3DD0> for transfer request: 0.
2024-12-26 20:32:35,594 - DEBUG - Acquiring 0
2024-12-26 20:32:35,595 - DEBUG - PutObjectTask(transfer_id=0, {'bucket': 'militaria-images', 'key': 'THE_WAR_FRONT/228032/228032-1.jpg', 'extra_args': {}}) about to wait for the following futures []
2024-12-26 20:32:35,595 - DEBUG - Releasing acquire 0/None
2024-12-26 20:32:35,595 - DEBUG - PutObjectTask(transfer_id=0, {'bucket': 'militaria-images', 'key': 'THE_WAR_FRONT/228032/228032-1.jpg', 'extra_args': {}}) done waiting for dependent futures
2024-12-26 20:32:35,595 - DEBUG - Executing task PutObjectTask(transfer_id=0, {'bucket': 'militaria-images', 'key': 'THE_WAR_FRONT/228032/228032-1.jpg', 'extra_args': {}}) with kwargs {'client': <botocore.client.S3 object at 0x000002D968DAC950>, 'fileobj': <s3transfer.utils.ReadFileChunk object at 0x000002D9691E0620>, 'bucket': 'militaria-images', 'key': 'THE_WAR_FRONT/228032/228032-1.jpg', 'extra_args': {}}
2024-12-26 20:32:35,596 - DEBUG - Event before-parameter-build.s3.PutObject: calling handler <function validate_ascii_metadata at 0x000002D9682114E0>
2024-12-26 20:32:35,596 - DEBUG - Event before-parameter-build.s3.PutObject: calling handler <function sse_md5 at 0x000002D9682107C0>
2024-12-26 20:32:35,596 - DEBUG - Event before-parameter-build.s3.PutObject: calling handler <function convert_body_to_file_like_object at 0x000002D968211EE0>
2024-12-26 20:32:35,596 - DEBUG - Event before-parameter-build.s3.PutObject: calling handler <function validate_bucket_name at 0x000002D968210720>
2024-12-26 20:32:35,597 - DEBUG - Event before-parameter-build.s3.PutObject: calling handler <function remove_bucket_from_url_paths_from_model at 0x000002D9682128E0>
2024-12-26 20:32:35,597 - DEBUG - Event before-parameter-build.s3.PutObject: calling handler <bound method S3RegionRedirectorv2.annotate_request_context of <botocore.utils.S3RegionRedirectorv2 object at 0x000002D967E50D70>>
2024-12-26 20:32:35,597 - DEBUG - Event before-parameter-build.s3.PutObject: calling handler <bound method ClientCreator._inject_s3_input_parameters of <botocore.client.ClientCreator object at 0x000002D968287980>>
2024-12-26 20:32:35,597 - DEBUG - Event before-parameter-build.s3.PutObject: calling handler <function generate_idempotent_uuid at 0x000002D968210540>
2024-12-26 20:32:35,597 - DEBUG - Event before-endpoint-resolution.s3: calling handler <function customize_endpoint_resolver_builtins at 0x000002D968212AC0>
2024-12-26 20:32:35,597 - DEBUG - Event before-endpoint-resolution.s3: calling handler <bound method S3RegionRedirectorv2.redirect_from_cache of <botocore.utils.S3RegionRedirectorv2 object at 0x000002D967E50D70>>
2024-12-26 20:32:35,598 - DEBUG - Calling endpoint provider with parameters: {'Bucket': 'militaria-images', 'Region': 'ap-southeast-2', 'UseFIPS': False, 'UseDualStack': False, 'ForcePathStyle': False, 'Accelerate': False, 'UseGlobalEndpoint': False, 'Key': 'THE_WAR_FRONT/228032/228032-1.jpg', 'DisableMultiRegionAccessPoints': False, 'UseArnRegion': True}
2024-12-26 20:32:35,598 - DEBUG - Endpoint provider result: https://militaria-images.s3.ap-southeast-2.amazonaws.com
2024-12-26 20:32:35,598 - DEBUG - Selecting from endpoint provider's list of auth schemes: "sigv4". User selected auth scheme is: "None"
2024-12-26 20:32:35,599 - DEBUG - Selected auth type "v4" as "v4" with signing context params: {'region': 'ap-southeast-2', 'signing_name': 's3', 'disableDoubleEncoding': True}
2024-12-26 20:32:35,599 - DEBUG - Event before-call.s3.PutObject: calling handler <function conditionally_calculate_checksum at 0x000002D968058860>
2024-12-26 20:32:35,602 - DEBUG - Event before-call.s3.PutObject: calling handler <function add_expect_header at 0x000002D968210AE0>
2024-12-26 20:32:35,602 - DEBUG - Adding expect 100 continue header to request.
2024-12-26 20:32:35,602 - DEBUG - Event before-call.s3.PutObject: calling handler <bound method S3ExpressIdentityResolver.apply_signing_cache_key of <botocore.utils.S3ExpressIdentityResolver object at 0x000002D969033EC0>>
2024-12-26 20:32:35,602 - DEBUG - Event before-call.s3.PutObject: calling handler <function add_recursion_detection_header at 0x000002D9681EF880>
2024-12-26 20:32:35,603 - DEBUG - Event before-call.s3.PutObject: calling handler <function add_query_compatibility_header at 0x000002D968212FC0>
2024-12-26 20:32:35,603 - DEBUG - Event before-call.s3.PutObject: calling handler <function inject_api_version_header_if_needed at 0x000002D968212020>
2024-12-26 20:32:35,603 - DEBUG - Making request for OperationModel(name=PutObject) with params: {'url_path': '/THE_WAR_FRONT/228032/228032-1.jpg', 'query_string': {}, 'method': 'PUT', 'headers': {'User-Agent': 'Boto3/1.35.84 md/Botocore#1.35.84 ua/2.0 os/windows#11 md/arch#amd64 lang/python#3.12.0 md/pyimpl#CPython cfg/retry-mode#legacy Botocore/1.35.84', 'Content-MD5': '7TJh+YzBA5baZGRwuOaUPA==', 'Expect': '100-continue'}, 'body': <s3transfer.utils.ReadFileChunk object at 0x000002D9691E0620>, 'auth_path': '/militaria-images/THE_WAR_FRONT/228032/228032-1.jpg', 'url': 'https://militaria-images.s3.ap-southeast-2.amazonaws.com/THE_WAR_FRONT/228032/228032-1.jpg', 'context': {'client_region': 'ap-southeast-2', 'client_config': <botocore.config.Config object at 0x000002D968EC98B0>, 'has_streaming_input': True, 'auth_type': 'v4', 'unsigned_payload': None, 's3_redirect': {'redirected': False, 'bucket': 'militaria-images', 'params': {'Bucket': 'militaria-images', 'Key': 'THE_WAR_FRONT/228032/228032-1.jpg', 'Body': <s3transfer.utils.ReadFileChunk object at 0x000002D9691E0620>}}, 'input_params': {'Bucket': 'militaria-images', 'Key': 'THE_WAR_FRONT/228032/228032-1.jpg'}, 'signing': {'region': 'ap-southeast-2', 'signing_name': 's3', 'disableDoubleEncoding': True}, 'endpoint_properties': {'authSchemes': [{'disableDoubleEncoding': True, 'name': 'sigv4', 'signingName': 's3', 'signingRegion': 'ap-southeast-2'}]}}}
2024-12-26 20:32:35,603 - DEBUG - Event request-created.s3.PutObject: calling handler <function signal_not_transferring at 0x000002D968FA8F40>
2024-12-26 20:32:35,604 - DEBUG - Event request-created.s3.PutObject: calling handler <bound method RequestSigner.handler of <botocore.signers.RequestSigner object at 0x000002D9668CC410>>
2024-12-26 20:32:35,604 - DEBUG - Event choose-signer.s3.PutObject: calling handler <bound method ClientCreator._default_s3_presign_to_sigv2 of <botocore.client.ClientCreator object at 0x000002D968287980>>
2024-12-26 20:32:35,604 - DEBUG - Event choose-signer.s3.PutObject: calling handler <function set_operation_specific_signer at 0x000002D968210360>
2024-12-26 20:32:35,604 - DEBUG - Event before-sign.s3.PutObject: calling handler <function remove_arn_from_signing_path at 0x000002D968212A20>
2024-12-26 20:32:35,604 - DEBUG - Event before-sign.s3.PutObject: calling handler <bound method S3ExpressIdentityResolver.resolve_s3express_identity of <botocore.utils.S3ExpressIdentityResolver object at 0x000002D969033EC0>>
2024-12-26 20:32:35,605 - DEBUG - Calculating signature using v4 auth.
2024-12-26 20:32:35,605 - DEBUG - CanonicalRequest:
PUT
/THE_WAR_FRONT/228032/228032-1.jpg

content-md5:7TJh+YzBA5baZGRwuOaUPA==
host:militaria-images.s3.ap-southeast-2.amazonaws.com
x-amz-content-sha256:UNSIGNED-PAYLOAD
x-amz-date:20241226T113235Z

content-md5;host;x-amz-content-sha256;x-amz-date
UNSIGNED-PAYLOAD
2024-12-26 20:32:35,605 - DEBUG - StringToSign:
AWS4-HMAC-SHA256
20241226T113235Z
20241226/ap-southeast-2/s3/aws4_request
84196e717528ff735942bcaa62d713645950212a98d58aed790acc3d8f9bd8dc
2024-12-26 20:32:35,606 - DEBUG - Signature:
366eb9f4c9d5c8b2a3702274d0dc26415edb07ed3a36bc01731f2b85e1084b6d
2024-12-26 20:32:35,606 - DEBUG - Event request-created.s3.PutObject: calling handler <function signal_transferring at 0x000002D968FA9080>
2024-12-26 20:32:35,606 - DEBUG - Event request-created.s3.PutObject: calling handler <function add_retry_headers at 0x000002D968212840>
2024-12-26 20:32:35,606 - DEBUG - Sending http request: <AWSPreparedRequest stream_output=False, method=PUT, url=https://militaria-images.s3.ap-southeast-2.amazonaws.com/THE_WAR_FRONT/228032/228032-1.jpg, headers={'User-Agent': b'Boto3/1.35.84 md/Botocore#1.35.84 ua/2.0 os/windows#11 md/arch#amd64 lang/python#3.12.0 md/pyimpl#CPython cfg/retry-mode#legacy Botocore/1.35.84', 'Content-MD5': b'7TJh+YzBA5baZGRwuOaUPA==', 'Expect': b'100-continue', 'X-Amz-Date': b'20241226T113235Z', 'X-Amz-Content-SHA256': b'UNSIGNED-PAYLOAD', 'Authorization': b'AWS4-HMAC-SHA256 Credential=AKIAVWABJ6UA6P67D2EB/20241226/ap-southeast-2/s3/aws4_request, SignedHeaders=content-md5;host;x-amz-content-sha256;x-amz-date, Signature=366eb9f4c9d5c8b2a3702274d0dc26415edb07ed3a36bc01731f2b85e1084b6d', 'amz-sdk-invocation-id': b'9137ae7f-9d56-484c-8f52-2b708d49c0c0', 'amz-sdk-request': b'attempt=1', 'Content-Length': '2278511'}>
2024-12-26 20:32:35,607 - DEBUG - Certificate path: C:\Users\keena\AppData\Local\Programs\Python\Python312\Lib\site-packages\certifi\cacert.pem
2024-12-26 20:32:35,607 - DEBUG - Starting new HTTPS connection (1): militaria-images.s3.ap-southeast-2.amazonaws.com:443
2024-12-26 20:32:36,134 - DEBUG - Waiting for 100 Continue response.
2024-12-26 20:32:36,287 - DEBUG - 100 Continue response seen, now sending request body.
2024-12-26 20:32:41,252 - DEBUG - https://militaria-images.s3.ap-southeast-2.amazonaws.com:443 "PUT /THE_WAR_FRONT/228032/228032-1.jpg HTTP/1.1" 200 0
2024-12-26 20:32:41,253 - DEBUG - Event before-parse.s3.PutObject: calling handler <function _handle_200_error at 0x000002D968212DE0>
2024-12-26 20:32:41,253 - DEBUG - Event before-parse.s3.PutObject: calling handler <function handle_expires_header at 0x000002D968212C00>
2024-12-26 20:32:41,253 - DEBUG - Response headers: {'x-amz-id-2': 'g+ptu42GQ3jV+pPhbn81PIPHWkKT5tElgBOD34IPVcb/y4Tubj2iADq79wqzwz4phxvRKZNAijQ=', 'x-amz-request-id': '25AGG0PXJD126GDR', 'Date': 'Thu, 26 Dec 2024 11:32:37 GMT', 'x-amz-version-id': 'ZB7frTxzt0iloNbiueClNBiuaXeTiH6Y', 'x-amz-server-side-encryption': 'AES256', 'ETag': '"ed3261f98cc10396da646470b8e6943c"', 'Content-Length': '0', 'Server': 'AmazonS3'}
2024-12-26 20:32:41,253 - DEBUG - Response body:
b''
2024-12-26 20:32:41,254 - DEBUG - Event needs-retry.s3.PutObject: calling handler <function _update_status_code at 0x000002D968212F20>
2024-12-26 20:32:41,254 - DEBUG - Event needs-retry.s3.PutObject: calling handler <botocore.retryhandler.RetryHandler object at 0x000002D968FBE480>
2024-12-26 20:32:41,254 - DEBUG - No retry needed.
2024-12-26 20:32:41,254 - DEBUG - Event needs-retry.s3.PutObject: calling handler <bound method S3RegionRedirectorv2.redirect_from_error of <botocore.utils.S3RegionRedirectorv2 object at 0x000002D967E50D70>>
2024-12-26 20:32:41,255 - DEBUG - Releasing acquire 0/None
