2024-12-04 21:28:47,311 - INFO - Logging initialized. Log file: logs\2024-12-04_instance_14.log
2024-12-04 21:28:51,609 - INFO - 
------------------------------------------------------------
                     PROGRAM INITIALIZED
                     2024-12-04 21:28:51.609341          
------------------------------------------------------------
2024-12-04 21:28:53,439 - INFO - 
------------------------------------------------------------
                 AVAILABILITY CHECK INITIATED
                     2024-12-04 21:28:53.439482          
------------------------------------------------------------
2024-12-04 21:28:53,866 - INFO - Total URLs to be processed for site CS_MILITARIA: 369
2024-12-04 21:28:53,874 - DEBUG - Starting new HTTPS connection (1): www.csmilitaria.co.uk:443
2024-12-04 21:28:55,212 - DEBUG - https://www.csmilitaria.co.uk:443 "GET /shop.php?code=14571 HTTP/1.1" 200 3228
2024-12-04 21:28:55,226 - WARNING - Unable to retrieve product PRICE.
2024-12-04 21:28:55,227 - WARNING - AttributeError while evaluating price element: 'NoneType' object has no attribute 'group'
2024-12-04 21:28:55,227 - DEBUG - Scraped data - Title: Published WW1 German  Battle Damaged Brow Plate, Price: 0, Available: False
2024-12-04 21:28:55,526 - DEBUG - https://www.csmilitaria.co.uk:443 "GET /shop.php?code=14417 HTTP/1.1" 200 3296
2024-12-04 21:28:55,532 - DEBUG - Scraped data - Title: WW1 German M16 Helmet With Chinstrap, Price: 775.00, Available: False
2024-12-04 21:28:55,829 - DEBUG - https://www.csmilitaria.co.uk:443 "GET /shop.php?code=13722 HTTP/1.1" 200 3268
2024-12-04 21:28:55,841 - DEBUG - Scraped data - Title: WW1 German Ersatz Felt Pickelhaube Of Baden, Price: 1450.00, Available: False
2024-12-04 21:28:56,140 - DEBUG - https://www.csmilitaria.co.uk:443 "GET /shop.php?code=14431 HTTP/1.1" 200 3173
2024-12-04 21:28:56,148 - DEBUG - Scraped data - Title: WW2 British Turtle Helmet With Camouflage Net 1944, Price: 345.00, Available: False
2024-12-04 21:28:56,445 - DEBUG - https://www.csmilitaria.co.uk:443 "GET /shop.php?code=13865 HTTP/1.1" 200 3021
2024-12-04 21:28:56,453 - WARNING - Unable to retrieve product PRICE.
2024-12-04 21:28:56,454 - WARNING - AttributeError while evaluating price element: 'NoneType' object has no attribute 'group'
2024-12-04 21:28:56,455 - DEBUG - Scraped data - Title: WW2 British Sten Magazine Bandolier 1942, Price: 0, Available: False
2024-12-04 21:28:56,755 - DEBUG - https://www.csmilitaria.co.uk:443 "GET /shop.php?code=14584 HTTP/1.1" 200 3375
2024-12-04 21:28:56,768 - DEBUG - Scraped data - Title: WW1 German Fur Felt Ersatz M95 Prussian Pickelhaube, Price: 2200.00, Available: False
2024-12-04 21:28:57,064 - DEBUG - https://www.csmilitaria.co.uk:443 "GET /shop.php?code=13564 HTTP/1.1" 200 2856
2024-12-04 21:28:57,072 - WARNING - Unable to retrieve product PRICE.
2024-12-04 21:28:57,072 - WARNING - AttributeError while evaluating price element: 'NoneType' object has no attribute 'group'
2024-12-04 21:28:57,073 - DEBUG - Scraped data - Title: WW2 British *37 Patt Webbing Belt 1943, Price: 0, Available: False
2024-12-04 21:28:57,369 - DEBUG - https://www.csmilitaria.co.uk:443 "GET /shop.php?code=14665 HTTP/1.1" 200 3211
2024-12-04 21:28:57,376 - WARNING - Unable to retrieve product PRICE.
2024-12-04 21:28:57,376 - WARNING - AttributeError while evaluating price element: 'NoneType' object has no attribute 'group'
2024-12-04 21:28:57,376 - DEBUG - Scraped data - Title: WW2 British D-Day Standing Orders For Officers Commanding Troops On Ships Or Craft- Dated June 1944, Price: 0, Available: False
2024-12-04 21:28:57,671 - DEBUG - https://www.csmilitaria.co.uk:443 "GET /shop.php?code=14670 HTTP/1.1" 200 3134
2024-12-04 21:28:57,678 - WARNING - Unable to retrieve product PRICE.
2024-12-04 21:28:57,678 - WARNING - AttributeError while evaluating price element: 'NoneType' object has no attribute 'group'
2024-12-04 21:28:57,678 - DEBUG - Scraped data - Title: WW2 British Netted Camouflage MkIII Turtle Helmet 1944, Price: 0, Available: False
2024-12-04 21:28:57,972 - DEBUG - https://www.csmilitaria.co.uk:443 "GET /shop.php?code=14656 HTTP/1.1" 200 3118
2024-12-04 21:28:57,981 - WARNING - Unable to retrieve product PRICE.
2024-12-04 21:28:57,981 - WARNING - AttributeError while evaluating price element: 'NoneType' object has no attribute 'group'
2024-12-04 21:28:57,982 - DEBUG - Scraped data - Title: WW2 US Rubberised Amphibious Beach Assault Radio Bag, Price: 0, Available: False
2024-12-04 21:28:58,278 - DEBUG - https://www.csmilitaria.co.uk:443 "GET /shop.php?code=14586 HTTP/1.1" 200 2925
2024-12-04 21:28:58,285 - WARNING - Unable to retrieve product PRICE.
2024-12-04 21:28:58,285 - WARNING - AttributeError while evaluating price element: 'NoneType' object has no attribute 'group'
2024-12-04 21:28:58,286 - DEBUG - Scraped data - Title: **** Consign Your Collection With Us ****, Price: 0, Available: False
2024-12-04 21:28:58,583 - DEBUG - https://www.csmilitaria.co.uk:443 "GET /shop.php?code=14680 HTTP/1.1" 200 3179
2024-12-04 21:28:58,590 - WARNING - Unable to retrieve product PRICE.
2024-12-04 21:28:58,590 - WARNING - AttributeError while evaluating price element: 'NoneType' object has no attribute 'group'
2024-12-04 21:28:58,591 - DEBUG - Scraped data - Title: WW2 British PIAT Mount - Found Normandy, Price: 0, Available: False
2024-12-04 21:28:58,887 - DEBUG - https://www.csmilitaria.co.uk:443 "GET /shop.php?code=14425 HTTP/1.1" 200 2880
2024-12-04 21:28:58,896 - WARNING - Unable to retrieve product PRICE.
2024-12-04 21:28:58,897 - WARNING - AttributeError while evaluating price element: 'NoneType' object has no attribute 'group'
2024-12-04 21:28:58,897 - DEBUG - Scraped data - Title: WW1 US Shovel Carrier & Shovel 1918, Price: 0, Available: False
2024-12-04 21:28:59,193 - DEBUG - https://www.csmilitaria.co.uk:443 "GET /shop.php?code=14659 HTTP/1.1" 200 3094
2024-12-04 21:28:59,199 - WARNING - Unable to retrieve product PRICE.
2024-12-04 21:28:59,200 - WARNING - AttributeError while evaluating price element: 'NoneType' object has no attribute 'group'
2024-12-04 21:28:59,201 - DEBUG - Scraped data - Title: ***RARE*** WW2 British **SECRET** Message From Supreme Commander To D-Day Forces, Price: 0, Available: False
2024-12-04 21:28:59,503 - DEBUG - https://www.csmilitaria.co.uk:443 "GET /shop.php?code=14637 HTTP/1.1" 200 3132
2024-12-04 21:28:59,511 - WARNING - Unable to retrieve product PRICE.
2024-12-04 21:28:59,512 - WARNING - AttributeError while evaluating price element: 'NoneType' object has no attribute 'group'
2024-12-04 21:28:59,512 - DEBUG - Scraped data - Title: WW2 British Straight Entrenching Tool & Carrier - 1941, Price: 0, Available: False
2024-12-04 21:28:59,813 - DEBUG - https://www.csmilitaria.co.uk:443 "GET /shop.php?code=14617 HTTP/1.1" 200 3306
2024-12-04 21:28:59,822 - WARNING - Unable to retrieve product PRICE.
2024-12-04 21:28:59,824 - WARNING - AttributeError while evaluating price element: 'NoneType' object has no attribute 'group'
2024-12-04 21:28:59,824 - DEBUG - Scraped data - Title: WW2 British Early Unlined Collar *37 Pattern Battledress Blouse - 1940, Price: 0, Available: False
