2024-12-04 10:42:25,550 - INFO - Logging initialized. Log file: logs\2024-12-04_instance_3.log
2024-12-04 10:42:31,520 - INFO - 
------------------------------------------------------------
                     PROGRAM INITIALIZED
                     2024-12-04 10:42:31.520901          
------------------------------------------------------------
2024-12-04 10:42:32,656 - DEBUG - Navigating to products page: https://www.csmilitaria.co.uk/shop.php?pg=0
2024-12-04 10:42:32,658 - DEBUG - Starting new HTTPS connection (1): www.csmilitaria.co.uk:443
2024-12-04 10:42:34,054 - DEBUG - https://www.csmilitaria.co.uk:443 "GET /shop.php?pg=0 HTTP/1.1" 200 5644
2024-12-04 10:42:34,067 - INFO - 
------------------------------------------------------------
                    NEW INSTANCE STARTED                    
------------------------------------------------------------
2024-12-04 10:42:34,067 - INFO - MILITARIA SITE      : CS_MILITARIA
2024-12-04 10:42:34,067 - INFO - PRODUCTS URL        : https://www.csmilitaria.co.uk/shop.php?pg=0
2024-12-04 10:42:34,068 - INFO - CYCLES RUN          : 0
2024-12-04 10:42:34,068 - INFO - PRODUCTS PROCESSED  : 0
2024-12-04 10:42:34,068 - INFO - TIMESTAMP           : 2024-12-04 10:42:34.067643
2024-12-04 10:42:34,068 - DEBUG - Product URL constructed: https://www.csmilitaria.co.uk/shop.php?code=14741
2024-12-04 10:42:34,369 - DEBUG - https://www.csmilitaria.co.uk:443 "GET /shop.php?code=14741 HTTP/1.1" 200 3751
2024-12-04 10:42:34,374 - DEBUG - Scraped data - Title: WW1 French 73rd Infantry Regiment Kepi, Price: 745.00, Available: True
2024-12-04 10:42:34,943 - INFO - 
------------------------------------------------------------
                      PRODUCT UPDATED                       
------------------------------------------------------------
2024-12-04 10:42:34,944 - INFO - CURRENT PAGE        : 0
2024-12-04 10:42:34,944 - INFO - PRODUCTS PROCESSED  : 0
2024-12-04 10:42:34,944 - INFO - CONSECUTIVE MATCHES : 1
2024-12-04 10:42:34,944 - INFO - PRODUCT URL         : https://www.csmilitaria.co.uk/shop.php?code=14741
2024-12-04 10:42:34,944 - INFO - TIMESTAMP           : 2024-12-04 10:42:34.943137
2024-12-04 10:42:34,945 - DEBUG - Product URL constructed: https://www.csmilitaria.co.uk/shop.php?code=14728
2024-12-04 10:42:35,245 - DEBUG - https://www.csmilitaria.co.uk:443 "GET /shop.php?code=14728 HTTP/1.1" 200 2881
2024-12-04 10:42:35,250 - DEBUG - Scraped data - Title: WW2 Canadian Undershirt, Price: 75.00, Available: True
2024-12-04 10:42:35,613 - INFO - 
------------------------------------------------------------
                      PRODUCT UPDATED                       
------------------------------------------------------------
2024-12-04 10:42:35,614 - INFO - CURRENT PAGE        : 0
2024-12-04 10:42:35,614 - INFO - PRODUCTS PROCESSED  : 1
2024-12-04 10:42:35,615 - INFO - CONSECUTIVE MATCHES : 2
2024-12-04 10:42:35,615 - INFO - PRODUCT URL         : https://www.csmilitaria.co.uk/shop.php?code=14728
2024-12-04 10:42:35,615 - INFO - TIMESTAMP           : 2024-12-04 10:42:35.613901
2024-12-04 10:42:35,615 - DEBUG - Product URL constructed: https://www.csmilitaria.co.uk/shop.php?code=14729
2024-12-04 10:42:35,917 - DEBUG - https://www.csmilitaria.co.uk:443 "GET /shop.php?code=14729 HTTP/1.1" 200 2940
2024-12-04 10:42:35,922 - DEBUG - Scraped data - Title: WW2 Canadian Long Johns, Price: 75.00, Available: True
2024-12-04 10:42:36,313 - INFO - 
------------------------------------------------------------
                      PRODUCT UPDATED                       
------------------------------------------------------------
2024-12-04 10:42:36,313 - INFO - CURRENT PAGE        : 0
2024-12-04 10:42:36,314 - INFO - PRODUCTS PROCESSED  : 2
2024-12-04 10:42:36,314 - INFO - CONSECUTIVE MATCHES : 3
2024-12-04 10:42:36,314 - INFO - PRODUCT URL         : https://www.csmilitaria.co.uk/shop.php?code=14729
2024-12-04 10:42:36,314 - INFO - TIMESTAMP           : 2024-12-04 10:42:36.312636
2024-12-04 10:42:36,315 - DEBUG - Product URL constructed: https://www.csmilitaria.co.uk/shop.php?code=14730
2024-12-04 10:42:36,616 - DEBUG - https://www.csmilitaria.co.uk:443 "GET /shop.php?code=14730 HTTP/1.1" 200 2889
2024-12-04 10:42:36,620 - DEBUG - Scraped data - Title: WW2 Canadian Wool Socks, Price: 55.00, Available: True
2024-12-04 10:42:37,003 - INFO - 
------------------------------------------------------------
                      PRODUCT UPDATED                       
------------------------------------------------------------
2024-12-04 10:42:37,003 - INFO - CURRENT PAGE        : 0
2024-12-04 10:42:37,004 - INFO - PRODUCTS PROCESSED  : 3
2024-12-04 10:42:37,004 - INFO - CONSECUTIVE MATCHES : 4
2024-12-04 10:42:37,004 - INFO - PRODUCT URL         : https://www.csmilitaria.co.uk/shop.php?code=14730
2024-12-04 10:42:37,004 - INFO - TIMESTAMP           : 2024-12-04 10:42:37.003011
2024-12-04 10:42:37,004 - DEBUG - Product URL constructed: https://www.csmilitaria.co.uk/shop.php?code=14739
2024-12-04 10:42:37,304 - DEBUG - https://www.csmilitaria.co.uk:443 "GET /shop.php?code=14739 HTTP/1.1" 200 3184
2024-12-04 10:42:37,309 - WARNING - Unable to retrieve product PRICE.
2024-12-04 10:42:37,309 - WARNING - AttributeError while evaluating price element: 'NoneType' object has no attribute 'group'
2024-12-04 10:42:37,309 - DEBUG - Scraped data - Title: French WW1 Model M1893 Field Pack - 1917 Dated, Price: 0, Available: False
2024-12-04 10:42:38,276 - INFO - Product 'https://www.csmilitaria.co.uk/shop.php?code=14739' sold date updated: 2024-12-04 10:37:45 → 2024-12-04 10:42:37
2024-12-04 10:42:38,277 - INFO - 
------------------------------------------------------------
                      PRODUCT UPDATED                       
------------------------------------------------------------
2024-12-04 10:42:38,277 - INFO - CURRENT PAGE        : 0
2024-12-04 10:42:38,277 - INFO - PRODUCTS PROCESSED  : 4
2024-12-04 10:42:38,277 - INFO - CONSECUTIVE MATCHES : 5
2024-12-04 10:42:38,277 - INFO - PRODUCT URL         : https://www.csmilitaria.co.uk/shop.php?code=14739
2024-12-04 10:42:38,277 - INFO - TIMESTAMP           : 2024-12-04 10:42:38.276760
2024-12-04 10:42:38,278 - DEBUG - Product URL constructed: https://www.csmilitaria.co.uk/shop.php?code=14744
2024-12-04 10:42:38,576 - DEBUG - https://www.csmilitaria.co.uk:443 "GET /shop.php?code=14744 HTTP/1.1" 200 2913
2024-12-04 10:42:38,581 - DEBUG - Scraped data - Title: WW2 Canadian MkI Pouches With Ballasite Cartridge Loops, Price: 60.00, Available: True
2024-12-04 10:42:39,099 - INFO - 
------------------------------------------------------------
                      PRODUCT UPDATED                       
------------------------------------------------------------
2024-12-04 10:42:39,099 - INFO - CURRENT PAGE        : 0
2024-12-04 10:42:39,099 - INFO - PRODUCTS PROCESSED  : 5
2024-12-04 10:42:39,099 - INFO - CONSECUTIVE MATCHES : 6
2024-12-04 10:42:39,100 - INFO - PRODUCT URL         : https://www.csmilitaria.co.uk/shop.php?code=14744
2024-12-04 10:42:39,100 - INFO - TIMESTAMP           : 2024-12-04 10:42:39.099652
2024-12-04 10:42:39,100 - DEBUG - Product URL constructed: https://www.csmilitaria.co.uk/shop.php?code=14726
2024-12-04 10:42:39,399 - DEBUG - https://www.csmilitaria.co.uk:443 "GET /shop.php?code=14726 HTTP/1.1" 200 2864
2024-12-04 10:42:39,403 - DEBUG - Scraped data - Title: WW2 Canadian Webbing Anklets 1945, Price: 45.00, Available: True
2024-12-04 10:42:39,800 - INFO - 
------------------------------------------------------------
                      PRODUCT UPDATED                       
------------------------------------------------------------
2024-12-04 10:42:39,801 - INFO - CURRENT PAGE        : 0
2024-12-04 10:42:39,801 - INFO - PRODUCTS PROCESSED  : 6
2024-12-04 10:42:39,801 - INFO - CONSECUTIVE MATCHES : 7
2024-12-04 10:42:39,802 - INFO - PRODUCT URL         : https://www.csmilitaria.co.uk/shop.php?code=14726
2024-12-04 10:42:39,802 - INFO - TIMESTAMP           : 2024-12-04 10:42:39.800874
2024-12-04 10:42:39,802 - DEBUG - Product URL constructed: https://www.csmilitaria.co.uk/shop.php?code=14731
2024-12-04 10:42:40,103 - DEBUG - https://www.csmilitaria.co.uk:443 "GET /shop.php?code=14731 HTTP/1.1" 200 2912
2024-12-04 10:42:40,108 - WARNING - Unable to retrieve product PRICE.
2024-12-04 10:42:40,108 - WARNING - AttributeError while evaluating price element: 'NoneType' object has no attribute 'group'
2024-12-04 10:42:40,108 - DEBUG - Scraped data - Title: WW2 Canadian Cold Weather Rubber Boots 1944, Price: 0, Available: False
2024-12-04 10:42:41,040 - INFO - Product 'https://www.csmilitaria.co.uk/shop.php?code=14731' sold date updated: 2024-12-03 00:00:00 → 2024-12-04 10:42:40
2024-12-04 10:42:41,040 - INFO - 
------------------------------------------------------------
                      PRODUCT UPDATED                       
------------------------------------------------------------
2024-12-04 10:42:41,041 - INFO - CURRENT PAGE        : 0
2024-12-04 10:42:41,041 - INFO - PRODUCTS PROCESSED  : 7
2024-12-04 10:42:41,041 - INFO - CONSECUTIVE MATCHES : 8
2024-12-04 10:42:41,041 - INFO - PRODUCT URL         : https://www.csmilitaria.co.uk/shop.php?code=14731
2024-12-04 10:42:41,041 - INFO - TIMESTAMP           : 2024-12-04 10:42:41.040707
2024-12-04 10:42:41,041 - DEBUG - Product URL constructed: https://www.csmilitaria.co.uk/shop.php?code=14732
2024-12-04 10:42:41,343 - DEBUG - https://www.csmilitaria.co.uk:443 "GET /shop.php?code=14732 HTTP/1.1" 200 2969
2024-12-04 10:42:41,347 - DEBUG - Scraped data - Title: WW2 Canadian Entrenching Tool Set, Price: 150.00, Available: True
2024-12-04 10:42:41,853 - INFO - 
------------------------------------------------------------
                      PRODUCT UPDATED                       
------------------------------------------------------------
2024-12-04 10:42:41,853 - INFO - CURRENT PAGE        : 0
2024-12-04 10:42:41,854 - INFO - PRODUCTS PROCESSED  : 8
2024-12-04 10:42:41,854 - INFO - CONSECUTIVE MATCHES : 9
2024-12-04 10:42:41,854 - INFO - PRODUCT URL         : https://www.csmilitaria.co.uk/shop.php?code=14732
2024-12-04 10:42:41,854 - INFO - TIMESTAMP           : 2024-12-04 10:42:41.853496
2024-12-04 10:42:41,854 - DEBUG - Product URL constructed: https://www.csmilitaria.co.uk/shop.php?code=14727
2024-12-04 10:42:42,159 - DEBUG - https://www.csmilitaria.co.uk:443 "GET /shop.php?code=14727 HTTP/1.1" 200 2866
2024-12-04 10:42:42,163 - DEBUG - Scraped data - Title: WW2 British Army PT Shorts 1940, Price: 65.00, Available: True
2024-12-04 10:42:42,562 - INFO - 
------------------------------------------------------------
                      PRODUCT UPDATED                       
------------------------------------------------------------
2024-12-04 10:42:42,562 - INFO - CURRENT PAGE        : 0
2024-12-04 10:42:42,562 - INFO - PRODUCTS PROCESSED  : 9
2024-12-04 10:42:42,562 - INFO - CONSECUTIVE MATCHES : 10
2024-12-04 10:42:42,562 - INFO - PRODUCT URL         : https://www.csmilitaria.co.uk/shop.php?code=14727
2024-12-04 10:42:42,563 - INFO - TIMESTAMP           : 2024-12-04 10:42:42.562393
2024-12-04 10:42:42,563 - DEBUG - Navigating to products page: https://www.csmilitaria.co.uk/shop.php?pg=1
2024-12-04 10:42:42,875 - DEBUG - https://www.csmilitaria.co.uk:443 "GET /shop.php?pg=1 HTTP/1.1" 200 5644
2024-12-04 10:42:42,887 - INFO - 
------------------------------------------------------------
                    NEW INSTANCE STARTED                    
------------------------------------------------------------
2024-12-04 10:42:42,887 - INFO - MILITARIA SITE      : CS_MILITARIA
2024-12-04 10:42:42,887 - INFO - PRODUCTS URL        : https://www.csmilitaria.co.uk/shop.php?pg=1
2024-12-04 10:42:42,888 - INFO - CYCLES RUN          : 0
2024-12-04 10:42:42,888 - INFO - PRODUCTS PROCESSED  : 0
2024-12-04 10:42:42,888 - INFO - TIMESTAMP           : 2024-12-04 10:42:42.887933
2024-12-04 10:42:42,888 - DEBUG - Product URL constructed: https://www.csmilitaria.co.uk/shop.php?code=14741
2024-12-04 10:42:43,188 - DEBUG - https://www.csmilitaria.co.uk:443 "GET /shop.php?code=14741 HTTP/1.1" 200 3751
2024-12-04 10:42:43,194 - DEBUG - Scraped data - Title: WW1 French 73rd Infantry Regiment Kepi, Price: 745.00, Available: True
2024-12-04 10:42:43,582 - INFO - 
------------------------------------------------------------
                      PRODUCT UPDATED                       
------------------------------------------------------------
2024-12-04 10:42:43,583 - INFO - CURRENT PAGE        : 1
2024-12-04 10:42:43,583 - INFO - PRODUCTS PROCESSED  : 10
2024-12-04 10:42:43,583 - INFO - CONSECUTIVE MATCHES : 11
2024-12-04 10:42:43,583 - INFO - PRODUCT URL         : https://www.csmilitaria.co.uk/shop.php?code=14741
2024-12-04 10:42:43,583 - INFO - TIMESTAMP           : 2024-12-04 10:42:43.582930
2024-12-04 10:42:43,583 - DEBUG - Product URL constructed: https://www.csmilitaria.co.uk/shop.php?code=14728
2024-12-04 10:42:43,883 - DEBUG - https://www.csmilitaria.co.uk:443 "GET /shop.php?code=14728 HTTP/1.1" 200 2881
2024-12-04 10:42:43,888 - DEBUG - Scraped data - Title: WW2 Canadian Undershirt, Price: 75.00, Available: True
2024-12-04 10:42:44,274 - INFO - 
------------------------------------------------------------
                      PRODUCT UPDATED                       
------------------------------------------------------------
2024-12-04 10:42:44,274 - INFO - CURRENT PAGE        : 1
2024-12-04 10:42:44,275 - INFO - PRODUCTS PROCESSED  : 11
2024-12-04 10:42:44,275 - INFO - CONSECUTIVE MATCHES : 12
2024-12-04 10:42:44,275 - INFO - PRODUCT URL         : https://www.csmilitaria.co.uk/shop.php?code=14728
2024-12-04 10:42:44,275 - INFO - TIMESTAMP           : 2024-12-04 10:42:44.274167
2024-12-04 10:42:44,275 - DEBUG - Product URL constructed: https://www.csmilitaria.co.uk/shop.php?code=14729
2024-12-04 10:42:44,574 - DEBUG - https://www.csmilitaria.co.uk:443 "GET /shop.php?code=14729 HTTP/1.1" 200 2940
2024-12-04 10:42:44,579 - DEBUG - Scraped data - Title: WW2 Canadian Long Johns, Price: 75.00, Available: True
2024-12-04 10:42:44,948 - INFO - 
------------------------------------------------------------
                      PRODUCT UPDATED                       
------------------------------------------------------------
2024-12-04 10:42:44,948 - INFO - CURRENT PAGE        : 1
2024-12-04 10:42:44,951 - INFO - PRODUCTS PROCESSED  : 12
2024-12-04 10:42:44,952 - INFO - CONSECUTIVE MATCHES : 13
2024-12-04 10:42:44,952 - INFO - PRODUCT URL         : https://www.csmilitaria.co.uk/shop.php?code=14729
2024-12-04 10:42:44,953 - INFO - TIMESTAMP           : 2024-12-04 10:42:44.948664
2024-12-04 10:42:44,953 - DEBUG - Product URL constructed: https://www.csmilitaria.co.uk/shop.php?code=14730
2024-12-04 10:42:45,252 - DEBUG - https://www.csmilitaria.co.uk:443 "GET /shop.php?code=14730 HTTP/1.1" 200 2889
2024-12-04 10:42:45,257 - DEBUG - Scraped data - Title: WW2 Canadian Wool Socks, Price: 55.00, Available: True
2024-12-04 10:42:45,765 - INFO - 
------------------------------------------------------------
                      PRODUCT UPDATED                       
------------------------------------------------------------
2024-12-04 10:42:45,766 - INFO - CURRENT PAGE        : 1
2024-12-04 10:42:45,767 - INFO - PRODUCTS PROCESSED  : 13
2024-12-04 10:42:45,767 - INFO - CONSECUTIVE MATCHES : 14
2024-12-04 10:42:45,767 - INFO - PRODUCT URL         : https://www.csmilitaria.co.uk/shop.php?code=14730
2024-12-04 10:42:45,767 - INFO - TIMESTAMP           : 2024-12-04 10:42:45.765858
2024-12-04 10:42:45,767 - DEBUG - Product URL constructed: https://www.csmilitaria.co.uk/shop.php?code=14739
2024-12-04 10:42:46,065 - DEBUG - https://www.csmilitaria.co.uk:443 "GET /shop.php?code=14739 HTTP/1.1" 200 3184
2024-12-04 10:42:46,070 - WARNING - Unable to retrieve product PRICE.
2024-12-04 10:42:46,071 - WARNING - AttributeError while evaluating price element: 'NoneType' object has no attribute 'group'
2024-12-04 10:42:46,071 - DEBUG - Scraped data - Title: French WW1 Model M1893 Field Pack - 1917 Dated, Price: 0, Available: False
2024-12-04 10:42:46,985 - INFO - Product 'https://www.csmilitaria.co.uk/shop.php?code=14739' sold date updated: 2024-12-04 10:42:37 → 2024-12-04 10:42:46
2024-12-04 10:42:46,985 - INFO - 
------------------------------------------------------------
                      PRODUCT UPDATED                       
------------------------------------------------------------
2024-12-04 10:42:46,986 - INFO - CURRENT PAGE        : 1
2024-12-04 10:42:46,986 - INFO - PRODUCTS PROCESSED  : 14
2024-12-04 10:42:46,986 - INFO - CONSECUTIVE MATCHES : 15
2024-12-04 10:42:46,987 - INFO - PRODUCT URL         : https://www.csmilitaria.co.uk/shop.php?code=14739
2024-12-04 10:42:46,987 - INFO - TIMESTAMP           : 2024-12-04 10:42:46.985974
2024-12-04 10:42:46,987 - INFO - 
------------------------------------------------------------
                    INSTANCE TERMINATED                     
------------------------------------------------------------
2024-12-04 10:42:46,987 - INFO - MILITARIA SITE      : CS_MILITARIA
2024-12-04 10:42:46,990 - INFO - CONSECUTIVE MATCHES : 15
2024-12-04 10:42:46,991 - INFO - CYCLES RUN          : 0
2024-12-04 10:42:46,991 - INFO - PRODUCTS PROCESSED  : 0
2024-12-04 10:42:46,991 - INFO - TIMESTAMP           : 2024-12-04 10:42:46.987851
2024-12-04 10:42:46,992 - DEBUG - Navigating to products page: https://www.csmilitaria.co.uk/archive.php?pg=0
2024-12-04 10:42:47,304 - DEBUG - https://www.csmilitaria.co.uk:443 "GET /archive.php?pg=0 HTTP/1.1" 200 6414
2024-12-04 10:42:47,315 - INFO - 
------------------------------------------------------------
                    NEW INSTANCE STARTED                    
------------------------------------------------------------
2024-12-04 10:42:47,316 - INFO - MILITARIA SITE      : CS_MILITARIA
2024-12-04 10:42:47,316 - INFO - PRODUCTS URL        : https://www.csmilitaria.co.uk/archive.php?pg=0
2024-12-04 10:42:47,316 - INFO - CYCLES RUN          : 0
2024-12-04 10:42:47,316 - INFO - PRODUCTS PROCESSED  : 0
2024-12-04 10:42:47,316 - INFO - TIMESTAMP           : 2024-12-04 10:42:47.315571
2024-12-04 10:42:47,317 - DEBUG - Product URL constructed: https://www.csmilitaria.co.uk/shop.php?code=14431
2024-12-04 10:42:47,617 - DEBUG - https://www.csmilitaria.co.uk:443 "GET /shop.php?code=14431 HTTP/1.1" 200 3173
2024-12-04 10:42:47,622 - DEBUG - Scraped data - Title: WW2 British Turtle Helmet With Camouflage Net 1944, Price: 345.00, Available: False
2024-12-04 10:42:48,632 - INFO - Product 'https://www.csmilitaria.co.uk/shop.php?code=14431' sold date updated: 2024-12-04 10:37:47 → 2024-12-04 10:42:48
2024-12-04 10:42:48,632 - INFO - 
------------------------------------------------------------
                      PRODUCT UPDATED                       
------------------------------------------------------------
2024-12-04 10:42:48,632 - INFO - CURRENT PAGE        : 0
2024-12-04 10:42:48,632 - INFO - PRODUCTS PROCESSED  : 0
2024-12-04 10:42:48,632 - INFO - CONSECUTIVE MATCHES : 1
2024-12-04 10:42:48,633 - INFO - PRODUCT URL         : https://www.csmilitaria.co.uk/shop.php?code=14431
2024-12-04 10:42:48,633 - INFO - TIMESTAMP           : 2024-12-04 10:42:48.632101
2024-12-04 10:42:48,633 - DEBUG - Product URL constructed: https://www.csmilitaria.co.uk/shop.php?code=14597
2024-12-04 10:42:48,933 - DEBUG - https://www.csmilitaria.co.uk:443 "GET /shop.php?code=14597 HTTP/1.1" 200 2998
2024-12-04 10:42:48,938 - DEBUG - Scraped data - Title: WW1 British 1st Battalion Manchester Regiment Wolseley Sun Helmet, Price: 565.00, Available: False
2024-12-04 10:42:49,927 - INFO - Product 'https://www.csmilitaria.co.uk/shop.php?code=14597' sold date updated: 2024-12-04 10:37:48 → 2024-12-04 10:42:49
2024-12-04 10:42:49,928 - INFO - 
------------------------------------------------------------
                      PRODUCT UPDATED                       
------------------------------------------------------------
2024-12-04 10:42:49,928 - INFO - CURRENT PAGE        : 0
2024-12-04 10:42:49,929 - INFO - PRODUCTS PROCESSED  : 1
2024-12-04 10:42:49,929 - INFO - CONSECUTIVE MATCHES : 2
2024-12-04 10:42:49,929 - INFO - PRODUCT URL         : https://www.csmilitaria.co.uk/shop.php?code=14597
2024-12-04 10:42:49,929 - INFO - TIMESTAMP           : 2024-12-04 10:42:49.927799
2024-12-04 10:42:49,929 - DEBUG - Product URL constructed: https://www.csmilitaria.co.uk/shop.php?code=14598
2024-12-04 10:42:50,230 - DEBUG - https://www.csmilitaria.co.uk:443 "GET /shop.php?code=14598 HTTP/1.1" 200 3031
2024-12-04 10:42:50,235 - DEBUG - Scraped data - Title: WW2 British Home Front NFS Helmet - Ransome & Rapier Fire Brigade, Price: 245.00, Available: False
