2024-12-26 15:55:21,491 - INFO - Logging initialized. Log file: logs\2024-12-26_instance_1.log
2024-12-26 15:55:24,595 - INFO - 
------------------------------------------------------------
PROGRAM INITIALIZED 2024-12-26 15:55:24.595607
------------------------------------------------------------
2024-12-26 15:55:29,870 - INFO - PostgreSQL connection pool initialized.
2024-12-26 15:55:29,878 - DEBUG - Changing event name from creating-client-class.iot-data to creating-client-class.iot-data-plane
2024-12-26 15:55:29,880 - DEBUG - Changing event name from before-call.apigateway to before-call.api-gateway
2024-12-26 15:55:29,881 - DEBUG - Changing event name from request-created.machinelearning.Predict to request-created.machine-learning.Predict
2024-12-26 15:55:29,882 - DEBUG - Changing event name from before-parameter-build.autoscaling.CreateLaunchConfiguration to before-parameter-build.auto-scaling.CreateLaunchConfiguration
2024-12-26 15:55:29,882 - DEBUG - Changing event name from before-parameter-build.route53 to before-parameter-build.route-53
2024-12-26 15:55:29,883 - DEBUG - Changing event name from request-created.cloudsearchdomain.Search to request-created.cloudsearch-domain.Search
2024-12-26 15:55:29,883 - DEBUG - Changing event name from docs.*.autoscaling.CreateLaunchConfiguration.complete-section to docs.*.auto-scaling.CreateLaunchConfiguration.complete-section
2024-12-26 15:55:29,886 - DEBUG - Changing event name from before-parameter-build.logs.CreateExportTask to before-parameter-build.cloudwatch-logs.CreateExportTask
2024-12-26 15:55:29,886 - DEBUG - Changing event name from docs.*.logs.CreateExportTask.complete-section to docs.*.cloudwatch-logs.CreateExportTask.complete-section
2024-12-26 15:55:29,887 - DEBUG - Changing event name from before-parameter-build.cloudsearchdomain.Search to before-parameter-build.cloudsearch-domain.Search
2024-12-26 15:55:29,887 - DEBUG - Changing event name from docs.*.cloudsearchdomain.Search.complete-section to docs.*.cloudsearch-domain.Search.complete-section
2024-12-26 15:55:29,961 - DEBUG - Loading JSON file: C:\Users\keena\AppData\Local\Programs\Python\Python312\Lib\site-packages\botocore\data\endpoints.json
2024-12-26 15:55:29,982 - DEBUG - Loading JSON file: C:\Users\keena\AppData\Local\Programs\Python\Python312\Lib\site-packages\botocore\data\sdk-default-configuration.json
2024-12-26 15:55:29,983 - DEBUG - Event choose-service-name: calling handler <function handle_service_name_alias at 0x0000020DFFC16020>
2024-12-26 15:55:30,231 - DEBUG - Loading JSON file: C:\Users\keena\AppData\Local\Programs\Python\Python312\Lib\site-packages\botocore\data\s3\2006-03-01\service-2.json.gz
2024-12-26 15:55:30,244 - DEBUG - Loading JSON file: C:\Users\keena\AppData\Local\Programs\Python\Python312\Lib\site-packages\botocore\data\s3\2006-03-01\service-2.sdk-extras.json
2024-12-26 15:55:30,312 - DEBUG - Loading JSON file: C:\Users\keena\AppData\Local\Programs\Python\Python312\Lib\site-packages\botocore\data\s3\2006-03-01\endpoint-rule-set-1.json.gz
2024-12-26 15:55:30,322 - DEBUG - Loading JSON file: C:\Users\keena\AppData\Local\Programs\Python\Python312\Lib\site-packages\botocore\data\partitions.json
2024-12-26 15:55:30,323 - DEBUG - Event creating-client-class.s3: calling handler <function add_generate_presigned_post at 0x0000020DFFB5AE80>
2024-12-26 15:55:30,323 - DEBUG - Event creating-client-class.s3: calling handler <function lazy_call.<locals>._handler at 0x0000020DFFCBD9E0>
2024-12-26 15:55:30,374 - DEBUG - Event creating-client-class.s3: calling handler <function add_generate_presigned_url at 0x0000020DFFB5AC00>
2024-12-26 15:55:30,375 - DEBUG - Looking for endpoint for s3 via: environment_service
2024-12-26 15:55:30,375 - DEBUG - Looking for endpoint for s3 via: environment_global
2024-12-26 15:55:30,375 - DEBUG - Looking for endpoint for s3 via: config_service
2024-12-26 15:55:30,375 - DEBUG - Looking for endpoint for s3 via: config_global
2024-12-26 15:55:30,375 - DEBUG - No configured endpoint found.
2024-12-26 15:55:30,377 - DEBUG - Setting s3 timeout as (60, 60)
2024-12-26 15:55:30,398 - DEBUG - Loading JSON file: C:\Users\keena\AppData\Local\Programs\Python\Python312\Lib\site-packages\botocore\data\_retry.json
2024-12-26 15:55:30,399 - DEBUG - Registering retry handlers for service: s3
2024-12-26 15:55:30,399 - DEBUG - Registering S3 region redirector handler
2024-12-26 15:55:30,400 - DEBUG - Registering S3Express Identity Resolver
2024-12-26 15:55:30,400 - INFO - S3Manager initialized for bucket militaria-images
2024-12-26 15:55:36,938 - DEBUG - Navigating to products page: https://awcmilitaria.com/shop.php?pg=0
2024-12-26 15:55:36,941 - DEBUG - Starting new HTTPS connection (1): awcmilitaria.com:443
2024-12-26 15:55:37,963 - DEBUG - https://awcmilitaria.com:443 "GET /shop.php?pg=0 HTTP/1.1" 200 5429
2024-12-26 15:55:37,975 - INFO - 
------------------------------------------------------------
                    NEW INSTANCE STARTED                    
------------------------------------------------------------
2024-12-26 15:55:37,976 - INFO - MILITARIA SITE      : AWC_MILITARIA
2024-12-26 15:55:37,976 - INFO - PRODUCTS URL        : https://awcmilitaria.com/shop.php?pg=0
2024-12-26 15:55:37,976 - INFO - CYCLES RUN          : 0
2024-12-26 15:55:37,976 - INFO - PRODUCTS PROCESSED  : 0
2024-12-26 15:55:37,976 - INFO - TIMESTAMP           : 2024-12-26 15:55:37.975158
2024-12-26 15:55:37,976 - DEBUG - Product URL constructed: https://awcmilitaria.com/shop.php?code=53751
2024-12-26 15:55:39,758 - DEBUG - Image upload needed for product URL: https://awcmilitaria.com/shop.php?code=53751.
2024-12-26 15:55:40,036 - DEBUG - https://awcmilitaria.com:443 "GET /shop.php?code=53751 HTTP/1.1" 200 2835
2024-12-26 15:55:40,040 - WARNING - Unable to retrieve product PRICE.
2024-12-26 15:55:40,041 - WARNING - AttributeError while evaluating price element: 'NoneType' object has no attribute 'group'
2024-12-26 15:55:40,043 - DEBUG - Extracted image URLs: ['/photos/53751.jpg']
2024-12-26 15:55:40,043 - DEBUG - Scraped data: Title=The festive season is once again upon us so may I take this opportunity to wish all my customers, potential customers and browsers of my website a very happy Christmas with good health, wealth and happiness in the coming New Year.         Arthur, Price=0, Available=True
2024-12-26 15:55:41,290 - DEBUG - Product ID for URL 'https://awcmilitaria.com/shop.php?code=53751' is 227947
2024-12-26 15:55:41,290 - DEBUG - Fetching image from /photos/53751.jpg
2024-12-26 15:55:41,291 - ERROR - Error fetching image /photos/53751.jpg: Invalid URL '/photos/53751.jpg': No scheme supplied. Perhaps you meant https:///photos/53751.jpg?
2024-12-26 15:55:44,170 - INFO - Product 'https://awcmilitaria.com/shop.php?code=53751' was updated or inserted successfully.
2024-12-26 15:55:44,170 - DEBUG - Product URL constructed: https://awcmilitaria.com/shop.php?code=53750
2024-12-26 15:55:45,629 - DEBUG - Image upload needed for product URL: https://awcmilitaria.com/shop.php?code=53750.
2024-12-26 15:55:45,911 - DEBUG - https://awcmilitaria.com:443 "GET /shop.php?code=53750 HTTP/1.1" 200 3026
2024-12-26 15:55:45,916 - DEBUG - Extracted image URLs: ['/photos/53750.jpg', '/photos/53750a.jpg', '/photos/53750b.jpg']
2024-12-26 15:55:45,916 - DEBUG - Scraped data: Title=WW2 8th Armoured Division Pair of Un-issued Machine-woven Shoulder-flashes., Price=18.00, Available=True
2024-12-26 15:55:47,243 - DEBUG - Product ID for URL 'https://awcmilitaria.com/shop.php?code=53750' is 227948
2024-12-26 15:55:47,243 - DEBUG - Fetching image from /photos/53750.jpg
2024-12-26 15:55:47,243 - ERROR - Error fetching image /photos/53750.jpg: Invalid URL '/photos/53750.jpg': No scheme supplied. Perhaps you meant https:///photos/53750.jpg?
2024-12-26 15:55:47,244 - DEBUG - Fetching image from /photos/53750a.jpg
2024-12-26 15:55:47,244 - ERROR - Error fetching image /photos/53750a.jpg: Invalid URL '/photos/53750a.jpg': No scheme supplied. Perhaps you meant https:///photos/53750a.jpg?
2024-12-26 15:55:47,244 - DEBUG - Fetching image from /photos/53750b.jpg
2024-12-26 15:55:47,244 - ERROR - Error fetching image /photos/53750b.jpg: Invalid URL '/photos/53750b.jpg': No scheme supplied. Perhaps you meant https:///photos/53750b.jpg?
