2024-12-26 19:54:01,641 - INFO - Logging initialized. Log file: logs\2024-12-26_instance_13.log
2024-12-26 19:54:04,721 - INFO - 
------------------------------------------------------------
PROGRAM INITIALIZED 2024-12-26 19:54:04.721988
------------------------------------------------------------
2024-12-26 19:54:09,660 - INFO - PostgreSQL connection pool initialized.
2024-12-26 19:54:09,661 - DEBUG - Changing event name from creating-client-class.iot-data to creating-client-class.iot-data-plane
2024-12-26 19:54:09,662 - DEBUG - Changing event name from before-call.apigateway to before-call.api-gateway
2024-12-26 19:54:09,663 - DEBUG - Changing event name from request-created.machinelearning.Predict to request-created.machine-learning.Predict
2024-12-26 19:54:09,664 - DEBUG - Changing event name from before-parameter-build.autoscaling.CreateLaunchConfiguration to before-parameter-build.auto-scaling.CreateLaunchConfiguration
2024-12-26 19:54:09,665 - DEBUG - Changing event name from before-parameter-build.route53 to before-parameter-build.route-53
2024-12-26 19:54:09,665 - DEBUG - Changing event name from request-created.cloudsearchdomain.Search to request-created.cloudsearch-domain.Search
2024-12-26 19:54:09,666 - DEBUG - Changing event name from docs.*.autoscaling.CreateLaunchConfiguration.complete-section to docs.*.auto-scaling.CreateLaunchConfiguration.complete-section
2024-12-26 19:54:09,667 - DEBUG - Changing event name from before-parameter-build.logs.CreateExportTask to before-parameter-build.cloudwatch-logs.CreateExportTask
2024-12-26 19:54:09,668 - DEBUG - Changing event name from docs.*.logs.CreateExportTask.complete-section to docs.*.cloudwatch-logs.CreateExportTask.complete-section
2024-12-26 19:54:09,668 - DEBUG - Changing event name from before-parameter-build.cloudsearchdomain.Search to before-parameter-build.cloudsearch-domain.Search
2024-12-26 19:54:09,668 - DEBUG - Changing event name from docs.*.cloudsearchdomain.Search.complete-section to docs.*.cloudsearch-domain.Search.complete-section
2024-12-26 19:54:09,711 - DEBUG - Loading JSON file: C:\Users\keena\AppData\Local\Programs\Python\Python312\Lib\site-packages\botocore\data\endpoints.json
2024-12-26 19:54:09,730 - DEBUG - Loading JSON file: C:\Users\keena\AppData\Local\Programs\Python\Python312\Lib\site-packages\botocore\data\sdk-default-configuration.json
2024-12-26 19:54:09,731 - DEBUG - Event choose-service-name: calling handler <function handle_service_name_alias at 0x000001F93813A020>
2024-12-26 19:54:09,778 - DEBUG - Loading JSON file: C:\Users\keena\AppData\Local\Programs\Python\Python312\Lib\site-packages\botocore\data\s3\2006-03-01\service-2.json.gz
2024-12-26 19:54:09,786 - DEBUG - Loading JSON file: C:\Users\keena\AppData\Local\Programs\Python\Python312\Lib\site-packages\botocore\data\s3\2006-03-01\service-2.sdk-extras.json
2024-12-26 19:54:09,832 - DEBUG - Loading JSON file: C:\Users\keena\AppData\Local\Programs\Python\Python312\Lib\site-packages\botocore\data\s3\2006-03-01\endpoint-rule-set-1.json.gz
2024-12-26 19:54:09,834 - DEBUG - Loading JSON file: C:\Users\keena\AppData\Local\Programs\Python\Python312\Lib\site-packages\botocore\data\partitions.json
2024-12-26 19:54:09,836 - DEBUG - Event creating-client-class.s3: calling handler <function add_generate_presigned_post at 0x000001F93807AE80>
2024-12-26 19:54:09,836 - DEBUG - Event creating-client-class.s3: calling handler <function lazy_call.<locals>._handler at 0x000001F9381DD9E0>
2024-12-26 19:54:09,871 - DEBUG - Event creating-client-class.s3: calling handler <function add_generate_presigned_url at 0x000001F93807AC00>
2024-12-26 19:54:09,871 - DEBUG - Looking for endpoint for s3 via: environment_service
2024-12-26 19:54:09,871 - DEBUG - Looking for endpoint for s3 via: environment_global
2024-12-26 19:54:09,871 - DEBUG - Looking for endpoint for s3 via: config_service
2024-12-26 19:54:09,872 - DEBUG - Looking for endpoint for s3 via: config_global
2024-12-26 19:54:09,872 - DEBUG - No configured endpoint found.
2024-12-26 19:54:09,873 - DEBUG - Setting s3 timeout as (60, 60)
2024-12-26 19:54:09,876 - DEBUG - Loading JSON file: C:\Users\keena\AppData\Local\Programs\Python\Python312\Lib\site-packages\botocore\data\_retry.json
2024-12-26 19:54:09,876 - DEBUG - Registering retry handlers for service: s3
2024-12-26 19:54:09,877 - DEBUG - Registering S3 region redirector handler
2024-12-26 19:54:09,877 - DEBUG - Registering S3Express Identity Resolver
2024-12-26 19:54:09,877 - INFO - S3Manager initialized for bucket militaria-images
2024-12-26 19:54:12,982 - DEBUG - Navigating to products page: https://www.ea-militaria.com/new-items?p=0
2024-12-26 19:54:12,984 - DEBUG - Starting new HTTPS connection (1): www.ea-militaria.com:443
2024-12-26 19:54:14,377 - DEBUG - https://www.ea-militaria.com:443 "GET /new-items?p=0 HTTP/1.1" 200 None
2024-12-26 19:54:14,560 - INFO - 
------------------------------------------------------------
                    NEW INSTANCE STARTED                    
------------------------------------------------------------
2024-12-26 19:54:14,560 - INFO - MILITARIA SITE      : EA_MILITARIA
2024-12-26 19:54:14,561 - INFO - PRODUCTS URL        : https://www.ea-militaria.com/new-items?p=0
2024-12-26 19:54:14,561 - INFO - CYCLES RUN          : 0
2024-12-26 19:54:14,561 - INFO - PRODUCTS PROCESSED  : 0
2024-12-26 19:54:14,561 - INFO - TIMESTAMP           : 2024-12-26 19:54:14.560993
2024-12-26 19:54:14,561 - ERROR - Error constructing product URL: 'href'
2024-12-26 19:54:14,561 - WARNING - Product URL is invalid. Skipping this product.
2024-12-26 19:54:14,561 - DEBUG - Product URL constructed: https://www.ea-militaria.com/wehrmacht-officers-kavallerie-schirmmutze.html
2024-12-26 19:54:15,119 - DEBUG - Image upload needed for product URL: https://www.ea-militaria.com/wehrmacht-officers-kavallerie-schirmmutze.html.
2024-12-26 19:54:15,511 - DEBUG - https://www.ea-militaria.com:443 "GET /wehrmacht-officers-kavallerie-schirmmutze.html HTTP/1.1" 200 None
2024-12-26 19:54:15,841 - DEBUG - Extracted image URLs: ['https://www.ea-militaria.com/media/catalog/product/cache/551dd4a80397afb5e2fec9184c2b894b/e/a/eam_9659_1.jpeg', 'https://www.ea-militaria.com/media/catalog/product/cache/551dd4a80397afb5e2fec9184c2b894b/e/a/eam_9667_1.jpeg', 'https://www.ea-militaria.com/media/catalog/product/cache/551dd4a80397afb5e2fec9184c2b894b/e/a/eam_9662_1.jpeg', 'https://www.ea-militaria.com/media/catalog/product/cache/551dd4a80397afb5e2fec9184c2b894b/e/a/eam_9665_1.jpeg', 'https://www.ea-militaria.com/media/catalog/product/cache/551dd4a80397afb5e2fec9184c2b894b/e/a/eam_9668.jpeg', 'https://www.ea-militaria.com/media/catalog/product/cache/551dd4a80397afb5e2fec9184c2b894b/e/a/eam_9669_1.jpeg', 'https://www.ea-militaria.com/media/catalog/product/cache/551dd4a80397afb5e2fec9184c2b894b/e/a/eam_9671_1.jpeg', 'https://www.ea-militaria.com/media/catalog/product/cache/551dd4a80397afb5e2fec9184c2b894b/e/a/eam_9673_1.jpeg', 'https://www.ea-militaria.com/media/catalog/product/cache/551dd4a80397afb5e2fec9184c2b894b/e/a/eam_9675.jpeg', 'https://www.ea-militaria.com/media/catalog/product/cache/551dd4a80397afb5e2fec9184c2b894b/e/a/eam_9676.jpeg', 'https://www.ea-militaria.com/media/catalog/product/cache/551dd4a80397afb5e2fec9184c2b894b/e/a/eam_9678_1.jpeg', 'https://www.ea-militaria.com/media/catalog/product/cache/551dd4a80397afb5e2fec9184c2b894b/e/a/eam_9679_1.jpeg', 'https://www.ea-militaria.com/media/catalog/product/cache/551dd4a80397afb5e2fec9184c2b894b/e/a/eam_9684_1.jpeg', 'https://www.ea-militaria.com/media/catalog/product/cache/551dd4a80397afb5e2fec9184c2b894b/e/a/eam_9686_1.jpeg', 'https://www.ea-militaria.com/media/catalog/product/cache/551dd4a80397afb5e2fec9184c2b894b/e/a/eam_9687_1.jpeg', 'https://www.ea-militaria.com/media/catalog/product/cache/551dd4a80397afb5e2fec9184c2b894b/e/a/eam_9689.jpeg', 'https://www.ea-militaria.com/media/catalog/product/cache/551dd4a80397afb5e2fec9184c2b894b/e/a/eam_9688_1.jpeg', 'https://www.ea-militaria.com/media/catalog/product/cache/551dd4a80397afb5e2fec9184c2b894b/e/a/eam_9691_1.jpeg']
2024-12-26 19:54:15,842 - DEBUG - Scraped data: Title=Officers Kavallerie Schirmmütze, Price=1395.00, Available=True
2024-12-26 19:54:16,391 - DEBUG - Product ID for URL 'https://www.ea-militaria.com/wehrmacht-officers-kavallerie-schirmmutze.html' is 228191
2024-12-26 19:54:16,391 - DEBUG - Fetching image from https://www.ea-militaria.com/media/catalog/product/cache/551dd4a80397afb5e2fec9184c2b894b/e/a/eam_9659_1.jpeg
2024-12-26 19:54:16,392 - DEBUG - Starting new HTTPS connection (1): www.ea-militaria.com:443
2024-12-26 19:54:17,454 - ERROR - Error fetching image https://www.ea-militaria.com/media/catalog/product/cache/551dd4a80397afb5e2fec9184c2b894b/e/a/eam_9659_1.jpeg: ('Connection aborted.', RemoteDisconnected('Remote end closed connection without response'))
2024-12-26 19:54:17,454 - DEBUG - Fetching image from https://www.ea-militaria.com/media/catalog/product/cache/551dd4a80397afb5e2fec9184c2b894b/e/a/eam_9667_1.jpeg
2024-12-26 19:54:17,455 - DEBUG - Starting new HTTPS connection (1): www.ea-militaria.com:443
2024-12-26 19:54:18,531 - ERROR - Error fetching image https://www.ea-militaria.com/media/catalog/product/cache/551dd4a80397afb5e2fec9184c2b894b/e/a/eam_9667_1.jpeg: ('Connection aborted.', RemoteDisconnected('Remote end closed connection without response'))
2024-12-26 19:54:18,531 - DEBUG - Fetching image from https://www.ea-militaria.com/media/catalog/product/cache/551dd4a80397afb5e2fec9184c2b894b/e/a/eam_9662_1.jpeg
2024-12-26 19:54:18,532 - DEBUG - Starting new HTTPS connection (1): www.ea-militaria.com:443
2024-12-26 19:54:19,606 - ERROR - Error fetching image https://www.ea-militaria.com/media/catalog/product/cache/551dd4a80397afb5e2fec9184c2b894b/e/a/eam_9662_1.jpeg: ('Connection aborted.', RemoteDisconnected('Remote end closed connection without response'))
2024-12-26 19:54:19,606 - DEBUG - Fetching image from https://www.ea-militaria.com/media/catalog/product/cache/551dd4a80397afb5e2fec9184c2b894b/e/a/eam_9665_1.jpeg
2024-12-26 19:54:19,607 - DEBUG - Starting new HTTPS connection (1): www.ea-militaria.com:443
2024-12-26 19:54:20,671 - ERROR - Error fetching image https://www.ea-militaria.com/media/catalog/product/cache/551dd4a80397afb5e2fec9184c2b894b/e/a/eam_9665_1.jpeg: ('Connection aborted.', RemoteDisconnected('Remote end closed connection without response'))
2024-12-26 19:54:20,671 - DEBUG - Fetching image from https://www.ea-militaria.com/media/catalog/product/cache/551dd4a80397afb5e2fec9184c2b894b/e/a/eam_9668.jpeg
2024-12-26 19:54:20,672 - DEBUG - Starting new HTTPS connection (1): www.ea-militaria.com:443
2024-12-26 19:54:21,759 - ERROR - Error fetching image https://www.ea-militaria.com/media/catalog/product/cache/551dd4a80397afb5e2fec9184c2b894b/e/a/eam_9668.jpeg: ('Connection aborted.', RemoteDisconnected('Remote end closed connection without response'))
2024-12-26 19:54:21,760 - DEBUG - Fetching image from https://www.ea-militaria.com/media/catalog/product/cache/551dd4a80397afb5e2fec9184c2b894b/e/a/eam_9669_1.jpeg
2024-12-26 19:54:21,761 - DEBUG - Starting new HTTPS connection (1): www.ea-militaria.com:443
2024-12-26 19:54:22,856 - ERROR - Error fetching image https://www.ea-militaria.com/media/catalog/product/cache/551dd4a80397afb5e2fec9184c2b894b/e/a/eam_9669_1.jpeg: ('Connection aborted.', RemoteDisconnected('Remote end closed connection without response'))
2024-12-26 19:54:22,857 - DEBUG - Fetching image from https://www.ea-militaria.com/media/catalog/product/cache/551dd4a80397afb5e2fec9184c2b894b/e/a/eam_9671_1.jpeg
2024-12-26 19:54:22,857 - DEBUG - Starting new HTTPS connection (1): www.ea-militaria.com:443
2024-12-26 19:54:23,927 - ERROR - Error fetching image https://www.ea-militaria.com/media/catalog/product/cache/551dd4a80397afb5e2fec9184c2b894b/e/a/eam_9671_1.jpeg: ('Connection aborted.', RemoteDisconnected('Remote end closed connection without response'))
2024-12-26 19:54:23,928 - DEBUG - Fetching image from https://www.ea-militaria.com/media/catalog/product/cache/551dd4a80397afb5e2fec9184c2b894b/e/a/eam_9673_1.jpeg
2024-12-26 19:54:23,928 - DEBUG - Starting new HTTPS connection (1): www.ea-militaria.com:443
2024-12-26 19:54:24,998 - ERROR - Error fetching image https://www.ea-militaria.com/media/catalog/product/cache/551dd4a80397afb5e2fec9184c2b894b/e/a/eam_9673_1.jpeg: ('Connection aborted.', RemoteDisconnected('Remote end closed connection without response'))
2024-12-26 19:54:24,999 - DEBUG - Fetching image from https://www.ea-militaria.com/media/catalog/product/cache/551dd4a80397afb5e2fec9184c2b894b/e/a/eam_9675.jpeg
2024-12-26 19:54:25,000 - DEBUG - Starting new HTTPS connection (1): www.ea-militaria.com:443
2024-12-26 19:54:26,058 - ERROR - Error fetching image https://www.ea-militaria.com/media/catalog/product/cache/551dd4a80397afb5e2fec9184c2b894b/e/a/eam_9675.jpeg: ('Connection aborted.', RemoteDisconnected('Remote end closed connection without response'))
2024-12-26 19:54:26,058 - DEBUG - Fetching image from https://www.ea-militaria.com/media/catalog/product/cache/551dd4a80397afb5e2fec9184c2b894b/e/a/eam_9676.jpeg
2024-12-26 19:54:26,059 - DEBUG - Starting new HTTPS connection (1): www.ea-militaria.com:443
