2024-12-22 12:55:15,466 - INFO - Logging initialized. Log file: logs\2024-12-22_instance_3.log
2024-12-22 12:55:18,096 - INFO - 
------------------------------------------------------------
PROGRAM INITIALIZED 2024-12-22 12:55:18.096957
------------------------------------------------------------
2024-12-22 12:55:24,171 - INFO - PostgreSQL connection pool initialized.
2024-12-22 12:55:24,171 - DEBUG - Changing event name from creating-client-class.iot-data to creating-client-class.iot-data-plane
2024-12-22 12:55:24,173 - DEBUG - Changing event name from before-call.apigateway to before-call.api-gateway
2024-12-22 12:55:24,174 - DEBUG - Changing event name from request-created.machinelearning.Predict to request-created.machine-learning.Predict
2024-12-22 12:55:24,175 - DEBUG - Changing event name from before-parameter-build.autoscaling.CreateLaunchConfiguration to before-parameter-build.auto-scaling.CreateLaunchConfiguration
2024-12-22 12:55:24,175 - DEBUG - Changing event name from before-parameter-build.route53 to before-parameter-build.route-53
2024-12-22 12:55:24,176 - DEBUG - Changing event name from request-created.cloudsearchdomain.Search to request-created.cloudsearch-domain.Search
2024-12-22 12:55:24,177 - DEBUG - Changing event name from docs.*.autoscaling.CreateLaunchConfiguration.complete-section to docs.*.auto-scaling.CreateLaunchConfiguration.complete-section
2024-12-22 12:55:24,179 - DEBUG - Changing event name from before-parameter-build.logs.CreateExportTask to before-parameter-build.cloudwatch-logs.CreateExportTask
2024-12-22 12:55:24,179 - DEBUG - Changing event name from docs.*.logs.CreateExportTask.complete-section to docs.*.cloudwatch-logs.CreateExportTask.complete-section
2024-12-22 12:55:24,179 - DEBUG - Changing event name from before-parameter-build.cloudsearchdomain.Search to before-parameter-build.cloudsearch-domain.Search
2024-12-22 12:55:24,179 - DEBUG - Changing event name from docs.*.cloudsearchdomain.Search.complete-section to docs.*.cloudsearch-domain.Search.complete-section
2024-12-22 12:55:24,223 - DEBUG - Loading JSON file: C:\Users\keena\AppData\Local\Programs\Python\Python312\Lib\site-packages\botocore\data\endpoints.json
2024-12-22 12:55:24,234 - DEBUG - Loading JSON file: C:\Users\keena\AppData\Local\Programs\Python\Python312\Lib\site-packages\botocore\data\sdk-default-configuration.json
2024-12-22 12:55:24,234 - DEBUG - Event choose-service-name: calling handler <function handle_service_name_alias at 0x000001DD04AD5BC0>
2024-12-22 12:55:24,282 - DEBUG - Loading JSON file: C:\Users\keena\AppData\Local\Programs\Python\Python312\Lib\site-packages\botocore\data\s3\2006-03-01\service-2.json.gz
2024-12-22 12:55:24,289 - DEBUG - Loading JSON file: C:\Users\keena\AppData\Local\Programs\Python\Python312\Lib\site-packages\botocore\data\s3\2006-03-01\service-2.sdk-extras.json
2024-12-22 12:55:24,335 - DEBUG - Loading JSON file: C:\Users\keena\AppData\Local\Programs\Python\Python312\Lib\site-packages\botocore\data\s3\2006-03-01\endpoint-rule-set-1.json.gz
2024-12-22 12:55:24,338 - DEBUG - Loading JSON file: C:\Users\keena\AppData\Local\Programs\Python\Python312\Lib\site-packages\botocore\data\partitions.json
2024-12-22 12:55:24,339 - DEBUG - Event creating-client-class.s3: calling handler <function add_generate_presigned_post at 0x000001DD04A0EA20>
2024-12-22 12:55:24,339 - DEBUG - Event creating-client-class.s3: calling handler <function lazy_call.<locals>._handler at 0x000001DD04B7D4E0>
2024-12-22 12:55:24,367 - DEBUG - Event creating-client-class.s3: calling handler <function add_generate_presigned_url at 0x000001DD04A0E7A0>
2024-12-22 12:55:24,367 - DEBUG - Looking for endpoint for s3 via: environment_service
2024-12-22 12:55:24,367 - DEBUG - Looking for endpoint for s3 via: environment_global
2024-12-22 12:55:24,367 - DEBUG - Looking for endpoint for s3 via: config_service
2024-12-22 12:55:24,368 - DEBUG - Looking for endpoint for s3 via: config_global
2024-12-22 12:55:24,368 - DEBUG - No configured endpoint found.
2024-12-22 12:55:24,369 - DEBUG - Setting s3 timeout as (60, 60)
2024-12-22 12:55:24,371 - DEBUG - Loading JSON file: C:\Users\keena\AppData\Local\Programs\Python\Python312\Lib\site-packages\botocore\data\_retry.json
2024-12-22 12:55:24,372 - DEBUG - Registering retry handlers for service: s3
2024-12-22 12:55:24,372 - DEBUG - Registering S3 region redirector handler
2024-12-22 12:55:24,373 - DEBUG - Registering S3Express Identity Resolver
2024-12-22 12:55:25,761 - DEBUG - Navigating to products page: https://bevo-militaria.com/shop/page/0/
2024-12-22 12:55:25,763 - DEBUG - Starting new HTTPS connection (1): bevo-militaria.com:443
2024-12-22 12:55:28,778 - DEBUG - https://bevo-militaria.com:443 "GET /shop/page/0/ HTTP/1.1" 200 None
2024-12-22 12:55:29,450 - INFO - 
------------------------------------------------------------
                    NEW INSTANCE STARTED                    
------------------------------------------------------------
2024-12-22 12:55:29,451 - INFO - MILITARIA SITE      : BEVO_MILITARIA
2024-12-22 12:55:29,451 - INFO - PRODUCTS URL        : https://bevo-militaria.com/shop/page/0/
2024-12-22 12:55:29,451 - INFO - CYCLES RUN          : 0
2024-12-22 12:55:29,451 - INFO - PRODUCTS PROCESSED  : 0
2024-12-22 12:55:29,451 - INFO - TIMESTAMP           : 2024-12-22 12:55:29.450129
2024-12-22 12:55:29,451 - DEBUG - Product URL constructed: https://bevo-militaria.com/shop/new-items/m43-luftwaffe-field-cap-einheitsfeldmutze-with-rbnr-1944-17/
2024-12-22 12:55:31,237 - DEBUG - https://bevo-militaria.com:443 "GET /shop/new-items/m43-luftwaffe-field-cap-einheitsfeldmutze-with-rbnr-1944-17/ HTTP/1.1" 200 44806
2024-12-22 12:55:31,554 - DEBUG - Extracted image URLs: ['https://bevo-militaria.com/wp-content/uploads/2024/12/DSC_8545-scaled.jpg', 'https://bevo-militaria.com/wp-content/uploads/2024/12/DSC_8546-scaled.jpg', 'https://bevo-militaria.com/wp-content/uploads/2024/12/DSC_8547-scaled.jpg', 'https://bevo-militaria.com/wp-content/uploads/2024/12/DSC_8548-scaled.jpg', 'https://bevo-militaria.com/wp-content/uploads/2024/12/DSC_8550-scaled.jpg', 'https://bevo-militaria.com/wp-content/uploads/2024/12/DSC_8551-scaled.jpg', 'https://bevo-militaria.com/wp-content/uploads/2024/12/DSC_8552-scaled.jpg', 'https://bevo-militaria.com/wp-content/uploads/2024/12/DSC_8553-scaled.jpg', 'https://bevo-militaria.com/wp-content/uploads/2024/12/DSC_8555-scaled.jpg', 'https://bevo-militaria.com/wp-content/uploads/2024/12/DSC_8556-scaled.jpg', 'https://bevo-militaria.com/wp-content/uploads/2024/12/DSC_8558-scaled.jpg', 'https://bevo-militaria.com/wp-content/uploads/2024/12/DSC_8559-scaled.jpg', 'https://bevo-militaria.com/wp-content/uploads/2024/12/DSC_8560-scaled.jpg', 'https://bevo-militaria.com/wp-content/uploads/2024/12/DSC_8561-scaled.jpg', 'https://bevo-militaria.com/wp-content/uploads/2024/12/DSC_8562-scaled.jpg', 'https://bevo-militaria.com/wp-content/uploads/2024/12/DSC_8563-scaled.jpg', 'https://bevo-militaria.com/wp-content/uploads/2024/12/DSC_8564-scaled.jpg', 'https://bevo-militaria.com/wp-content/uploads/2024/12/DSC_8565-scaled.jpg']
2024-12-22 12:55:33,311 - DEBUG - Product ID for URL 'https://bevo-militaria.com/shop/new-items/m43-luftwaffe-field-cap-einheitsfeldmutze-with-rbnr-1944-17/' is 227936
2024-12-22 12:55:33,311 - DEBUG - Extracted image URLs for product https://bevo-militaria.com/shop/new-items/m43-luftwaffe-field-cap-einheitsfeldmutze-with-rbnr-1944-17/: ['https://bevo-militaria.com/wp-content/uploads/2024/12/DSC_8545-scaled.jpg', 'https://bevo-militaria.com/wp-content/uploads/2024/12/DSC_8546-scaled.jpg', 'https://bevo-militaria.com/wp-content/uploads/2024/12/DSC_8547-scaled.jpg', 'https://bevo-militaria.com/wp-content/uploads/2024/12/DSC_8548-scaled.jpg', 'https://bevo-militaria.com/wp-content/uploads/2024/12/DSC_8550-scaled.jpg', 'https://bevo-militaria.com/wp-content/uploads/2024/12/DSC_8551-scaled.jpg', 'https://bevo-militaria.com/wp-content/uploads/2024/12/DSC_8552-scaled.jpg', 'https://bevo-militaria.com/wp-content/uploads/2024/12/DSC_8553-scaled.jpg', 'https://bevo-militaria.com/wp-content/uploads/2024/12/DSC_8555-scaled.jpg', 'https://bevo-militaria.com/wp-content/uploads/2024/12/DSC_8556-scaled.jpg', 'https://bevo-militaria.com/wp-content/uploads/2024/12/DSC_8558-scaled.jpg', 'https://bevo-militaria.com/wp-content/uploads/2024/12/DSC_8559-scaled.jpg', 'https://bevo-militaria.com/wp-content/uploads/2024/12/DSC_8560-scaled.jpg', 'https://bevo-militaria.com/wp-content/uploads/2024/12/DSC_8561-scaled.jpg', 'https://bevo-militaria.com/wp-content/uploads/2024/12/DSC_8562-scaled.jpg', 'https://bevo-militaria.com/wp-content/uploads/2024/12/DSC_8563-scaled.jpg', 'https://bevo-militaria.com/wp-content/uploads/2024/12/DSC_8564-scaled.jpg', 'https://bevo-militaria.com/wp-content/uploads/2024/12/DSC_8565-scaled.jpg']
2024-12-22 12:55:33,312 - ERROR - Error uploading image to S3: name 'product_id' is not defined
2024-12-22 12:55:33,312 - WARNING - Error uploading image https://bevo-militaria.com/wp-content/uploads/2024/12/DSC_8545-scaled.jpg: name 'product_id' is not defined
2024-12-22 12:55:33,312 - ERROR - Error uploading image to S3: name 'product_id' is not defined
2024-12-22 12:55:33,313 - WARNING - Error uploading image https://bevo-militaria.com/wp-content/uploads/2024/12/DSC_8546-scaled.jpg: name 'product_id' is not defined
2024-12-22 12:55:33,313 - ERROR - Error uploading image to S3: name 'product_id' is not defined
2024-12-22 12:55:33,313 - WARNING - Error uploading image https://bevo-militaria.com/wp-content/uploads/2024/12/DSC_8547-scaled.jpg: name 'product_id' is not defined
2024-12-22 12:55:33,313 - ERROR - Error uploading image to S3: name 'product_id' is not defined
2024-12-22 12:55:33,313 - WARNING - Error uploading image https://bevo-militaria.com/wp-content/uploads/2024/12/DSC_8548-scaled.jpg: name 'product_id' is not defined
2024-12-22 12:55:33,313 - ERROR - Error uploading image to S3: name 'product_id' is not defined
2024-12-22 12:55:33,313 - WARNING - Error uploading image https://bevo-militaria.com/wp-content/uploads/2024/12/DSC_8550-scaled.jpg: name 'product_id' is not defined
2024-12-22 12:55:33,313 - ERROR - Error uploading image to S3: name 'product_id' is not defined
2024-12-22 12:55:33,313 - WARNING - Error uploading image https://bevo-militaria.com/wp-content/uploads/2024/12/DSC_8551-scaled.jpg: name 'product_id' is not defined
2024-12-22 12:55:33,314 - ERROR - Error uploading image to S3: name 'product_id' is not defined
2024-12-22 12:55:33,314 - WARNING - Error uploading image https://bevo-militaria.com/wp-content/uploads/2024/12/DSC_8552-scaled.jpg: name 'product_id' is not defined
2024-12-22 12:55:33,314 - ERROR - Error uploading image to S3: name 'product_id' is not defined
2024-12-22 12:55:33,314 - WARNING - Error uploading image https://bevo-militaria.com/wp-content/uploads/2024/12/DSC_8553-scaled.jpg: name 'product_id' is not defined
2024-12-22 12:55:33,314 - ERROR - Error uploading image to S3: name 'product_id' is not defined
2024-12-22 12:55:33,314 - WARNING - Error uploading image https://bevo-militaria.com/wp-content/uploads/2024/12/DSC_8555-scaled.jpg: name 'product_id' is not defined
2024-12-22 12:55:33,314 - ERROR - Error uploading image to S3: name 'product_id' is not defined
2024-12-22 12:55:33,314 - WARNING - Error uploading image https://bevo-militaria.com/wp-content/uploads/2024/12/DSC_8556-scaled.jpg: name 'product_id' is not defined
2024-12-22 12:55:33,314 - ERROR - Error uploading image to S3: name 'product_id' is not defined
2024-12-22 12:55:33,315 - WARNING - Error uploading image https://bevo-militaria.com/wp-content/uploads/2024/12/DSC_8558-scaled.jpg: name 'product_id' is not defined
2024-12-22 12:55:33,315 - ERROR - Error uploading image to S3: name 'product_id' is not defined
2024-12-22 12:55:33,315 - WARNING - Error uploading image https://bevo-militaria.com/wp-content/uploads/2024/12/DSC_8559-scaled.jpg: name 'product_id' is not defined
2024-12-22 12:55:33,315 - ERROR - Error uploading image to S3: name 'product_id' is not defined
2024-12-22 12:55:33,315 - WARNING - Error uploading image https://bevo-militaria.com/wp-content/uploads/2024/12/DSC_8560-scaled.jpg: name 'product_id' is not defined
2024-12-22 12:55:33,315 - ERROR - Error uploading image to S3: name 'product_id' is not defined
2024-12-22 12:55:33,315 - WARNING - Error uploading image https://bevo-militaria.com/wp-content/uploads/2024/12/DSC_8561-scaled.jpg: name 'product_id' is not defined
2024-12-22 12:55:33,315 - ERROR - Error uploading image to S3: name 'product_id' is not defined
2024-12-22 12:55:33,315 - WARNING - Error uploading image https://bevo-militaria.com/wp-content/uploads/2024/12/DSC_8562-scaled.jpg: name 'product_id' is not defined
2024-12-22 12:55:33,316 - ERROR - Error uploading image to S3: name 'product_id' is not defined
2024-12-22 12:55:33,316 - WARNING - Error uploading image https://bevo-militaria.com/wp-content/uploads/2024/12/DSC_8563-scaled.jpg: name 'product_id' is not defined
2024-12-22 12:55:33,316 - ERROR - Error uploading image to S3: name 'product_id' is not defined
2024-12-22 12:55:33,316 - WARNING - Error uploading image https://bevo-militaria.com/wp-content/uploads/2024/12/DSC_8564-scaled.jpg: name 'product_id' is not defined
2024-12-22 12:55:33,316 - ERROR - Error uploading image to S3: name 'product_id' is not defined
2024-12-22 12:55:33,316 - WARNING - Error uploading image https://bevo-militaria.com/wp-content/uploads/2024/12/DSC_8565-scaled.jpg: name 'product_id' is not defined
