2024-12-04 10:48:46,070 - INFO - Logging initialized. Log file: logs\2024-12-04_instance_5.log
2024-12-04 10:48:53,144 - INFO - 
------------------------------------------------------------
                     PROGRAM INITIALIZED
                     2024-12-04 10:48:53.144179          
------------------------------------------------------------
2024-12-04 10:48:54,270 - DEBUG - Navigating to products page: https://www.csmilitaria.co.uk/shop.php?pg=0
2024-12-04 10:48:54,272 - DEBUG - Starting new HTTPS connection (1): www.csmilitaria.co.uk:443
2024-12-04 10:48:55,333 - DEBUG - https://www.csmilitaria.co.uk:443 "GET /shop.php?pg=0 HTTP/1.1" 200 5644
2024-12-04 10:48:55,346 - INFO - 
------------------------------------------------------------
                    NEW INSTANCE STARTED                    
------------------------------------------------------------
2024-12-04 10:48:55,346 - INFO - MILITARIA SITE      : CS_MILITARIA
2024-12-04 10:48:55,346 - INFO - PRODUCTS URL        : https://www.csmilitaria.co.uk/shop.php?pg=0
2024-12-04 10:48:55,347 - INFO - CYCLES RUN          : 0
2024-12-04 10:48:55,347 - INFO - PRODUCTS PROCESSED  : 0
2024-12-04 10:48:55,347 - INFO - TIMESTAMP           : 2024-12-04 10:48:55.346074
2024-12-04 10:48:55,347 - DEBUG - Product URL constructed: https://www.csmilitaria.co.uk/shop.php?code=14741
2024-12-04 10:48:55,621 - DEBUG - https://www.csmilitaria.co.uk:443 "GET /shop.php?code=14741 HTTP/1.1" 200 3751
2024-12-04 10:48:55,627 - DEBUG - Scraped data - Title: WW1 French 73rd Infantry Regiment Kepi, Price: 745.00, Available: True
2024-12-04 10:48:56,119 - INFO - No updates required for product 'https://www.csmilitaria.co.uk/shop.php?code=14741'.
2024-12-04 10:48:56,120 - INFO - 
------------------------------------------------------------
                      PRODUCT UPDATED                       
------------------------------------------------------------
2024-12-04 10:48:56,120 - INFO - CURRENT PAGE        : 0
2024-12-04 10:48:56,120 - INFO - PRODUCTS PROCESSED  : 0
2024-12-04 10:48:56,121 - INFO - CONSECUTIVE MATCHES : 1
2024-12-04 10:48:56,121 - INFO - PRODUCT URL         : https://www.csmilitaria.co.uk/shop.php?code=14741
2024-12-04 10:48:56,121 - INFO - TIMESTAMP           : 2024-12-04 10:48:56.120035
2024-12-04 10:48:56,121 - DEBUG - Product URL constructed: https://www.csmilitaria.co.uk/shop.php?code=14728
2024-12-04 10:48:56,395 - DEBUG - https://www.csmilitaria.co.uk:443 "GET /shop.php?code=14728 HTTP/1.1" 200 2881
2024-12-04 10:48:56,400 - DEBUG - Scraped data - Title: WW2 Canadian Undershirt, Price: 75.00, Available: True
2024-12-04 10:48:56,700 - INFO - No updates required for product 'https://www.csmilitaria.co.uk/shop.php?code=14728'.
2024-12-04 10:48:56,701 - INFO - 
------------------------------------------------------------
                      PRODUCT UPDATED                       
------------------------------------------------------------
2024-12-04 10:48:56,701 - INFO - CURRENT PAGE        : 0
2024-12-04 10:48:56,701 - INFO - PRODUCTS PROCESSED  : 1
2024-12-04 10:48:56,701 - INFO - CONSECUTIVE MATCHES : 2
2024-12-04 10:48:56,701 - INFO - PRODUCT URL         : https://www.csmilitaria.co.uk/shop.php?code=14728
2024-12-04 10:48:56,701 - INFO - TIMESTAMP           : 2024-12-04 10:48:56.701142
2024-12-04 10:48:56,702 - DEBUG - Product URL constructed: https://www.csmilitaria.co.uk/shop.php?code=14729
2024-12-04 10:48:56,974 - DEBUG - https://www.csmilitaria.co.uk:443 "GET /shop.php?code=14729 HTTP/1.1" 200 2940
2024-12-04 10:48:56,979 - DEBUG - Scraped data - Title: WW2 Canadian Long Johns, Price: 75.00, Available: True
2024-12-04 10:48:57,301 - INFO - No updates required for product 'https://www.csmilitaria.co.uk/shop.php?code=14729'.
2024-12-04 10:48:57,301 - INFO - 
------------------------------------------------------------
                      PRODUCT UPDATED                       
------------------------------------------------------------
2024-12-04 10:48:57,302 - INFO - CURRENT PAGE        : 0
2024-12-04 10:48:57,302 - INFO - PRODUCTS PROCESSED  : 2
2024-12-04 10:48:57,302 - INFO - CONSECUTIVE MATCHES : 3
2024-12-04 10:48:57,302 - INFO - PRODUCT URL         : https://www.csmilitaria.co.uk/shop.php?code=14729
2024-12-04 10:48:57,303 - INFO - TIMESTAMP           : 2024-12-04 10:48:57.301486
2024-12-04 10:48:57,303 - DEBUG - Product URL constructed: https://www.csmilitaria.co.uk/shop.php?code=14730
2024-12-04 10:48:57,578 - DEBUG - https://www.csmilitaria.co.uk:443 "GET /shop.php?code=14730 HTTP/1.1" 200 2889
2024-12-04 10:48:57,582 - DEBUG - Scraped data - Title: WW2 Canadian Wool Socks, Price: 55.00, Available: True
2024-12-04 10:48:57,898 - INFO - No updates required for product 'https://www.csmilitaria.co.uk/shop.php?code=14730'.
2024-12-04 10:48:57,899 - INFO - 
------------------------------------------------------------
                      PRODUCT UPDATED                       
------------------------------------------------------------
2024-12-04 10:48:57,899 - INFO - CURRENT PAGE        : 0
2024-12-04 10:48:57,899 - INFO - PRODUCTS PROCESSED  : 3
2024-12-04 10:48:57,899 - INFO - CONSECUTIVE MATCHES : 4
2024-12-04 10:48:57,900 - INFO - PRODUCT URL         : https://www.csmilitaria.co.uk/shop.php?code=14730
2024-12-04 10:48:57,900 - INFO - TIMESTAMP           : 2024-12-04 10:48:57.899242
2024-12-04 10:48:57,900 - DEBUG - Product URL constructed: https://www.csmilitaria.co.uk/shop.php?code=14739
2024-12-04 10:48:58,175 - DEBUG - https://www.csmilitaria.co.uk:443 "GET /shop.php?code=14739 HTTP/1.1" 200 3184
2024-12-04 10:48:58,180 - WARNING - Unable to retrieve product PRICE.
2024-12-04 10:48:58,180 - WARNING - AttributeError while evaluating price element: 'NoneType' object has no attribute 'group'
2024-12-04 10:48:58,180 - DEBUG - Scraped data - Title: French WW1 Model M1893 Field Pack - 1917 Dated, Price: 0, Available: False
2024-12-04 10:48:59,037 - INFO - Product 'https://www.csmilitaria.co.uk/shop.php?code=14739' sold date updated: 2024-12-04 10:45:08 → 2024-12-04 10:48:58
2024-12-04 10:48:59,038 - INFO - Product 'https://www.csmilitaria.co.uk/shop.php?code=14739' updated successfully.
2024-12-04 10:48:59,038 - INFO - 
------------------------------------------------------------
                      PRODUCT UPDATED                       
------------------------------------------------------------
2024-12-04 10:48:59,038 - INFO - CURRENT PAGE        : 0
2024-12-04 10:48:59,038 - INFO - PRODUCTS PROCESSED  : 4
2024-12-04 10:48:59,038 - INFO - CONSECUTIVE MATCHES : 5
2024-12-04 10:48:59,039 - INFO - PRODUCT URL         : https://www.csmilitaria.co.uk/shop.php?code=14739
2024-12-04 10:48:59,039 - INFO - TIMESTAMP           : 2024-12-04 10:48:59.038227
2024-12-04 10:48:59,039 - DEBUG - Product URL constructed: https://www.csmilitaria.co.uk/shop.php?code=14744
2024-12-04 10:48:59,316 - DEBUG - https://www.csmilitaria.co.uk:443 "GET /shop.php?code=14744 HTTP/1.1" 200 2913
2024-12-04 10:48:59,321 - DEBUG - Scraped data - Title: WW2 Canadian MkI Pouches With Ballasite Cartridge Loops, Price: 60.00, Available: True
2024-12-04 10:48:59,777 - INFO - No updates required for product 'https://www.csmilitaria.co.uk/shop.php?code=14744'.
2024-12-04 10:48:59,778 - INFO - 
------------------------------------------------------------
                      PRODUCT UPDATED                       
------------------------------------------------------------
2024-12-04 10:48:59,778 - INFO - CURRENT PAGE        : 0
2024-12-04 10:48:59,778 - INFO - PRODUCTS PROCESSED  : 5
2024-12-04 10:48:59,779 - INFO - CONSECUTIVE MATCHES : 6
2024-12-04 10:48:59,779 - INFO - PRODUCT URL         : https://www.csmilitaria.co.uk/shop.php?code=14744
2024-12-04 10:48:59,779 - INFO - TIMESTAMP           : 2024-12-04 10:48:59.778517
2024-12-04 10:48:59,779 - DEBUG - Product URL constructed: https://www.csmilitaria.co.uk/shop.php?code=14726
2024-12-04 10:49:00,052 - DEBUG - https://www.csmilitaria.co.uk:443 "GET /shop.php?code=14726 HTTP/1.1" 200 2864
2024-12-04 10:49:00,057 - DEBUG - Scraped data - Title: WW2 Canadian Webbing Anklets 1945, Price: 45.00, Available: True
2024-12-04 10:49:00,747 - INFO - No updates required for product 'https://www.csmilitaria.co.uk/shop.php?code=14726'.
2024-12-04 10:49:00,747 - INFO - 
------------------------------------------------------------
                      PRODUCT UPDATED                       
------------------------------------------------------------
2024-12-04 10:49:00,747 - INFO - CURRENT PAGE        : 0
2024-12-04 10:49:00,747 - INFO - PRODUCTS PROCESSED  : 6
2024-12-04 10:49:00,748 - INFO - CONSECUTIVE MATCHES : 7
2024-12-04 10:49:00,748 - INFO - PRODUCT URL         : https://www.csmilitaria.co.uk/shop.php?code=14726
2024-12-04 10:49:00,748 - INFO - TIMESTAMP           : 2024-12-04 10:49:00.747197
2024-12-04 10:49:00,748 - DEBUG - Product URL constructed: https://www.csmilitaria.co.uk/shop.php?code=14731
2024-12-04 10:49:01,026 - DEBUG - https://www.csmilitaria.co.uk:443 "GET /shop.php?code=14731 HTTP/1.1" 200 2912
2024-12-04 10:49:01,031 - WARNING - Unable to retrieve product PRICE.
2024-12-04 10:49:01,031 - WARNING - AttributeError while evaluating price element: 'NoneType' object has no attribute 'group'
2024-12-04 10:49:01,031 - DEBUG - Scraped data - Title: WW2 Canadian Cold Weather Rubber Boots 1944, Price: 0, Available: False
2024-12-04 10:49:01,834 - INFO - Product 'https://www.csmilitaria.co.uk/shop.php?code=14731' sold date updated: 2024-12-04 10:42:40 → 2024-12-04 10:49:01
2024-12-04 10:49:01,835 - INFO - Product 'https://www.csmilitaria.co.uk/shop.php?code=14731' updated successfully.
2024-12-04 10:49:01,835 - INFO - 
------------------------------------------------------------
                      PRODUCT UPDATED                       
------------------------------------------------------------
2024-12-04 10:49:01,835 - INFO - CURRENT PAGE        : 0
2024-12-04 10:49:01,835 - INFO - PRODUCTS PROCESSED  : 7
2024-12-04 10:49:01,835 - INFO - CONSECUTIVE MATCHES : 8
2024-12-04 10:49:01,836 - INFO - PRODUCT URL         : https://www.csmilitaria.co.uk/shop.php?code=14731
2024-12-04 10:49:01,836 - INFO - TIMESTAMP           : 2024-12-04 10:49:01.835908
2024-12-04 10:49:01,836 - DEBUG - Product URL constructed: https://www.csmilitaria.co.uk/shop.php?code=14732
2024-12-04 10:49:02,112 - DEBUG - https://www.csmilitaria.co.uk:443 "GET /shop.php?code=14732 HTTP/1.1" 200 2969
2024-12-04 10:49:02,117 - DEBUG - Scraped data - Title: WW2 Canadian Entrenching Tool Set, Price: 150.00, Available: True
2024-12-04 10:49:02,573 - INFO - No updates required for product 'https://www.csmilitaria.co.uk/shop.php?code=14732'.
2024-12-04 10:49:02,574 - INFO - 
------------------------------------------------------------
                      PRODUCT UPDATED                       
------------------------------------------------------------
2024-12-04 10:49:02,574 - INFO - CURRENT PAGE        : 0
2024-12-04 10:49:02,575 - INFO - PRODUCTS PROCESSED  : 8
2024-12-04 10:49:02,575 - INFO - CONSECUTIVE MATCHES : 9
2024-12-04 10:49:02,575 - INFO - PRODUCT URL         : https://www.csmilitaria.co.uk/shop.php?code=14732
2024-12-04 10:49:02,575 - INFO - TIMESTAMP           : 2024-12-04 10:49:02.574236
2024-12-04 10:49:02,575 - DEBUG - Product URL constructed: https://www.csmilitaria.co.uk/shop.php?code=14727
2024-12-04 10:49:02,848 - DEBUG - https://www.csmilitaria.co.uk:443 "GET /shop.php?code=14727 HTTP/1.1" 200 2866
2024-12-04 10:49:02,853 - DEBUG - Scraped data - Title: WW2 British Army PT Shorts 1940, Price: 65.00, Available: True
2024-12-04 10:49:03,168 - INFO - No updates required for product 'https://www.csmilitaria.co.uk/shop.php?code=14727'.
2024-12-04 10:49:03,168 - INFO - 
------------------------------------------------------------
                      PRODUCT UPDATED                       
------------------------------------------------------------
2024-12-04 10:49:03,169 - INFO - CURRENT PAGE        : 0
2024-12-04 10:49:03,169 - INFO - PRODUCTS PROCESSED  : 9
2024-12-04 10:49:03,169 - INFO - CONSECUTIVE MATCHES : 10
2024-12-04 10:49:03,169 - INFO - PRODUCT URL         : https://www.csmilitaria.co.uk/shop.php?code=14727
2024-12-04 10:49:03,169 - INFO - TIMESTAMP           : 2024-12-04 10:49:03.168585
2024-12-04 10:49:03,169 - DEBUG - Navigating to products page: https://www.csmilitaria.co.uk/shop.php?pg=1
2024-12-04 10:49:03,458 - DEBUG - https://www.csmilitaria.co.uk:443 "GET /shop.php?pg=1 HTTP/1.1" 200 5644
2024-12-04 10:49:03,471 - INFO - 
------------------------------------------------------------
                    NEW INSTANCE STARTED                    
------------------------------------------------------------
2024-12-04 10:49:03,471 - INFO - MILITARIA SITE      : CS_MILITARIA
2024-12-04 10:49:03,471 - INFO - PRODUCTS URL        : https://www.csmilitaria.co.uk/shop.php?pg=1
2024-12-04 10:49:03,472 - INFO - CYCLES RUN          : 0
2024-12-04 10:49:03,472 - INFO - PRODUCTS PROCESSED  : 0
2024-12-04 10:49:03,472 - INFO - TIMESTAMP           : 2024-12-04 10:49:03.471775
2024-12-04 10:49:03,472 - DEBUG - Product URL constructed: https://www.csmilitaria.co.uk/shop.php?code=14741
2024-12-04 10:49:03,749 - DEBUG - https://www.csmilitaria.co.uk:443 "GET /shop.php?code=14741 HTTP/1.1" 200 3751
2024-12-04 10:49:03,754 - DEBUG - Scraped data - Title: WW1 French 73rd Infantry Regiment Kepi, Price: 745.00, Available: True
2024-12-04 10:49:04,065 - INFO - No updates required for product 'https://www.csmilitaria.co.uk/shop.php?code=14741'.
2024-12-04 10:49:04,065 - INFO - 
------------------------------------------------------------
                      PRODUCT UPDATED                       
------------------------------------------------------------
2024-12-04 10:49:04,066 - INFO - CURRENT PAGE        : 1
2024-12-04 10:49:04,066 - INFO - PRODUCTS PROCESSED  : 10
2024-12-04 10:49:04,066 - INFO - CONSECUTIVE MATCHES : 11
2024-12-04 10:49:04,066 - INFO - PRODUCT URL         : https://www.csmilitaria.co.uk/shop.php?code=14741
2024-12-04 10:49:04,066 - INFO - TIMESTAMP           : 2024-12-04 10:49:04.065746
2024-12-04 10:49:04,067 - DEBUG - Product URL constructed: https://www.csmilitaria.co.uk/shop.php?code=14728
2024-12-04 10:49:04,341 - DEBUG - https://www.csmilitaria.co.uk:443 "GET /shop.php?code=14728 HTTP/1.1" 200 2881
2024-12-04 10:49:04,345 - DEBUG - Scraped data - Title: WW2 Canadian Undershirt, Price: 75.00, Available: True
2024-12-04 10:49:04,658 - INFO - No updates required for product 'https://www.csmilitaria.co.uk/shop.php?code=14728'.
2024-12-04 10:49:04,658 - INFO - 
------------------------------------------------------------
                      PRODUCT UPDATED                       
------------------------------------------------------------
2024-12-04 10:49:04,658 - INFO - CURRENT PAGE        : 1
2024-12-04 10:49:04,658 - INFO - PRODUCTS PROCESSED  : 11
2024-12-04 10:49:04,659 - INFO - CONSECUTIVE MATCHES : 12
2024-12-04 10:49:04,659 - INFO - PRODUCT URL         : https://www.csmilitaria.co.uk/shop.php?code=14728
2024-12-04 10:49:04,659 - INFO - TIMESTAMP           : 2024-12-04 10:49:04.658460
2024-12-04 10:49:04,659 - DEBUG - Product URL constructed: https://www.csmilitaria.co.uk/shop.php?code=14729
2024-12-04 10:49:04,933 - DEBUG - https://www.csmilitaria.co.uk:443 "GET /shop.php?code=14729 HTTP/1.1" 200 2940
2024-12-04 10:49:04,937 - DEBUG - Scraped data - Title: WW2 Canadian Long Johns, Price: 75.00, Available: True
2024-12-04 10:49:05,254 - INFO - No updates required for product 'https://www.csmilitaria.co.uk/shop.php?code=14729'.
2024-12-04 10:49:05,254 - INFO - 
------------------------------------------------------------
                      PRODUCT UPDATED                       
------------------------------------------------------------
2024-12-04 10:49:05,254 - INFO - CURRENT PAGE        : 1
2024-12-04 10:49:05,254 - INFO - PRODUCTS PROCESSED  : 12
2024-12-04 10:49:05,254 - INFO - CONSECUTIVE MATCHES : 13
2024-12-04 10:49:05,254 - INFO - PRODUCT URL         : https://www.csmilitaria.co.uk/shop.php?code=14729
2024-12-04 10:49:05,255 - INFO - TIMESTAMP           : 2024-12-04 10:49:05.254331
2024-12-04 10:49:05,255 - DEBUG - Product URL constructed: https://www.csmilitaria.co.uk/shop.php?code=14730
2024-12-04 10:49:05,530 - DEBUG - https://www.csmilitaria.co.uk:443 "GET /shop.php?code=14730 HTTP/1.1" 200 2889
2024-12-04 10:49:05,535 - DEBUG - Scraped data - Title: WW2 Canadian Wool Socks, Price: 55.00, Available: True
2024-12-04 10:49:05,843 - INFO - No updates required for product 'https://www.csmilitaria.co.uk/shop.php?code=14730'.
2024-12-04 10:49:05,843 - INFO - 
------------------------------------------------------------
                      PRODUCT UPDATED                       
------------------------------------------------------------
2024-12-04 10:49:05,843 - INFO - CURRENT PAGE        : 1
2024-12-04 10:49:05,844 - INFO - PRODUCTS PROCESSED  : 13
2024-12-04 10:49:05,844 - INFO - CONSECUTIVE MATCHES : 14
2024-12-04 10:49:05,844 - INFO - PRODUCT URL         : https://www.csmilitaria.co.uk/shop.php?code=14730
2024-12-04 10:49:05,844 - INFO - TIMESTAMP           : 2024-12-04 10:49:05.843046
2024-12-04 10:49:05,844 - DEBUG - Product URL constructed: https://www.csmilitaria.co.uk/shop.php?code=14739
2024-12-04 10:49:06,122 - DEBUG - https://www.csmilitaria.co.uk:443 "GET /shop.php?code=14739 HTTP/1.1" 200 3184
2024-12-04 10:49:06,127 - WARNING - Unable to retrieve product PRICE.
2024-12-04 10:49:06,127 - WARNING - AttributeError while evaluating price element: 'NoneType' object has no attribute 'group'
2024-12-04 10:49:06,128 - DEBUG - Scraped data - Title: French WW1 Model M1893 Field Pack - 1917 Dated, Price: 0, Available: False
