2024-12-22 21:08:03,431 - INFO - Logging initialized. Log file: logs\2024-12-22_instance_13.log
2024-12-22 21:08:05,579 - INFO - 
------------------------------------------------------------
PROGRAM INITIALIZED 2024-12-22 21:08:05.579848
------------------------------------------------------------
2024-12-22 21:08:10,597 - INFO - PostgreSQL connection pool initialized.
2024-12-22 21:08:10,599 - DEBUG - Changing event name from creating-client-class.iot-data to creating-client-class.iot-data-plane
2024-12-22 21:08:10,602 - DEBUG - Changing event name from before-call.apigateway to before-call.api-gateway
2024-12-22 21:08:10,603 - DEBUG - Changing event name from request-created.machinelearning.Predict to request-created.machine-learning.Predict
2024-12-22 21:08:10,605 - DEBUG - Changing event name from before-parameter-build.autoscaling.CreateLaunchConfiguration to before-parameter-build.auto-scaling.CreateLaunchConfiguration
2024-12-22 21:08:10,605 - DEBUG - Changing event name from before-parameter-build.route53 to before-parameter-build.route-53
2024-12-22 21:08:10,606 - DEBUG - Changing event name from request-created.cloudsearchdomain.Search to request-created.cloudsearch-domain.Search
2024-12-22 21:08:10,607 - DEBUG - Changing event name from docs.*.autoscaling.CreateLaunchConfiguration.complete-section to docs.*.auto-scaling.CreateLaunchConfiguration.complete-section
2024-12-22 21:08:10,609 - DEBUG - Changing event name from before-parameter-build.logs.CreateExportTask to before-parameter-build.cloudwatch-logs.CreateExportTask
2024-12-22 21:08:10,610 - DEBUG - Changing event name from docs.*.logs.CreateExportTask.complete-section to docs.*.cloudwatch-logs.CreateExportTask.complete-section
2024-12-22 21:08:10,610 - DEBUG - Changing event name from before-parameter-build.cloudsearchdomain.Search to before-parameter-build.cloudsearch-domain.Search
2024-12-22 21:08:10,610 - DEBUG - Changing event name from docs.*.cloudsearchdomain.Search.complete-section to docs.*.cloudsearch-domain.Search.complete-section
2024-12-22 21:08:10,702 - DEBUG - Loading JSON file: C:\Users\keena\AppData\Local\Programs\Python\Python312\Lib\site-packages\botocore\data\endpoints.json
2024-12-22 21:08:10,728 - DEBUG - Loading JSON file: C:\Users\keena\AppData\Local\Programs\Python\Python312\Lib\site-packages\botocore\data\sdk-default-configuration.json
2024-12-22 21:08:10,729 - DEBUG - Event choose-service-name: calling handler <function handle_service_name_alias at 0x0000025FE3975E40>
2024-12-22 21:08:10,820 - DEBUG - Loading JSON file: C:\Users\keena\AppData\Local\Programs\Python\Python312\Lib\site-packages\botocore\data\s3\2006-03-01\service-2.json.gz
2024-12-22 21:08:10,836 - DEBUG - Loading JSON file: C:\Users\keena\AppData\Local\Programs\Python\Python312\Lib\site-packages\botocore\data\s3\2006-03-01\service-2.sdk-extras.json
2024-12-22 21:08:10,893 - DEBUG - Loading JSON file: C:\Users\keena\AppData\Local\Programs\Python\Python312\Lib\site-packages\botocore\data\s3\2006-03-01\endpoint-rule-set-1.json.gz
2024-12-22 21:08:10,895 - DEBUG - Loading JSON file: C:\Users\keena\AppData\Local\Programs\Python\Python312\Lib\site-packages\botocore\data\partitions.json
2024-12-22 21:08:10,897 - DEBUG - Event creating-client-class.s3: calling handler <function add_generate_presigned_post at 0x0000025FE38AECA0>
2024-12-22 21:08:10,897 - DEBUG - Event creating-client-class.s3: calling handler <function lazy_call.<locals>._handler at 0x0000025FE3A1D8A0>
2024-12-22 21:08:10,927 - DEBUG - Event creating-client-class.s3: calling handler <function add_generate_presigned_url at 0x0000025FE38AEA20>
2024-12-22 21:08:10,927 - DEBUG - Looking for endpoint for s3 via: environment_service
2024-12-22 21:08:10,927 - DEBUG - Looking for endpoint for s3 via: environment_global
2024-12-22 21:08:10,927 - DEBUG - Looking for endpoint for s3 via: config_service
2024-12-22 21:08:10,927 - DEBUG - Looking for endpoint for s3 via: config_global
2024-12-22 21:08:10,928 - DEBUG - No configured endpoint found.
2024-12-22 21:08:10,929 - DEBUG - Setting s3 timeout as (60, 60)
2024-12-22 21:08:10,932 - DEBUG - Loading JSON file: C:\Users\keena\AppData\Local\Programs\Python\Python312\Lib\site-packages\botocore\data\_retry.json
2024-12-22 21:08:10,933 - DEBUG - Registering retry handlers for service: s3
2024-12-22 21:08:10,933 - DEBUG - Registering S3 region redirector handler
2024-12-22 21:08:10,933 - DEBUG - Registering S3Express Identity Resolver
2024-12-22 21:08:13,039 - DEBUG - Navigating to products page: https://bevo-militaria.com/shop/page/0/
2024-12-22 21:08:13,041 - DEBUG - Starting new HTTPS connection (1): bevo-militaria.com:443
2024-12-22 21:08:17,044 - DEBUG - https://bevo-militaria.com:443 "GET /shop/page/0/ HTTP/1.1" 200 None
2024-12-22 21:08:17,719 - INFO - 
------------------------------------------------------------
                    NEW INSTANCE STARTED                    
------------------------------------------------------------
2024-12-22 21:08:17,720 - INFO - MILITARIA SITE      : BEVO_MILITARIA
2024-12-22 21:08:17,720 - INFO - PRODUCTS URL        : https://bevo-militaria.com/shop/page/0/
2024-12-22 21:08:17,720 - INFO - CYCLES RUN          : 0
2024-12-22 21:08:17,720 - INFO - PRODUCTS PROCESSED  : 0
2024-12-22 21:08:17,721 - INFO - TIMESTAMP           : 2024-12-22 21:08:17.719143
2024-12-22 21:08:17,721 - DEBUG - Product URL constructed: https://bevo-militaria.com/shop/new-items/m43-luftwaffe-field-cap-einheitsfeldmutze-with-rbnr-1944-17/
2024-12-22 21:08:20,001 - DEBUG - https://bevo-militaria.com:443 "GET /shop/new-items/m43-luftwaffe-field-cap-einheitsfeldmutze-with-rbnr-1944-17/ HTTP/1.1" 200 44821
2024-12-22 21:08:20,311 - DEBUG - Extracted image URLs: ['https://bevo-militaria.com/wp-content/uploads/2024/12/DSC_8545-scaled.jpg', 'https://bevo-militaria.com/wp-content/uploads/2024/12/DSC_8546-scaled.jpg', 'https://bevo-militaria.com/wp-content/uploads/2024/12/DSC_8547-scaled.jpg', 'https://bevo-militaria.com/wp-content/uploads/2024/12/DSC_8548-scaled.jpg', 'https://bevo-militaria.com/wp-content/uploads/2024/12/DSC_8550-scaled.jpg', 'https://bevo-militaria.com/wp-content/uploads/2024/12/DSC_8551-scaled.jpg', 'https://bevo-militaria.com/wp-content/uploads/2024/12/DSC_8552-scaled.jpg', 'https://bevo-militaria.com/wp-content/uploads/2024/12/DSC_8553-scaled.jpg', 'https://bevo-militaria.com/wp-content/uploads/2024/12/DSC_8555-scaled.jpg', 'https://bevo-militaria.com/wp-content/uploads/2024/12/DSC_8556-scaled.jpg', 'https://bevo-militaria.com/wp-content/uploads/2024/12/DSC_8558-scaled.jpg', 'https://bevo-militaria.com/wp-content/uploads/2024/12/DSC_8559-scaled.jpg', 'https://bevo-militaria.com/wp-content/uploads/2024/12/DSC_8560-scaled.jpg', 'https://bevo-militaria.com/wp-content/uploads/2024/12/DSC_8561-scaled.jpg', 'https://bevo-militaria.com/wp-content/uploads/2024/12/DSC_8562-scaled.jpg', 'https://bevo-militaria.com/wp-content/uploads/2024/12/DSC_8563-scaled.jpg', 'https://bevo-militaria.com/wp-content/uploads/2024/12/DSC_8564-scaled.jpg', 'https://bevo-militaria.com/wp-content/uploads/2024/12/DSC_8565-scaled.jpg']
2024-12-22 21:08:20,311 - DEBUG - Scraped data: Title=M43 Luftwaffe field cap *Einheitsfeldmütze* with RBNr. 1944, Price=850.00, Available=True
2024-12-22 21:08:20,311 - DEBUG - Extracted image URLs: ['https://bevo-militaria.com/wp-content/uploads/2024/12/DSC_8545-scaled.jpg', 'https://bevo-militaria.com/wp-content/uploads/2024/12/DSC_8546-scaled.jpg', 'https://bevo-militaria.com/wp-content/uploads/2024/12/DSC_8547-scaled.jpg', 'https://bevo-militaria.com/wp-content/uploads/2024/12/DSC_8548-scaled.jpg', 'https://bevo-militaria.com/wp-content/uploads/2024/12/DSC_8550-scaled.jpg', 'https://bevo-militaria.com/wp-content/uploads/2024/12/DSC_8551-scaled.jpg', 'https://bevo-militaria.com/wp-content/uploads/2024/12/DSC_8552-scaled.jpg', 'https://bevo-militaria.com/wp-content/uploads/2024/12/DSC_8553-scaled.jpg', 'https://bevo-militaria.com/wp-content/uploads/2024/12/DSC_8555-scaled.jpg', 'https://bevo-militaria.com/wp-content/uploads/2024/12/DSC_8556-scaled.jpg', 'https://bevo-militaria.com/wp-content/uploads/2024/12/DSC_8558-scaled.jpg', 'https://bevo-militaria.com/wp-content/uploads/2024/12/DSC_8559-scaled.jpg', 'https://bevo-militaria.com/wp-content/uploads/2024/12/DSC_8560-scaled.jpg', 'https://bevo-militaria.com/wp-content/uploads/2024/12/DSC_8561-scaled.jpg', 'https://bevo-militaria.com/wp-content/uploads/2024/12/DSC_8562-scaled.jpg', 'https://bevo-militaria.com/wp-content/uploads/2024/12/DSC_8563-scaled.jpg', 'https://bevo-militaria.com/wp-content/uploads/2024/12/DSC_8564-scaled.jpg', 'https://bevo-militaria.com/wp-content/uploads/2024/12/DSC_8565-scaled.jpg']
2024-12-22 21:08:21,746 - DEBUG - SQL Query Result for Product ID: [(227936,)]
2024-12-22 21:08:21,746 - DEBUG - Uploading images for product ID: 227936
2024-12-22 21:08:21,747 - DEBUG - Processing image 1/18: https://bevo-militaria.com/wp-content/uploads/2024/12/DSC_8545-scaled.jpg
2024-12-22 21:08:23,747 - DEBUG - Starting upload: URL=https://bevo-militaria.com/wp-content/uploads/2024/12/DSC_8545-scaled.jpg, Object Name=BEVO_MILITARIA/227936/227936-1.jpg
2024-12-22 21:08:23,748 - DEBUG - Starting new HTTPS connection (1): bevo-militaria.com:443
2024-12-22 21:08:25,087 - DEBUG - https://bevo-militaria.com:443 "GET /wp-content/uploads/2024/12/DSC_8545-scaled.jpg HTTP/1.1" 200 675822
2024-12-22 21:08:25,088 - DEBUG - Fetched image: URL=https://bevo-militaria.com/wp-content/uploads/2024/12/DSC_8545-scaled.jpg, Status=200
2024-12-22 21:08:25,088 - DEBUG - Opting out of CRT Transfer Manager. Preferred client: auto, CRT available: False, Instance Optimized: False.
2024-12-22 21:08:25,088 - DEBUG - Using default client. pid: 270220, thread: 295300
2024-12-22 21:08:25,088 - DEBUG - Acquiring 0
2024-12-22 21:08:25,089 - DEBUG - UploadSubmissionTask(transfer_id=0, {'transfer_future': <s3transfer.futures.TransferFuture object at 0x0000025FE49A0740>}) about to wait for the following futures []
2024-12-22 21:08:25,089 - DEBUG - UploadSubmissionTask(transfer_id=0, {'transfer_future': <s3transfer.futures.TransferFuture object at 0x0000025FE49A0740>}) done waiting for dependent futures
2024-12-22 21:08:25,089 - DEBUG - Executing task UploadSubmissionTask(transfer_id=0, {'transfer_future': <s3transfer.futures.TransferFuture object at 0x0000025FE49A0740>}) with kwargs {'client': <botocore.client.S3 object at 0x0000025FE4705EE0>, 'config': <boto3.s3.transfer.TransferConfig object at 0x0000025FE49876E0>, 'osutil': <s3transfer.utils.OSUtils object at 0x0000025FE4987920>, 'request_executor': <s3transfer.futures.BoundedExecutor object at 0x0000025FE4987710>, 'transfer_future': <s3transfer.futures.TransferFuture object at 0x0000025FE49A0740>}
2024-12-22 21:08:26,276 - DEBUG - Submitting task PutObjectTask(transfer_id=0, {'bucket': 'militaria-images', 'key': 'BEVO_MILITARIA/227936/227936-1.jpg', 'extra_args': {}}) to executor <s3transfer.futures.BoundedExecutor object at 0x0000025FE4987710> for transfer request: 0.
2024-12-22 21:08:26,276 - DEBUG - Acquiring 0
2024-12-22 21:08:26,277 - DEBUG - PutObjectTask(transfer_id=0, {'bucket': 'militaria-images', 'key': 'BEVO_MILITARIA/227936/227936-1.jpg', 'extra_args': {}}) about to wait for the following futures []
2024-12-22 21:08:26,278 - DEBUG - Releasing acquire 0/None
2024-12-22 21:08:26,278 - DEBUG - PutObjectTask(transfer_id=0, {'bucket': 'militaria-images', 'key': 'BEVO_MILITARIA/227936/227936-1.jpg', 'extra_args': {}}) done waiting for dependent futures
2024-12-22 21:08:26,278 - DEBUG - Executing task PutObjectTask(transfer_id=0, {'bucket': 'militaria-images', 'key': 'BEVO_MILITARIA/227936/227936-1.jpg', 'extra_args': {}}) with kwargs {'client': <botocore.client.S3 object at 0x0000025FE4705EE0>, 'fileobj': <s3transfer.utils.ReadFileChunk object at 0x0000025FE4987F50>, 'bucket': 'militaria-images', 'key': 'BEVO_MILITARIA/227936/227936-1.jpg', 'extra_args': {}}
2024-12-22 21:08:26,279 - DEBUG - Event before-parameter-build.s3.PutObject: calling handler <function validate_ascii_metadata at 0x0000025FE39A4CC0>
2024-12-22 21:08:26,280 - DEBUG - Event before-parameter-build.s3.PutObject: calling handler <function sse_md5 at 0x0000025FE3977F60>
2024-12-22 21:08:26,280 - DEBUG - Event before-parameter-build.s3.PutObject: calling handler <function convert_body_to_file_like_object at 0x0000025FE39A56C0>
2024-12-22 21:08:26,280 - DEBUG - Event before-parameter-build.s3.PutObject: calling handler <function validate_bucket_name at 0x0000025FE3977EC0>
2024-12-22 21:08:26,280 - DEBUG - Event before-parameter-build.s3.PutObject: calling handler <function remove_bucket_from_url_paths_from_model at 0x0000025FE39A60C0>
2024-12-22 21:08:26,280 - DEBUG - Event before-parameter-build.s3.PutObject: calling handler <bound method S3RegionRedirectorv2.annotate_request_context of <botocore.utils.S3RegionRedirectorv2 object at 0x0000025FE482B3E0>>
2024-12-22 21:08:26,280 - DEBUG - Event before-parameter-build.s3.PutObject: calling handler <bound method ClientCreator._inject_s3_input_parameters of <botocore.client.ClientCreator object at 0x0000025FE3A0FAA0>>
2024-12-22 21:08:26,280 - DEBUG - Event before-parameter-build.s3.PutObject: calling handler <function generate_idempotent_uuid at 0x0000025FE3977CE0>
2024-12-22 21:08:26,280 - DEBUG - Event before-endpoint-resolution.s3: calling handler <function customize_endpoint_resolver_builtins at 0x0000025FE39A62A0>
2024-12-22 21:08:26,280 - DEBUG - Event before-endpoint-resolution.s3: calling handler <bound method S3RegionRedirectorv2.redirect_from_cache of <botocore.utils.S3RegionRedirectorv2 object at 0x0000025FE482B3E0>>
2024-12-22 21:08:26,281 - DEBUG - Calling endpoint provider with parameters: {'Bucket': 'militaria-images', 'Region': 'ap-southeast-2', 'UseFIPS': False, 'UseDualStack': False, 'ForcePathStyle': False, 'Accelerate': False, 'UseGlobalEndpoint': False, 'Key': 'BEVO_MILITARIA/227936/227936-1.jpg', 'DisableMultiRegionAccessPoints': False, 'UseArnRegion': True}
2024-12-22 21:08:26,281 - DEBUG - Endpoint provider result: https://militaria-images.s3.ap-southeast-2.amazonaws.com
2024-12-22 21:08:26,282 - DEBUG - Selecting from endpoint provider's list of auth schemes: "sigv4". User selected auth scheme is: "None"
2024-12-22 21:08:26,282 - DEBUG - Selected auth type "v4" as "v4" with signing context params: {'region': 'ap-southeast-2', 'signing_name': 's3', 'disableDoubleEncoding': True}
2024-12-22 21:08:26,282 - DEBUG - Event before-call.s3.PutObject: calling handler <function conditionally_calculate_checksum at 0x0000025FE37E8040>
2024-12-22 21:08:26,283 - DEBUG - Event before-call.s3.PutObject: calling handler <function add_expect_header at 0x0000025FE39A42C0>
2024-12-22 21:08:26,283 - DEBUG - Adding expect 100 continue header to request.
2024-12-22 21:08:26,283 - DEBUG - Event before-call.s3.PutObject: calling handler <bound method S3ExpressIdentityResolver.apply_signing_cache_key of <botocore.utils.S3ExpressIdentityResolver object at 0x0000025FE483C290>>
2024-12-22 21:08:26,284 - DEBUG - Event before-call.s3.PutObject: calling handler <function add_recursion_detection_header at 0x0000025FE3977060>
2024-12-22 21:08:26,284 - DEBUG - Event before-call.s3.PutObject: calling handler <function add_query_compatibility_header at 0x0000025FE39A67A0>
2024-12-22 21:08:26,284 - DEBUG - Event before-call.s3.PutObject: calling handler <function inject_api_version_header_if_needed at 0x0000025FE39A5800>
2024-12-22 21:08:26,284 - DEBUG - Making request for OperationModel(name=PutObject) with params: {'url_path': '/BEVO_MILITARIA/227936/227936-1.jpg', 'query_string': {}, 'method': 'PUT', 'headers': {'User-Agent': 'Boto3/1.35.84 md/Botocore#1.35.84 ua/2.0 os/windows#11 md/arch#amd64 lang/python#3.12.0 md/pyimpl#CPython cfg/retry-mode#legacy Botocore/1.35.84', 'Content-MD5': 'ldZEhfgwNNSC8RZLOd1oQg==', 'Expect': '100-continue'}, 'body': <s3transfer.utils.ReadFileChunk object at 0x0000025FE4987F50>, 'auth_path': '/militaria-images/BEVO_MILITARIA/227936/227936-1.jpg', 'url': 'https://militaria-images.s3.ap-southeast-2.amazonaws.com/BEVO_MILITARIA/227936/227936-1.jpg', 'context': {'client_region': 'ap-southeast-2', 'client_config': <botocore.config.Config object at 0x0000025FE46C42C0>, 'has_streaming_input': True, 'auth_type': 'v4', 'unsigned_payload': None, 's3_redirect': {'redirected': False, 'bucket': 'militaria-images', 'params': {'Bucket': 'militaria-images', 'Key': 'BEVO_MILITARIA/227936/227936-1.jpg', 'Body': <s3transfer.utils.ReadFileChunk object at 0x0000025FE4987F50>}}, 'input_params': {'Bucket': 'militaria-images', 'Key': 'BEVO_MILITARIA/227936/227936-1.jpg'}, 'signing': {'region': 'ap-southeast-2', 'signing_name': 's3', 'disableDoubleEncoding': True}, 'endpoint_properties': {'authSchemes': [{'disableDoubleEncoding': True, 'name': 'sigv4', 'signingName': 's3', 'signingRegion': 'ap-southeast-2'}]}}}
2024-12-22 21:08:26,285 - DEBUG - Event request-created.s3.PutObject: calling handler <function signal_not_transferring at 0x0000025FE47A87C0>
2024-12-22 21:08:26,285 - DEBUG - Event request-created.s3.PutObject: calling handler <bound method RequestSigner.handler of <botocore.signers.RequestSigner object at 0x0000025FE3846930>>
2024-12-22 21:08:26,285 - DEBUG - Event choose-signer.s3.PutObject: calling handler <bound method ClientCreator._default_s3_presign_to_sigv2 of <botocore.client.ClientCreator object at 0x0000025FE3A0FAA0>>
2024-12-22 21:08:26,285 - DEBUG - Event choose-signer.s3.PutObject: calling handler <function set_operation_specific_signer at 0x0000025FE3977B00>
2024-12-22 21:08:26,285 - DEBUG - Event before-sign.s3.PutObject: calling handler <function remove_arn_from_signing_path at 0x0000025FE39A6200>
2024-12-22 21:08:26,286 - DEBUG - Event before-sign.s3.PutObject: calling handler <bound method S3ExpressIdentityResolver.resolve_s3express_identity of <botocore.utils.S3ExpressIdentityResolver object at 0x0000025FE483C290>>
2024-12-22 21:08:26,286 - DEBUG - Calculating signature using v4 auth.
2024-12-22 21:08:26,286 - DEBUG - CanonicalRequest:
PUT
/BEVO_MILITARIA/227936/227936-1.jpg

content-md5:ldZEhfgwNNSC8RZLOd1oQg==
host:militaria-images.s3.ap-southeast-2.amazonaws.com
x-amz-content-sha256:UNSIGNED-PAYLOAD
x-amz-date:20241222T120826Z

content-md5;host;x-amz-content-sha256;x-amz-date
UNSIGNED-PAYLOAD
2024-12-22 21:08:26,287 - DEBUG - StringToSign:
AWS4-HMAC-SHA256
20241222T120826Z
20241222/ap-southeast-2/s3/aws4_request
4c4dd083705374e6d1daa89c703465216201cbe997cebb3a9c8f4f49c6b31d68
2024-12-22 21:08:26,288 - DEBUG - Signature:
5bb9a9b44b476aa8b078cc84636fd8a791e4c29af54ebfbf197278e8ab0795ef
2024-12-22 21:08:26,288 - DEBUG - Event request-created.s3.PutObject: calling handler <function signal_transferring at 0x0000025FE47A8900>
2024-12-22 21:08:26,288 - DEBUG - Event request-created.s3.PutObject: calling handler <function add_retry_headers at 0x0000025FE39A6020>
2024-12-22 21:08:26,288 - DEBUG - Sending http request: <AWSPreparedRequest stream_output=False, method=PUT, url=https://militaria-images.s3.ap-southeast-2.amazonaws.com/BEVO_MILITARIA/227936/227936-1.jpg, headers={'User-Agent': b'Boto3/1.35.84 md/Botocore#1.35.84 ua/2.0 os/windows#11 md/arch#amd64 lang/python#3.12.0 md/pyimpl#CPython cfg/retry-mode#legacy Botocore/1.35.84', 'Content-MD5': b'ldZEhfgwNNSC8RZLOd1oQg==', 'Expect': b'100-continue', 'X-Amz-Date': b'20241222T120826Z', 'X-Amz-Content-SHA256': b'UNSIGNED-PAYLOAD', 'Authorization': b'AWS4-HMAC-SHA256 Credential=AKIAVWABJ6UA6P67D2EB/20241222/ap-southeast-2/s3/aws4_request, SignedHeaders=content-md5;host;x-amz-content-sha256;x-amz-date, Signature=5bb9a9b44b476aa8b078cc84636fd8a791e4c29af54ebfbf197278e8ab0795ef', 'amz-sdk-invocation-id': b'd82bf955-5b7e-4466-afdc-f91d4a32dc56', 'amz-sdk-request': b'attempt=1', 'Content-Length': '675822'}>
2024-12-22 21:08:26,289 - DEBUG - Certificate path: C:\Users\keena\AppData\Local\Programs\Python\Python312\Lib\site-packages\certifi\cacert.pem
2024-12-22 21:08:26,289 - DEBUG - Starting new HTTPS connection (1): militaria-images.s3.ap-southeast-2.amazonaws.com:443
2024-12-22 21:08:26,797 - DEBUG - Waiting for 100 Continue response.
2024-12-22 21:08:26,953 - DEBUG - 100 Continue response seen, now sending request body.
2024-12-22 21:08:28,737 - DEBUG - https://militaria-images.s3.ap-southeast-2.amazonaws.com:443 "PUT /BEVO_MILITARIA/227936/227936-1.jpg HTTP/1.1" 200 0
2024-12-22 21:08:28,738 - DEBUG - Event before-parse.s3.PutObject: calling handler <function _handle_200_error at 0x0000025FE39A65C0>
2024-12-22 21:08:28,738 - DEBUG - Event before-parse.s3.PutObject: calling handler <function handle_expires_header at 0x0000025FE39A63E0>
2024-12-22 21:08:28,738 - DEBUG - Response headers: {'x-amz-id-2': 'opxehJ0pt4V661EqIBCUcWQatMAOkTGkssfqkEMzg51uTG2qswM8qdMgombSZSuTY6vrHiKtRsolvf5Gr7WwGA==', 'x-amz-request-id': 'RK14JDY6AENJA3HB', 'Date': 'Sun, 22 Dec 2024 12:08:26 GMT', 'x-amz-version-id': 'RDkkypsb9frBujxde_K2qa2WbYjRxvVd', 'x-amz-server-side-encryption': 'AES256', 'ETag': '"95d64485f83034d482f1164b39dd6842"', 'Content-Length': '0', 'Server': 'AmazonS3'}
2024-12-22 21:08:28,738 - DEBUG - Response body:
b''
2024-12-22 21:08:28,740 - DEBUG - Event needs-retry.s3.PutObject: calling handler <function _update_status_code at 0x0000025FE39A6700>
2024-12-22 21:08:28,740 - DEBUG - Event needs-retry.s3.PutObject: calling handler <botocore.retryhandler.RetryHandler object at 0x0000025FE483C200>
2024-12-22 21:08:28,740 - DEBUG - No retry needed.
2024-12-22 21:08:28,740 - DEBUG - Event needs-retry.s3.PutObject: calling handler <bound method S3RegionRedirectorv2.redirect_from_error of <botocore.utils.S3RegionRedirectorv2 object at 0x0000025FE482B3E0>>
2024-12-22 21:08:28,741 - DEBUG - Releasing acquire 0/None
2024-12-22 21:08:28,741 - INFO - Uploaded to S3: Object Name=BEVO_MILITARIA/227936/227936-1.jpg
2024-12-22 21:08:28,742 - DEBUG - Processing image 2/18: https://bevo-militaria.com/wp-content/uploads/2024/12/DSC_8546-scaled.jpg
2024-12-22 21:08:30,743 - DEBUG - Starting upload: URL=https://bevo-militaria.com/wp-content/uploads/2024/12/DSC_8546-scaled.jpg, Object Name=BEVO_MILITARIA/227936/227936-2.jpg
2024-12-22 21:08:30,744 - DEBUG - Starting new HTTPS connection (1): bevo-militaria.com:443
2024-12-22 21:08:32,049 - DEBUG - https://bevo-militaria.com:443 "GET /wp-content/uploads/2024/12/DSC_8546-scaled.jpg HTTP/1.1" 200 606735
2024-12-22 21:08:32,049 - DEBUG - Fetched image: URL=https://bevo-militaria.com/wp-content/uploads/2024/12/DSC_8546-scaled.jpg, Status=200
2024-12-22 21:08:32,049 - DEBUG - Opting out of CRT Transfer Manager. Preferred client: auto, CRT available: False, Instance Optimized: False.
2024-12-22 21:08:32,050 - DEBUG - Using default client. pid: 270220, thread: 295300
2024-12-22 21:08:32,050 - DEBUG - Acquiring 0
2024-12-22 21:08:32,050 - DEBUG - UploadSubmissionTask(transfer_id=0, {'transfer_future': <s3transfer.futures.TransferFuture object at 0x0000025FE49A0500>}) about to wait for the following futures []
2024-12-22 21:08:32,050 - DEBUG - UploadSubmissionTask(transfer_id=0, {'transfer_future': <s3transfer.futures.TransferFuture object at 0x0000025FE49A0500>}) done waiting for dependent futures
2024-12-22 21:08:32,051 - DEBUG - Executing task UploadSubmissionTask(transfer_id=0, {'transfer_future': <s3transfer.futures.TransferFuture object at 0x0000025FE49A0500>}) with kwargs {'client': <botocore.client.S3 object at 0x0000025FE4705EE0>, 'config': <boto3.s3.transfer.TransferConfig object at 0x0000025FE2C48410>, 'osutil': <s3transfer.utils.OSUtils object at 0x0000025FE4987A40>, 'request_executor': <s3transfer.futures.BoundedExecutor object at 0x0000025FE49877A0>, 'transfer_future': <s3transfer.futures.TransferFuture object at 0x0000025FE49A0500>}
2024-12-22 21:08:33,181 - DEBUG - Submitting task PutObjectTask(transfer_id=0, {'bucket': 'militaria-images', 'key': 'BEVO_MILITARIA/227936/227936-2.jpg', 'extra_args': {}}) to executor <s3transfer.futures.BoundedExecutor object at 0x0000025FE49877A0> for transfer request: 0.
2024-12-22 21:08:33,182 - DEBUG - Acquiring 0
2024-12-22 21:08:33,182 - DEBUG - PutObjectTask(transfer_id=0, {'bucket': 'militaria-images', 'key': 'BEVO_MILITARIA/227936/227936-2.jpg', 'extra_args': {}}) about to wait for the following futures []
2024-12-22 21:08:33,182 - DEBUG - Releasing acquire 0/None
2024-12-22 21:08:33,182 - DEBUG - PutObjectTask(transfer_id=0, {'bucket': 'militaria-images', 'key': 'BEVO_MILITARIA/227936/227936-2.jpg', 'extra_args': {}}) done waiting for dependent futures
2024-12-22 21:08:33,183 - DEBUG - Executing task PutObjectTask(transfer_id=0, {'bucket': 'militaria-images', 'key': 'BEVO_MILITARIA/227936/227936-2.jpg', 'extra_args': {}}) with kwargs {'client': <botocore.client.S3 object at 0x0000025FE4705EE0>, 'fileobj': <s3transfer.utils.ReadFileChunk object at 0x0000025FE4987F50>, 'bucket': 'militaria-images', 'key': 'BEVO_MILITARIA/227936/227936-2.jpg', 'extra_args': {}}
2024-12-22 21:08:33,183 - DEBUG - Event before-parameter-build.s3.PutObject: calling handler <function validate_ascii_metadata at 0x0000025FE39A4CC0>
2024-12-22 21:08:33,183 - DEBUG - Event before-parameter-build.s3.PutObject: calling handler <function sse_md5 at 0x0000025FE3977F60>
2024-12-22 21:08:33,183 - DEBUG - Event before-parameter-build.s3.PutObject: calling handler <function convert_body_to_file_like_object at 0x0000025FE39A56C0>
2024-12-22 21:08:33,184 - DEBUG - Event before-parameter-build.s3.PutObject: calling handler <function validate_bucket_name at 0x0000025FE3977EC0>
2024-12-22 21:08:33,184 - DEBUG - Event before-parameter-build.s3.PutObject: calling handler <function remove_bucket_from_url_paths_from_model at 0x0000025FE39A60C0>
2024-12-22 21:08:33,184 - DEBUG - Event before-parameter-build.s3.PutObject: calling handler <bound method S3RegionRedirectorv2.annotate_request_context of <botocore.utils.S3RegionRedirectorv2 object at 0x0000025FE482B3E0>>
2024-12-22 21:08:33,184 - DEBUG - Event before-parameter-build.s3.PutObject: calling handler <bound method ClientCreator._inject_s3_input_parameters of <botocore.client.ClientCreator object at 0x0000025FE3A0FAA0>>
2024-12-22 21:08:33,184 - DEBUG - Event before-parameter-build.s3.PutObject: calling handler <function generate_idempotent_uuid at 0x0000025FE3977CE0>
2024-12-22 21:08:33,184 - DEBUG - Event before-endpoint-resolution.s3: calling handler <function customize_endpoint_resolver_builtins at 0x0000025FE39A62A0>
2024-12-22 21:08:33,184 - DEBUG - Event before-endpoint-resolution.s3: calling handler <bound method S3RegionRedirectorv2.redirect_from_cache of <botocore.utils.S3RegionRedirectorv2 object at 0x0000025FE482B3E0>>
2024-12-22 21:08:33,185 - DEBUG - Calling endpoint provider with parameters: {'Bucket': 'militaria-images', 'Region': 'ap-southeast-2', 'UseFIPS': False, 'UseDualStack': False, 'ForcePathStyle': False, 'Accelerate': False, 'UseGlobalEndpoint': False, 'Key': 'BEVO_MILITARIA/227936/227936-2.jpg', 'DisableMultiRegionAccessPoints': False, 'UseArnRegion': True}
2024-12-22 21:08:33,185 - DEBUG - Endpoint provider result: https://militaria-images.s3.ap-southeast-2.amazonaws.com
2024-12-22 21:08:33,186 - DEBUG - Selecting from endpoint provider's list of auth schemes: "sigv4". User selected auth scheme is: "None"
2024-12-22 21:08:33,186 - DEBUG - Selected auth type "v4" as "v4" with signing context params: {'region': 'ap-southeast-2', 'signing_name': 's3', 'disableDoubleEncoding': True}
2024-12-22 21:08:33,186 - DEBUG - Event before-call.s3.PutObject: calling handler <function conditionally_calculate_checksum at 0x0000025FE37E8040>
2024-12-22 21:08:33,187 - DEBUG - Event before-call.s3.PutObject: calling handler <function add_expect_header at 0x0000025FE39A42C0>
2024-12-22 21:08:33,187 - DEBUG - Adding expect 100 continue header to request.
2024-12-22 21:08:33,187 - DEBUG - Event before-call.s3.PutObject: calling handler <bound method S3ExpressIdentityResolver.apply_signing_cache_key of <botocore.utils.S3ExpressIdentityResolver object at 0x0000025FE483C290>>
2024-12-22 21:08:33,187 - DEBUG - Event before-call.s3.PutObject: calling handler <function add_recursion_detection_header at 0x0000025FE3977060>
2024-12-22 21:08:33,187 - DEBUG - Event before-call.s3.PutObject: calling handler <function add_query_compatibility_header at 0x0000025FE39A67A0>
2024-12-22 21:08:33,188 - DEBUG - Event before-call.s3.PutObject: calling handler <function inject_api_version_header_if_needed at 0x0000025FE39A5800>
2024-12-22 21:08:33,188 - DEBUG - Making request for OperationModel(name=PutObject) with params: {'url_path': '/BEVO_MILITARIA/227936/227936-2.jpg', 'query_string': {}, 'method': 'PUT', 'headers': {'User-Agent': 'Boto3/1.35.84 md/Botocore#1.35.84 ua/2.0 os/windows#11 md/arch#amd64 lang/python#3.12.0 md/pyimpl#CPython cfg/retry-mode#legacy Botocore/1.35.84', 'Content-MD5': '3IVLYGmpD3vh5qxVnMbf4w==', 'Expect': '100-continue'}, 'body': <s3transfer.utils.ReadFileChunk object at 0x0000025FE4987F50>, 'auth_path': '/militaria-images/BEVO_MILITARIA/227936/227936-2.jpg', 'url': 'https://militaria-images.s3.ap-southeast-2.amazonaws.com/BEVO_MILITARIA/227936/227936-2.jpg', 'context': {'client_region': 'ap-southeast-2', 'client_config': <botocore.config.Config object at 0x0000025FE46C42C0>, 'has_streaming_input': True, 'auth_type': 'v4', 'unsigned_payload': None, 's3_redirect': {'redirected': False, 'bucket': 'militaria-images', 'params': {'Bucket': 'militaria-images', 'Key': 'BEVO_MILITARIA/227936/227936-2.jpg', 'Body': <s3transfer.utils.ReadFileChunk object at 0x0000025FE4987F50>}}, 'input_params': {'Bucket': 'militaria-images', 'Key': 'BEVO_MILITARIA/227936/227936-2.jpg'}, 'signing': {'region': 'ap-southeast-2', 'signing_name': 's3', 'disableDoubleEncoding': True}, 'endpoint_properties': {'authSchemes': [{'disableDoubleEncoding': True, 'name': 'sigv4', 'signingName': 's3', 'signingRegion': 'ap-southeast-2'}]}}}
2024-12-22 21:08:33,188 - DEBUG - Event request-created.s3.PutObject: calling handler <function signal_not_transferring at 0x0000025FE47A87C0>
2024-12-22 21:08:33,188 - DEBUG - Event request-created.s3.PutObject: calling handler <bound method RequestSigner.handler of <botocore.signers.RequestSigner object at 0x0000025FE3846930>>
2024-12-22 21:08:33,188 - DEBUG - Event choose-signer.s3.PutObject: calling handler <bound method ClientCreator._default_s3_presign_to_sigv2 of <botocore.client.ClientCreator object at 0x0000025FE3A0FAA0>>
2024-12-22 21:08:33,189 - DEBUG - Event choose-signer.s3.PutObject: calling handler <function set_operation_specific_signer at 0x0000025FE3977B00>
2024-12-22 21:08:33,189 - DEBUG - Event before-sign.s3.PutObject: calling handler <function remove_arn_from_signing_path at 0x0000025FE39A6200>
2024-12-22 21:08:33,189 - DEBUG - Event before-sign.s3.PutObject: calling handler <bound method S3ExpressIdentityResolver.resolve_s3express_identity of <botocore.utils.S3ExpressIdentityResolver object at 0x0000025FE483C290>>
2024-12-22 21:08:33,189 - DEBUG - Calculating signature using v4 auth.
2024-12-22 21:08:33,189 - DEBUG - CanonicalRequest:
PUT
/BEVO_MILITARIA/227936/227936-2.jpg

content-md5:3IVLYGmpD3vh5qxVnMbf4w==
host:militaria-images.s3.ap-southeast-2.amazonaws.com
x-amz-content-sha256:UNSIGNED-PAYLOAD
x-amz-date:20241222T120833Z

content-md5;host;x-amz-content-sha256;x-amz-date
UNSIGNED-PAYLOAD
2024-12-22 21:08:33,189 - DEBUG - StringToSign:
AWS4-HMAC-SHA256
20241222T120833Z
20241222/ap-southeast-2/s3/aws4_request
8ad07cdf343f5e10876eb23545f013dd764b0565b44b72717d11f1b26631a4dc
2024-12-22 21:08:33,189 - DEBUG - Signature:
b8a755a0e88e6a1ac1b78b1fd977cf6b287dd836c4ed01c208d3efd2a09d06a9
2024-12-22 21:08:33,191 - DEBUG - Event request-created.s3.PutObject: calling handler <function signal_transferring at 0x0000025FE47A8900>
2024-12-22 21:08:33,191 - DEBUG - Event request-created.s3.PutObject: calling handler <function add_retry_headers at 0x0000025FE39A6020>
2024-12-22 21:08:33,191 - DEBUG - Sending http request: <AWSPreparedRequest stream_output=False, method=PUT, url=https://militaria-images.s3.ap-southeast-2.amazonaws.com/BEVO_MILITARIA/227936/227936-2.jpg, headers={'User-Agent': b'Boto3/1.35.84 md/Botocore#1.35.84 ua/2.0 os/windows#11 md/arch#amd64 lang/python#3.12.0 md/pyimpl#CPython cfg/retry-mode#legacy Botocore/1.35.84', 'Content-MD5': b'3IVLYGmpD3vh5qxVnMbf4w==', 'Expect': b'100-continue', 'X-Amz-Date': b'20241222T120833Z', 'X-Amz-Content-SHA256': b'UNSIGNED-PAYLOAD', 'Authorization': b'AWS4-HMAC-SHA256 Credential=AKIAVWABJ6UA6P67D2EB/20241222/ap-southeast-2/s3/aws4_request, SignedHeaders=content-md5;host;x-amz-content-sha256;x-amz-date, Signature=b8a755a0e88e6a1ac1b78b1fd977cf6b287dd836c4ed01c208d3efd2a09d06a9', 'amz-sdk-invocation-id': b'afd61f0b-2448-4afe-94a8-f285f342fd3b', 'amz-sdk-request': b'attempt=1', 'Content-Length': '606735'}>
2024-12-22 21:08:33,191 - DEBUG - Certificate path: C:\Users\keena\AppData\Local\Programs\Python\Python312\Lib\site-packages\certifi\cacert.pem
2024-12-22 21:08:33,192 - DEBUG - Waiting for 100 Continue response.
2024-12-22 21:08:33,332 - DEBUG - 100 Continue response seen, now sending request body.
2024-12-22 21:08:34,776 - DEBUG - https://militaria-images.s3.ap-southeast-2.amazonaws.com:443 "PUT /BEVO_MILITARIA/227936/227936-2.jpg HTTP/1.1" 200 0
2024-12-22 21:08:34,776 - DEBUG - Event before-parse.s3.PutObject: calling handler <function _handle_200_error at 0x0000025FE39A65C0>
2024-12-22 21:08:34,776 - DEBUG - Event before-parse.s3.PutObject: calling handler <function handle_expires_header at 0x0000025FE39A63E0>
2024-12-22 21:08:34,777 - DEBUG - Response headers: {'x-amz-id-2': 'm71NlxuCPOfI49tojtsb831QDJpmLj110R54ZZFrzLq8VLgFfVPjbFD5cnggBgXRrVxKgxVGTGBfp1DQFDFQGw==', 'x-amz-request-id': '1P3AA4E59YQKA5AN', 'Date': 'Sun, 22 Dec 2024 12:08:33 GMT', 'x-amz-version-id': '8UaY3Yoy9xoeT6tfUwXf9I9oWhbLB5sQ', 'x-amz-server-side-encryption': 'AES256', 'ETag': '"dc854b6069a90f7be1e6ac559cc6dfe3"', 'Content-Length': '0', 'Server': 'AmazonS3'}
2024-12-22 21:08:34,777 - DEBUG - Response body:
b''
2024-12-22 21:08:34,777 - DEBUG - Event needs-retry.s3.PutObject: calling handler <function _update_status_code at 0x0000025FE39A6700>
2024-12-22 21:08:34,777 - DEBUG - Event needs-retry.s3.PutObject: calling handler <botocore.retryhandler.RetryHandler object at 0x0000025FE483C200>
2024-12-22 21:08:34,777 - DEBUG - No retry needed.
2024-12-22 21:08:34,778 - DEBUG - Event needs-retry.s3.PutObject: calling handler <bound method S3RegionRedirectorv2.redirect_from_error of <botocore.utils.S3RegionRedirectorv2 object at 0x0000025FE482B3E0>>
2024-12-22 21:08:34,778 - DEBUG - Releasing acquire 0/None
2024-12-22 21:08:34,778 - INFO - Uploaded to S3: Object Name=BEVO_MILITARIA/227936/227936-2.jpg
2024-12-22 21:08:34,779 - DEBUG - Processing image 3/18: https://bevo-militaria.com/wp-content/uploads/2024/12/DSC_8547-scaled.jpg
2024-12-22 21:08:36,780 - DEBUG - Starting upload: URL=https://bevo-militaria.com/wp-content/uploads/2024/12/DSC_8547-scaled.jpg, Object Name=BEVO_MILITARIA/227936/227936-3.jpg
2024-12-22 21:08:36,780 - DEBUG - Starting new HTTPS connection (1): bevo-militaria.com:443
2024-12-22 21:08:38,136 - DEBUG - https://bevo-militaria.com:443 "GET /wp-content/uploads/2024/12/DSC_8547-scaled.jpg HTTP/1.1" 200 643113
2024-12-22 21:08:38,136 - DEBUG - Fetched image: URL=https://bevo-militaria.com/wp-content/uploads/2024/12/DSC_8547-scaled.jpg, Status=200
2024-12-22 21:08:38,137 - DEBUG - Opting out of CRT Transfer Manager. Preferred client: auto, CRT available: False, Instance Optimized: False.
2024-12-22 21:08:38,137 - DEBUG - Using default client. pid: 270220, thread: 295300
2024-12-22 21:08:38,137 - DEBUG - Acquiring 0
2024-12-22 21:08:38,138 - DEBUG - UploadSubmissionTask(transfer_id=0, {'transfer_future': <s3transfer.futures.TransferFuture object at 0x0000025FE49A1430>}) about to wait for the following futures []
2024-12-22 21:08:38,138 - DEBUG - UploadSubmissionTask(transfer_id=0, {'transfer_future': <s3transfer.futures.TransferFuture object at 0x0000025FE49A1430>}) done waiting for dependent futures
2024-12-22 21:08:38,138 - DEBUG - Executing task UploadSubmissionTask(transfer_id=0, {'transfer_future': <s3transfer.futures.TransferFuture object at 0x0000025FE49A1430>}) with kwargs {'client': <botocore.client.S3 object at 0x0000025FE4705EE0>, 'config': <boto3.s3.transfer.TransferConfig object at 0x0000025FE014A510>, 'osutil': <s3transfer.utils.OSUtils object at 0x0000025FE38CA420>, 'request_executor': <s3transfer.futures.BoundedExecutor object at 0x0000025FE47EE150>, 'transfer_future': <s3transfer.futures.TransferFuture object at 0x0000025FE49A1430>}
2024-12-22 21:08:39,331 - DEBUG - Submitting task PutObjectTask(transfer_id=0, {'bucket': 'militaria-images', 'key': 'BEVO_MILITARIA/227936/227936-3.jpg', 'extra_args': {}}) to executor <s3transfer.futures.BoundedExecutor object at 0x0000025FE47EE150> for transfer request: 0.
2024-12-22 21:08:39,331 - DEBUG - Acquiring 0
2024-12-22 21:08:39,331 - DEBUG - PutObjectTask(transfer_id=0, {'bucket': 'militaria-images', 'key': 'BEVO_MILITARIA/227936/227936-3.jpg', 'extra_args': {}}) about to wait for the following futures []
2024-12-22 21:08:39,331 - DEBUG - Releasing acquire 0/None
2024-12-22 21:08:39,331 - DEBUG - PutObjectTask(transfer_id=0, {'bucket': 'militaria-images', 'key': 'BEVO_MILITARIA/227936/227936-3.jpg', 'extra_args': {}}) done waiting for dependent futures
2024-12-22 21:08:39,331 - DEBUG - Executing task PutObjectTask(transfer_id=0, {'bucket': 'militaria-images', 'key': 'BEVO_MILITARIA/227936/227936-3.jpg', 'extra_args': {}}) with kwargs {'client': <botocore.client.S3 object at 0x0000025FE4705EE0>, 'fileobj': <s3transfer.utils.ReadFileChunk object at 0x0000025FE4987D40>, 'bucket': 'militaria-images', 'key': 'BEVO_MILITARIA/227936/227936-3.jpg', 'extra_args': {}}
2024-12-22 21:08:39,333 - DEBUG - Event before-parameter-build.s3.PutObject: calling handler <function validate_ascii_metadata at 0x0000025FE39A4CC0>
2024-12-22 21:08:39,333 - DEBUG - Event before-parameter-build.s3.PutObject: calling handler <function sse_md5 at 0x0000025FE3977F60>
2024-12-22 21:08:39,333 - DEBUG - Event before-parameter-build.s3.PutObject: calling handler <function convert_body_to_file_like_object at 0x0000025FE39A56C0>
2024-12-22 21:08:39,333 - DEBUG - Event before-parameter-build.s3.PutObject: calling handler <function validate_bucket_name at 0x0000025FE3977EC0>
2024-12-22 21:08:39,333 - DEBUG - Event before-parameter-build.s3.PutObject: calling handler <function remove_bucket_from_url_paths_from_model at 0x0000025FE39A60C0>
2024-12-22 21:08:39,333 - DEBUG - Event before-parameter-build.s3.PutObject: calling handler <bound method S3RegionRedirectorv2.annotate_request_context of <botocore.utils.S3RegionRedirectorv2 object at 0x0000025FE482B3E0>>
2024-12-22 21:08:39,333 - DEBUG - Event before-parameter-build.s3.PutObject: calling handler <bound method ClientCreator._inject_s3_input_parameters of <botocore.client.ClientCreator object at 0x0000025FE3A0FAA0>>
2024-12-22 21:08:39,333 - DEBUG - Event before-parameter-build.s3.PutObject: calling handler <function generate_idempotent_uuid at 0x0000025FE3977CE0>
2024-12-22 21:08:39,333 - DEBUG - Event before-endpoint-resolution.s3: calling handler <function customize_endpoint_resolver_builtins at 0x0000025FE39A62A0>
2024-12-22 21:08:39,334 - DEBUG - Event before-endpoint-resolution.s3: calling handler <bound method S3RegionRedirectorv2.redirect_from_cache of <botocore.utils.S3RegionRedirectorv2 object at 0x0000025FE482B3E0>>
2024-12-22 21:08:39,334 - DEBUG - Calling endpoint provider with parameters: {'Bucket': 'militaria-images', 'Region': 'ap-southeast-2', 'UseFIPS': False, 'UseDualStack': False, 'ForcePathStyle': False, 'Accelerate': False, 'UseGlobalEndpoint': False, 'Key': 'BEVO_MILITARIA/227936/227936-3.jpg', 'DisableMultiRegionAccessPoints': False, 'UseArnRegion': True}
2024-12-22 21:08:39,334 - DEBUG - Endpoint provider result: https://militaria-images.s3.ap-southeast-2.amazonaws.com
2024-12-22 21:08:39,334 - DEBUG - Selecting from endpoint provider's list of auth schemes: "sigv4". User selected auth scheme is: "None"
2024-12-22 21:08:39,334 - DEBUG - Selected auth type "v4" as "v4" with signing context params: {'region': 'ap-southeast-2', 'signing_name': 's3', 'disableDoubleEncoding': True}
2024-12-22 21:08:39,335 - DEBUG - Event before-call.s3.PutObject: calling handler <function conditionally_calculate_checksum at 0x0000025FE37E8040>
2024-12-22 21:08:39,335 - DEBUG - Event before-call.s3.PutObject: calling handler <function add_expect_header at 0x0000025FE39A42C0>
2024-12-22 21:08:39,336 - DEBUG - Adding expect 100 continue header to request.
2024-12-22 21:08:39,336 - DEBUG - Event before-call.s3.PutObject: calling handler <bound method S3ExpressIdentityResolver.apply_signing_cache_key of <botocore.utils.S3ExpressIdentityResolver object at 0x0000025FE483C290>>
2024-12-22 21:08:39,336 - DEBUG - Event before-call.s3.PutObject: calling handler <function add_recursion_detection_header at 0x0000025FE3977060>
2024-12-22 21:08:39,336 - DEBUG - Event before-call.s3.PutObject: calling handler <function add_query_compatibility_header at 0x0000025FE39A67A0>
2024-12-22 21:08:39,336 - DEBUG - Event before-call.s3.PutObject: calling handler <function inject_api_version_header_if_needed at 0x0000025FE39A5800>
2024-12-22 21:08:39,336 - DEBUG - Making request for OperationModel(name=PutObject) with params: {'url_path': '/BEVO_MILITARIA/227936/227936-3.jpg', 'query_string': {}, 'method': 'PUT', 'headers': {'User-Agent': 'Boto3/1.35.84 md/Botocore#1.35.84 ua/2.0 os/windows#11 md/arch#amd64 lang/python#3.12.0 md/pyimpl#CPython cfg/retry-mode#legacy Botocore/1.35.84', 'Content-MD5': 'sS+a2jjYt5qTgHEEi+F+kQ==', 'Expect': '100-continue'}, 'body': <s3transfer.utils.ReadFileChunk object at 0x0000025FE4987D40>, 'auth_path': '/militaria-images/BEVO_MILITARIA/227936/227936-3.jpg', 'url': 'https://militaria-images.s3.ap-southeast-2.amazonaws.com/BEVO_MILITARIA/227936/227936-3.jpg', 'context': {'client_region': 'ap-southeast-2', 'client_config': <botocore.config.Config object at 0x0000025FE46C42C0>, 'has_streaming_input': True, 'auth_type': 'v4', 'unsigned_payload': None, 's3_redirect': {'redirected': False, 'bucket': 'militaria-images', 'params': {'Bucket': 'militaria-images', 'Key': 'BEVO_MILITARIA/227936/227936-3.jpg', 'Body': <s3transfer.utils.ReadFileChunk object at 0x0000025FE4987D40>}}, 'input_params': {'Bucket': 'militaria-images', 'Key': 'BEVO_MILITARIA/227936/227936-3.jpg'}, 'signing': {'region': 'ap-southeast-2', 'signing_name': 's3', 'disableDoubleEncoding': True}, 'endpoint_properties': {'authSchemes': [{'disableDoubleEncoding': True, 'name': 'sigv4', 'signingName': 's3', 'signingRegion': 'ap-southeast-2'}]}}}
2024-12-22 21:08:39,337 - DEBUG - Event request-created.s3.PutObject: calling handler <function signal_not_transferring at 0x0000025FE47A87C0>
2024-12-22 21:08:39,337 - DEBUG - Event request-created.s3.PutObject: calling handler <bound method RequestSigner.handler of <botocore.signers.RequestSigner object at 0x0000025FE3846930>>
2024-12-22 21:08:39,337 - DEBUG - Event choose-signer.s3.PutObject: calling handler <bound method ClientCreator._default_s3_presign_to_sigv2 of <botocore.client.ClientCreator object at 0x0000025FE3A0FAA0>>
2024-12-22 21:08:39,337 - DEBUG - Event choose-signer.s3.PutObject: calling handler <function set_operation_specific_signer at 0x0000025FE3977B00>
2024-12-22 21:08:39,337 - DEBUG - Event before-sign.s3.PutObject: calling handler <function remove_arn_from_signing_path at 0x0000025FE39A6200>
2024-12-22 21:08:39,338 - DEBUG - Event before-sign.s3.PutObject: calling handler <bound method S3ExpressIdentityResolver.resolve_s3express_identity of <botocore.utils.S3ExpressIdentityResolver object at 0x0000025FE483C290>>
2024-12-22 21:08:39,338 - DEBUG - Calculating signature using v4 auth.
2024-12-22 21:08:39,338 - DEBUG - CanonicalRequest:
PUT
/BEVO_MILITARIA/227936/227936-3.jpg

content-md5:sS+a2jjYt5qTgHEEi+F+kQ==
host:militaria-images.s3.ap-southeast-2.amazonaws.com
x-amz-content-sha256:UNSIGNED-PAYLOAD
x-amz-date:20241222T120839Z

content-md5;host;x-amz-content-sha256;x-amz-date
UNSIGNED-PAYLOAD
2024-12-22 21:08:39,338 - DEBUG - StringToSign:
AWS4-HMAC-SHA256
20241222T120839Z
20241222/ap-southeast-2/s3/aws4_request
fb6eca015d4b212687defb83a661dd93853d25efd533180a6ef09f765d79f86b
2024-12-22 21:08:39,339 - DEBUG - Signature:
a7b333b59a5079ea1af9c8a385a1b1c757ff3f24bb81effb67a16e31b371b163
2024-12-22 21:08:39,339 - DEBUG - Event request-created.s3.PutObject: calling handler <function signal_transferring at 0x0000025FE47A8900>
2024-12-22 21:08:39,339 - DEBUG - Event request-created.s3.PutObject: calling handler <function add_retry_headers at 0x0000025FE39A6020>
2024-12-22 21:08:39,339 - DEBUG - Sending http request: <AWSPreparedRequest stream_output=False, method=PUT, url=https://militaria-images.s3.ap-southeast-2.amazonaws.com/BEVO_MILITARIA/227936/227936-3.jpg, headers={'User-Agent': b'Boto3/1.35.84 md/Botocore#1.35.84 ua/2.0 os/windows#11 md/arch#amd64 lang/python#3.12.0 md/pyimpl#CPython cfg/retry-mode#legacy Botocore/1.35.84', 'Content-MD5': b'sS+a2jjYt5qTgHEEi+F+kQ==', 'Expect': b'100-continue', 'X-Amz-Date': b'20241222T120839Z', 'X-Amz-Content-SHA256': b'UNSIGNED-PAYLOAD', 'Authorization': b'AWS4-HMAC-SHA256 Credential=AKIAVWABJ6UA6P67D2EB/20241222/ap-southeast-2/s3/aws4_request, SignedHeaders=content-md5;host;x-amz-content-sha256;x-amz-date, Signature=a7b333b59a5079ea1af9c8a385a1b1c757ff3f24bb81effb67a16e31b371b163', 'amz-sdk-invocation-id': b'ce2add6e-8553-41f3-ab45-b5f8024cd149', 'amz-sdk-request': b'attempt=1', 'Content-Length': '643113'}>
2024-12-22 21:08:39,339 - DEBUG - Certificate path: C:\Users\keena\AppData\Local\Programs\Python\Python312\Lib\site-packages\certifi\cacert.pem
2024-12-22 21:08:39,340 - DEBUG - Waiting for 100 Continue response.
2024-12-22 21:08:39,481 - DEBUG - 100 Continue response seen, now sending request body.
2024-12-22 21:08:40,995 - DEBUG - https://militaria-images.s3.ap-southeast-2.amazonaws.com:443 "PUT /BEVO_MILITARIA/227936/227936-3.jpg HTTP/1.1" 200 0
2024-12-22 21:08:40,995 - DEBUG - Event before-parse.s3.PutObject: calling handler <function _handle_200_error at 0x0000025FE39A65C0>
2024-12-22 21:08:40,996 - DEBUG - Event before-parse.s3.PutObject: calling handler <function handle_expires_header at 0x0000025FE39A63E0>
2024-12-22 21:08:40,996 - DEBUG - Response headers: {'x-amz-id-2': 'A10F72n7S4LJYUvxY9/97TTyaTt2JXdAMOxAAnjhWzOzoIuo3UPPVSXMG11CfMXmcZc/UhyipQYiHQ7mNEye6Q==', 'x-amz-request-id': 'S86467XR4VBQS3CP', 'Date': 'Sun, 22 Dec 2024 12:08:39 GMT', 'x-amz-version-id': 'sY7e.K6el7XRuGU4QIIl6VwhAnxn6Nbf', 'x-amz-server-side-encryption': 'AES256', 'ETag': '"b12f9ada38d8b79a938071048be17e91"', 'Content-Length': '0', 'Server': 'AmazonS3'}
2024-12-22 21:08:40,996 - DEBUG - Response body:
b''
2024-12-22 21:08:40,996 - DEBUG - Event needs-retry.s3.PutObject: calling handler <function _update_status_code at 0x0000025FE39A6700>
2024-12-22 21:08:40,997 - DEBUG - Event needs-retry.s3.PutObject: calling handler <botocore.retryhandler.RetryHandler object at 0x0000025FE483C200>
2024-12-22 21:08:40,997 - DEBUG - No retry needed.
2024-12-22 21:08:40,997 - DEBUG - Event needs-retry.s3.PutObject: calling handler <bound method S3RegionRedirectorv2.redirect_from_error of <botocore.utils.S3RegionRedirectorv2 object at 0x0000025FE482B3E0>>
2024-12-22 21:08:40,997 - DEBUG - Releasing acquire 0/None
2024-12-22 21:08:40,997 - INFO - Uploaded to S3: Object Name=BEVO_MILITARIA/227936/227936-3.jpg
2024-12-22 21:08:40,999 - DEBUG - Processing image 4/18: https://bevo-militaria.com/wp-content/uploads/2024/12/DSC_8548-scaled.jpg
2024-12-22 21:08:42,999 - DEBUG - Starting upload: URL=https://bevo-militaria.com/wp-content/uploads/2024/12/DSC_8548-scaled.jpg, Object Name=BEVO_MILITARIA/227936/227936-4.jpg
2024-12-22 21:08:42,999 - DEBUG - Starting new HTTPS connection (1): bevo-militaria.com:443
2024-12-22 21:08:44,293 - DEBUG - https://bevo-militaria.com:443 "GET /wp-content/uploads/2024/12/DSC_8548-scaled.jpg HTTP/1.1" 200 636733
2024-12-22 21:08:44,293 - DEBUG - Fetched image: URL=https://bevo-militaria.com/wp-content/uploads/2024/12/DSC_8548-scaled.jpg, Status=200
2024-12-22 21:08:44,293 - DEBUG - Opting out of CRT Transfer Manager. Preferred client: auto, CRT available: False, Instance Optimized: False.
2024-12-22 21:08:44,294 - DEBUG - Using default client. pid: 270220, thread: 295300
2024-12-22 21:08:44,294 - DEBUG - Acquiring 0
2024-12-22 21:08:44,294 - DEBUG - UploadSubmissionTask(transfer_id=0, {'transfer_future': <s3transfer.futures.TransferFuture object at 0x0000025FE49A1FA0>}) about to wait for the following futures []
2024-12-22 21:08:44,294 - DEBUG - UploadSubmissionTask(transfer_id=0, {'transfer_future': <s3transfer.futures.TransferFuture object at 0x0000025FE49A1FA0>}) done waiting for dependent futures
2024-12-22 21:08:44,295 - DEBUG - Executing task UploadSubmissionTask(transfer_id=0, {'transfer_future': <s3transfer.futures.TransferFuture object at 0x0000025FE49A1FA0>}) with kwargs {'client': <botocore.client.S3 object at 0x0000025FE4705EE0>, 'config': <boto3.s3.transfer.TransferConfig object at 0x0000025FE2C9F350>, 'osutil': <s3transfer.utils.OSUtils object at 0x0000025FE38CA420>, 'request_executor': <s3transfer.futures.BoundedExecutor object at 0x0000025FE4987800>, 'transfer_future': <s3transfer.futures.TransferFuture object at 0x0000025FE49A1FA0>}
2024-12-22 21:08:45,417 - DEBUG - Submitting task PutObjectTask(transfer_id=0, {'bucket': 'militaria-images', 'key': 'BEVO_MILITARIA/227936/227936-4.jpg', 'extra_args': {}}) to executor <s3transfer.futures.BoundedExecutor object at 0x0000025FE4987800> for transfer request: 0.
2024-12-22 21:08:45,417 - DEBUG - Acquiring 0
2024-12-22 21:08:45,417 - DEBUG - PutObjectTask(transfer_id=0, {'bucket': 'militaria-images', 'key': 'BEVO_MILITARIA/227936/227936-4.jpg', 'extra_args': {}}) about to wait for the following futures []
2024-12-22 21:08:45,417 - DEBUG - Releasing acquire 0/None
2024-12-22 21:08:45,419 - DEBUG - PutObjectTask(transfer_id=0, {'bucket': 'militaria-images', 'key': 'BEVO_MILITARIA/227936/227936-4.jpg', 'extra_args': {}}) done waiting for dependent futures
2024-12-22 21:08:45,419 - DEBUG - Executing task PutObjectTask(transfer_id=0, {'bucket': 'militaria-images', 'key': 'BEVO_MILITARIA/227936/227936-4.jpg', 'extra_args': {}}) with kwargs {'client': <botocore.client.S3 object at 0x0000025FE4705EE0>, 'fileobj': <s3transfer.utils.ReadFileChunk object at 0x0000025FE473FD40>, 'bucket': 'militaria-images', 'key': 'BEVO_MILITARIA/227936/227936-4.jpg', 'extra_args': {}}
2024-12-22 21:08:45,419 - DEBUG - Event before-parameter-build.s3.PutObject: calling handler <function validate_ascii_metadata at 0x0000025FE39A4CC0>
2024-12-22 21:08:45,419 - DEBUG - Event before-parameter-build.s3.PutObject: calling handler <function sse_md5 at 0x0000025FE3977F60>
2024-12-22 21:08:45,419 - DEBUG - Event before-parameter-build.s3.PutObject: calling handler <function convert_body_to_file_like_object at 0x0000025FE39A56C0>
2024-12-22 21:08:45,420 - DEBUG - Event before-parameter-build.s3.PutObject: calling handler <function validate_bucket_name at 0x0000025FE3977EC0>
2024-12-22 21:08:45,420 - DEBUG - Event before-parameter-build.s3.PutObject: calling handler <function remove_bucket_from_url_paths_from_model at 0x0000025FE39A60C0>
2024-12-22 21:08:45,420 - DEBUG - Event before-parameter-build.s3.PutObject: calling handler <bound method S3RegionRedirectorv2.annotate_request_context of <botocore.utils.S3RegionRedirectorv2 object at 0x0000025FE482B3E0>>
2024-12-22 21:08:45,420 - DEBUG - Event before-parameter-build.s3.PutObject: calling handler <bound method ClientCreator._inject_s3_input_parameters of <botocore.client.ClientCreator object at 0x0000025FE3A0FAA0>>
2024-12-22 21:08:45,420 - DEBUG - Event before-parameter-build.s3.PutObject: calling handler <function generate_idempotent_uuid at 0x0000025FE3977CE0>
2024-12-22 21:08:45,420 - DEBUG - Event before-endpoint-resolution.s3: calling handler <function customize_endpoint_resolver_builtins at 0x0000025FE39A62A0>
2024-12-22 21:08:45,420 - DEBUG - Event before-endpoint-resolution.s3: calling handler <bound method S3RegionRedirectorv2.redirect_from_cache of <botocore.utils.S3RegionRedirectorv2 object at 0x0000025FE482B3E0>>
2024-12-22 21:08:45,420 - DEBUG - Calling endpoint provider with parameters: {'Bucket': 'militaria-images', 'Region': 'ap-southeast-2', 'UseFIPS': False, 'UseDualStack': False, 'ForcePathStyle': False, 'Accelerate': False, 'UseGlobalEndpoint': False, 'Key': 'BEVO_MILITARIA/227936/227936-4.jpg', 'DisableMultiRegionAccessPoints': False, 'UseArnRegion': True}
2024-12-22 21:08:45,420 - DEBUG - Endpoint provider result: https://militaria-images.s3.ap-southeast-2.amazonaws.com
2024-12-22 21:08:45,421 - DEBUG - Selecting from endpoint provider's list of auth schemes: "sigv4". User selected auth scheme is: "None"
2024-12-22 21:08:45,421 - DEBUG - Selected auth type "v4" as "v4" with signing context params: {'region': 'ap-southeast-2', 'signing_name': 's3', 'disableDoubleEncoding': True}
2024-12-22 21:08:45,421 - DEBUG - Event before-call.s3.PutObject: calling handler <function conditionally_calculate_checksum at 0x0000025FE37E8040>
2024-12-22 21:08:45,422 - DEBUG - Event before-call.s3.PutObject: calling handler <function add_expect_header at 0x0000025FE39A42C0>
2024-12-22 21:08:45,422 - DEBUG - Adding expect 100 continue header to request.
2024-12-22 21:08:45,422 - DEBUG - Event before-call.s3.PutObject: calling handler <bound method S3ExpressIdentityResolver.apply_signing_cache_key of <botocore.utils.S3ExpressIdentityResolver object at 0x0000025FE483C290>>
2024-12-22 21:08:45,422 - DEBUG - Event before-call.s3.PutObject: calling handler <function add_recursion_detection_header at 0x0000025FE3977060>
2024-12-22 21:08:45,422 - DEBUG - Event before-call.s3.PutObject: calling handler <function add_query_compatibility_header at 0x0000025FE39A67A0>
2024-12-22 21:08:45,423 - DEBUG - Event before-call.s3.PutObject: calling handler <function inject_api_version_header_if_needed at 0x0000025FE39A5800>
2024-12-22 21:08:45,423 - DEBUG - Making request for OperationModel(name=PutObject) with params: {'url_path': '/BEVO_MILITARIA/227936/227936-4.jpg', 'query_string': {}, 'method': 'PUT', 'headers': {'User-Agent': 'Boto3/1.35.84 md/Botocore#1.35.84 ua/2.0 os/windows#11 md/arch#amd64 lang/python#3.12.0 md/pyimpl#CPython cfg/retry-mode#legacy Botocore/1.35.84', 'Content-MD5': 'k8NztjgGvmHmcPGUvsLqnw==', 'Expect': '100-continue'}, 'body': <s3transfer.utils.ReadFileChunk object at 0x0000025FE473FD40>, 'auth_path': '/militaria-images/BEVO_MILITARIA/227936/227936-4.jpg', 'url': 'https://militaria-images.s3.ap-southeast-2.amazonaws.com/BEVO_MILITARIA/227936/227936-4.jpg', 'context': {'client_region': 'ap-southeast-2', 'client_config': <botocore.config.Config object at 0x0000025FE46C42C0>, 'has_streaming_input': True, 'auth_type': 'v4', 'unsigned_payload': None, 's3_redirect': {'redirected': False, 'bucket': 'militaria-images', 'params': {'Bucket': 'militaria-images', 'Key': 'BEVO_MILITARIA/227936/227936-4.jpg', 'Body': <s3transfer.utils.ReadFileChunk object at 0x0000025FE473FD40>}}, 'input_params': {'Bucket': 'militaria-images', 'Key': 'BEVO_MILITARIA/227936/227936-4.jpg'}, 'signing': {'region': 'ap-southeast-2', 'signing_name': 's3', 'disableDoubleEncoding': True}, 'endpoint_properties': {'authSchemes': [{'disableDoubleEncoding': True, 'name': 'sigv4', 'signingName': 's3', 'signingRegion': 'ap-southeast-2'}]}}}
2024-12-22 21:08:45,423 - DEBUG - Event request-created.s3.PutObject: calling handler <function signal_not_transferring at 0x0000025FE47A87C0>
2024-12-22 21:08:45,423 - DEBUG - Event request-created.s3.PutObject: calling handler <bound method RequestSigner.handler of <botocore.signers.RequestSigner object at 0x0000025FE3846930>>
2024-12-22 21:08:45,424 - DEBUG - Event choose-signer.s3.PutObject: calling handler <bound method ClientCreator._default_s3_presign_to_sigv2 of <botocore.client.ClientCreator object at 0x0000025FE3A0FAA0>>
2024-12-22 21:08:45,424 - DEBUG - Event choose-signer.s3.PutObject: calling handler <function set_operation_specific_signer at 0x0000025FE3977B00>
2024-12-22 21:08:45,424 - DEBUG - Event before-sign.s3.PutObject: calling handler <function remove_arn_from_signing_path at 0x0000025FE39A6200>
2024-12-22 21:08:45,424 - DEBUG - Event before-sign.s3.PutObject: calling handler <bound method S3ExpressIdentityResolver.resolve_s3express_identity of <botocore.utils.S3ExpressIdentityResolver object at 0x0000025FE483C290>>
2024-12-22 21:08:45,424 - DEBUG - Calculating signature using v4 auth.
2024-12-22 21:08:45,424 - DEBUG - CanonicalRequest:
PUT
/BEVO_MILITARIA/227936/227936-4.jpg

content-md5:k8NztjgGvmHmcPGUvsLqnw==
host:militaria-images.s3.ap-southeast-2.amazonaws.com
x-amz-content-sha256:UNSIGNED-PAYLOAD
x-amz-date:20241222T120845Z

content-md5;host;x-amz-content-sha256;x-amz-date
UNSIGNED-PAYLOAD
2024-12-22 21:08:45,425 - DEBUG - StringToSign:
AWS4-HMAC-SHA256
20241222T120845Z
20241222/ap-southeast-2/s3/aws4_request
a48a72d8c07bcabea99e1cb6a5af58dc53cf61826867a056d19c086033e12971
2024-12-22 21:08:45,425 - DEBUG - Signature:
f29cf5fcf3075236f42468862153934ae0169606ccec4c2e8d9668960a29fa10
2024-12-22 21:08:45,425 - DEBUG - Event request-created.s3.PutObject: calling handler <function signal_transferring at 0x0000025FE47A8900>
2024-12-22 21:08:45,426 - DEBUG - Event request-created.s3.PutObject: calling handler <function add_retry_headers at 0x0000025FE39A6020>
2024-12-22 21:08:45,426 - DEBUG - Sending http request: <AWSPreparedRequest stream_output=False, method=PUT, url=https://militaria-images.s3.ap-southeast-2.amazonaws.com/BEVO_MILITARIA/227936/227936-4.jpg, headers={'User-Agent': b'Boto3/1.35.84 md/Botocore#1.35.84 ua/2.0 os/windows#11 md/arch#amd64 lang/python#3.12.0 md/pyimpl#CPython cfg/retry-mode#legacy Botocore/1.35.84', 'Content-MD5': b'k8NztjgGvmHmcPGUvsLqnw==', 'Expect': b'100-continue', 'X-Amz-Date': b'20241222T120845Z', 'X-Amz-Content-SHA256': b'UNSIGNED-PAYLOAD', 'Authorization': b'AWS4-HMAC-SHA256 Credential=AKIAVWABJ6UA6P67D2EB/20241222/ap-southeast-2/s3/aws4_request, SignedHeaders=content-md5;host;x-amz-content-sha256;x-amz-date, Signature=f29cf5fcf3075236f42468862153934ae0169606ccec4c2e8d9668960a29fa10', 'amz-sdk-invocation-id': b'3709b6b5-44bb-4234-816f-1270539b9957', 'amz-sdk-request': b'attempt=1', 'Content-Length': '636733'}>
2024-12-22 21:08:45,426 - DEBUG - Certificate path: C:\Users\keena\AppData\Local\Programs\Python\Python312\Lib\site-packages\certifi\cacert.pem
2024-12-22 21:08:45,427 - DEBUG - Waiting for 100 Continue response.
2024-12-22 21:08:45,571 - DEBUG - 100 Continue response seen, now sending request body.
2024-12-22 21:08:47,024 - DEBUG - https://militaria-images.s3.ap-southeast-2.amazonaws.com:443 "PUT /BEVO_MILITARIA/227936/227936-4.jpg HTTP/1.1" 200 0
2024-12-22 21:08:47,025 - DEBUG - Event before-parse.s3.PutObject: calling handler <function _handle_200_error at 0x0000025FE39A65C0>
2024-12-22 21:08:47,025 - DEBUG - Event before-parse.s3.PutObject: calling handler <function handle_expires_header at 0x0000025FE39A63E0>
2024-12-22 21:08:47,025 - DEBUG - Response headers: {'x-amz-id-2': '1nn9iy/TU92boTgYG/mdsQoVrx9QQXSBkiN72uhEJ9NgKpO0yRSorcsVSxPZQlDHuZO85+GLNhW9ILHzFVA0Mg==', 'x-amz-request-id': 'DE04M4D2SRCEQP6T', 'Date': 'Sun, 22 Dec 2024 12:08:45 GMT', 'x-amz-version-id': 'JU5irclPXqtjiFBSodVnQ2Tr4fZq5H.9', 'x-amz-server-side-encryption': 'AES256', 'ETag': '"93c373b63806be61e670f194bec2ea9f"', 'Content-Length': '0', 'Server': 'AmazonS3'}
2024-12-22 21:08:47,026 - DEBUG - Response body:
b''
2024-12-22 21:08:47,026 - DEBUG - Event needs-retry.s3.PutObject: calling handler <function _update_status_code at 0x0000025FE39A6700>
2024-12-22 21:08:47,026 - DEBUG - Event needs-retry.s3.PutObject: calling handler <botocore.retryhandler.RetryHandler object at 0x0000025FE483C200>
2024-12-22 21:08:47,026 - DEBUG - No retry needed.
2024-12-22 21:08:47,027 - DEBUG - Event needs-retry.s3.PutObject: calling handler <bound method S3RegionRedirectorv2.redirect_from_error of <botocore.utils.S3RegionRedirectorv2 object at 0x0000025FE482B3E0>>
2024-12-22 21:08:47,027 - DEBUG - Releasing acquire 0/None
2024-12-22 21:08:47,027 - INFO - Uploaded to S3: Object Name=BEVO_MILITARIA/227936/227936-4.jpg
2024-12-22 21:08:47,028 - DEBUG - Processing image 5/18: https://bevo-militaria.com/wp-content/uploads/2024/12/DSC_8550-scaled.jpg
2024-12-22 21:08:49,028 - DEBUG - Starting upload: URL=https://bevo-militaria.com/wp-content/uploads/2024/12/DSC_8550-scaled.jpg, Object Name=BEVO_MILITARIA/227936/227936-5.jpg
2024-12-22 21:08:49,029 - DEBUG - Starting new HTTPS connection (1): bevo-militaria.com:443
2024-12-22 21:08:50,334 - DEBUG - https://bevo-militaria.com:443 "GET /wp-content/uploads/2024/12/DSC_8550-scaled.jpg HTTP/1.1" 200 724522
2024-12-22 21:08:50,334 - DEBUG - Fetched image: URL=https://bevo-militaria.com/wp-content/uploads/2024/12/DSC_8550-scaled.jpg, Status=200
2024-12-22 21:08:50,334 - DEBUG - Opting out of CRT Transfer Manager. Preferred client: auto, CRT available: False, Instance Optimized: False.
2024-12-22 21:08:50,335 - DEBUG - Using default client. pid: 270220, thread: 295300
2024-12-22 21:08:50,335 - DEBUG - Acquiring 0
2024-12-22 21:08:50,336 - DEBUG - UploadSubmissionTask(transfer_id=0, {'transfer_future': <s3transfer.futures.TransferFuture object at 0x0000025FE49A27B0>}) about to wait for the following futures []
2024-12-22 21:08:50,336 - DEBUG - UploadSubmissionTask(transfer_id=0, {'transfer_future': <s3transfer.futures.TransferFuture object at 0x0000025FE49A27B0>}) done waiting for dependent futures
2024-12-22 21:08:50,336 - DEBUG - Executing task UploadSubmissionTask(transfer_id=0, {'transfer_future': <s3transfer.futures.TransferFuture object at 0x0000025FE49A27B0>}) with kwargs {'client': <botocore.client.S3 object at 0x0000025FE4705EE0>, 'config': <boto3.s3.transfer.TransferConfig object at 0x0000025FE3696180>, 'osutil': <s3transfer.utils.OSUtils object at 0x0000025FE473FD40>, 'request_executor': <s3transfer.futures.BoundedExecutor object at 0x0000025FE4987A40>, 'transfer_future': <s3transfer.futures.TransferFuture object at 0x0000025FE49A27B0>}
2024-12-22 21:08:51,491 - DEBUG - Submitting task PutObjectTask(transfer_id=0, {'bucket': 'militaria-images', 'key': 'BEVO_MILITARIA/227936/227936-5.jpg', 'extra_args': {}}) to executor <s3transfer.futures.BoundedExecutor object at 0x0000025FE4987A40> for transfer request: 0.
2024-12-22 21:08:51,491 - DEBUG - Acquiring 0
2024-12-22 21:08:51,491 - DEBUG - PutObjectTask(transfer_id=0, {'bucket': 'militaria-images', 'key': 'BEVO_MILITARIA/227936/227936-5.jpg', 'extra_args': {}}) about to wait for the following futures []
2024-12-22 21:08:51,492 - DEBUG - Releasing acquire 0/None
2024-12-22 21:08:51,492 - DEBUG - PutObjectTask(transfer_id=0, {'bucket': 'militaria-images', 'key': 'BEVO_MILITARIA/227936/227936-5.jpg', 'extra_args': {}}) done waiting for dependent futures
2024-12-22 21:08:51,492 - DEBUG - Executing task PutObjectTask(transfer_id=0, {'bucket': 'militaria-images', 'key': 'BEVO_MILITARIA/227936/227936-5.jpg', 'extra_args': {}}) with kwargs {'client': <botocore.client.S3 object at 0x0000025FE4705EE0>, 'fileobj': <s3transfer.utils.ReadFileChunk object at 0x0000025FE49A0110>, 'bucket': 'militaria-images', 'key': 'BEVO_MILITARIA/227936/227936-5.jpg', 'extra_args': {}}
2024-12-22 21:08:51,492 - DEBUG - Event before-parameter-build.s3.PutObject: calling handler <function validate_ascii_metadata at 0x0000025FE39A4CC0>
2024-12-22 21:08:51,493 - DEBUG - Event before-parameter-build.s3.PutObject: calling handler <function sse_md5 at 0x0000025FE3977F60>
2024-12-22 21:08:51,493 - DEBUG - Event before-parameter-build.s3.PutObject: calling handler <function convert_body_to_file_like_object at 0x0000025FE39A56C0>
2024-12-22 21:08:51,493 - DEBUG - Event before-parameter-build.s3.PutObject: calling handler <function validate_bucket_name at 0x0000025FE3977EC0>
2024-12-22 21:08:51,493 - DEBUG - Event before-parameter-build.s3.PutObject: calling handler <function remove_bucket_from_url_paths_from_model at 0x0000025FE39A60C0>
2024-12-22 21:08:51,493 - DEBUG - Event before-parameter-build.s3.PutObject: calling handler <bound method S3RegionRedirectorv2.annotate_request_context of <botocore.utils.S3RegionRedirectorv2 object at 0x0000025FE482B3E0>>
2024-12-22 21:08:51,493 - DEBUG - Event before-parameter-build.s3.PutObject: calling handler <bound method ClientCreator._inject_s3_input_parameters of <botocore.client.ClientCreator object at 0x0000025FE3A0FAA0>>
2024-12-22 21:08:51,493 - DEBUG - Event before-parameter-build.s3.PutObject: calling handler <function generate_idempotent_uuid at 0x0000025FE3977CE0>
2024-12-22 21:08:51,494 - DEBUG - Event before-endpoint-resolution.s3: calling handler <function customize_endpoint_resolver_builtins at 0x0000025FE39A62A0>
2024-12-22 21:08:51,494 - DEBUG - Event before-endpoint-resolution.s3: calling handler <bound method S3RegionRedirectorv2.redirect_from_cache of <botocore.utils.S3RegionRedirectorv2 object at 0x0000025FE482B3E0>>
2024-12-22 21:08:51,494 - DEBUG - Calling endpoint provider with parameters: {'Bucket': 'militaria-images', 'Region': 'ap-southeast-2', 'UseFIPS': False, 'UseDualStack': False, 'ForcePathStyle': False, 'Accelerate': False, 'UseGlobalEndpoint': False, 'Key': 'BEVO_MILITARIA/227936/227936-5.jpg', 'DisableMultiRegionAccessPoints': False, 'UseArnRegion': True}
2024-12-22 21:08:51,494 - DEBUG - Endpoint provider result: https://militaria-images.s3.ap-southeast-2.amazonaws.com
2024-12-22 21:08:51,495 - DEBUG - Selecting from endpoint provider's list of auth schemes: "sigv4". User selected auth scheme is: "None"
2024-12-22 21:08:51,495 - DEBUG - Selected auth type "v4" as "v4" with signing context params: {'region': 'ap-southeast-2', 'signing_name': 's3', 'disableDoubleEncoding': True}
2024-12-22 21:08:51,495 - DEBUG - Event before-call.s3.PutObject: calling handler <function conditionally_calculate_checksum at 0x0000025FE37E8040>
2024-12-22 21:08:51,496 - DEBUG - Event before-call.s3.PutObject: calling handler <function add_expect_header at 0x0000025FE39A42C0>
2024-12-22 21:08:51,496 - DEBUG - Adding expect 100 continue header to request.
2024-12-22 21:08:51,496 - DEBUG - Event before-call.s3.PutObject: calling handler <bound method S3ExpressIdentityResolver.apply_signing_cache_key of <botocore.utils.S3ExpressIdentityResolver object at 0x0000025FE483C290>>
2024-12-22 21:08:51,496 - DEBUG - Event before-call.s3.PutObject: calling handler <function add_recursion_detection_header at 0x0000025FE3977060>
2024-12-22 21:08:51,496 - DEBUG - Event before-call.s3.PutObject: calling handler <function add_query_compatibility_header at 0x0000025FE39A67A0>
2024-12-22 21:08:51,496 - DEBUG - Event before-call.s3.PutObject: calling handler <function inject_api_version_header_if_needed at 0x0000025FE39A5800>
2024-12-22 21:08:51,497 - DEBUG - Making request for OperationModel(name=PutObject) with params: {'url_path': '/BEVO_MILITARIA/227936/227936-5.jpg', 'query_string': {}, 'method': 'PUT', 'headers': {'User-Agent': 'Boto3/1.35.84 md/Botocore#1.35.84 ua/2.0 os/windows#11 md/arch#amd64 lang/python#3.12.0 md/pyimpl#CPython cfg/retry-mode#legacy Botocore/1.35.84', 'Content-MD5': 'TjtH+GGO4PIDGx22y6skfQ==', 'Expect': '100-continue'}, 'body': <s3transfer.utils.ReadFileChunk object at 0x0000025FE49A0110>, 'auth_path': '/militaria-images/BEVO_MILITARIA/227936/227936-5.jpg', 'url': 'https://militaria-images.s3.ap-southeast-2.amazonaws.com/BEVO_MILITARIA/227936/227936-5.jpg', 'context': {'client_region': 'ap-southeast-2', 'client_config': <botocore.config.Config object at 0x0000025FE46C42C0>, 'has_streaming_input': True, 'auth_type': 'v4', 'unsigned_payload': None, 's3_redirect': {'redirected': False, 'bucket': 'militaria-images', 'params': {'Bucket': 'militaria-images', 'Key': 'BEVO_MILITARIA/227936/227936-5.jpg', 'Body': <s3transfer.utils.ReadFileChunk object at 0x0000025FE49A0110>}}, 'input_params': {'Bucket': 'militaria-images', 'Key': 'BEVO_MILITARIA/227936/227936-5.jpg'}, 'signing': {'region': 'ap-southeast-2', 'signing_name': 's3', 'disableDoubleEncoding': True}, 'endpoint_properties': {'authSchemes': [{'disableDoubleEncoding': True, 'name': 'sigv4', 'signingName': 's3', 'signingRegion': 'ap-southeast-2'}]}}}
2024-12-22 21:08:51,497 - DEBUG - Event request-created.s3.PutObject: calling handler <function signal_not_transferring at 0x0000025FE47A87C0>
2024-12-22 21:08:51,497 - DEBUG - Event request-created.s3.PutObject: calling handler <bound method RequestSigner.handler of <botocore.signers.RequestSigner object at 0x0000025FE3846930>>
2024-12-22 21:08:51,497 - DEBUG - Event choose-signer.s3.PutObject: calling handler <bound method ClientCreator._default_s3_presign_to_sigv2 of <botocore.client.ClientCreator object at 0x0000025FE3A0FAA0>>
2024-12-22 21:08:51,497 - DEBUG - Event choose-signer.s3.PutObject: calling handler <function set_operation_specific_signer at 0x0000025FE3977B00>
2024-12-22 21:08:51,498 - DEBUG - Event before-sign.s3.PutObject: calling handler <function remove_arn_from_signing_path at 0x0000025FE39A6200>
2024-12-22 21:08:51,498 - DEBUG - Event before-sign.s3.PutObject: calling handler <bound method S3ExpressIdentityResolver.resolve_s3express_identity of <botocore.utils.S3ExpressIdentityResolver object at 0x0000025FE483C290>>
2024-12-22 21:08:51,498 - DEBUG - Calculating signature using v4 auth.
2024-12-22 21:08:51,498 - DEBUG - CanonicalRequest:
PUT
/BEVO_MILITARIA/227936/227936-5.jpg

content-md5:TjtH+GGO4PIDGx22y6skfQ==
host:militaria-images.s3.ap-southeast-2.amazonaws.com
x-amz-content-sha256:UNSIGNED-PAYLOAD
x-amz-date:20241222T120851Z

content-md5;host;x-amz-content-sha256;x-amz-date
UNSIGNED-PAYLOAD
2024-12-22 21:08:51,498 - DEBUG - StringToSign:
AWS4-HMAC-SHA256
20241222T120851Z
20241222/ap-southeast-2/s3/aws4_request
0a81c7e12bdb7d12edd1f2a297dd247a6419a7d929b4a0af77ef7e715b3a7285
2024-12-22 21:08:51,499 - DEBUG - Signature:
69bbb2da66c62e1e18d5bb7fa54f88c5d70ba94878d0f245cfc83c45e3546d42
2024-12-22 21:08:51,499 - DEBUG - Event request-created.s3.PutObject: calling handler <function signal_transferring at 0x0000025FE47A8900>
2024-12-22 21:08:51,499 - DEBUG - Event request-created.s3.PutObject: calling handler <function add_retry_headers at 0x0000025FE39A6020>
2024-12-22 21:08:51,499 - DEBUG - Sending http request: <AWSPreparedRequest stream_output=False, method=PUT, url=https://militaria-images.s3.ap-southeast-2.amazonaws.com/BEVO_MILITARIA/227936/227936-5.jpg, headers={'User-Agent': b'Boto3/1.35.84 md/Botocore#1.35.84 ua/2.0 os/windows#11 md/arch#amd64 lang/python#3.12.0 md/pyimpl#CPython cfg/retry-mode#legacy Botocore/1.35.84', 'Content-MD5': b'TjtH+GGO4PIDGx22y6skfQ==', 'Expect': b'100-continue', 'X-Amz-Date': b'20241222T120851Z', 'X-Amz-Content-SHA256': b'UNSIGNED-PAYLOAD', 'Authorization': b'AWS4-HMAC-SHA256 Credential=AKIAVWABJ6UA6P67D2EB/20241222/ap-southeast-2/s3/aws4_request, SignedHeaders=content-md5;host;x-amz-content-sha256;x-amz-date, Signature=69bbb2da66c62e1e18d5bb7fa54f88c5d70ba94878d0f245cfc83c45e3546d42', 'amz-sdk-invocation-id': b'154289af-fcc0-4cfc-8277-04dd380585f3', 'amz-sdk-request': b'attempt=1', 'Content-Length': '724522'}>
2024-12-22 21:08:51,500 - DEBUG - Certificate path: C:\Users\keena\AppData\Local\Programs\Python\Python312\Lib\site-packages\certifi\cacert.pem
2024-12-22 21:08:51,500 - DEBUG - Waiting for 100 Continue response.
2024-12-22 21:08:51,642 - DEBUG - 100 Continue response seen, now sending request body.
2024-12-22 21:08:53,382 - DEBUG - https://militaria-images.s3.ap-southeast-2.amazonaws.com:443 "PUT /BEVO_MILITARIA/227936/227936-5.jpg HTTP/1.1" 200 0
2024-12-22 21:08:53,383 - DEBUG - Event before-parse.s3.PutObject: calling handler <function _handle_200_error at 0x0000025FE39A65C0>
2024-12-22 21:08:53,383 - DEBUG - Event before-parse.s3.PutObject: calling handler <function handle_expires_header at 0x0000025FE39A63E0>
2024-12-22 21:08:53,383 - DEBUG - Response headers: {'x-amz-id-2': 'N8GeAGF7Jg4/yUU2hzq1DExMFRW3TjXsw9AiNYqMnY2UbUgFUbcunUAXxZBVUK8QYlPn9LwprGrR8X7mOxOqvA==', 'x-amz-request-id': 'QRQ8ZCG2WZF1H9DV', 'Date': 'Sun, 22 Dec 2024 12:08:51 GMT', 'x-amz-version-id': 'Cfv81wHY.ZhPg7dNMtNWt7ZrtCOy8CN9', 'x-amz-server-side-encryption': 'AES256', 'ETag': '"4e3b47f8618ee0f2031b1db6cbab247d"', 'Content-Length': '0', 'Server': 'AmazonS3'}
2024-12-22 21:08:53,384 - DEBUG - Response body:
b''
2024-12-22 21:08:53,384 - DEBUG - Event needs-retry.s3.PutObject: calling handler <function _update_status_code at 0x0000025FE39A6700>
2024-12-22 21:08:53,384 - DEBUG - Event needs-retry.s3.PutObject: calling handler <botocore.retryhandler.RetryHandler object at 0x0000025FE483C200>
2024-12-22 21:08:53,384 - DEBUG - No retry needed.
2024-12-22 21:08:53,384 - DEBUG - Event needs-retry.s3.PutObject: calling handler <bound method S3RegionRedirectorv2.redirect_from_error of <botocore.utils.S3RegionRedirectorv2 object at 0x0000025FE482B3E0>>
2024-12-22 21:08:53,384 - DEBUG - Releasing acquire 0/None
2024-12-22 21:08:53,385 - INFO - Uploaded to S3: Object Name=BEVO_MILITARIA/227936/227936-5.jpg
2024-12-22 21:08:53,386 - DEBUG - Processing image 6/18: https://bevo-militaria.com/wp-content/uploads/2024/12/DSC_8551-scaled.jpg
