2024-12-27 18:53:22,749 - INFO - Logging initialized. Log file: logs\2024-12-27_instance_3.log
2024-12-27 18:53:28,753 - WARNING - 
------------------------------------------------------------
PROGRAM INITIALIZED 2024-12-27 18:53:28.753717
------------------------------------------------------------
2024-12-27 18:53:33,683 - INFO - PostgreSQL connection pool initialized.
2024-12-27 18:53:33,684 - DEBUG - Changing event name from creating-client-class.iot-data to creating-client-class.iot-data-plane
2024-12-27 18:53:33,686 - DEBUG - Changing event name from before-call.apigateway to before-call.api-gateway
2024-12-27 18:53:33,687 - DEBUG - Changing event name from request-created.machinelearning.Predict to request-created.machine-learning.Predict
2024-12-27 18:53:33,688 - DEBUG - Changing event name from before-parameter-build.autoscaling.CreateLaunchConfiguration to before-parameter-build.auto-scaling.CreateLaunchConfiguration
2024-12-27 18:53:33,689 - DEBUG - Changing event name from before-parameter-build.route53 to before-parameter-build.route-53
2024-12-27 18:53:33,689 - DEBUG - Changing event name from request-created.cloudsearchdomain.Search to request-created.cloudsearch-domain.Search
2024-12-27 18:53:33,690 - DEBUG - Changing event name from docs.*.autoscaling.CreateLaunchConfiguration.complete-section to docs.*.auto-scaling.CreateLaunchConfiguration.complete-section
2024-12-27 18:53:33,691 - DEBUG - Changing event name from before-parameter-build.logs.CreateExportTask to before-parameter-build.cloudwatch-logs.CreateExportTask
2024-12-27 18:53:33,692 - DEBUG - Changing event name from docs.*.logs.CreateExportTask.complete-section to docs.*.cloudwatch-logs.CreateExportTask.complete-section
2024-12-27 18:53:33,692 - DEBUG - Changing event name from before-parameter-build.cloudsearchdomain.Search to before-parameter-build.cloudsearch-domain.Search
2024-12-27 18:53:33,692 - DEBUG - Changing event name from docs.*.cloudsearchdomain.Search.complete-section to docs.*.cloudsearch-domain.Search.complete-section
2024-12-27 18:53:33,739 - DEBUG - Loading JSON file: C:\Users\keena\AppData\Local\Programs\Python\Python312\Lib\site-packages\botocore\data\endpoints.json
2024-12-27 18:53:33,752 - DEBUG - Loading JSON file: C:\Users\keena\AppData\Local\Programs\Python\Python312\Lib\site-packages\botocore\data\sdk-default-configuration.json
2024-12-27 18:53:33,752 - DEBUG - Event choose-service-name: calling handler <function handle_service_name_alias at 0x0000020668C1E7A0>
2024-12-27 18:53:33,802 - DEBUG - Loading JSON file: C:\Users\keena\AppData\Local\Programs\Python\Python312\Lib\site-packages\botocore\data\s3\2006-03-01\service-2.json.gz
2024-12-27 18:53:33,810 - DEBUG - Loading JSON file: C:\Users\keena\AppData\Local\Programs\Python\Python312\Lib\site-packages\botocore\data\s3\2006-03-01\service-2.sdk-extras.json
2024-12-27 18:53:33,856 - DEBUG - Loading JSON file: C:\Users\keena\AppData\Local\Programs\Python\Python312\Lib\site-packages\botocore\data\s3\2006-03-01\endpoint-rule-set-1.json.gz
2024-12-27 18:53:33,858 - DEBUG - Loading JSON file: C:\Users\keena\AppData\Local\Programs\Python\Python312\Lib\site-packages\botocore\data\partitions.json
2024-12-27 18:53:33,860 - DEBUG - Event creating-client-class.s3: calling handler <function add_generate_presigned_post at 0x0000020668B5B600>
2024-12-27 18:53:33,860 - DEBUG - Event creating-client-class.s3: calling handler <function lazy_call.<locals>._handler at 0x0000020668CBA5C0>
2024-12-27 18:53:33,889 - DEBUG - Event creating-client-class.s3: calling handler <function add_generate_presigned_url at 0x0000020668B5B380>
2024-12-27 18:53:33,889 - DEBUG - Looking for endpoint for s3 via: environment_service
2024-12-27 18:53:33,889 - DEBUG - Looking for endpoint for s3 via: environment_global
2024-12-27 18:53:33,889 - DEBUG - Looking for endpoint for s3 via: config_service
2024-12-27 18:53:33,889 - DEBUG - Looking for endpoint for s3 via: config_global
2024-12-27 18:53:33,890 - DEBUG - No configured endpoint found.
2024-12-27 18:53:33,891 - DEBUG - Setting s3 timeout as (60, 60)
2024-12-27 18:53:33,894 - DEBUG - Loading JSON file: C:\Users\keena\AppData\Local\Programs\Python\Python312\Lib\site-packages\botocore\data\_retry.json
2024-12-27 18:53:33,894 - DEBUG - Registering retry handlers for service: s3
2024-12-27 18:53:33,894 - DEBUG - Registering S3 region redirector handler
2024-12-27 18:53:33,895 - DEBUG - Registering S3Express Identity Resolver
2024-12-27 18:53:33,895 - INFO - S3Manager initialized for bucket militaria-images
2024-12-27 18:53:39,677 - DEBUG - Navigating to products page: https://oorlogsspullen.nl/product-categorie/new/page/0/
2024-12-27 18:53:39,679 - DEBUG - Starting new HTTPS connection (1): oorlogsspullen.nl:443
2024-12-27 18:53:42,102 - DEBUG - https://oorlogsspullen.nl:443 "GET /product-categorie/new/page/0/ HTTP/1.1" 200 21121
2024-12-27 18:53:42,380 - INFO - 
------------------------------------------------------------
                    NEW INSTANCE STARTED                    
------------------------------------------------------------
2024-12-27 18:53:42,381 - INFO - MILITARIA SITE      : OORLOGSSPULLEN
2024-12-27 18:53:42,381 - INFO - PRODUCTS URL        : https://oorlogsspullen.nl/product-categorie/new/page/0/
2024-12-27 18:53:42,381 - INFO - CYCLES RUN          : 0
2024-12-27 18:53:42,381 - INFO - PRODUCTS PROCESSED  : 0
2024-12-27 18:53:42,381 - INFO - TIMESTAMP           : 2024-12-27 18:53:42.380313
2024-12-27 18:53:42,382 - DEBUG - Product URL constructed: https://oorlogsspullen.nl/product/original-wwii-us-army-snow-camouflage-trousers-7/
2024-12-27 18:53:42,865 - DEBUG - Image upload already completed for product URL: https://oorlogsspullen.nl/product/original-wwii-us-army-snow-camouflage-trousers-7/.
2024-12-27 18:53:42,865 - INFO - Skipping image upload for product: https://oorlogsspullen.nl/product/original-wwii-us-army-snow-camouflage-trousers-7/ as images are already uploaded.
2024-12-27 18:53:42,865 - DEBUG - Product URL constructed: https://oorlogsspullen.nl/product/original-wwii-dutch-bank-document-grouping-nsb-leader-anton-mussert/
2024-12-27 18:53:43,338 - DEBUG - Image upload already completed for product URL: https://oorlogsspullen.nl/product/original-wwii-dutch-bank-document-grouping-nsb-leader-anton-mussert/.
2024-12-27 18:53:43,338 - INFO - Skipping image upload for product: https://oorlogsspullen.nl/product/original-wwii-dutch-bank-document-grouping-nsb-leader-anton-mussert/ as images are already uploaded.
2024-12-27 18:53:43,338 - DEBUG - Product URL constructed: https://oorlogsspullen.nl/product/original-wwii-german-red-cross-letter-guernsey-island-somerset/
2024-12-27 18:53:43,801 - DEBUG - Image upload already completed for product URL: https://oorlogsspullen.nl/product/original-wwii-german-red-cross-letter-guernsey-island-somerset/.
2024-12-27 18:53:43,801 - INFO - Skipping image upload for product: https://oorlogsspullen.nl/product/original-wwii-german-red-cross-letter-guernsey-island-somerset/ as images are already uploaded.
2024-12-27 18:53:43,802 - DEBUG - Product URL constructed: https://oorlogsspullen.nl/product/original-wwii-south-african-sanp-greyshemde-uniform/
2024-12-27 18:53:44,263 - DEBUG - Image upload already completed for product URL: https://oorlogsspullen.nl/product/original-wwii-south-african-sanp-greyshemde-uniform/.
2024-12-27 18:53:44,264 - INFO - Skipping image upload for product: https://oorlogsspullen.nl/product/original-wwii-south-african-sanp-greyshemde-uniform/ as images are already uploaded.
2024-12-27 18:53:44,264 - DEBUG - Product URL constructed: https://oorlogsspullen.nl/product/original-wwii-us-battle-of-the-bulge-antitank-minefield-sketch-map-area-of-baugnez-4/
