2024-12-11 16:34:32,360 - INFO - Logging initialized. Log file: logs\2024-12-11_instance_4.log
2024-12-11 16:34:41,830 - INFO - 
------------------------------------------------------------
                     PROGRAM INITIALIZED
                     2024-12-11 16:34:41.830489          
------------------------------------------------------------
2024-12-11 16:34:43,720 - DEBUG - Navigating to products page: https://brokenarrowmilitaria.com/shop.php?pg=0
2024-12-11 16:34:43,722 - DEBUG - Starting new HTTPS connection (1): brokenarrowmilitaria.com:443
2024-12-11 16:34:45,004 - DEBUG - https://brokenarrowmilitaria.com:443 "GET /shop.php?pg=0 HTTP/1.1" 200 6383
2024-12-11 16:34:45,016 - INFO - 
------------------------------------------------------------
                    NEW INSTANCE STARTED                    
------------------------------------------------------------
2024-12-11 16:34:45,016 - INFO - MILITARIA SITE      : BROKEN_ARROW_MILITARIA
2024-12-11 16:34:45,016 - INFO - PRODUCTS URL        : https://brokenarrowmilitaria.com/shop.php?pg=0
2024-12-11 16:34:45,017 - INFO - CYCLES RUN          : 0
2024-12-11 16:34:45,017 - INFO - PRODUCTS PROCESSED  : 0
2024-12-11 16:34:45,017 - INFO - TIMESTAMP           : 2024-12-11 16:34:45.016959
2024-12-11 16:34:45,017 - DEBUG - Product URL constructed: https://brokenarrowmilitaria.com/shop.php?code=58951
2024-12-11 16:34:45,332 - DEBUG - https://brokenarrowmilitaria.com:443 "GET /shop.php?code=58951 HTTP/1.1" 200 3500
2024-12-11 16:34:45,338 - DEBUG - Scraped data - Title: ALL SAINTS tiga USSF vietnam war LATE WAR LLD tiger stripe jungle SHIRT LARGE xl, Price: 65.00, Available: True
2024-12-11 16:34:45,659 - INFO - No updates required for product 'https://brokenarrowmilitaria.com/shop.php?code=58951'.
2024-12-11 16:34:45,660 - INFO - 
------------------------------------------------------------
                     NO PRODUCT UPDATE                      
------------------------------------------------------------
2024-12-11 16:34:45,660 - INFO - CURRENT PAGE        : 0
2024-12-11 16:34:45,660 - INFO - PRODUCTS PROCESSED  : 0
2024-12-11 16:34:45,660 - INFO - CONSECUTIVE MATCHES : 1 / 25
2024-12-11 16:34:45,660 - INFO - PRODUCT URL         : https://brokenarrowmilitaria.com/shop.php?code=58951
2024-12-11 16:34:45,661 - INFO - TIMESTAMP           : 2024-12-11 16:34:45.659067
2024-12-11 16:34:45,661 - INFO - No changes made for product 'https://brokenarrowmilitaria.com/shop.php?code=58951'.
2024-12-11 16:34:45,661 - DEBUG - Product URL constructed: https://brokenarrowmilitaria.com/shop.php?code=58950
2024-12-11 16:34:45,981 - DEBUG - https://brokenarrowmilitaria.com:443 "GET /shop.php?code=58950 HTTP/1.1" 200 3627
2024-12-11 16:34:45,985 - WARNING - Unable to retrieve product PRICE.
2024-12-11 16:34:45,986 - WARNING - AttributeError while evaluating price element: 'NoneType' object has no attribute 'group'
2024-12-11 16:34:45,986 - DEBUG - Scraped data - Title: 1986 gulf war 1 AVON BRiTiSH army ISSUE respirator gas mask S10 SIZE 3 MEDIUM & 58 POUCH, Price: 0, Available: False
2024-12-11 16:34:46,488 - INFO - Product 'https://brokenarrowmilitaria.com/shop.php?code=58950' availability updated: True → False
2024-12-11 16:34:46,943 - INFO - Product 'https://brokenarrowmilitaria.com/shop.php?code=58950' sold date updated: None → 2024-12-11 16:34:46
2024-12-11 16:34:46,943 - INFO - Product 'https://brokenarrowmilitaria.com/shop.php?code=58950' updated successfully.
2024-12-11 16:34:46,944 - INFO - 
------------------------------------------------------------
                      PRODUCT UPDATED                       
------------------------------------------------------------
2024-12-11 16:34:46,944 - INFO - CURRENT PAGE        : 0
2024-12-11 16:34:46,945 - INFO - PRODUCTS PROCESSED  : 1
2024-12-11 16:34:46,945 - INFO - CONSECUTIVE MATCHES : 2 / 25
2024-12-11 16:34:46,945 - INFO - PRODUCT URL         : https://brokenarrowmilitaria.com/shop.php?code=58950
2024-12-11 16:34:46,945 - INFO - TIMESTAMP           : 2024-12-11 16:34:46.944315
2024-12-11 16:34:46,945 - INFO - ------------------------------------------------------------
2024-12-11 16:34:46,945 - INFO -                       PRODUCT UPDATED
2024-12-11 16:34:46,946 - INFO - ------------------------------------------------------------
2024-12-11 16:34:46,946 - INFO - Product 'https://brokenarrowmilitaria.com/shop.php?code=58950' was updated or inserted successfully.
2024-12-11 16:34:46,946 - DEBUG - Product URL constructed: https://brokenarrowmilitaria.com/shop.php?code=58949
2024-12-11 16:34:47,260 - DEBUG - https://brokenarrowmilitaria.com:443 "GET /shop.php?code=58949 HTTP/1.1" 200 4049
2024-12-11 16:34:47,264 - WARNING - Unable to retrieve product PRICE.
2024-12-11 16:34:47,264 - WARNING - AttributeError while evaluating price element: 'NoneType' object has no attribute 'group'
2024-12-11 16:34:47,265 - DEBUG - Scraped data - Title: ORIGINAL SAS UKSF ISSUE AIR SUPPORT bergen RUCKSACK field PACK dpm camo MODIFIED, Price: 0, Available: False
2024-12-11 16:34:47,885 - INFO - Product 'https://brokenarrowmilitaria.com/shop.php?code=58949' availability updated: True → False
2024-12-11 16:34:48,331 - INFO - Product 'https://brokenarrowmilitaria.com/shop.php?code=58949' sold date updated: None → 2024-12-11 16:34:47
2024-12-11 16:34:48,332 - INFO - Product 'https://brokenarrowmilitaria.com/shop.php?code=58949' updated successfully.
2024-12-11 16:34:48,332 - INFO - 
------------------------------------------------------------
                      PRODUCT UPDATED                       
------------------------------------------------------------
2024-12-11 16:34:48,333 - INFO - CURRENT PAGE        : 0
2024-12-11 16:34:48,333 - INFO - PRODUCTS PROCESSED  : 2
2024-12-11 16:34:48,333 - INFO - CONSECUTIVE MATCHES : 3 / 25
2024-12-11 16:34:48,333 - INFO - PRODUCT URL         : https://brokenarrowmilitaria.com/shop.php?code=58949
2024-12-11 16:34:48,333 - INFO - TIMESTAMP           : 2024-12-11 16:34:48.332227
2024-12-11 16:34:48,333 - INFO - ------------------------------------------------------------
2024-12-11 16:34:48,334 - INFO -                       PRODUCT UPDATED
2024-12-11 16:34:48,334 - INFO - ------------------------------------------------------------
2024-12-11 16:34:48,334 - INFO - Product 'https://brokenarrowmilitaria.com/shop.php?code=58949' was updated or inserted successfully.
2024-12-11 16:34:48,334 - DEBUG - Product URL constructed: https://brokenarrowmilitaria.com/shop.php?code=58948
2024-12-11 16:34:48,653 - DEBUG - https://brokenarrowmilitaria.com:443 "GET /shop.php?code=58948 HTTP/1.1" 200 3602
2024-12-11 16:34:48,658 - WARNING - Unable to retrieve product PRICE.
2024-12-11 16:34:48,658 - WARNING - AttributeError while evaluating price element: 'NoneType' object has no attribute 'group'
2024-12-11 16:34:48,659 - DEBUG - Scraped data - Title: 1988 gulf war 1 AVON BRiTiSH army / SAS ISSUE respirator gas mask S10 SIZE 3 MEDIUM & GLOVES & DPM PLCE POUCH, Price: 0, Available: False
2024-12-11 16:34:49,270 - INFO - Product 'https://brokenarrowmilitaria.com/shop.php?code=58948' availability updated: True → False
2024-12-11 16:34:49,719 - INFO - Product 'https://brokenarrowmilitaria.com/shop.php?code=58948' sold date updated: None → 2024-12-11 16:34:49
2024-12-11 16:34:49,719 - INFO - Product 'https://brokenarrowmilitaria.com/shop.php?code=58948' updated successfully.
2024-12-11 16:34:49,720 - INFO - 
------------------------------------------------------------
                      PRODUCT UPDATED                       
------------------------------------------------------------
2024-12-11 16:34:49,720 - INFO - CURRENT PAGE        : 0
2024-12-11 16:34:49,720 - INFO - PRODUCTS PROCESSED  : 3
2024-12-11 16:34:49,720 - INFO - CONSECUTIVE MATCHES : 4 / 25
2024-12-11 16:34:49,720 - INFO - PRODUCT URL         : https://brokenarrowmilitaria.com/shop.php?code=58948
2024-12-11 16:34:49,720 - INFO - TIMESTAMP           : 2024-12-11 16:34:49.720677
2024-12-11 16:34:49,720 - INFO - ------------------------------------------------------------
2024-12-11 16:34:49,721 - INFO -                       PRODUCT UPDATED
2024-12-11 16:34:49,721 - INFO - ------------------------------------------------------------
2024-12-11 16:34:49,721 - INFO - Product 'https://brokenarrowmilitaria.com/shop.php?code=58948' was updated or inserted successfully.
2024-12-11 16:34:49,721 - DEBUG - Product URL constructed: https://brokenarrowmilitaria.com/shop.php?code=58945
2024-12-11 16:34:50,037 - DEBUG - https://brokenarrowmilitaria.com:443 "GET /shop.php?code=58945 HTTP/1.1" 200 3295
2024-12-11 16:34:50,041 - DEBUG - Scraped data - Title: DUTCH ARMY DPM CAMO PONCHO LINER WOOBIE BLANKET QUILT jungle sleeping bag new, Price: 30.00, Available: True
2024-12-11 16:34:50,348 - INFO - No updates required for product 'https://brokenarrowmilitaria.com/shop.php?code=58945'.
2024-12-11 16:34:50,349 - INFO - 
------------------------------------------------------------
                     NO PRODUCT UPDATE                      
------------------------------------------------------------
2024-12-11 16:34:50,349 - INFO - CURRENT PAGE        : 0
2024-12-11 16:34:50,349 - INFO - PRODUCTS PROCESSED  : 4
2024-12-11 16:34:50,349 - INFO - CONSECUTIVE MATCHES : 5 / 25
2024-12-11 16:34:50,349 - INFO - PRODUCT URL         : https://brokenarrowmilitaria.com/shop.php?code=58945
2024-12-11 16:34:50,350 - INFO - TIMESTAMP           : 2024-12-11 16:34:50.349109
2024-12-11 16:34:50,350 - INFO - No changes made for product 'https://brokenarrowmilitaria.com/shop.php?code=58945'.
2024-12-11 16:34:50,350 - DEBUG - Product URL constructed: https://brokenarrowmilitaria.com/shop.php?code=58944
2024-12-11 16:34:50,666 - DEBUG - https://brokenarrowmilitaria.com:443 "GET /shop.php?code=58944 HTTP/1.1" 200 3238
2024-12-11 16:34:50,670 - DEBUG - Scraped data - Title: GENUINE BRITISH ARMY issue DESERT DPM DDPM battle man car BAG combat satchel NEW, Price: 35.00, Available: True
2024-12-11 16:34:50,841 - INFO - No updates required for product 'https://brokenarrowmilitaria.com/shop.php?code=58944'.
2024-12-11 16:34:50,841 - INFO - 
------------------------------------------------------------
                     NO PRODUCT UPDATE                      
------------------------------------------------------------
2024-12-11 16:34:50,841 - INFO - CURRENT PAGE        : 0
2024-12-11 16:34:50,842 - INFO - PRODUCTS PROCESSED  : 5
2024-12-11 16:34:50,842 - INFO - CONSECUTIVE MATCHES : 6 / 25
2024-12-11 16:34:50,842 - INFO - PRODUCT URL         : https://brokenarrowmilitaria.com/shop.php?code=58944
2024-12-11 16:34:50,842 - INFO - TIMESTAMP           : 2024-12-11 16:34:50.841907
2024-12-11 16:34:50,842 - INFO - No changes made for product 'https://brokenarrowmilitaria.com/shop.php?code=58944'.
2024-12-11 16:34:50,842 - DEBUG - Product URL constructed: https://brokenarrowmilitaria.com/shop.php?code=58943
2024-12-11 16:34:51,165 - DEBUG - https://brokenarrowmilitaria.com:443 "GET /shop.php?code=58943 HTTP/1.1" 200 3448
2024-12-11 16:34:51,170 - DEBUG - Scraped data - Title: USSF REVERSIBLE ECWCS desert - woodland camo waterproof goretex PARKA COAT XL, Price: 120.00, Available: True
2024-12-11 16:34:51,340 - INFO - No updates required for product 'https://brokenarrowmilitaria.com/shop.php?code=58943'.
2024-12-11 16:34:51,340 - INFO - 
------------------------------------------------------------
                     NO PRODUCT UPDATE                      
------------------------------------------------------------
2024-12-11 16:34:51,341 - INFO - CURRENT PAGE        : 0
2024-12-11 16:34:51,341 - INFO - PRODUCTS PROCESSED  : 6
2024-12-11 16:34:51,341 - INFO - CONSECUTIVE MATCHES : 7 / 25
2024-12-11 16:34:51,341 - INFO - PRODUCT URL         : https://brokenarrowmilitaria.com/shop.php?code=58943
2024-12-11 16:34:51,341 - INFO - TIMESTAMP           : 2024-12-11 16:34:51.340849
2024-12-11 16:34:51,341 - INFO - No changes made for product 'https://brokenarrowmilitaria.com/shop.php?code=58943'.
2024-12-11 16:34:51,342 - DEBUG - Product URL constructed: https://brokenarrowmilitaria.com/shop.php?code=58942
2024-12-11 16:34:51,660 - DEBUG - https://brokenarrowmilitaria.com:443 "GET /shop.php?code=58942 HTTP/1.1" 200 3457
2024-12-11 16:34:51,665 - DEBUG - Scraped data - Title: US USSF ISSUE LBE LBV AIRBORNE WEBBING YOKE HARNESS load bearing vest WOODLAND, Price: 50.00, Available: True
2024-12-11 16:34:52,107 - INFO - New product inserted: URL='https://brokenarrowmilitaria.com/shop.php?code=58942', Title='US USSF ISSUE LBE LBV AIRBORNE WEBBING YOKE HARNESS load bearing vest WOODLAND', Price=50.00, Available=True
2024-12-11 16:34:52,107 - INFO - 
------------------------------------------------------------
                     NEW PRODUCT FOUND                      
------------------------------------------------------------
2024-12-11 16:34:52,108 - INFO - CURRENT PAGE        : 0
2024-12-11 16:34:52,108 - INFO - PRODUCTS PROCESSED  : 7
2024-12-11 16:34:52,108 - INFO - TITLE               : US USSF ISSUE LBE LBV AIRBORNE WEBBING YOKE HARNESS load bearing vest WOODLAND
2024-12-11 16:34:52,108 - INFO - PRODUCT URL         : https://brokenarrowmilitaria.com/shop.php?code=58942
2024-12-11 16:34:52,108 - INFO - DESCRIPTION         : A GENUINE U.S.ARMY ISSUE GENERATION 2 LBE / LBV LOAD BEARING VEST / YOKE This is the 2nd gen lbe with strong mesh body which allows it to breath and has a fully adjustable well padded yoke with  retainer loops for camelbak or radio cables etc 2 rear d ring to fix sand bag to .  each front pannel a single frag greande / ffd size pouch and 2 5.56mm mag size pouches one a sing pouch the other a double it can hold c-mags or c0lt mags . 2 front clip closure , side adjusters with para cord and fixing loops at base to fix to d rings on airborne webbing pad or molle belt pad like of jayjays etc or round a plce belt or roll pin belt or alice belt CLASSIC  BRITISH ARMY sas / paratrooper KIT VERY POPULAR WITH AIRBORNE TROOPS AND SAS TROOPERS IN GULF WAR 1 OP GRANBY classic us airborne ranger / us navy seal team devgru , op desert storm , grenada , early iraq and afghansitan era condition = LOOK REAL GOOD LITTLE UsED N WORN CONDITION  ..as in pictures they say it all colour =  WOODLAND CAMO
2024-12-11 16:34:52,109 - INFO - PRICE               : 50.00
2024-12-11 16:34:52,109 - INFO - AVAILABLE           : True
2024-12-11 16:34:52,109 - INFO - TIMESTAMP           : 2024-12-11 16:34:52.107617
2024-12-11 16:34:52,109 - INFO - No changes made for product 'https://brokenarrowmilitaria.com/shop.php?code=58942'.
2024-12-11 16:34:52,109 - DEBUG - Product URL constructed: https://brokenarrowmilitaria.com/shop.php?code=58941
2024-12-11 16:34:52,434 - DEBUG - https://brokenarrowmilitaria.com:443 "GET /shop.php?code=58941 HTTP/1.1" 200 3696
2024-12-11 16:34:52,440 - DEBUG - Scraped data - Title: 1987AVON BRiTiSH army GULF WAR 1 ISSUE respirator S10 SIZE 2 Medium + pouch +kit, Price: 100.00, Available: True
2024-12-11 16:34:53,015 - INFO - New product inserted: URL='https://brokenarrowmilitaria.com/shop.php?code=58941', Title='1987AVON BRiTiSH army GULF WAR 1 ISSUE respirator S10 SIZE 2 Medium + pouch +kit', Price=100.00, Available=True
2024-12-11 16:34:53,016 - INFO - 
------------------------------------------------------------
                     NEW PRODUCT FOUND                      
------------------------------------------------------------
2024-12-11 16:34:53,016 - INFO - CURRENT PAGE        : 0
2024-12-11 16:34:53,016 - INFO - PRODUCTS PROCESSED  : 8
2024-12-11 16:34:53,016 - INFO - TITLE               : 1987AVON BRiTiSH army GULF WAR 1 ISSUE respirator S10 SIZE 2 Medium + pouch +kit
2024-12-11 16:34:53,016 - INFO - PRODUCT URL         : https://brokenarrowmilitaria.com/shop.php?code=58941
2024-12-11 16:34:53,016 - INFO - DESCRIPTION         : 100% genuine issue  british army / sas gasmask  ...CLASSIC GULF WAR 1 ERA ..OP GRANBY THIS IS THE ORIGINAL ISSUE BRITISH S10 as ISSUED TO THE BRITISH ARMY AND SPECIAL FORCES FOR OPERATIONAL USE !!!BEST COMBAT respirator IN THE WORLD !!! CLASSIC BRITISH S10 RESPIRTOR WITH DRINK TUBE TO FIX TO THE 58 PATTERN WATER BOTTLE , SCREW THREADS TO FIT CANISTER TO , EASY TO TALK THREW WITH PRIMARY SPEECH MODULE , 6 POINT ADJUSTABLE HEAD HARNESS FOR PERFECT FIT ........................ size  = 2 ( LIKE A MEDIUM  SIZE the MOST POPULAR SIZE made THAT FITS MOST PEOPLE ) MEASURES 20.5 CM TOP TO BOTTOM AND 147 CM ACROSS ON THE FACE PART COLOUR = BLACK MASK MADE IN  1987 , 58 pouch in 1990 ...SO IDEAL FOR gulf war 1  COLLECTORS . NBC CBRN collectors or preppers COMES WITH THE OG GREEN PLCE pattern webbing POUCH / BAG ...THIS IS MADE FROM strong CORDURA nylon AND HAS SHOULDER STRAP / WAIST BELT . FITTING TO FIT ON ANY BELT or round waist or shoulder with its own strap . INNER POCKETS FOR SPARE AIR FILTERS AND ALL NBC CBRN ITEMS . ALSO COMES WITH THE PACK OF DECONTAMINATION POWDER PADS AND DETACTOR PAPER CONDITION =  WORN USED has some DIRT ON IT BUT EASY TO CLEAN WITH DAMP CLOTH , SMALL SCRATCH ON LENS FROM SLR IRON SIGHT I BET , STILL OK  , AND BAG HAS AGE N WEAR BUT STILL ALL GOOD  N ALL KIT  IS NEW SEALED AS IN THE PICTURES THEY SAY IT ALL
2024-12-11 16:34:53,017 - INFO - PRICE               : 100.00
2024-12-11 16:34:53,017 - INFO - AVAILABLE           : True
2024-12-11 16:34:53,017 - INFO - TIMESTAMP           : 2024-12-11 16:34:53.016291
2024-12-11 16:34:53,017 - INFO - No changes made for product 'https://brokenarrowmilitaria.com/shop.php?code=58941'.
2024-12-11 16:34:53,018 - DEBUG - Product URL constructed: https://brokenarrowmilitaria.com/shop.php?code=58940
2024-12-11 16:34:53,333 - DEBUG - https://brokenarrowmilitaria.com:443 "GET /shop.php?code=58940 HTTP/1.1" 200 4664
2024-12-11 16:34:53,338 - DEBUG - Scraped data - Title: AT THE FRONT USA 1st model type WW2 US NAVY deck JACKET COAT navy blue L -XL, Price: 125.00, Available: True
2024-12-11 16:34:53,913 - INFO - New product inserted: URL='https://brokenarrowmilitaria.com/shop.php?code=58940', Title='AT THE FRONT USA 1st model type WW2 US NAVY deck JACKET COAT navy blue L -XL', Price=125.00, Available=True
2024-12-11 16:34:53,914 - INFO - 
------------------------------------------------------------
                     NEW PRODUCT FOUND                      
------------------------------------------------------------
2024-12-11 16:34:53,914 - INFO - CURRENT PAGE        : 0
2024-12-11 16:34:53,914 - INFO - PRODUCTS PROCESSED  : 9
2024-12-11 16:34:53,914 - INFO - TITLE               : AT THE FRONT USA 1st model type WW2 US NAVY deck JACKET COAT navy blue L -XL
2024-12-11 16:34:53,914 - INFO - PRODUCT URL         : https://brokenarrowmilitaria.com/shop.php?code=58940
2024-12-11 16:34:53,914 - INFO - DESCRIPTION         : 1000% GENUINE REAL  AT THE FRONT JACKET . AT THE FRONT MAKE SOME THE BEST WORLD WAR TWO ITEMS AND CLOTHING EXACT AS ORIGINAL THE BEST YOU CAN GET AS GOOD AS LIKES OF BUZZ RICKSON OR EASTMAN OR BRONSON ETC  .. AND  THIS IS THE  CLASSIC WW2 US NAVY 1ST PATTERN DECK JACKET  !!!.AND WITH MODERN UPGRADES LIKE FLEECE LINNER SO EXTRA WARM AND MORE COMFTABLE THEN WOOL AND WARMER , AND EXTRA INNER CHEST POCKET ... RETAIL AT $169.99 AND CURRENTLY ALL SOLD OUT COLOUR = US NAVY BLUE . AND WITH THE PROFESIONAL PAINTED BACK WITH U.S.N FOR US NAVY AND SSAILORS NAME NEGAN AND NUMBER FEATURES =  THE CLASSIC JACKET WITH RIBBED STRONG OUTER , KNITTED COLLAR AND HEM AND CUFFS IT LIKE A PILOTS MA1 BOMBER JACKET . REAL TALON ZIP SAME AS ON ORIGINALS , FLEECE LINED FOR WARMTH AND 1 INNER CHEST POCKET WITH WATERPROOF LINING POCKET BAG IT IS A WARM COAT A TIMELESS FASHION ICON THAT NEVER GOES OUT OF FASHION IDEAL FOR CASUAL WEAR , VINTAGE FASHION WEAR WITH YOUR RED WING BOOTS AND SELVAGE JEANS  ,  AMERICANA LOOK OR JUST EVERY DAY WEAR   . SIZE  =  LABEL SAYS large  BUT THERE AMERICAN SIZED AND BIG ,..ID SAY BETTER ON A XL   SO PLEASE GO OFF THE MEASUREMENTS = MEASURES 26* INCH OR 66CM ARM PIT TO PIT on out side  / ARM PIT TO CUFF END 22*  / SHOULDER SEAM TO CUFF END IS 28* / 28* BASE OF COLLAR TO HEM  / 21* SHOULDER TO SHOULDER  / 18* ACROSS WAIST BAND AND STRETCHES TO 26 * CONDITION = WORN USED , AGED FOR A VINTAGE 80 YEAR OLD LOOK , NO HOLES RIPS ETC AS IN PICUTRES . STILL A GREAT WORN USED COAT . HERE IS WHAT AT THE FRONT SAY BOUT IT During WWII the US Navy developed three patterns of *Deck Jackets*. These were a general purpose cold weather coat, designed to keep the sailors warm while on watch in the cold winds of the open ocean. The first design appeared similar in cut to the Army*s Winter Combat Jacket (Tanker). The coat was made with a dense cribbed cotton outer shell called *jungle cloth.* The lining was a heavy dark blue melton wool cloth, close in thickness to that used in blankets. Sandwiched in between these was a thin layer of nylon cloth for wind proofing. Cuffs, waist and neck featured ribbed woolen knit and the front was closed with a nickel or brass zipper . Original examples of the 1st Model Deck Jacket today are insanely expensive and difficult to find. The one we used was in rough shape, but that allowed us to partially disassemble it to investigate the design more fully. Our jackets are not *blue tankers* like the other reproductions on the market. The deck jacket had a different cut, larger neck, and different proportions all around than the Army garment. This is one of the most practical everyday wear jackets we have ever offered. With that in mind, as well as price and thermal performance, we opted to substitute high quality polar fleece for the wool lining. This kept the price down 50%, made the jacket lighter and warmer, and allows them to be machine washable. Moreover, the vat dyed wool of the original and our lining are visually identical. Our jackets feature genuine Talon zippers, the same type of nylon wind proofing as originals, tubular (no seam) knit cuffs, and 100% ribbed cotton shell. Lastly, we added an internal chest pocket as a secure location for wallets, phones, etc..
2024-12-11 16:34:53,915 - INFO - PRICE               : 125.00
2024-12-11 16:34:53,915 - INFO - AVAILABLE           : True
2024-12-11 16:34:53,915 - INFO - TIMESTAMP           : 2024-12-11 16:34:53.914042
2024-12-11 16:34:53,916 - INFO - No changes made for product 'https://brokenarrowmilitaria.com/shop.php?code=58940'.
2024-12-11 16:34:53,916 - DEBUG - Navigating to products page: https://brokenarrowmilitaria.com/shop.php?pg=1
2024-12-11 16:34:54,236 - DEBUG - https://brokenarrowmilitaria.com:443 "GET /shop.php?pg=1 HTTP/1.1" 200 6383
2024-12-11 16:34:54,247 - INFO - 
------------------------------------------------------------
                    NEW INSTANCE STARTED                    
------------------------------------------------------------
2024-12-11 16:34:54,248 - INFO - MILITARIA SITE      : BROKEN_ARROW_MILITARIA
2024-12-11 16:34:54,248 - INFO - PRODUCTS URL        : https://brokenarrowmilitaria.com/shop.php?pg=1
2024-12-11 16:34:54,248 - INFO - CYCLES RUN          : 0
2024-12-11 16:34:54,248 - INFO - PRODUCTS PROCESSED  : 0
2024-12-11 16:34:54,248 - INFO - TIMESTAMP           : 2024-12-11 16:34:54.247860
2024-12-11 16:34:54,248 - DEBUG - Product URL constructed: https://brokenarrowmilitaria.com/shop.php?code=58951
2024-12-11 16:34:54,564 - DEBUG - https://brokenarrowmilitaria.com:443 "GET /shop.php?code=58951 HTTP/1.1" 200 3500
2024-12-11 16:34:54,568 - DEBUG - Scraped data - Title: ALL SAINTS tiga USSF vietnam war LATE WAR LLD tiger stripe jungle SHIRT LARGE xl, Price: 65.00, Available: True
2024-12-11 16:34:54,877 - INFO - No updates required for product 'https://brokenarrowmilitaria.com/shop.php?code=58951'.
2024-12-11 16:34:54,878 - INFO - 
------------------------------------------------------------
                     NO PRODUCT UPDATE                      
------------------------------------------------------------
2024-12-11 16:34:54,878 - INFO - CURRENT PAGE        : 1
2024-12-11 16:34:54,878 - INFO - PRODUCTS PROCESSED  : 10
2024-12-11 16:34:54,879 - INFO - CONSECUTIVE MATCHES : 1 / 25
2024-12-11 16:34:54,879 - INFO - PRODUCT URL         : https://brokenarrowmilitaria.com/shop.php?code=58951
2024-12-11 16:34:54,879 - INFO - TIMESTAMP           : 2024-12-11 16:34:54.878836
2024-12-11 16:34:54,879 - INFO - No changes made for product 'https://brokenarrowmilitaria.com/shop.php?code=58951'.
2024-12-11 16:34:54,879 - DEBUG - Product URL constructed: https://brokenarrowmilitaria.com/shop.php?code=58950
2024-12-11 16:34:55,193 - DEBUG - https://brokenarrowmilitaria.com:443 "GET /shop.php?code=58950 HTTP/1.1" 200 3627
2024-12-11 16:34:55,198 - WARNING - Unable to retrieve product PRICE.
2024-12-11 16:34:55,198 - WARNING - AttributeError while evaluating price element: 'NoneType' object has no attribute 'group'
2024-12-11 16:34:55,198 - DEBUG - Scraped data - Title: 1986 gulf war 1 AVON BRiTiSH army ISSUE respirator gas mask S10 SIZE 3 MEDIUM & 58 POUCH, Price: 0, Available: False
2024-12-11 16:34:55,366 - INFO - No updates required for product 'https://brokenarrowmilitaria.com/shop.php?code=58950'.
2024-12-11 16:34:55,366 - INFO - 
------------------------------------------------------------
                     NO PRODUCT UPDATE                      
------------------------------------------------------------
2024-12-11 16:34:55,367 - INFO - CURRENT PAGE        : 1
2024-12-11 16:34:55,367 - INFO - PRODUCTS PROCESSED  : 11
2024-12-11 16:34:55,367 - INFO - CONSECUTIVE MATCHES : 2 / 25
2024-12-11 16:34:55,367 - INFO - PRODUCT URL         : https://brokenarrowmilitaria.com/shop.php?code=58950
2024-12-11 16:34:55,367 - INFO - TIMESTAMP           : 2024-12-11 16:34:55.366716
2024-12-11 16:34:55,367 - INFO - No changes made for product 'https://brokenarrowmilitaria.com/shop.php?code=58950'.
2024-12-11 16:34:55,368 - DEBUG - Product URL constructed: https://brokenarrowmilitaria.com/shop.php?code=58949
2024-12-11 16:34:55,685 - DEBUG - https://brokenarrowmilitaria.com:443 "GET /shop.php?code=58949 HTTP/1.1" 200 4049
2024-12-11 16:34:55,690 - WARNING - Unable to retrieve product PRICE.
2024-12-11 16:34:55,690 - WARNING - AttributeError while evaluating price element: 'NoneType' object has no attribute 'group'
2024-12-11 16:34:55,690 - DEBUG - Scraped data - Title: ORIGINAL SAS UKSF ISSUE AIR SUPPORT bergen RUCKSACK field PACK dpm camo MODIFIED, Price: 0, Available: False
2024-12-11 16:34:55,862 - INFO - No updates required for product 'https://brokenarrowmilitaria.com/shop.php?code=58949'.
2024-12-11 16:34:55,863 - INFO - 
------------------------------------------------------------
                     NO PRODUCT UPDATE                      
------------------------------------------------------------
2024-12-11 16:34:55,863 - INFO - CURRENT PAGE        : 1
2024-12-11 16:34:55,863 - INFO - PRODUCTS PROCESSED  : 12
2024-12-11 16:34:55,864 - INFO - CONSECUTIVE MATCHES : 3 / 25
2024-12-11 16:34:55,864 - INFO - PRODUCT URL         : https://brokenarrowmilitaria.com/shop.php?code=58949
2024-12-11 16:34:55,864 - INFO - TIMESTAMP           : 2024-12-11 16:34:55.863749
2024-12-11 16:34:55,864 - INFO - No changes made for product 'https://brokenarrowmilitaria.com/shop.php?code=58949'.
2024-12-11 16:34:55,864 - DEBUG - Product URL constructed: https://brokenarrowmilitaria.com/shop.php?code=58948
2024-12-11 16:34:56,180 - DEBUG - https://brokenarrowmilitaria.com:443 "GET /shop.php?code=58948 HTTP/1.1" 200 3602
2024-12-11 16:34:56,184 - WARNING - Unable to retrieve product PRICE.
2024-12-11 16:34:56,185 - WARNING - AttributeError while evaluating price element: 'NoneType' object has no attribute 'group'
2024-12-11 16:34:56,185 - DEBUG - Scraped data - Title: 1988 gulf war 1 AVON BRiTiSH army / SAS ISSUE respirator gas mask S10 SIZE 3 MEDIUM & GLOVES & DPM PLCE POUCH, Price: 0, Available: False
2024-12-11 16:34:56,363 - INFO - No updates required for product 'https://brokenarrowmilitaria.com/shop.php?code=58948'.
2024-12-11 16:34:56,363 - INFO - 
------------------------------------------------------------
                     NO PRODUCT UPDATE                      
------------------------------------------------------------
2024-12-11 16:34:56,364 - INFO - CURRENT PAGE        : 1
2024-12-11 16:34:56,364 - INFO - PRODUCTS PROCESSED  : 13
2024-12-11 16:34:56,364 - INFO - CONSECUTIVE MATCHES : 4 / 25
2024-12-11 16:34:56,364 - INFO - PRODUCT URL         : https://brokenarrowmilitaria.com/shop.php?code=58948
2024-12-11 16:34:56,364 - INFO - TIMESTAMP           : 2024-12-11 16:34:56.363251
2024-12-11 16:34:56,364 - INFO - No changes made for product 'https://brokenarrowmilitaria.com/shop.php?code=58948'.
2024-12-11 16:34:56,365 - DEBUG - Product URL constructed: https://brokenarrowmilitaria.com/shop.php?code=58945
2024-12-11 16:34:56,682 - DEBUG - https://brokenarrowmilitaria.com:443 "GET /shop.php?code=58945 HTTP/1.1" 200 3295
2024-12-11 16:34:56,687 - DEBUG - Scraped data - Title: DUTCH ARMY DPM CAMO PONCHO LINER WOOBIE BLANKET QUILT jungle sleeping bag new, Price: 30.00, Available: True
2024-12-11 16:34:56,857 - INFO - No updates required for product 'https://brokenarrowmilitaria.com/shop.php?code=58945'.
2024-12-11 16:34:56,858 - INFO - 
------------------------------------------------------------
                     NO PRODUCT UPDATE                      
------------------------------------------------------------
2024-12-11 16:34:56,858 - INFO - CURRENT PAGE        : 1
2024-12-11 16:34:56,858 - INFO - PRODUCTS PROCESSED  : 14
2024-12-11 16:34:56,858 - INFO - CONSECUTIVE MATCHES : 5 / 25
2024-12-11 16:34:56,859 - INFO - PRODUCT URL         : https://brokenarrowmilitaria.com/shop.php?code=58945
2024-12-11 16:34:56,859 - INFO - TIMESTAMP           : 2024-12-11 16:34:56.858087
2024-12-11 16:34:56,859 - INFO - No changes made for product 'https://brokenarrowmilitaria.com/shop.php?code=58945'.
2024-12-11 16:34:56,859 - DEBUG - Product URL constructed: https://brokenarrowmilitaria.com/shop.php?code=58944
2024-12-11 16:34:57,175 - DEBUG - https://brokenarrowmilitaria.com:443 "GET /shop.php?code=58944 HTTP/1.1" 200 3238
2024-12-11 16:34:57,180 - DEBUG - Scraped data - Title: GENUINE BRITISH ARMY issue DESERT DPM DDPM battle man car BAG combat satchel NEW, Price: 35.00, Available: True
2024-12-11 16:34:57,350 - INFO - No updates required for product 'https://brokenarrowmilitaria.com/shop.php?code=58944'.
2024-12-11 16:34:57,350 - INFO - 
------------------------------------------------------------
                     NO PRODUCT UPDATE                      
------------------------------------------------------------
2024-12-11 16:34:57,350 - INFO - CURRENT PAGE        : 1
2024-12-11 16:34:57,350 - INFO - PRODUCTS PROCESSED  : 15
2024-12-11 16:34:57,351 - INFO - CONSECUTIVE MATCHES : 6 / 25
2024-12-11 16:34:57,351 - INFO - PRODUCT URL         : https://brokenarrowmilitaria.com/shop.php?code=58944
2024-12-11 16:34:57,351 - INFO - TIMESTAMP           : 2024-12-11 16:34:57.350391
2024-12-11 16:34:57,351 - INFO - No changes made for product 'https://brokenarrowmilitaria.com/shop.php?code=58944'.
2024-12-11 16:34:57,351 - DEBUG - Product URL constructed: https://brokenarrowmilitaria.com/shop.php?code=58943
2024-12-11 16:34:57,668 - DEBUG - https://brokenarrowmilitaria.com:443 "GET /shop.php?code=58943 HTTP/1.1" 200 3448
2024-12-11 16:34:57,673 - DEBUG - Scraped data - Title: USSF REVERSIBLE ECWCS desert - woodland camo waterproof goretex PARKA COAT XL, Price: 120.00, Available: True
2024-12-11 16:34:57,843 - INFO - No updates required for product 'https://brokenarrowmilitaria.com/shop.php?code=58943'.
2024-12-11 16:34:57,843 - INFO - 
------------------------------------------------------------
                     NO PRODUCT UPDATE                      
------------------------------------------------------------
2024-12-11 16:34:57,844 - INFO - CURRENT PAGE        : 1
2024-12-11 16:34:57,844 - INFO - PRODUCTS PROCESSED  : 16
2024-12-11 16:34:57,844 - INFO - CONSECUTIVE MATCHES : 7 / 25
2024-12-11 16:34:57,844 - INFO - PRODUCT URL         : https://brokenarrowmilitaria.com/shop.php?code=58943
2024-12-11 16:34:57,844 - INFO - TIMESTAMP           : 2024-12-11 16:34:57.843662
2024-12-11 16:34:57,844 - INFO - No changes made for product 'https://brokenarrowmilitaria.com/shop.php?code=58943'.
2024-12-11 16:34:57,845 - DEBUG - Product URL constructed: https://brokenarrowmilitaria.com/shop.php?code=58942
2024-12-11 16:34:58,162 - DEBUG - https://brokenarrowmilitaria.com:443 "GET /shop.php?code=58942 HTTP/1.1" 200 3457
2024-12-11 16:34:58,167 - DEBUG - Scraped data - Title: US USSF ISSUE LBE LBV AIRBORNE WEBBING YOKE HARNESS load bearing vest WOODLAND, Price: 50.00, Available: True
2024-12-11 16:34:58,365 - INFO - No updates required for product 'https://brokenarrowmilitaria.com/shop.php?code=58942'.
2024-12-11 16:34:58,365 - INFO - 
------------------------------------------------------------
                     NO PRODUCT UPDATE                      
------------------------------------------------------------
2024-12-11 16:34:58,366 - INFO - CURRENT PAGE        : 1
2024-12-11 16:34:58,366 - INFO - PRODUCTS PROCESSED  : 17
2024-12-11 16:34:58,366 - INFO - CONSECUTIVE MATCHES : 8 / 25
2024-12-11 16:34:58,366 - INFO - PRODUCT URL         : https://brokenarrowmilitaria.com/shop.php?code=58942
2024-12-11 16:34:58,366 - INFO - TIMESTAMP           : 2024-12-11 16:34:58.365664
2024-12-11 16:34:58,366 - INFO - No changes made for product 'https://brokenarrowmilitaria.com/shop.php?code=58942'.
2024-12-11 16:34:58,366 - DEBUG - Product URL constructed: https://brokenarrowmilitaria.com/shop.php?code=58941
2024-12-11 16:34:58,681 - DEBUG - https://brokenarrowmilitaria.com:443 "GET /shop.php?code=58941 HTTP/1.1" 200 3696
2024-12-11 16:34:58,686 - DEBUG - Scraped data - Title: 1987AVON BRiTiSH army GULF WAR 1 ISSUE respirator S10 SIZE 2 Medium + pouch +kit, Price: 100.00, Available: True
2024-12-11 16:34:58,857 - INFO - No updates required for product 'https://brokenarrowmilitaria.com/shop.php?code=58941'.
2024-12-11 16:34:58,858 - INFO - 
------------------------------------------------------------
                     NO PRODUCT UPDATE                      
------------------------------------------------------------
2024-12-11 16:34:58,858 - INFO - CURRENT PAGE        : 1
2024-12-11 16:34:58,858 - INFO - PRODUCTS PROCESSED  : 18
2024-12-11 16:34:58,858 - INFO - CONSECUTIVE MATCHES : 9 / 25
2024-12-11 16:34:58,858 - INFO - PRODUCT URL         : https://brokenarrowmilitaria.com/shop.php?code=58941
2024-12-11 16:34:58,859 - INFO - TIMESTAMP           : 2024-12-11 16:34:58.858144
2024-12-11 16:34:58,859 - INFO - No changes made for product 'https://brokenarrowmilitaria.com/shop.php?code=58941'.
2024-12-11 16:34:58,859 - DEBUG - Product URL constructed: https://brokenarrowmilitaria.com/shop.php?code=58940
2024-12-11 16:34:59,174 - DEBUG - https://brokenarrowmilitaria.com:443 "GET /shop.php?code=58940 HTTP/1.1" 200 4664
2024-12-11 16:34:59,179 - DEBUG - Scraped data - Title: AT THE FRONT USA 1st model type WW2 US NAVY deck JACKET COAT navy blue L -XL, Price: 125.00, Available: True
2024-12-11 16:34:59,350 - INFO - No updates required for product 'https://brokenarrowmilitaria.com/shop.php?code=58940'.
2024-12-11 16:34:59,350 - INFO - 
------------------------------------------------------------
                     NO PRODUCT UPDATE                      
------------------------------------------------------------
2024-12-11 16:34:59,351 - INFO - CURRENT PAGE        : 1
2024-12-11 16:34:59,351 - INFO - PRODUCTS PROCESSED  : 19
2024-12-11 16:34:59,351 - INFO - CONSECUTIVE MATCHES : 10 / 25
2024-12-11 16:34:59,351 - INFO - PRODUCT URL         : https://brokenarrowmilitaria.com/shop.php?code=58940
2024-12-11 16:34:59,352 - INFO - TIMESTAMP           : 2024-12-11 16:34:59.350277
2024-12-11 16:34:59,352 - INFO - No changes made for product 'https://brokenarrowmilitaria.com/shop.php?code=58940'.
2024-12-11 16:34:59,352 - DEBUG - Navigating to products page: https://brokenarrowmilitaria.com/shop.php?pg=2
2024-12-11 16:34:59,677 - DEBUG - https://brokenarrowmilitaria.com:443 "GET /shop.php?pg=2 HTTP/1.1" 200 6495
2024-12-11 16:34:59,689 - INFO - 
------------------------------------------------------------
                    NEW INSTANCE STARTED                    
------------------------------------------------------------
2024-12-11 16:34:59,689 - INFO - MILITARIA SITE      : BROKEN_ARROW_MILITARIA
2024-12-11 16:34:59,689 - INFO - PRODUCTS URL        : https://brokenarrowmilitaria.com/shop.php?pg=2
2024-12-11 16:34:59,690 - INFO - CYCLES RUN          : 0
2024-12-11 16:34:59,690 - INFO - PRODUCTS PROCESSED  : 0
2024-12-11 16:34:59,690 - INFO - TIMESTAMP           : 2024-12-11 16:34:59.689186
2024-12-11 16:34:59,690 - DEBUG - Product URL constructed: https://brokenarrowmilitaria.com/shop.php?code=58938
2024-12-11 16:35:00,017 - DEBUG - https://brokenarrowmilitaria.com:443 "GET /shop.php?code=58938 HTTP/1.1" 200 3297
2024-12-11 16:35:00,022 - DEBUG - Scraped data - Title: GENUINE GERMAN ARMY / WSS nco em WW2 black LEATHER parade / combat BELT, Price: 100.00, Available: True
2024-12-11 16:35:00,462 - INFO - New product inserted: URL='https://brokenarrowmilitaria.com/shop.php?code=58938', Title='GENUINE GERMAN ARMY / WSS nco em WW2 black LEATHER parade / combat BELT', Price=100.00, Available=True
2024-12-11 16:35:00,463 - INFO - 
------------------------------------------------------------
                     NEW PRODUCT FOUND                      
------------------------------------------------------------
2024-12-11 16:35:00,463 - INFO - CURRENT PAGE        : 2
2024-12-11 16:35:00,463 - INFO - PRODUCTS PROCESSED  : 20
2024-12-11 16:35:00,463 - INFO - TITLE               : GENUINE GERMAN ARMY / WSS nco em WW2 black LEATHER parade / combat BELT
2024-12-11 16:35:00,463 - INFO - PRODUCT URL         : https://brokenarrowmilitaria.com/shop.php?code=58938
2024-12-11 16:35:00,463 - INFO - DESCRIPTION         : ORIGINAL  GERMAN  WAFFEN SS / ARMY HEE WH black LEATHER NCO / EM mans PARADE / COMBAT BELT  . FEATURES = it has the inner felt type backing which is common on parade belts so it wont move around when on wool tunic . NO MAKER MARK BUT SIZE STAMP 102 CONDITION = VINTAGE ORIGINAL , still GOOD CONDITION  .  it has the inner felt type backing which is common on parade belts so it wont move around when on wool tunic , but also looks good on combat mannequin / display , the felt is peeling off in places and moth eaten in places , metal clip rusty , sill all ok n displays well  AS IN THE PICUTRES PLEASE STUDY EM ALL SIZE = 102 STAMP FOR 102CM WAIST and guess what its exactly 102cm long  = WITH INNER TAB IT  FITS 30* OR 75CM TO 35* OR 90CM WAIST  ...CLASSIC PERIOD SIZE WHEN HUMANS WERE SMALLER THEN THEY ARE TODAY
2024-12-11 16:35:00,463 - INFO - PRICE               : 100.00
2024-12-11 16:35:00,463 - INFO - AVAILABLE           : True
2024-12-11 16:35:00,463 - INFO - TIMESTAMP           : 2024-12-11 16:35:00.463078
2024-12-11 16:35:00,464 - INFO - No changes made for product 'https://brokenarrowmilitaria.com/shop.php?code=58938'.
2024-12-11 16:35:00,464 - DEBUG - Product URL constructed: https://brokenarrowmilitaria.com/shop.php?code=58936
2024-12-11 16:35:00,782 - DEBUG - https://brokenarrowmilitaria.com:443 "GET /shop.php?code=58936 HTTP/1.1" 200 3020
2024-12-11 16:35:00,786 - DEBUG - Scraped data - Title: original WW2 GERMAN luftwaffe FLAK ARTILERY SHOULDER RANK strap BOARD EPAULLETTE, Price: 30.00, Available: True
2024-12-11 16:35:01,360 - INFO - New product inserted: URL='https://brokenarrowmilitaria.com/shop.php?code=58936', Title='original WW2 GERMAN luftwaffe FLAK ARTILERY SHOULDER RANK strap BOARD EPAULLETTE', Price=30.00, Available=True
2024-12-11 16:35:01,360 - INFO - 
------------------------------------------------------------
                     NEW PRODUCT FOUND                      
------------------------------------------------------------
2024-12-11 16:35:01,361 - INFO - CURRENT PAGE        : 2
2024-12-11 16:35:01,361 - INFO - PRODUCTS PROCESSED  : 21
2024-12-11 16:35:01,361 - INFO - TITLE               : original WW2 GERMAN luftwaffe FLAK ARTILERY SHOULDER RANK strap BOARD EPAULLETTE
2024-12-11 16:35:01,361 - INFO - PRODUCT URL         : https://brokenarrowmilitaria.com/shop.php?code=58936
2024-12-11 16:35:01,361 - INFO - DESCRIPTION         : A SINGLE 100% genuine REAL ORIGINAL WW2 GERMAN LUFTWAFFE / AIR FORCE SHOULDER BOARD / RANK STRAP / EPAULLETTE RED PIPING FOR LUFTWAFFE FLAK ARTILERY SLIP ON TYPE CONDITION = MINT ...I DONT THINK ITS BEEN USED OR WORN ONLY IN STORAGE / COLLECTION AS IN PICTURES
2024-12-11 16:35:01,361 - INFO - PRICE               : 30.00
2024-12-11 16:35:01,362 - INFO - AVAILABLE           : True
2024-12-11 16:35:01,362 - INFO - TIMESTAMP           : 2024-12-11 16:35:01.360716
2024-12-11 16:35:01,362 - INFO - No changes made for product 'https://brokenarrowmilitaria.com/shop.php?code=58936'.
2024-12-11 16:35:01,362 - DEBUG - Product URL constructed: https://brokenarrowmilitaria.com/shop.php?code=58937
2024-12-11 16:35:01,680 - DEBUG - https://brokenarrowmilitaria.com:443 "GET /shop.php?code=58937 HTTP/1.1" 200 3083
2024-12-11 16:35:01,685 - DEBUG - Scraped data - Title: original WW2 GERMAN ARMY m36 signals nco SHOULDER RANK strap BOARD EPAULLETTE, Price: 30.00, Available: True
