2024-12-27 18:45:24,266 - INFO - Logging initialized. Log file: logs\2024-12-27_instance_2.log
2024-12-27 18:45:27,105 - WARNING - 
------------------------------------------------------------
PROGRAM INITIALIZED 2024-12-27 18:45:27.105293
------------------------------------------------------------
2024-12-27 18:45:32,601 - INFO - PostgreSQL connection pool initialized.
2024-12-27 18:45:32,602 - DEBUG - Changing event name from creating-client-class.iot-data to creating-client-class.iot-data-plane
2024-12-27 18:45:32,604 - DEBUG - Changing event name from before-call.apigateway to before-call.api-gateway
2024-12-27 18:45:32,605 - DEBUG - Changing event name from request-created.machinelearning.Predict to request-created.machine-learning.Predict
2024-12-27 18:45:32,607 - DEBUG - Changing event name from before-parameter-build.autoscaling.CreateLaunchConfiguration to before-parameter-build.auto-scaling.CreateLaunchConfiguration
2024-12-27 18:45:32,607 - DEBUG - Changing event name from before-parameter-build.route53 to before-parameter-build.route-53
2024-12-27 18:45:32,608 - DEBUG - Changing event name from request-created.cloudsearchdomain.Search to request-created.cloudsearch-domain.Search
2024-12-27 18:45:32,608 - DEBUG - Changing event name from docs.*.autoscaling.CreateLaunchConfiguration.complete-section to docs.*.auto-scaling.CreateLaunchConfiguration.complete-section
2024-12-27 18:45:32,610 - DEBUG - Changing event name from before-parameter-build.logs.CreateExportTask to before-parameter-build.cloudwatch-logs.CreateExportTask
2024-12-27 18:45:32,610 - DEBUG - Changing event name from docs.*.logs.CreateExportTask.complete-section to docs.*.cloudwatch-logs.CreateExportTask.complete-section
2024-12-27 18:45:32,610 - DEBUG - Changing event name from before-parameter-build.cloudsearchdomain.Search to before-parameter-build.cloudsearch-domain.Search
2024-12-27 18:45:32,610 - DEBUG - Changing event name from docs.*.cloudsearchdomain.Search.complete-section to docs.*.cloudsearch-domain.Search.complete-section
2024-12-27 18:45:32,658 - DEBUG - Loading JSON file: C:\Users\keena\AppData\Local\Programs\Python\Python312\Lib\site-packages\botocore\data\endpoints.json
2024-12-27 18:45:32,668 - DEBUG - Loading JSON file: C:\Users\keena\AppData\Local\Programs\Python\Python312\Lib\site-packages\botocore\data\sdk-default-configuration.json
2024-12-27 18:45:32,669 - DEBUG - Event choose-service-name: calling handler <function handle_service_name_alias at 0x000001E36524A660>
2024-12-27 18:45:32,718 - DEBUG - Loading JSON file: C:\Users\keena\AppData\Local\Programs\Python\Python312\Lib\site-packages\botocore\data\s3\2006-03-01\service-2.json.gz
2024-12-27 18:45:32,724 - DEBUG - Loading JSON file: C:\Users\keena\AppData\Local\Programs\Python\Python312\Lib\site-packages\botocore\data\s3\2006-03-01\service-2.sdk-extras.json
2024-12-27 18:45:32,774 - DEBUG - Loading JSON file: C:\Users\keena\AppData\Local\Programs\Python\Python312\Lib\site-packages\botocore\data\s3\2006-03-01\endpoint-rule-set-1.json.gz
2024-12-27 18:45:32,777 - DEBUG - Loading JSON file: C:\Users\keena\AppData\Local\Programs\Python\Python312\Lib\site-packages\botocore\data\partitions.json
2024-12-27 18:45:32,778 - DEBUG - Event creating-client-class.s3: calling handler <function add_generate_presigned_post at 0x000001E36518B4C0>
2024-12-27 18:45:32,779 - DEBUG - Event creating-client-class.s3: calling handler <function lazy_call.<locals>._handler at 0x000001E3652EE480>
2024-12-27 18:45:32,809 - DEBUG - Event creating-client-class.s3: calling handler <function add_generate_presigned_url at 0x000001E36518B240>
2024-12-27 18:45:32,810 - DEBUG - Looking for endpoint for s3 via: environment_service
2024-12-27 18:45:32,810 - DEBUG - Looking for endpoint for s3 via: environment_global
2024-12-27 18:45:32,810 - DEBUG - Looking for endpoint for s3 via: config_service
2024-12-27 18:45:32,810 - DEBUG - Looking for endpoint for s3 via: config_global
2024-12-27 18:45:32,810 - DEBUG - No configured endpoint found.
2024-12-27 18:45:32,812 - DEBUG - Setting s3 timeout as (60, 60)
2024-12-27 18:45:32,815 - DEBUG - Loading JSON file: C:\Users\keena\AppData\Local\Programs\Python\Python312\Lib\site-packages\botocore\data\_retry.json
2024-12-27 18:45:32,816 - DEBUG - Registering retry handlers for service: s3
2024-12-27 18:45:32,816 - DEBUG - Registering S3 region redirector handler
2024-12-27 18:45:32,816 - DEBUG - Registering S3Express Identity Resolver
2024-12-27 18:45:32,817 - INFO - S3Manager initialized for bucket militaria-images
