2024-12-11 16:33:24,804 - INFO - Logging initialized. Log file: logs\2024-12-11_instance_3.log
2024-12-11 16:33:32,476 - INFO - 
------------------------------------------------------------
                     PROGRAM INITIALIZED
                     2024-12-11 16:33:32.476700          
------------------------------------------------------------
2024-12-11 16:33:33,900 - DEBUG - Navigating to products page: https://brokenarrowmilitaria.com/shop.php?pg=0
2024-12-11 16:33:33,903 - DEBUG - Starting new HTTPS connection (1): brokenarrowmilitaria.com:443
2024-12-11 16:33:35,066 - DEBUG - https://brokenarrowmilitaria.com:443 "GET /shop.php?pg=0 HTTP/1.1" 200 6383
2024-12-11 16:33:35,081 - INFO - 
------------------------------------------------------------
                    NEW INSTANCE STARTED                    
------------------------------------------------------------
2024-12-11 16:33:35,081 - INFO - MILITARIA SITE      : BROKEN_ARROW_MILITARIA
2024-12-11 16:33:35,081 - INFO - PRODUCTS URL        : https://brokenarrowmilitaria.com/shop.php?pg=0
2024-12-11 16:33:35,082 - INFO - CYCLES RUN          : 0
2024-12-11 16:33:35,082 - INFO - PRODUCTS PROCESSED  : 0
2024-12-11 16:33:35,082 - INFO - TIMESTAMP           : 2024-12-11 16:33:35.081383
2024-12-11 16:33:35,082 - DEBUG - Product URL constructed: https://brokenarrowmilitaria.com/shop.php?code=58951
2024-12-11 16:33:35,400 - DEBUG - https://brokenarrowmilitaria.com:443 "GET /shop.php?code=58951 HTTP/1.1" 200 3500
2024-12-11 16:33:35,406 - DEBUG - Scraped data - Title: ALL SAINTS tiga USSF vietnam war LATE WAR LLD tiger stripe jungle SHIRT LARGE xl, Price: 65.00, Available: True
2024-12-11 16:33:35,720 - INFO - No updates required for product 'https://brokenarrowmilitaria.com/shop.php?code=58951'.
2024-12-11 16:33:35,720 - INFO - 
------------------------------------------------------------
                     NO PRODUCT UPDATE                      
------------------------------------------------------------
2024-12-11 16:33:35,721 - INFO - CURRENT PAGE        : 0
2024-12-11 16:33:35,721 - INFO - PRODUCTS PROCESSED  : 0
2024-12-11 16:33:35,721 - INFO - CONSECUTIVE MATCHES : 1 / 25
2024-12-11 16:33:35,721 - INFO - PRODUCT URL         : https://brokenarrowmilitaria.com/shop.php?code=58951
2024-12-11 16:33:35,721 - INFO - TIMESTAMP           : 2024-12-11 16:33:35.720369
2024-12-11 16:33:35,722 - INFO - No changes made for product 'https://brokenarrowmilitaria.com/shop.php?code=58951'.
2024-12-11 16:33:35,722 - DEBUG - Product URL constructed: https://brokenarrowmilitaria.com/shop.php?code=58950
2024-12-11 16:33:36,036 - DEBUG - https://brokenarrowmilitaria.com:443 "GET /shop.php?code=58950 HTTP/1.1" 200 3627
2024-12-11 16:33:36,041 - WARNING - Unable to retrieve product PRICE.
2024-12-11 16:33:36,041 - WARNING - AttributeError while evaluating price element: 'NoneType' object has no attribute 'group'
2024-12-11 16:33:36,042 - DEBUG - Scraped data - Title: 1986 gulf war 1 AVON BRiTiSH army ISSUE respirator gas mask S10 SIZE 3 MEDIUM & 58 POUCH, Price: 0, Available: None
2024-12-11 16:33:36,349 - ERROR - Error updating or inserting product: column "none" does not exist
LINE 1: UPDATE militaria SET available = None WHERE url = 'https://b...
                                         ^

2024-12-11 16:33:36,350 - INFO - No changes made for product 'https://brokenarrowmilitaria.com/shop.php?code=58950'.
2024-12-11 16:33:36,350 - DEBUG - Product URL constructed: https://brokenarrowmilitaria.com/shop.php?code=58949
2024-12-11 16:33:36,678 - DEBUG - https://brokenarrowmilitaria.com:443 "GET /shop.php?code=58949 HTTP/1.1" 200 4049
2024-12-11 16:33:36,683 - WARNING - Unable to retrieve product PRICE.
2024-12-11 16:33:36,683 - WARNING - AttributeError while evaluating price element: 'NoneType' object has no attribute 'group'
2024-12-11 16:33:36,683 - DEBUG - Scraped data - Title: ORIGINAL SAS UKSF ISSUE AIR SUPPORT bergen RUCKSACK field PACK dpm camo MODIFIED, Price: 0, Available: None
2024-12-11 16:33:36,819 - ERROR - Error updating or inserting product: current transaction is aborted, commands ignored until end of transaction block

2024-12-11 16:33:36,820 - ERROR - Error processing product: cannot access local variable 'updated' where it is not associated with a value
2024-12-11 16:33:36,820 - DEBUG - Product URL constructed: https://brokenarrowmilitaria.com/shop.php?code=58948
2024-12-11 16:33:37,136 - DEBUG - https://brokenarrowmilitaria.com:443 "GET /shop.php?code=58948 HTTP/1.1" 200 3602
2024-12-11 16:33:37,141 - WARNING - Unable to retrieve product PRICE.
2024-12-11 16:33:37,141 - WARNING - AttributeError while evaluating price element: 'NoneType' object has no attribute 'group'
2024-12-11 16:33:37,141 - DEBUG - Scraped data - Title: 1988 gulf war 1 AVON BRiTiSH army / SAS ISSUE respirator gas mask S10 SIZE 3 MEDIUM & GLOVES & DPM PLCE POUCH, Price: 0, Available: None
2024-12-11 16:33:37,276 - ERROR - Error updating or inserting product: current transaction is aborted, commands ignored until end of transaction block

2024-12-11 16:33:37,277 - ERROR - Error processing product: cannot access local variable 'updated' where it is not associated with a value
2024-12-11 16:33:37,277 - DEBUG - Product URL constructed: https://brokenarrowmilitaria.com/shop.php?code=58945
2024-12-11 16:33:37,593 - DEBUG - https://brokenarrowmilitaria.com:443 "GET /shop.php?code=58945 HTTP/1.1" 200 3295
2024-12-11 16:33:37,598 - DEBUG - Scraped data - Title: DUTCH ARMY DPM CAMO PONCHO LINER WOOBIE BLANKET QUILT jungle sleeping bag new, Price: 30.00, Available: True
2024-12-11 16:33:37,733 - ERROR - Error updating or inserting product: current transaction is aborted, commands ignored until end of transaction block

2024-12-11 16:33:37,734 - ERROR - Error processing product: cannot access local variable 'updated' where it is not associated with a value
2024-12-11 16:33:37,734 - DEBUG - Product URL constructed: https://brokenarrowmilitaria.com/shop.php?code=58944
2024-12-11 16:33:38,050 - DEBUG - https://brokenarrowmilitaria.com:443 "GET /shop.php?code=58944 HTTP/1.1" 200 3238
2024-12-11 16:33:38,054 - DEBUG - Scraped data - Title: GENUINE BRITISH ARMY issue DESERT DPM DDPM battle man car BAG combat satchel NEW, Price: 35.00, Available: True
2024-12-11 16:33:38,189 - ERROR - Error updating or inserting product: current transaction is aborted, commands ignored until end of transaction block

2024-12-11 16:33:38,190 - ERROR - Error processing product: cannot access local variable 'updated' where it is not associated with a value
2024-12-11 16:33:38,190 - DEBUG - Product URL constructed: https://brokenarrowmilitaria.com/shop.php?code=58943
2024-12-11 16:33:38,504 - DEBUG - https://brokenarrowmilitaria.com:443 "GET /shop.php?code=58943 HTTP/1.1" 200 3448
2024-12-11 16:33:38,509 - DEBUG - Scraped data - Title: USSF REVERSIBLE ECWCS desert - woodland camo waterproof goretex PARKA COAT XL, Price: 120.00, Available: True
2024-12-11 16:33:38,645 - ERROR - Error updating or inserting product: current transaction is aborted, commands ignored until end of transaction block

2024-12-11 16:33:38,645 - ERROR - Error processing product: cannot access local variable 'updated' where it is not associated with a value
2024-12-11 16:33:38,645 - DEBUG - Product URL constructed: https://brokenarrowmilitaria.com/shop.php?code=58942
2024-12-11 16:33:38,963 - DEBUG - https://brokenarrowmilitaria.com:443 "GET /shop.php?code=58942 HTTP/1.1" 200 3457
2024-12-11 16:33:38,967 - DEBUG - Scraped data - Title: US USSF ISSUE LBE LBV AIRBORNE WEBBING YOKE HARNESS load bearing vest WOODLAND, Price: 50.00, Available: True
2024-12-11 16:33:39,102 - ERROR - Error updating or inserting product: current transaction is aborted, commands ignored until end of transaction block

2024-12-11 16:33:39,103 - ERROR - Error processing product: cannot access local variable 'updated' where it is not associated with a value
2024-12-11 16:33:39,104 - DEBUG - Product URL constructed: https://brokenarrowmilitaria.com/shop.php?code=58941
2024-12-11 16:33:39,422 - DEBUG - https://brokenarrowmilitaria.com:443 "GET /shop.php?code=58941 HTTP/1.1" 200 3696
2024-12-11 16:33:39,428 - DEBUG - Scraped data - Title: 1987AVON BRiTiSH army GULF WAR 1 ISSUE respirator S10 SIZE 2 Medium + pouch +kit, Price: 100.00, Available: True
2024-12-11 16:33:39,564 - ERROR - Error updating or inserting product: current transaction is aborted, commands ignored until end of transaction block

2024-12-11 16:33:39,565 - ERROR - Error processing product: cannot access local variable 'updated' where it is not associated with a value
2024-12-11 16:33:39,565 - DEBUG - Product URL constructed: https://brokenarrowmilitaria.com/shop.php?code=58940
2024-12-11 16:33:39,881 - DEBUG - https://brokenarrowmilitaria.com:443 "GET /shop.php?code=58940 HTTP/1.1" 200 4664
2024-12-11 16:33:39,886 - DEBUG - Scraped data - Title: AT THE FRONT USA 1st model type WW2 US NAVY deck JACKET COAT navy blue L -XL, Price: 125.00, Available: True
2024-12-11 16:33:40,020 - ERROR - Error updating or inserting product: current transaction is aborted, commands ignored until end of transaction block

2024-12-11 16:33:40,021 - ERROR - Error processing product: cannot access local variable 'updated' where it is not associated with a value
2024-12-11 16:33:40,021 - DEBUG - Navigating to products page: https://brokenarrowmilitaria.com/shop.php?pg=1
