2024-12-04 10:51:47,913 - INFO - Logging initialized. Log file: logs\2024-12-04_instance_6.log
2024-12-04 10:52:02,344 - INFO - 
------------------------------------------------------------
                     PROGRAM INITIALIZED
                     2024-12-04 10:52:02.344776          
------------------------------------------------------------
2024-12-04 10:52:03,577 - DEBUG - Navigating to products page: https://www.csmilitaria.co.uk/shop.php?pg=0
2024-12-04 10:52:03,580 - DEBUG - Starting new HTTPS connection (1): www.csmilitaria.co.uk:443
2024-12-04 10:52:04,958 - DEBUG - https://www.csmilitaria.co.uk:443 "GET /shop.php?pg=0 HTTP/1.1" 200 5644
2024-12-04 10:52:04,971 - INFO - 
------------------------------------------------------------
                    NEW INSTANCE STARTED                    
------------------------------------------------------------
2024-12-04 10:52:04,971 - INFO - MILITARIA SITE      : CS_MILITARIA
2024-12-04 10:52:04,972 - INFO - PRODUCTS URL        : https://www.csmilitaria.co.uk/shop.php?pg=0
2024-12-04 10:52:04,972 - INFO - CYCLES RUN          : 0
2024-12-04 10:52:04,972 - INFO - PRODUCTS PROCESSED  : 0
2024-12-04 10:52:04,972 - INFO - TIMESTAMP           : 2024-12-04 10:52:04.971470
2024-12-04 10:52:04,973 - DEBUG - Product URL constructed: https://www.csmilitaria.co.uk/shop.php?code=14741
2024-12-04 10:52:05,257 - DEBUG - https://www.csmilitaria.co.uk:443 "GET /shop.php?code=14741 HTTP/1.1" 200 3751
2024-12-04 10:52:05,263 - DEBUG - Scraped data - Title: WW1 French 73rd Infantry Regiment Kepi, Price: 745.00, Available: True
2024-12-04 10:52:05,745 - INFO - No updates required for product 'https://www.csmilitaria.co.uk/shop.php?code=14741'.
2024-12-04 10:52:05,745 - INFO - 
------------------------------------------------------------
                      PRODUCT UPDATED                       
------------------------------------------------------------
2024-12-04 10:52:05,745 - INFO - CURRENT PAGE        : 0
2024-12-04 10:52:05,746 - INFO - PRODUCTS PROCESSED  : 0
2024-12-04 10:52:05,746 - INFO - CONSECUTIVE MATCHES : 1
2024-12-04 10:52:05,746 - INFO - PRODUCT URL         : https://www.csmilitaria.co.uk/shop.php?code=14741
2024-12-04 10:52:05,746 - INFO - TIMESTAMP           : 2024-12-04 10:52:05.745887
2024-12-04 10:52:05,747 - DEBUG - Product URL constructed: https://www.csmilitaria.co.uk/shop.php?code=14728
2024-12-04 10:52:06,039 - DEBUG - https://www.csmilitaria.co.uk:443 "GET /shop.php?code=14728 HTTP/1.1" 200 2881
2024-12-04 10:52:06,045 - DEBUG - Scraped data - Title: WW2 Canadian Undershirt, Price: 75.00, Available: True
2024-12-04 10:52:06,352 - INFO - No updates required for product 'https://www.csmilitaria.co.uk/shop.php?code=14728'.
2024-12-04 10:52:06,352 - INFO - 
------------------------------------------------------------
                      PRODUCT UPDATED                       
------------------------------------------------------------
2024-12-04 10:52:06,353 - INFO - CURRENT PAGE        : 0
2024-12-04 10:52:06,353 - INFO - PRODUCTS PROCESSED  : 1
2024-12-04 10:52:06,353 - INFO - CONSECUTIVE MATCHES : 2
2024-12-04 10:52:06,353 - INFO - PRODUCT URL         : https://www.csmilitaria.co.uk/shop.php?code=14728
2024-12-04 10:52:06,353 - INFO - TIMESTAMP           : 2024-12-04 10:52:06.352518
2024-12-04 10:52:06,354 - DEBUG - Product URL constructed: https://www.csmilitaria.co.uk/shop.php?code=14729
2024-12-04 10:52:06,638 - DEBUG - https://www.csmilitaria.co.uk:443 "GET /shop.php?code=14729 HTTP/1.1" 200 2940
2024-12-04 10:52:06,643 - DEBUG - Scraped data - Title: WW2 Canadian Long Johns, Price: 75.00, Available: True
2024-12-04 10:52:06,947 - INFO - No updates required for product 'https://www.csmilitaria.co.uk/shop.php?code=14729'.
2024-12-04 10:52:06,947 - INFO - 
------------------------------------------------------------
                      PRODUCT UPDATED                       
------------------------------------------------------------
2024-12-04 10:52:06,948 - INFO - CURRENT PAGE        : 0
2024-12-04 10:52:06,948 - INFO - PRODUCTS PROCESSED  : 2
2024-12-04 10:52:06,948 - INFO - CONSECUTIVE MATCHES : 3
2024-12-04 10:52:06,948 - INFO - PRODUCT URL         : https://www.csmilitaria.co.uk/shop.php?code=14729
2024-12-04 10:52:06,948 - INFO - TIMESTAMP           : 2024-12-04 10:52:06.947613
2024-12-04 10:52:06,948 - DEBUG - Product URL constructed: https://www.csmilitaria.co.uk/shop.php?code=14730
2024-12-04 10:52:07,233 - DEBUG - https://www.csmilitaria.co.uk:443 "GET /shop.php?code=14730 HTTP/1.1" 200 2889
2024-12-04 10:52:07,238 - DEBUG - Scraped data - Title: WW2 Canadian Wool Socks, Price: 55.00, Available: True
2024-12-04 10:52:07,539 - INFO - No updates required for product 'https://www.csmilitaria.co.uk/shop.php?code=14730'.
2024-12-04 10:52:07,539 - INFO - 
------------------------------------------------------------
                      PRODUCT UPDATED                       
------------------------------------------------------------
2024-12-04 10:52:07,540 - INFO - CURRENT PAGE        : 0
2024-12-04 10:52:07,540 - INFO - PRODUCTS PROCESSED  : 3
2024-12-04 10:52:07,540 - INFO - CONSECUTIVE MATCHES : 4
2024-12-04 10:52:07,541 - INFO - PRODUCT URL         : https://www.csmilitaria.co.uk/shop.php?code=14730
2024-12-04 10:52:07,541 - INFO - TIMESTAMP           : 2024-12-04 10:52:07.539305
2024-12-04 10:52:07,541 - DEBUG - Product URL constructed: https://www.csmilitaria.co.uk/shop.php?code=14739
2024-12-04 10:52:07,825 - DEBUG - https://www.csmilitaria.co.uk:443 "GET /shop.php?code=14739 HTTP/1.1" 200 3184
2024-12-04 10:52:07,830 - WARNING - Unable to retrieve product PRICE.
2024-12-04 10:52:07,830 - WARNING - AttributeError while evaluating price element: 'NoneType' object has no attribute 'group'
2024-12-04 10:52:07,831 - DEBUG - Scraped data - Title: French WW1 Model M1893 Field Pack - 1917 Dated, Price: 0, Available: False
2024-12-04 10:52:08,646 - INFO - Product 'https://www.csmilitaria.co.uk/shop.php?code=14739' sold date updated: 2024-12-04 10:48:58 → 2024-12-04 10:52:08
2024-12-04 10:52:08,647 - INFO - Product 'https://www.csmilitaria.co.uk/shop.php?code=14739' updated successfully.
2024-12-04 10:52:08,647 - INFO - 
------------------------------------------------------------
                      PRODUCT UPDATED                       
------------------------------------------------------------
2024-12-04 10:52:08,648 - INFO - CURRENT PAGE        : 0
2024-12-04 10:52:08,648 - INFO - PRODUCTS PROCESSED  : 4
2024-12-04 10:52:08,648 - INFO - CONSECUTIVE MATCHES : 5
2024-12-04 10:52:08,648 - INFO - PRODUCT URL         : https://www.csmilitaria.co.uk/shop.php?code=14739
2024-12-04 10:52:08,648 - INFO - TIMESTAMP           : 2024-12-04 10:52:08.647563
2024-12-04 10:52:08,648 - INFO - ------------------------------------------------------------
2024-12-04 10:52:08,648 - INFO -                       PRODUCT UPDATED
2024-12-04 10:52:08,649 - INFO - ------------------------------------------------------------
2024-12-04 10:52:08,649 - INFO - 
------------------------------------------------------------
                    INSTANCE TERMINATED                     
------------------------------------------------------------
2024-12-04 10:52:08,649 - INFO - MILITARIA SITE      : CS_MILITARIA
2024-12-04 10:52:08,649 - INFO - CONSECUTIVE MATCHES : 5
2024-12-04 10:52:08,649 - INFO - CYCLES RUN          : 0
2024-12-04 10:52:08,649 - INFO - PRODUCTS PROCESSED  : 0
2024-12-04 10:52:08,650 - INFO - TIMESTAMP           : 2024-12-04 10:52:08.649562
2024-12-04 10:52:08,650 - DEBUG - Navigating to products page: https://www.csmilitaria.co.uk/archive.php?pg=0
2024-12-04 10:52:08,950 - DEBUG - https://www.csmilitaria.co.uk:443 "GET /archive.php?pg=0 HTTP/1.1" 200 6414
2024-12-04 10:52:08,960 - INFO - 
------------------------------------------------------------
                    NEW INSTANCE STARTED                    
------------------------------------------------------------
2024-12-04 10:52:08,960 - INFO - MILITARIA SITE      : CS_MILITARIA
2024-12-04 10:52:08,961 - INFO - PRODUCTS URL        : https://www.csmilitaria.co.uk/archive.php?pg=0
2024-12-04 10:52:08,961 - INFO - CYCLES RUN          : 0
2024-12-04 10:52:08,961 - INFO - PRODUCTS PROCESSED  : 0
2024-12-04 10:52:08,961 - INFO - TIMESTAMP           : 2024-12-04 10:52:08.960509
2024-12-04 10:52:08,962 - DEBUG - Product URL constructed: https://www.csmilitaria.co.uk/shop.php?code=14431
2024-12-04 10:52:09,245 - DEBUG - https://www.csmilitaria.co.uk:443 "GET /shop.php?code=14431 HTTP/1.1" 200 3173
2024-12-04 10:52:09,249 - DEBUG - Scraped data - Title: WW2 British Turtle Helmet With Camouflage Net 1944, Price: 345.00, Available: False
2024-12-04 10:52:10,159 - INFO - Product 'https://www.csmilitaria.co.uk/shop.php?code=14431' sold date updated: 2024-12-04 10:45:09 → 2024-12-04 10:52:09
2024-12-04 10:52:10,159 - INFO - Product 'https://www.csmilitaria.co.uk/shop.php?code=14431' updated successfully.
2024-12-04 10:52:10,159 - INFO - 
------------------------------------------------------------
                      PRODUCT UPDATED                       
------------------------------------------------------------
2024-12-04 10:52:10,159 - INFO - CURRENT PAGE        : 0
2024-12-04 10:52:10,159 - INFO - PRODUCTS PROCESSED  : 0
2024-12-04 10:52:10,160 - INFO - CONSECUTIVE MATCHES : 1
2024-12-04 10:52:10,160 - INFO - PRODUCT URL         : https://www.csmilitaria.co.uk/shop.php?code=14431
2024-12-04 10:52:10,160 - INFO - TIMESTAMP           : 2024-12-04 10:52:10.159414
2024-12-04 10:52:10,160 - INFO - ------------------------------------------------------------
2024-12-04 10:52:10,160 - INFO -                       PRODUCT UPDATED
2024-12-04 10:52:10,160 - INFO - ------------------------------------------------------------
2024-12-04 10:52:10,160 - DEBUG - Product URL constructed: https://www.csmilitaria.co.uk/shop.php?code=14597
2024-12-04 10:52:10,446 - DEBUG - https://www.csmilitaria.co.uk:443 "GET /shop.php?code=14597 HTTP/1.1" 200 2998
2024-12-04 10:52:10,451 - DEBUG - Scraped data - Title: WW1 British 1st Battalion Manchester Regiment Wolseley Sun Helmet, Price: 565.00, Available: False
2024-12-04 10:52:11,334 - INFO - Product 'https://www.csmilitaria.co.uk/shop.php?code=14597' sold date updated: 2024-12-04 10:45:11 → 2024-12-04 10:52:10
2024-12-04 10:52:11,334 - INFO - Product 'https://www.csmilitaria.co.uk/shop.php?code=14597' updated successfully.
2024-12-04 10:52:11,334 - INFO - 
------------------------------------------------------------
                      PRODUCT UPDATED                       
------------------------------------------------------------
2024-12-04 10:52:11,334 - INFO - CURRENT PAGE        : 0
2024-12-04 10:52:11,335 - INFO - PRODUCTS PROCESSED  : 1
2024-12-04 10:52:11,335 - INFO - CONSECUTIVE MATCHES : 2
2024-12-04 10:52:11,335 - INFO - PRODUCT URL         : https://www.csmilitaria.co.uk/shop.php?code=14597
2024-12-04 10:52:11,335 - INFO - TIMESTAMP           : 2024-12-04 10:52:11.334511
2024-12-04 10:52:11,335 - INFO - ------------------------------------------------------------
2024-12-04 10:52:11,335 - INFO -                       PRODUCT UPDATED
2024-12-04 10:52:11,335 - INFO - ------------------------------------------------------------
2024-12-04 10:52:11,336 - DEBUG - Product URL constructed: https://www.csmilitaria.co.uk/shop.php?code=14598
2024-12-04 10:52:11,619 - DEBUG - https://www.csmilitaria.co.uk:443 "GET /shop.php?code=14598 HTTP/1.1" 200 3031
2024-12-04 10:52:11,624 - DEBUG - Scraped data - Title: WW2 British Home Front NFS Helmet - Ransome & Rapier Fire Brigade, Price: 245.00, Available: False
2024-12-04 10:52:12,475 - INFO - Product 'https://www.csmilitaria.co.uk/shop.php?code=14598' sold date updated: 2024-12-04 10:45:12 → 2024-12-04 10:52:12
2024-12-04 10:52:12,475 - INFO - Product 'https://www.csmilitaria.co.uk/shop.php?code=14598' updated successfully.
2024-12-04 10:52:12,476 - INFO - 
------------------------------------------------------------
                      PRODUCT UPDATED                       
------------------------------------------------------------
2024-12-04 10:52:12,476 - INFO - CURRENT PAGE        : 0
2024-12-04 10:52:12,476 - INFO - PRODUCTS PROCESSED  : 2
2024-12-04 10:52:12,476 - INFO - CONSECUTIVE MATCHES : 3
2024-12-04 10:52:12,476 - INFO - PRODUCT URL         : https://www.csmilitaria.co.uk/shop.php?code=14598
2024-12-04 10:52:12,477 - INFO - TIMESTAMP           : 2024-12-04 10:52:12.475929
2024-12-04 10:52:12,477 - INFO - ------------------------------------------------------------
2024-12-04 10:52:12,477 - INFO -                       PRODUCT UPDATED
2024-12-04 10:52:12,477 - INFO - ------------------------------------------------------------
2024-12-04 10:52:12,477 - DEBUG - Product URL constructed: https://www.csmilitaria.co.uk/shop.php?code=14584
2024-12-04 10:52:12,761 - DEBUG - https://www.csmilitaria.co.uk:443 "GET /shop.php?code=14584 HTTP/1.1" 200 3375
2024-12-04 10:52:12,767 - DEBUG - Scraped data - Title: WW1 German Fur Felt Ersatz M95 Prussian Pickelhaube, Price: 2200.00, Available: False
