2024-12-04 21:10:30,129 - INFO - Logging initialized. Log file: logs\2024-12-04_instance_7.log
2024-12-04 21:10:34,452 - INFO - 
------------------------------------------------------------
                     PROGRAM INITIALIZED
                     2024-12-04 21:10:34.452361          
------------------------------------------------------------
2024-12-04 21:10:35,723 - INFO - 
------------------------------------------------------------
                 AVAILABILITY CHECK INITIATED
                     2024-12-04 21:10:35.723318          
------------------------------------------------------------
2024-12-04 21:10:35,724 - ERROR - Error running availability check: PostgreSQLProcessor.sqlFetch() takes 2 positional arguments but 3 were given
2024-12-04 21:10:35,724 - DEBUG - Navigating to products page: https://www.csmilitaria.co.uk/shop.php?pg=0
2024-12-04 21:10:35,726 - DEBUG - Starting new HTTPS connection (1): www.csmilitaria.co.uk:443
2024-12-04 21:10:37,182 - DEBUG - https://www.csmilitaria.co.uk:443 "GET /shop.php?pg=0 HTTP/1.1" 200 5644
2024-12-04 21:10:37,195 - INFO - 
------------------------------------------------------------
                    NEW INSTANCE STARTED                    
------------------------------------------------------------
2024-12-04 21:10:37,196 - INFO - MILITARIA SITE      : CS_MILITARIA
2024-12-04 21:10:37,196 - INFO - PRODUCTS URL        : https://www.csmilitaria.co.uk/shop.php?pg=0
2024-12-04 21:10:37,196 - INFO - CYCLES RUN          : 0
2024-12-04 21:10:37,196 - INFO - PRODUCTS PROCESSED  : 0
2024-12-04 21:10:37,196 - INFO - TIMESTAMP           : 2024-12-04 21:10:37.195645
2024-12-04 21:10:37,196 - DEBUG - Product URL constructed: https://www.csmilitaria.co.uk/shop.php?code=14741
2024-12-04 21:10:37,502 - DEBUG - https://www.csmilitaria.co.uk:443 "GET /shop.php?code=14741 HTTP/1.1" 200 3751
2024-12-04 21:10:37,508 - DEBUG - Scraped data - Title: WW1 French 73rd Infantry Regiment Kepi, Price: 745.00, Available: True
2024-12-04 21:10:37,819 - INFO - No updates required for product 'https://www.csmilitaria.co.uk/shop.php?code=14741'.
2024-12-04 21:10:37,820 - INFO - 
------------------------------------------------------------
                     NO PRODUCT UPDATE                      
------------------------------------------------------------
2024-12-04 21:10:37,820 - INFO - CURRENT PAGE        : 0
2024-12-04 21:10:37,820 - INFO - PRODUCTS PROCESSED  : 0
2024-12-04 21:10:37,820 - INFO - CONSECUTIVE MATCHES : 1 / None
2024-12-04 21:10:37,821 - INFO - PRODUCT URL         : https://www.csmilitaria.co.uk/shop.php?code=14741
2024-12-04 21:10:37,821 - INFO - TIMESTAMP           : 2024-12-04 21:10:37.820280
2024-12-04 21:10:37,821 - INFO - No changes made for product 'https://www.csmilitaria.co.uk/shop.php?code=14741'.
2024-12-04 21:10:37,821 - DEBUG - Product URL constructed: https://www.csmilitaria.co.uk/shop.php?code=14728
2024-12-04 21:10:38,121 - DEBUG - https://www.csmilitaria.co.uk:443 "GET /shop.php?code=14728 HTTP/1.1" 200 2881
2024-12-04 21:10:38,126 - DEBUG - Scraped data - Title: WW2 Canadian Undershirt, Price: 75.00, Available: True
2024-12-04 21:10:38,296 - INFO - No updates required for product 'https://www.csmilitaria.co.uk/shop.php?code=14728'.
2024-12-04 21:10:38,297 - INFO - 
------------------------------------------------------------
                     NO PRODUCT UPDATE                      
------------------------------------------------------------
2024-12-04 21:10:38,297 - INFO - CURRENT PAGE        : 0
2024-12-04 21:10:38,297 - INFO - PRODUCTS PROCESSED  : 1
2024-12-04 21:10:38,298 - INFO - CONSECUTIVE MATCHES : 2 / None
2024-12-04 21:10:38,298 - INFO - PRODUCT URL         : https://www.csmilitaria.co.uk/shop.php?code=14728
2024-12-04 21:10:38,298 - INFO - TIMESTAMP           : 2024-12-04 21:10:38.297394
2024-12-04 21:10:38,298 - INFO - No changes made for product 'https://www.csmilitaria.co.uk/shop.php?code=14728'.
2024-12-04 21:10:38,298 - DEBUG - Product URL constructed: https://www.csmilitaria.co.uk/shop.php?code=14729
2024-12-04 21:10:38,598 - DEBUG - https://www.csmilitaria.co.uk:443 "GET /shop.php?code=14729 HTTP/1.1" 200 2940
2024-12-04 21:10:38,603 - DEBUG - Scraped data - Title: WW2 Canadian Long Johns, Price: 75.00, Available: True
2024-12-04 21:10:38,774 - INFO - No updates required for product 'https://www.csmilitaria.co.uk/shop.php?code=14729'.
2024-12-04 21:10:38,774 - INFO - 
------------------------------------------------------------
                     NO PRODUCT UPDATE                      
------------------------------------------------------------
2024-12-04 21:10:38,775 - INFO - CURRENT PAGE        : 0
2024-12-04 21:10:38,775 - INFO - PRODUCTS PROCESSED  : 2
2024-12-04 21:10:38,775 - INFO - CONSECUTIVE MATCHES : 3 / None
2024-12-04 21:10:38,775 - INFO - PRODUCT URL         : https://www.csmilitaria.co.uk/shop.php?code=14729
2024-12-04 21:10:38,775 - INFO - TIMESTAMP           : 2024-12-04 21:10:38.774482
2024-12-04 21:10:38,776 - INFO - No changes made for product 'https://www.csmilitaria.co.uk/shop.php?code=14729'.
2024-12-04 21:10:38,776 - DEBUG - Product URL constructed: https://www.csmilitaria.co.uk/shop.php?code=14730
2024-12-04 21:10:39,090 - DEBUG - https://www.csmilitaria.co.uk:443 "GET /shop.php?code=14730 HTTP/1.1" 200 2889
2024-12-04 21:10:39,094 - DEBUG - Scraped data - Title: WW2 Canadian Wool Socks, Price: 55.00, Available: True
2024-12-04 21:10:39,264 - INFO - No updates required for product 'https://www.csmilitaria.co.uk/shop.php?code=14730'.
2024-12-04 21:10:39,265 - INFO - 
------------------------------------------------------------
                     NO PRODUCT UPDATE                      
------------------------------------------------------------
2024-12-04 21:10:39,265 - INFO - CURRENT PAGE        : 0
2024-12-04 21:10:39,265 - INFO - PRODUCTS PROCESSED  : 3
2024-12-04 21:10:39,266 - INFO - CONSECUTIVE MATCHES : 4 / None
2024-12-04 21:10:39,266 - INFO - PRODUCT URL         : https://www.csmilitaria.co.uk/shop.php?code=14730
2024-12-04 21:10:39,266 - INFO - TIMESTAMP           : 2024-12-04 21:10:39.265998
2024-12-04 21:10:39,266 - INFO - No changes made for product 'https://www.csmilitaria.co.uk/shop.php?code=14730'.
2024-12-04 21:10:39,266 - DEBUG - Product URL constructed: https://www.csmilitaria.co.uk/shop.php?code=14739
2024-12-04 21:10:39,566 - DEBUG - https://www.csmilitaria.co.uk:443 "GET /shop.php?code=14739 HTTP/1.1" 200 3184
2024-12-04 21:10:39,571 - WARNING - Unable to retrieve product PRICE.
2024-12-04 21:10:39,572 - WARNING - AttributeError while evaluating price element: 'NoneType' object has no attribute 'group'
2024-12-04 21:10:39,572 - DEBUG - Scraped data - Title: French WW1 Model M1893 Field Pack - 1917 Dated, Price: 0, Available: False
2024-12-04 21:10:39,744 - INFO - No updates required for product 'https://www.csmilitaria.co.uk/shop.php?code=14739'.
2024-12-04 21:10:39,744 - INFO - 
------------------------------------------------------------
                     NO PRODUCT UPDATE                      
------------------------------------------------------------
2024-12-04 21:10:39,745 - INFO - CURRENT PAGE        : 0
2024-12-04 21:10:39,745 - INFO - PRODUCTS PROCESSED  : 4
2024-12-04 21:10:39,745 - INFO - CONSECUTIVE MATCHES : 5 / None
2024-12-04 21:10:39,745 - INFO - PRODUCT URL         : https://www.csmilitaria.co.uk/shop.php?code=14739
2024-12-04 21:10:39,745 - INFO - TIMESTAMP           : 2024-12-04 21:10:39.744808
2024-12-04 21:10:39,745 - INFO - No changes made for product 'https://www.csmilitaria.co.uk/shop.php?code=14739'.
2024-12-04 21:10:39,746 - DEBUG - Product URL constructed: https://www.csmilitaria.co.uk/shop.php?code=14744
2024-12-04 21:10:40,045 - DEBUG - https://www.csmilitaria.co.uk:443 "GET /shop.php?code=14744 HTTP/1.1" 200 2913
2024-12-04 21:10:40,050 - DEBUG - Scraped data - Title: WW2 Canadian MkI Pouches With Ballasite Cartridge Loops, Price: 60.00, Available: True
2024-12-04 21:10:40,222 - INFO - No updates required for product 'https://www.csmilitaria.co.uk/shop.php?code=14744'.
2024-12-04 21:10:40,223 - INFO - 
------------------------------------------------------------
                     NO PRODUCT UPDATE                      
------------------------------------------------------------
2024-12-04 21:10:40,223 - INFO - CURRENT PAGE        : 0
2024-12-04 21:10:40,223 - INFO - PRODUCTS PROCESSED  : 5
2024-12-04 21:10:40,223 - INFO - CONSECUTIVE MATCHES : 6 / None
2024-12-04 21:10:40,224 - INFO - PRODUCT URL         : https://www.csmilitaria.co.uk/shop.php?code=14744
2024-12-04 21:10:40,224 - INFO - TIMESTAMP           : 2024-12-04 21:10:40.223325
2024-12-04 21:10:40,224 - INFO - No changes made for product 'https://www.csmilitaria.co.uk/shop.php?code=14744'.
2024-12-04 21:10:40,224 - DEBUG - Product URL constructed: https://www.csmilitaria.co.uk/shop.php?code=14726
2024-12-04 21:10:40,524 - DEBUG - https://www.csmilitaria.co.uk:443 "GET /shop.php?code=14726 HTTP/1.1" 200 2864
2024-12-04 21:10:40,529 - DEBUG - Scraped data - Title: WW2 Canadian Webbing Anklets 1945, Price: 45.00, Available: True
2024-12-04 21:10:40,702 - INFO - No updates required for product 'https://www.csmilitaria.co.uk/shop.php?code=14726'.
2024-12-04 21:10:40,702 - INFO - 
------------------------------------------------------------
                     NO PRODUCT UPDATE                      
------------------------------------------------------------
2024-12-04 21:10:40,702 - INFO - CURRENT PAGE        : 0
2024-12-04 21:10:40,703 - INFO - PRODUCTS PROCESSED  : 6
2024-12-04 21:10:40,703 - INFO - CONSECUTIVE MATCHES : 7 / None
2024-12-04 21:10:40,703 - INFO - PRODUCT URL         : https://www.csmilitaria.co.uk/shop.php?code=14726
2024-12-04 21:10:40,703 - INFO - TIMESTAMP           : 2024-12-04 21:10:40.702295
2024-12-04 21:10:40,703 - INFO - No changes made for product 'https://www.csmilitaria.co.uk/shop.php?code=14726'.
2024-12-04 21:10:40,703 - DEBUG - Product URL constructed: https://www.csmilitaria.co.uk/shop.php?code=14731
2024-12-04 21:10:41,010 - DEBUG - https://www.csmilitaria.co.uk:443 "GET /shop.php?code=14731 HTTP/1.1" 200 2912
2024-12-04 21:10:41,015 - WARNING - Unable to retrieve product PRICE.
2024-12-04 21:10:41,015 - WARNING - AttributeError while evaluating price element: 'NoneType' object has no attribute 'group'
2024-12-04 21:10:41,015 - DEBUG - Scraped data - Title: WW2 Canadian Cold Weather Rubber Boots 1944, Price: 0, Available: False
2024-12-04 21:10:41,186 - INFO - No updates required for product 'https://www.csmilitaria.co.uk/shop.php?code=14731'.
2024-12-04 21:10:41,187 - INFO - 
------------------------------------------------------------
                     NO PRODUCT UPDATE                      
------------------------------------------------------------
2024-12-04 21:10:41,188 - INFO - CURRENT PAGE        : 0
2024-12-04 21:10:41,188 - INFO - PRODUCTS PROCESSED  : 7
2024-12-04 21:10:41,188 - INFO - CONSECUTIVE MATCHES : 8 / None
2024-12-04 21:10:41,188 - INFO - PRODUCT URL         : https://www.csmilitaria.co.uk/shop.php?code=14731
2024-12-04 21:10:41,188 - INFO - TIMESTAMP           : 2024-12-04 21:10:41.187559
2024-12-04 21:10:41,188 - INFO - No changes made for product 'https://www.csmilitaria.co.uk/shop.php?code=14731'.
2024-12-04 21:10:41,189 - DEBUG - Product URL constructed: https://www.csmilitaria.co.uk/shop.php?code=14732
2024-12-04 21:10:41,489 - DEBUG - https://www.csmilitaria.co.uk:443 "GET /shop.php?code=14732 HTTP/1.1" 200 2969
2024-12-04 21:10:41,495 - DEBUG - Scraped data - Title: WW2 Canadian Entrenching Tool Set, Price: 150.00, Available: True
2024-12-04 21:10:41,666 - INFO - No updates required for product 'https://www.csmilitaria.co.uk/shop.php?code=14732'.
2024-12-04 21:10:41,667 - INFO - 
------------------------------------------------------------
                     NO PRODUCT UPDATE                      
------------------------------------------------------------
2024-12-04 21:10:41,667 - INFO - CURRENT PAGE        : 0
2024-12-04 21:10:41,667 - INFO - PRODUCTS PROCESSED  : 8
2024-12-04 21:10:41,668 - INFO - CONSECUTIVE MATCHES : 9 / None
2024-12-04 21:10:41,668 - INFO - PRODUCT URL         : https://www.csmilitaria.co.uk/shop.php?code=14732
2024-12-04 21:10:41,668 - INFO - TIMESTAMP           : 2024-12-04 21:10:41.667332
2024-12-04 21:10:41,668 - INFO - No changes made for product 'https://www.csmilitaria.co.uk/shop.php?code=14732'.
2024-12-04 21:10:41,668 - DEBUG - Product URL constructed: https://www.csmilitaria.co.uk/shop.php?code=14727
2024-12-04 21:10:41,970 - DEBUG - https://www.csmilitaria.co.uk:443 "GET /shop.php?code=14727 HTTP/1.1" 200 2866
2024-12-04 21:10:41,974 - DEBUG - Scraped data - Title: WW2 British Army PT Shorts 1940, Price: 65.00, Available: True
2024-12-04 21:10:42,145 - INFO - No updates required for product 'https://www.csmilitaria.co.uk/shop.php?code=14727'.
2024-12-04 21:10:42,146 - INFO - 
------------------------------------------------------------
                     NO PRODUCT UPDATE                      
------------------------------------------------------------
2024-12-04 21:10:42,146 - INFO - CURRENT PAGE        : 0
2024-12-04 21:10:42,147 - INFO - PRODUCTS PROCESSED  : 9
2024-12-04 21:10:42,147 - INFO - CONSECUTIVE MATCHES : 10 / None
2024-12-04 21:10:42,147 - INFO - PRODUCT URL         : https://www.csmilitaria.co.uk/shop.php?code=14727
2024-12-04 21:10:42,147 - INFO - TIMESTAMP           : 2024-12-04 21:10:42.146396
2024-12-04 21:10:42,147 - INFO - No changes made for product 'https://www.csmilitaria.co.uk/shop.php?code=14727'.
2024-12-04 21:10:42,148 - DEBUG - Navigating to products page: https://www.csmilitaria.co.uk/shop.php?pg=1
2024-12-04 21:10:42,466 - DEBUG - https://www.csmilitaria.co.uk:443 "GET /shop.php?pg=1 HTTP/1.1" 200 5644
2024-12-04 21:10:42,478 - INFO - 
------------------------------------------------------------
                    NEW INSTANCE STARTED                    
------------------------------------------------------------
2024-12-04 21:10:42,478 - INFO - MILITARIA SITE      : CS_MILITARIA
2024-12-04 21:10:42,478 - INFO - PRODUCTS URL        : https://www.csmilitaria.co.uk/shop.php?pg=1
2024-12-04 21:10:42,478 - INFO - CYCLES RUN          : 0
2024-12-04 21:10:42,478 - INFO - PRODUCTS PROCESSED  : 0
2024-12-04 21:10:42,479 - INFO - TIMESTAMP           : 2024-12-04 21:10:42.478567
2024-12-04 21:10:42,479 - DEBUG - Product URL constructed: https://www.csmilitaria.co.uk/shop.php?code=14741
2024-12-04 21:10:42,780 - DEBUG - https://www.csmilitaria.co.uk:443 "GET /shop.php?code=14741 HTTP/1.1" 200 3751
2024-12-04 21:10:42,785 - DEBUG - Scraped data - Title: WW1 French 73rd Infantry Regiment Kepi, Price: 745.00, Available: True
2024-12-04 21:10:42,958 - INFO - No updates required for product 'https://www.csmilitaria.co.uk/shop.php?code=14741'.
2024-12-04 21:10:42,959 - INFO - 
------------------------------------------------------------
                     NO PRODUCT UPDATE                      
------------------------------------------------------------
2024-12-04 21:10:42,959 - INFO - CURRENT PAGE        : 1
2024-12-04 21:10:42,959 - INFO - PRODUCTS PROCESSED  : 10
2024-12-04 21:10:42,959 - INFO - CONSECUTIVE MATCHES : 11 / None
2024-12-04 21:10:42,960 - INFO - PRODUCT URL         : https://www.csmilitaria.co.uk/shop.php?code=14741
2024-12-04 21:10:42,960 - INFO - TIMESTAMP           : 2024-12-04 21:10:42.959513
2024-12-04 21:10:42,960 - INFO - No changes made for product 'https://www.csmilitaria.co.uk/shop.php?code=14741'.
2024-12-04 21:10:42,960 - DEBUG - Product URL constructed: https://www.csmilitaria.co.uk/shop.php?code=14728
2024-12-04 21:10:43,263 - DEBUG - https://www.csmilitaria.co.uk:443 "GET /shop.php?code=14728 HTTP/1.1" 200 2881
2024-12-04 21:10:43,267 - DEBUG - Scraped data - Title: WW2 Canadian Undershirt, Price: 75.00, Available: True
2024-12-04 21:10:43,438 - INFO - No updates required for product 'https://www.csmilitaria.co.uk/shop.php?code=14728'.
2024-12-04 21:10:43,438 - INFO - 
------------------------------------------------------------
                     NO PRODUCT UPDATE                      
------------------------------------------------------------
2024-12-04 21:10:43,439 - INFO - CURRENT PAGE        : 1
2024-12-04 21:10:43,439 - INFO - PRODUCTS PROCESSED  : 11
2024-12-04 21:10:43,439 - INFO - CONSECUTIVE MATCHES : 12 / None
2024-12-04 21:10:43,440 - INFO - PRODUCT URL         : https://www.csmilitaria.co.uk/shop.php?code=14728
2024-12-04 21:10:43,440 - INFO - TIMESTAMP           : 2024-12-04 21:10:43.438919
2024-12-04 21:10:43,440 - INFO - No changes made for product 'https://www.csmilitaria.co.uk/shop.php?code=14728'.
2024-12-04 21:10:43,440 - DEBUG - Product URL constructed: https://www.csmilitaria.co.uk/shop.php?code=14729
2024-12-04 21:10:43,741 - DEBUG - https://www.csmilitaria.co.uk:443 "GET /shop.php?code=14729 HTTP/1.1" 200 2940
2024-12-04 21:10:43,745 - DEBUG - Scraped data - Title: WW2 Canadian Long Johns, Price: 75.00, Available: True
2024-12-04 21:10:43,919 - INFO - No updates required for product 'https://www.csmilitaria.co.uk/shop.php?code=14729'.
2024-12-04 21:10:43,919 - INFO - 
------------------------------------------------------------
                     NO PRODUCT UPDATE                      
------------------------------------------------------------
2024-12-04 21:10:43,920 - INFO - CURRENT PAGE        : 1
2024-12-04 21:10:43,920 - INFO - PRODUCTS PROCESSED  : 12
2024-12-04 21:10:43,920 - INFO - CONSECUTIVE MATCHES : 13 / None
2024-12-04 21:10:43,921 - INFO - PRODUCT URL         : https://www.csmilitaria.co.uk/shop.php?code=14729
2024-12-04 21:10:43,921 - INFO - TIMESTAMP           : 2024-12-04 21:10:43.919586
2024-12-04 21:10:43,921 - INFO - No changes made for product 'https://www.csmilitaria.co.uk/shop.php?code=14729'.
2024-12-04 21:10:43,921 - DEBUG - Product URL constructed: https://www.csmilitaria.co.uk/shop.php?code=14730
2024-12-04 21:10:44,221 - DEBUG - https://www.csmilitaria.co.uk:443 "GET /shop.php?code=14730 HTTP/1.1" 200 2889
2024-12-04 21:10:44,227 - DEBUG - Scraped data - Title: WW2 Canadian Wool Socks, Price: 55.00, Available: True
2024-12-04 21:10:44,399 - INFO - No updates required for product 'https://www.csmilitaria.co.uk/shop.php?code=14730'.
2024-12-04 21:10:44,399 - INFO - 
------------------------------------------------------------
                     NO PRODUCT UPDATE                      
------------------------------------------------------------
2024-12-04 21:10:44,400 - INFO - CURRENT PAGE        : 1
2024-12-04 21:10:44,400 - INFO - PRODUCTS PROCESSED  : 13
2024-12-04 21:10:44,400 - INFO - CONSECUTIVE MATCHES : 14 / None
2024-12-04 21:10:44,400 - INFO - PRODUCT URL         : https://www.csmilitaria.co.uk/shop.php?code=14730
2024-12-04 21:10:44,400 - INFO - TIMESTAMP           : 2024-12-04 21:10:44.399339
2024-12-04 21:10:44,400 - INFO - No changes made for product 'https://www.csmilitaria.co.uk/shop.php?code=14730'.
2024-12-04 21:10:44,401 - DEBUG - Product URL constructed: https://www.csmilitaria.co.uk/shop.php?code=14739
2024-12-04 21:10:44,707 - DEBUG - https://www.csmilitaria.co.uk:443 "GET /shop.php?code=14739 HTTP/1.1" 200 3184
2024-12-04 21:10:44,712 - WARNING - Unable to retrieve product PRICE.
2024-12-04 21:10:44,712 - WARNING - AttributeError while evaluating price element: 'NoneType' object has no attribute 'group'
2024-12-04 21:10:44,713 - DEBUG - Scraped data - Title: French WW1 Model M1893 Field Pack - 1917 Dated, Price: 0, Available: False
2024-12-04 21:10:44,883 - INFO - No updates required for product 'https://www.csmilitaria.co.uk/shop.php?code=14739'.
2024-12-04 21:10:44,883 - INFO - 
------------------------------------------------------------
                     NO PRODUCT UPDATE                      
------------------------------------------------------------
2024-12-04 21:10:44,883 - INFO - CURRENT PAGE        : 1
2024-12-04 21:10:44,884 - INFO - PRODUCTS PROCESSED  : 14
2024-12-04 21:10:44,884 - INFO - CONSECUTIVE MATCHES : 15 / None
2024-12-04 21:10:44,884 - INFO - PRODUCT URL         : https://www.csmilitaria.co.uk/shop.php?code=14739
2024-12-04 21:10:44,884 - INFO - TIMESTAMP           : 2024-12-04 21:10:44.883800
2024-12-04 21:10:44,884 - INFO - No changes made for product 'https://www.csmilitaria.co.uk/shop.php?code=14739'.
2024-12-04 21:10:44,885 - DEBUG - Product URL constructed: https://www.csmilitaria.co.uk/shop.php?code=14744
2024-12-04 21:10:45,185 - DEBUG - https://www.csmilitaria.co.uk:443 "GET /shop.php?code=14744 HTTP/1.1" 200 2913
2024-12-04 21:10:45,190 - DEBUG - Scraped data - Title: WW2 Canadian MkI Pouches With Ballasite Cartridge Loops, Price: 60.00, Available: True
2024-12-04 21:10:45,361 - INFO - No updates required for product 'https://www.csmilitaria.co.uk/shop.php?code=14744'.
2024-12-04 21:10:45,361 - INFO - 
------------------------------------------------------------
                     NO PRODUCT UPDATE                      
------------------------------------------------------------
2024-12-04 21:10:45,362 - INFO - CURRENT PAGE        : 1
2024-12-04 21:10:45,362 - INFO - PRODUCTS PROCESSED  : 15
2024-12-04 21:10:45,362 - INFO - CONSECUTIVE MATCHES : 16 / None
2024-12-04 21:10:45,362 - INFO - PRODUCT URL         : https://www.csmilitaria.co.uk/shop.php?code=14744
2024-12-04 21:10:45,363 - INFO - TIMESTAMP           : 2024-12-04 21:10:45.361742
2024-12-04 21:10:45,363 - INFO - No changes made for product 'https://www.csmilitaria.co.uk/shop.php?code=14744'.
2024-12-04 21:10:45,363 - DEBUG - Product URL constructed: https://www.csmilitaria.co.uk/shop.php?code=14726
2024-12-04 21:10:45,679 - DEBUG - https://www.csmilitaria.co.uk:443 "GET /shop.php?code=14726 HTTP/1.1" 200 2864
2024-12-04 21:10:45,683 - DEBUG - Scraped data - Title: WW2 Canadian Webbing Anklets 1945, Price: 45.00, Available: True
2024-12-04 21:10:45,858 - INFO - No updates required for product 'https://www.csmilitaria.co.uk/shop.php?code=14726'.
2024-12-04 21:10:45,859 - INFO - 
------------------------------------------------------------
                     NO PRODUCT UPDATE                      
------------------------------------------------------------
2024-12-04 21:10:45,859 - INFO - CURRENT PAGE        : 1
2024-12-04 21:10:45,859 - INFO - PRODUCTS PROCESSED  : 16
2024-12-04 21:10:45,859 - INFO - CONSECUTIVE MATCHES : 17 / None
2024-12-04 21:10:45,859 - INFO - PRODUCT URL         : https://www.csmilitaria.co.uk/shop.php?code=14726
2024-12-04 21:10:45,860 - INFO - TIMESTAMP           : 2024-12-04 21:10:45.859533
2024-12-04 21:10:45,860 - INFO - No changes made for product 'https://www.csmilitaria.co.uk/shop.php?code=14726'.
2024-12-04 21:10:45,860 - DEBUG - Product URL constructed: https://www.csmilitaria.co.uk/shop.php?code=14731
2024-12-04 21:10:46,161 - DEBUG - https://www.csmilitaria.co.uk:443 "GET /shop.php?code=14731 HTTP/1.1" 200 2912
2024-12-04 21:10:46,166 - WARNING - Unable to retrieve product PRICE.
2024-12-04 21:10:46,166 - WARNING - AttributeError while evaluating price element: 'NoneType' object has no attribute 'group'
2024-12-04 21:10:46,166 - DEBUG - Scraped data - Title: WW2 Canadian Cold Weather Rubber Boots 1944, Price: 0, Available: False
2024-12-04 21:10:46,337 - INFO - No updates required for product 'https://www.csmilitaria.co.uk/shop.php?code=14731'.
2024-12-04 21:10:46,337 - INFO - 
------------------------------------------------------------
                     NO PRODUCT UPDATE                      
------------------------------------------------------------
2024-12-04 21:10:46,338 - INFO - CURRENT PAGE        : 1
2024-12-04 21:10:46,338 - INFO - PRODUCTS PROCESSED  : 17
2024-12-04 21:10:46,338 - INFO - CONSECUTIVE MATCHES : 18 / None
2024-12-04 21:10:46,338 - INFO - PRODUCT URL         : https://www.csmilitaria.co.uk/shop.php?code=14731
2024-12-04 21:10:46,338 - INFO - TIMESTAMP           : 2024-12-04 21:10:46.337415
2024-12-04 21:10:46,338 - INFO - No changes made for product 'https://www.csmilitaria.co.uk/shop.php?code=14731'.
2024-12-04 21:10:46,339 - DEBUG - Product URL constructed: https://www.csmilitaria.co.uk/shop.php?code=14732
2024-12-04 21:10:46,640 - DEBUG - https://www.csmilitaria.co.uk:443 "GET /shop.php?code=14732 HTTP/1.1" 200 2969
2024-12-04 21:10:46,644 - DEBUG - Scraped data - Title: WW2 Canadian Entrenching Tool Set, Price: 150.00, Available: True
2024-12-04 21:10:46,815 - INFO - No updates required for product 'https://www.csmilitaria.co.uk/shop.php?code=14732'.
2024-12-04 21:10:46,815 - INFO - 
------------------------------------------------------------
                     NO PRODUCT UPDATE                      
------------------------------------------------------------
2024-12-04 21:10:46,816 - INFO - CURRENT PAGE        : 1
2024-12-04 21:10:46,816 - INFO - PRODUCTS PROCESSED  : 18
2024-12-04 21:10:46,816 - INFO - CONSECUTIVE MATCHES : 19 / None
2024-12-04 21:10:46,816 - INFO - PRODUCT URL         : https://www.csmilitaria.co.uk/shop.php?code=14732
2024-12-04 21:10:46,816 - INFO - TIMESTAMP           : 2024-12-04 21:10:46.815972
2024-12-04 21:10:46,817 - INFO - No changes made for product 'https://www.csmilitaria.co.uk/shop.php?code=14732'.
2024-12-04 21:10:46,817 - DEBUG - Product URL constructed: https://www.csmilitaria.co.uk/shop.php?code=14727
2024-12-04 21:10:47,117 - DEBUG - https://www.csmilitaria.co.uk:443 "GET /shop.php?code=14727 HTTP/1.1" 200 2866
2024-12-04 21:10:47,122 - DEBUG - Scraped data - Title: WW2 British Army PT Shorts 1940, Price: 65.00, Available: True
2024-12-04 21:10:47,293 - INFO - No updates required for product 'https://www.csmilitaria.co.uk/shop.php?code=14727'.
2024-12-04 21:10:47,293 - INFO - 
------------------------------------------------------------
                     NO PRODUCT UPDATE                      
------------------------------------------------------------
2024-12-04 21:10:47,293 - INFO - CURRENT PAGE        : 1
2024-12-04 21:10:47,293 - INFO - PRODUCTS PROCESSED  : 19
2024-12-04 21:10:47,293 - INFO - CONSECUTIVE MATCHES : 20 / None
2024-12-04 21:10:47,293 - INFO - PRODUCT URL         : https://www.csmilitaria.co.uk/shop.php?code=14727
2024-12-04 21:10:47,293 - INFO - TIMESTAMP           : 2024-12-04 21:10:47.293485
2024-12-04 21:10:47,293 - INFO - No changes made for product 'https://www.csmilitaria.co.uk/shop.php?code=14727'.
2024-12-04 21:10:47,293 - DEBUG - Navigating to products page: https://www.csmilitaria.co.uk/shop.php?pg=2
2024-12-04 21:10:47,613 - DEBUG - https://www.csmilitaria.co.uk:443 "GET /shop.php?pg=2 HTTP/1.1" 200 6143
2024-12-04 21:10:47,625 - INFO - 
------------------------------------------------------------
                    NEW INSTANCE STARTED                    
------------------------------------------------------------
2024-12-04 21:10:47,625 - INFO - MILITARIA SITE      : CS_MILITARIA
2024-12-04 21:10:47,625 - INFO - PRODUCTS URL        : https://www.csmilitaria.co.uk/shop.php?pg=2
2024-12-04 21:10:47,626 - INFO - CYCLES RUN          : 0
2024-12-04 21:10:47,626 - INFO - PRODUCTS PROCESSED  : 0
2024-12-04 21:10:47,626 - INFO - TIMESTAMP           : 2024-12-04 21:10:47.625909
2024-12-04 21:10:47,626 - DEBUG - Product URL constructed: https://www.csmilitaria.co.uk/shop.php?code=14725
2024-12-04 21:10:47,928 - DEBUG - https://www.csmilitaria.co.uk:443 "GET /shop.php?code=14725 HTTP/1.1" 200 2908
2024-12-04 21:10:47,933 - DEBUG - Scraped data - Title: WW2 Canadian Webbing Anklets  1943 - Size 3, Price: 45.00, Available: True
2024-12-04 21:10:48,104 - INFO - No updates required for product 'https://www.csmilitaria.co.uk/shop.php?code=14725'.
2024-12-04 21:10:48,105 - INFO - 
------------------------------------------------------------
                     NO PRODUCT UPDATE                      
------------------------------------------------------------
2024-12-04 21:10:48,106 - INFO - CURRENT PAGE        : 2
2024-12-04 21:10:48,106 - INFO - PRODUCTS PROCESSED  : 20
2024-12-04 21:10:48,106 - INFO - CONSECUTIVE MATCHES : 21 / None
2024-12-04 21:10:48,106 - INFO - PRODUCT URL         : https://www.csmilitaria.co.uk/shop.php?code=14725
2024-12-04 21:10:48,106 - INFO - TIMESTAMP           : 2024-12-04 21:10:48.105493
2024-12-04 21:10:48,107 - INFO - No changes made for product 'https://www.csmilitaria.co.uk/shop.php?code=14725'.
2024-12-04 21:10:48,107 - DEBUG - Product URL constructed: https://www.csmilitaria.co.uk/shop.php?code=14736
2024-12-04 21:10:48,408 - DEBUG - https://www.csmilitaria.co.uk:443 "GET /shop.php?code=14736 HTTP/1.1" 200 2868
2024-12-04 21:10:48,412 - DEBUG - Scraped data - Title: WW2 Canadian Pistol Holster 1941, Price: 75.00, Available: True
2024-12-04 21:10:48,583 - INFO - No updates required for product 'https://www.csmilitaria.co.uk/shop.php?code=14736'.
2024-12-04 21:10:48,584 - INFO - 
------------------------------------------------------------
                     NO PRODUCT UPDATE                      
------------------------------------------------------------
2024-12-04 21:10:48,584 - INFO - CURRENT PAGE        : 2
2024-12-04 21:10:48,585 - INFO - PRODUCTS PROCESSED  : 21
2024-12-04 21:10:48,585 - INFO - CONSECUTIVE MATCHES : 22 / None
2024-12-04 21:10:48,585 - INFO - PRODUCT URL         : https://www.csmilitaria.co.uk/shop.php?code=14736
2024-12-04 21:10:48,585 - INFO - TIMESTAMP           : 2024-12-04 21:10:48.584780
2024-12-04 21:10:48,585 - INFO - No changes made for product 'https://www.csmilitaria.co.uk/shop.php?code=14736'.
2024-12-04 21:10:48,586 - DEBUG - Product URL constructed: https://www.csmilitaria.co.uk/shop.php?code=14743
