2024-12-04 11:48:53,948 - INFO - Logging initialized. Log file: logs\2024-12-04_instance_1.log
2024-12-04 11:48:58,629 - INFO - 
------------------------------------------------------------
                     PROGRAM INITIALIZED
                     2024-12-04 11:48:58.629815          
------------------------------------------------------------
2024-12-04 11:48:59,813 - DEBUG - Navigating to products page: https://www.csmilitaria.co.uk/shop.php?pg=0
2024-12-04 11:48:59,815 - DEBUG - Starting new HTTPS connection (1): www.csmilitaria.co.uk:443
2024-12-04 11:49:00,970 - DEBUG - https://www.csmilitaria.co.uk:443 "GET /shop.php?pg=0 HTTP/1.1" 200 5644
2024-12-04 11:49:00,984 - INFO - 
------------------------------------------------------------
                    NEW INSTANCE STARTED                    
------------------------------------------------------------
2024-12-04 11:49:00,984 - INFO - MILITARIA SITE      : CS_MILITARIA
2024-12-04 11:49:00,984 - INFO - PRODUCTS URL        : https://www.csmilitaria.co.uk/shop.php?pg=0
2024-12-04 11:49:00,984 - INFO - CYCLES RUN          : 0
2024-12-04 11:49:00,985 - INFO - PRODUCTS PROCESSED  : 0
2024-12-04 11:49:00,985 - INFO - TIMESTAMP           : 2024-12-04 11:49:00.984081
2024-12-04 11:49:00,985 - DEBUG - Product URL constructed: https://www.csmilitaria.co.uk/shop.php?code=14741
2024-12-04 11:49:01,282 - DEBUG - https://www.csmilitaria.co.uk:443 "GET /shop.php?code=14741 HTTP/1.1" 200 3751
2024-12-04 11:49:01,288 - DEBUG - Scraped data - Title: WW1 French 73rd Infantry Regiment Kepi, Price: 745.00, Available: True
2024-12-04 11:49:01,602 - INFO - No updates required for product 'https://www.csmilitaria.co.uk/shop.php?code=14741'.
2024-12-04 11:49:01,602 - INFO - 
------------------------------------------------------------
                     NO PRODUCT UPDATE                      
------------------------------------------------------------
2024-12-04 11:49:01,603 - INFO - CURRENT PAGE        : 0
2024-12-04 11:49:01,603 - INFO - PRODUCTS PROCESSED  : 0
2024-12-04 11:49:01,603 - INFO - CONSECUTIVE MATCHES : 1
2024-12-04 11:49:01,603 - INFO - PRODUCT URL         : https://www.csmilitaria.co.uk/shop.php?code=14741
2024-12-04 11:49:01,603 - INFO - TIMESTAMP           : 2024-12-04 11:49:01.602816
2024-12-04 11:49:01,603 - INFO - No changes made for product 'https://www.csmilitaria.co.uk/shop.php?code=14741'.
2024-12-04 11:49:01,603 - DEBUG - Product URL constructed: https://www.csmilitaria.co.uk/shop.php?code=14728
2024-12-04 11:49:01,904 - DEBUG - https://www.csmilitaria.co.uk:443 "GET /shop.php?code=14728 HTTP/1.1" 200 2881
2024-12-04 11:49:01,909 - DEBUG - Scraped data - Title: WW2 Canadian Undershirt, Price: 75.00, Available: True
2024-12-04 11:49:02,083 - INFO - No updates required for product 'https://www.csmilitaria.co.uk/shop.php?code=14728'.
2024-12-04 11:49:02,084 - INFO - 
------------------------------------------------------------
                     NO PRODUCT UPDATE                      
------------------------------------------------------------
2024-12-04 11:49:02,084 - INFO - CURRENT PAGE        : 0
2024-12-04 11:49:02,084 - INFO - PRODUCTS PROCESSED  : 1
2024-12-04 11:49:02,085 - INFO - CONSECUTIVE MATCHES : 2
2024-12-04 11:49:02,085 - INFO - PRODUCT URL         : https://www.csmilitaria.co.uk/shop.php?code=14728
2024-12-04 11:49:02,085 - INFO - TIMESTAMP           : 2024-12-04 11:49:02.084144
2024-12-04 11:49:02,085 - INFO - No changes made for product 'https://www.csmilitaria.co.uk/shop.php?code=14728'.
2024-12-04 11:49:02,085 - DEBUG - Product URL constructed: https://www.csmilitaria.co.uk/shop.php?code=14729
2024-12-04 11:49:02,385 - DEBUG - https://www.csmilitaria.co.uk:443 "GET /shop.php?code=14729 HTTP/1.1" 200 2940
2024-12-04 11:49:02,390 - DEBUG - Scraped data - Title: WW2 Canadian Long Johns, Price: 75.00, Available: True
2024-12-04 11:49:02,563 - INFO - No updates required for product 'https://www.csmilitaria.co.uk/shop.php?code=14729'.
2024-12-04 11:49:02,563 - INFO - 
------------------------------------------------------------
                     NO PRODUCT UPDATE                      
------------------------------------------------------------
2024-12-04 11:49:02,564 - INFO - CURRENT PAGE        : 0
2024-12-04 11:49:02,564 - INFO - PRODUCTS PROCESSED  : 2
2024-12-04 11:49:02,564 - INFO - CONSECUTIVE MATCHES : 3
2024-12-04 11:49:02,564 - INFO - PRODUCT URL         : https://www.csmilitaria.co.uk/shop.php?code=14729
2024-12-04 11:49:02,565 - INFO - TIMESTAMP           : 2024-12-04 11:49:02.563405
2024-12-04 11:49:02,565 - INFO - No changes made for product 'https://www.csmilitaria.co.uk/shop.php?code=14729'.
2024-12-04 11:49:02,565 - DEBUG - Product URL constructed: https://www.csmilitaria.co.uk/shop.php?code=14730
2024-12-04 11:49:02,863 - DEBUG - https://www.csmilitaria.co.uk:443 "GET /shop.php?code=14730 HTTP/1.1" 200 2889
2024-12-04 11:49:02,868 - DEBUG - Scraped data - Title: WW2 Canadian Wool Socks, Price: 55.00, Available: True
2024-12-04 11:49:03,041 - INFO - No updates required for product 'https://www.csmilitaria.co.uk/shop.php?code=14730'.
2024-12-04 11:49:03,042 - INFO - 
------------------------------------------------------------
                     NO PRODUCT UPDATE                      
------------------------------------------------------------
2024-12-04 11:49:03,043 - INFO - CURRENT PAGE        : 0
2024-12-04 11:49:03,043 - INFO - PRODUCTS PROCESSED  : 3
2024-12-04 11:49:03,043 - INFO - CONSECUTIVE MATCHES : 4
2024-12-04 11:49:03,043 - INFO - PRODUCT URL         : https://www.csmilitaria.co.uk/shop.php?code=14730
2024-12-04 11:49:03,043 - INFO - TIMESTAMP           : 2024-12-04 11:49:03.042238
2024-12-04 11:49:03,043 - INFO - No changes made for product 'https://www.csmilitaria.co.uk/shop.php?code=14730'.
2024-12-04 11:49:03,044 - DEBUG - Product URL constructed: https://www.csmilitaria.co.uk/shop.php?code=14739
2024-12-04 11:49:03,344 - DEBUG - https://www.csmilitaria.co.uk:443 "GET /shop.php?code=14739 HTTP/1.1" 200 3184
2024-12-04 11:49:03,349 - WARNING - Unable to retrieve product PRICE.
2024-12-04 11:49:03,349 - WARNING - AttributeError while evaluating price element: 'NoneType' object has no attribute 'group'
2024-12-04 11:49:03,350 - DEBUG - Scraped data - Title: French WW1 Model M1893 Field Pack - 1917 Dated, Price: 0, Available: False
2024-12-04 11:49:03,841 - INFO - Product 'https://www.csmilitaria.co.uk/shop.php?code=14739' sold date updated: 2024-12-04 02:22:38 → 2024-12-04 11:49:03
2024-12-04 11:49:03,841 - INFO - Product 'https://www.csmilitaria.co.uk/shop.php?code=14739' updated successfully.
2024-12-04 11:49:03,842 - INFO - 
------------------------------------------------------------
                      PRODUCT UPDATED                       
------------------------------------------------------------
2024-12-04 11:49:03,842 - INFO - CURRENT PAGE        : 0
2024-12-04 11:49:03,842 - INFO - PRODUCTS PROCESSED  : 4
2024-12-04 11:49:03,843 - INFO - CONSECUTIVE MATCHES : 5
2024-12-04 11:49:03,843 - INFO - PRODUCT URL         : https://www.csmilitaria.co.uk/shop.php?code=14739
2024-12-04 11:49:03,843 - INFO - TIMESTAMP           : 2024-12-04 11:49:03.842528
2024-12-04 11:49:03,843 - INFO - Product 'https://www.csmilitaria.co.uk/shop.php?code=14739' was updated or inserted successfully.
2024-12-04 11:49:03,843 - DEBUG - Product URL constructed: https://www.csmilitaria.co.uk/shop.php?code=14744
2024-12-04 11:49:04,143 - DEBUG - https://www.csmilitaria.co.uk:443 "GET /shop.php?code=14744 HTTP/1.1" 200 2913
2024-12-04 11:49:04,147 - DEBUG - Scraped data - Title: WW2 Canadian MkI Pouches With Ballasite Cartridge Loops, Price: 60.00, Available: True
2024-12-04 11:49:04,459 - INFO - No updates required for product 'https://www.csmilitaria.co.uk/shop.php?code=14744'.
2024-12-04 11:49:04,461 - INFO - 
------------------------------------------------------------
                     NO PRODUCT UPDATE                      
------------------------------------------------------------
2024-12-04 11:49:04,461 - INFO - CURRENT PAGE        : 0
2024-12-04 11:49:04,461 - INFO - PRODUCTS PROCESSED  : 5
2024-12-04 11:49:04,461 - INFO - CONSECUTIVE MATCHES : 6
2024-12-04 11:49:04,461 - INFO - PRODUCT URL         : https://www.csmilitaria.co.uk/shop.php?code=14744
2024-12-04 11:49:04,461 - INFO - TIMESTAMP           : 2024-12-04 11:49:04.461069
2024-12-04 11:49:04,462 - INFO - No changes made for product 'https://www.csmilitaria.co.uk/shop.php?code=14744'.
2024-12-04 11:49:04,462 - DEBUG - Product URL constructed: https://www.csmilitaria.co.uk/shop.php?code=14726
2024-12-04 11:49:04,762 - DEBUG - https://www.csmilitaria.co.uk:443 "GET /shop.php?code=14726 HTTP/1.1" 200 2864
2024-12-04 11:49:04,767 - DEBUG - Scraped data - Title: WW2 Canadian Webbing Anklets 1945, Price: 45.00, Available: True
2024-12-04 11:49:04,940 - INFO - No updates required for product 'https://www.csmilitaria.co.uk/shop.php?code=14726'.
2024-12-04 11:49:04,940 - INFO - 
------------------------------------------------------------
                     NO PRODUCT UPDATE                      
------------------------------------------------------------
2024-12-04 11:49:04,941 - INFO - CURRENT PAGE        : 0
2024-12-04 11:49:04,941 - INFO - PRODUCTS PROCESSED  : 6
2024-12-04 11:49:04,941 - INFO - CONSECUTIVE MATCHES : 7
2024-12-04 11:49:04,941 - INFO - PRODUCT URL         : https://www.csmilitaria.co.uk/shop.php?code=14726
2024-12-04 11:49:04,941 - INFO - TIMESTAMP           : 2024-12-04 11:49:04.940091
2024-12-04 11:49:04,942 - INFO - No changes made for product 'https://www.csmilitaria.co.uk/shop.php?code=14726'.
2024-12-04 11:49:04,942 - DEBUG - Product URL constructed: https://www.csmilitaria.co.uk/shop.php?code=14731
2024-12-04 11:49:05,241 - DEBUG - https://www.csmilitaria.co.uk:443 "GET /shop.php?code=14731 HTTP/1.1" 200 2912
2024-12-04 11:49:05,246 - WARNING - Unable to retrieve product PRICE.
2024-12-04 11:49:05,246 - WARNING - AttributeError while evaluating price element: 'NoneType' object has no attribute 'group'
2024-12-04 11:49:05,247 - DEBUG - Scraped data - Title: WW2 Canadian Cold Weather Rubber Boots 1944, Price: 0, Available: False
2024-12-04 11:49:05,733 - INFO - Product 'https://www.csmilitaria.co.uk/shop.php?code=14731' sold date updated: 2024-12-04 02:22:39 → 2024-12-04 11:49:05
2024-12-04 11:49:05,733 - INFO - Product 'https://www.csmilitaria.co.uk/shop.php?code=14731' updated successfully.
2024-12-04 11:49:05,733 - INFO - 
------------------------------------------------------------
                      PRODUCT UPDATED                       
------------------------------------------------------------
2024-12-04 11:49:05,733 - INFO - CURRENT PAGE        : 0
2024-12-04 11:49:05,733 - INFO - PRODUCTS PROCESSED  : 7
2024-12-04 11:49:05,733 - INFO - CONSECUTIVE MATCHES : 8
2024-12-04 11:49:05,734 - INFO - PRODUCT URL         : https://www.csmilitaria.co.uk/shop.php?code=14731
2024-12-04 11:49:05,734 - INFO - TIMESTAMP           : 2024-12-04 11:49:05.733476
2024-12-04 11:49:05,734 - INFO - Product 'https://www.csmilitaria.co.uk/shop.php?code=14731' was updated or inserted successfully.
2024-12-04 11:49:05,734 - DEBUG - Product URL constructed: https://www.csmilitaria.co.uk/shop.php?code=14732
2024-12-04 11:49:06,036 - DEBUG - https://www.csmilitaria.co.uk:443 "GET /shop.php?code=14732 HTTP/1.1" 200 2969
2024-12-04 11:49:06,042 - DEBUG - Scraped data - Title: WW2 Canadian Entrenching Tool Set, Price: 150.00, Available: True
2024-12-04 11:49:06,351 - INFO - No updates required for product 'https://www.csmilitaria.co.uk/shop.php?code=14732'.
2024-12-04 11:49:06,352 - INFO - 
------------------------------------------------------------
                     NO PRODUCT UPDATE                      
------------------------------------------------------------
2024-12-04 11:49:06,352 - INFO - CURRENT PAGE        : 0
2024-12-04 11:49:06,352 - INFO - PRODUCTS PROCESSED  : 8
2024-12-04 11:49:06,352 - INFO - CONSECUTIVE MATCHES : 9
2024-12-04 11:49:06,352 - INFO - PRODUCT URL         : https://www.csmilitaria.co.uk/shop.php?code=14732
2024-12-04 11:49:06,352 - INFO - TIMESTAMP           : 2024-12-04 11:49:06.352192
2024-12-04 11:49:06,352 - INFO - No changes made for product 'https://www.csmilitaria.co.uk/shop.php?code=14732'.
2024-12-04 11:49:06,352 - DEBUG - Product URL constructed: https://www.csmilitaria.co.uk/shop.php?code=14727
2024-12-04 11:49:06,652 - DEBUG - https://www.csmilitaria.co.uk:443 "GET /shop.php?code=14727 HTTP/1.1" 200 2866
2024-12-04 11:49:06,656 - DEBUG - Scraped data - Title: WW2 British Army PT Shorts 1940, Price: 65.00, Available: True
2024-12-04 11:49:06,829 - INFO - No updates required for product 'https://www.csmilitaria.co.uk/shop.php?code=14727'.
2024-12-04 11:49:06,829 - INFO - 
------------------------------------------------------------
                     NO PRODUCT UPDATE                      
------------------------------------------------------------
2024-12-04 11:49:06,830 - INFO - CURRENT PAGE        : 0
2024-12-04 11:49:06,830 - INFO - PRODUCTS PROCESSED  : 9
2024-12-04 11:49:06,830 - INFO - CONSECUTIVE MATCHES : 10
2024-12-04 11:49:06,830 - INFO - PRODUCT URL         : https://www.csmilitaria.co.uk/shop.php?code=14727
2024-12-04 11:49:06,830 - INFO - TIMESTAMP           : 2024-12-04 11:49:06.829620
2024-12-04 11:49:06,831 - INFO - No changes made for product 'https://www.csmilitaria.co.uk/shop.php?code=14727'.
2024-12-04 11:49:06,831 - DEBUG - Navigating to products page: https://www.csmilitaria.co.uk/shop.php?pg=1
2024-12-04 11:49:07,143 - DEBUG - https://www.csmilitaria.co.uk:443 "GET /shop.php?pg=1 HTTP/1.1" 200 5644
2024-12-04 11:49:07,156 - INFO - 
------------------------------------------------------------
                    NEW INSTANCE STARTED                    
------------------------------------------------------------
2024-12-04 11:49:07,156 - INFO - MILITARIA SITE      : CS_MILITARIA
2024-12-04 11:49:07,156 - INFO - PRODUCTS URL        : https://www.csmilitaria.co.uk/shop.php?pg=1
2024-12-04 11:49:07,156 - INFO - CYCLES RUN          : 0
2024-12-04 11:49:07,157 - INFO - PRODUCTS PROCESSED  : 0
2024-12-04 11:49:07,157 - INFO - TIMESTAMP           : 2024-12-04 11:49:07.156144
2024-12-04 11:49:07,157 - DEBUG - Product URL constructed: https://www.csmilitaria.co.uk/shop.php?code=14741
2024-12-04 11:49:07,457 - DEBUG - https://www.csmilitaria.co.uk:443 "GET /shop.php?code=14741 HTTP/1.1" 200 3751
2024-12-04 11:49:07,463 - DEBUG - Scraped data - Title: WW1 French 73rd Infantry Regiment Kepi, Price: 745.00, Available: True
2024-12-04 11:49:07,635 - INFO - No updates required for product 'https://www.csmilitaria.co.uk/shop.php?code=14741'.
2024-12-04 11:49:07,635 - INFO - 
------------------------------------------------------------
                     NO PRODUCT UPDATE                      
------------------------------------------------------------
2024-12-04 11:49:07,636 - INFO - CURRENT PAGE        : 1
2024-12-04 11:49:07,636 - INFO - PRODUCTS PROCESSED  : 10
2024-12-04 11:49:07,636 - INFO - CONSECUTIVE MATCHES : 11
2024-12-04 11:49:07,636 - INFO - PRODUCT URL         : https://www.csmilitaria.co.uk/shop.php?code=14741
2024-12-04 11:49:07,636 - INFO - TIMESTAMP           : 2024-12-04 11:49:07.635484
2024-12-04 11:49:07,636 - INFO - No changes made for product 'https://www.csmilitaria.co.uk/shop.php?code=14741'.
2024-12-04 11:49:07,636 - DEBUG - Product URL constructed: https://www.csmilitaria.co.uk/shop.php?code=14728
