2024-12-27 20:50:00,385 - INFO - Logging initialized. Log file: logs\2024-12-27_instance_7.log
2024-12-27 20:50:02,362 - WARNING - 
------------------------------------------------------------
PROGRAM INITIALIZED 2024-12-27 20:50:02.362911
------------------------------------------------------------
2024-12-27 20:50:07,380 - INFO - PostgreSQL connection pool initialized.
2024-12-27 20:50:07,381 - DEBUG - Changing event name from creating-client-class.iot-data to creating-client-class.iot-data-plane
2024-12-27 20:50:07,383 - DEBUG - Changing event name from before-call.apigateway to before-call.api-gateway
2024-12-27 20:50:07,384 - DEBUG - Changing event name from request-created.machinelearning.Predict to request-created.machine-learning.Predict
2024-12-27 20:50:07,385 - DEBUG - Changing event name from before-parameter-build.autoscaling.CreateLaunchConfiguration to before-parameter-build.auto-scaling.CreateLaunchConfiguration
2024-12-27 20:50:07,385 - DEBUG - Changing event name from before-parameter-build.route53 to before-parameter-build.route-53
2024-12-27 20:50:07,386 - DEBUG - Changing event name from request-created.cloudsearchdomain.Search to request-created.cloudsearch-domain.Search
2024-12-27 20:50:07,386 - DEBUG - Changing event name from docs.*.autoscaling.CreateLaunchConfiguration.complete-section to docs.*.auto-scaling.CreateLaunchConfiguration.complete-section
2024-12-27 20:50:07,388 - DEBUG - Changing event name from before-parameter-build.logs.CreateExportTask to before-parameter-build.cloudwatch-logs.CreateExportTask
2024-12-27 20:50:07,388 - DEBUG - Changing event name from docs.*.logs.CreateExportTask.complete-section to docs.*.cloudwatch-logs.CreateExportTask.complete-section
2024-12-27 20:50:07,389 - DEBUG - Changing event name from before-parameter-build.cloudsearchdomain.Search to before-parameter-build.cloudsearch-domain.Search
2024-12-27 20:50:07,389 - DEBUG - Changing event name from docs.*.cloudsearchdomain.Search.complete-section to docs.*.cloudsearch-domain.Search.complete-section
2024-12-27 20:50:07,437 - DEBUG - Loading JSON file: C:\Users\keena\AppData\Local\Programs\Python\Python312\Lib\site-packages\botocore\data\endpoints.json
2024-12-27 20:50:07,447 - DEBUG - Loading JSON file: C:\Users\keena\AppData\Local\Programs\Python\Python312\Lib\site-packages\botocore\data\sdk-default-configuration.json
2024-12-27 20:50:07,447 - DEBUG - Event choose-service-name: calling handler <function handle_service_name_alias at 0x000001EF0CA8E700>
2024-12-27 20:50:07,495 - DEBUG - Loading JSON file: C:\Users\keena\AppData\Local\Programs\Python\Python312\Lib\site-packages\botocore\data\s3\2006-03-01\service-2.json.gz
2024-12-27 20:50:07,502 - DEBUG - Loading JSON file: C:\Users\keena\AppData\Local\Programs\Python\Python312\Lib\site-packages\botocore\data\s3\2006-03-01\service-2.sdk-extras.json
2024-12-27 20:50:07,548 - DEBUG - Loading JSON file: C:\Users\keena\AppData\Local\Programs\Python\Python312\Lib\site-packages\botocore\data\s3\2006-03-01\endpoint-rule-set-1.json.gz
2024-12-27 20:50:07,551 - DEBUG - Loading JSON file: C:\Users\keena\AppData\Local\Programs\Python\Python312\Lib\site-packages\botocore\data\partitions.json
2024-12-27 20:50:07,552 - DEBUG - Event creating-client-class.s3: calling handler <function add_generate_presigned_post at 0x000001EF0C9CB560>
2024-12-27 20:50:07,552 - DEBUG - Event creating-client-class.s3: calling handler <function lazy_call.<locals>._handler at 0x000001EF0CB2A520>
2024-12-27 20:50:07,586 - DEBUG - Event creating-client-class.s3: calling handler <function add_generate_presigned_url at 0x000001EF0C9CB2E0>
2024-12-27 20:50:07,586 - DEBUG - Looking for endpoint for s3 via: environment_service
2024-12-27 20:50:07,586 - DEBUG - Looking for endpoint for s3 via: environment_global
2024-12-27 20:50:07,586 - DEBUG - Looking for endpoint for s3 via: config_service
2024-12-27 20:50:07,587 - DEBUG - Looking for endpoint for s3 via: config_global
2024-12-27 20:50:07,587 - DEBUG - No configured endpoint found.
2024-12-27 20:50:07,588 - DEBUG - Setting s3 timeout as (60, 60)
2024-12-27 20:50:07,591 - DEBUG - Loading JSON file: C:\Users\keena\AppData\Local\Programs\Python\Python312\Lib\site-packages\botocore\data\_retry.json
2024-12-27 20:50:07,592 - DEBUG - Registering retry handlers for service: s3
2024-12-27 20:50:07,592 - DEBUG - Registering S3 region redirector handler
2024-12-27 20:50:07,592 - DEBUG - Registering S3Express Identity Resolver
2024-12-27 20:50:07,593 - INFO - S3Manager initialized for bucket militaria-images
2024-12-27 20:50:10,272 - ERROR - Error processing site OORLOGSSPULLEN: process_site() takes 6 positional arguments but 9 were given
2024-12-27 20:50:10,272 - INFO - Pausing for 900 seconds before starting the next cycle...
