2024-12-04 21:12:41,700 - INFO - Logging initialized. Log file: logs\2024-12-04_instance_8.log
2024-12-04 21:12:45,934 - INFO - 
------------------------------------------------------------
                     PROGRAM INITIALIZED
                     2024-12-04 21:12:45.934815          
------------------------------------------------------------
2024-12-04 21:12:47,052 - INFO - 
------------------------------------------------------------
                 AVAILABILITY CHECK INITIATED
                     2024-12-04 21:12:47.052509          
------------------------------------------------------------
2024-12-04 21:12:47,055 - ERROR - Error running availability check: PostgreSQLProcessor.sqlFetch() takes 2 positional arguments but 3 were given
2024-12-04 21:12:47,055 - DEBUG - Navigating to products page: https://www.csmilitaria.co.uk/shop.php?pg=0
2024-12-04 21:12:47,057 - DEBUG - Starting new HTTPS connection (1): www.csmilitaria.co.uk:443
2024-12-04 21:12:48,243 - DEBUG - https://www.csmilitaria.co.uk:443 "GET /shop.php?pg=0 HTTP/1.1" 200 5644
2024-12-04 21:12:48,255 - INFO - 
------------------------------------------------------------
                    NEW INSTANCE STARTED                    
------------------------------------------------------------
2024-12-04 21:12:48,255 - INFO - MILITARIA SITE      : CS_MILITARIA
2024-12-04 21:12:48,255 - INFO - PRODUCTS URL        : https://www.csmilitaria.co.uk/shop.php?pg=0
2024-12-04 21:12:48,256 - INFO - CYCLES RUN          : 0
2024-12-04 21:12:48,256 - INFO - PRODUCTS PROCESSED  : 0
2024-12-04 21:12:48,256 - INFO - TIMESTAMP           : 2024-12-04 21:12:48.255926
2024-12-04 21:12:48,256 - DEBUG - Product URL constructed: https://www.csmilitaria.co.uk/shop.php?code=14741
2024-12-04 21:12:48,553 - DEBUG - https://www.csmilitaria.co.uk:443 "GET /shop.php?code=14741 HTTP/1.1" 200 3751
2024-12-04 21:12:48,559 - DEBUG - Scraped data - Title: WW1 French 73rd Infantry Regiment Kepi, Price: 745.00, Available: True
2024-12-04 21:12:48,881 - INFO - No updates required for product 'https://www.csmilitaria.co.uk/shop.php?code=14741'.
2024-12-04 21:12:48,882 - INFO - 
------------------------------------------------------------
                     NO PRODUCT UPDATE                      
------------------------------------------------------------
2024-12-04 21:12:48,882 - INFO - CURRENT PAGE        : 0
2024-12-04 21:12:48,882 - INFO - PRODUCTS PROCESSED  : 0
2024-12-04 21:12:48,883 - INFO - CONSECUTIVE MATCHES : 1 / None
2024-12-04 21:12:48,883 - INFO - PRODUCT URL         : https://www.csmilitaria.co.uk/shop.php?code=14741
2024-12-04 21:12:48,883 - INFO - TIMESTAMP           : 2024-12-04 21:12:48.882019
2024-12-04 21:12:48,883 - INFO - No changes made for product 'https://www.csmilitaria.co.uk/shop.php?code=14741'.
2024-12-04 21:12:48,883 - DEBUG - Product URL constructed: https://www.csmilitaria.co.uk/shop.php?code=14728
2024-12-04 21:12:49,177 - DEBUG - https://www.csmilitaria.co.uk:443 "GET /shop.php?code=14728 HTTP/1.1" 200 2881
2024-12-04 21:12:49,181 - DEBUG - Scraped data - Title: WW2 Canadian Undershirt, Price: 75.00, Available: True
