2024-12-05 15:28:25,741 - INFO - Logging initialized. Log file: logs\2024-12-05_instance_4.log
2024-12-05 15:28:30,043 - INFO - 
------------------------------------------------------------
                     PROGRAM INITIALIZED
                     2024-12-05 15:28:30.043390          
------------------------------------------------------------
2024-12-05 15:28:31,198 - INFO - 
------------------------------------------------------------
                 AVAILABILITY CHECK INITIATED
                     2024-12-05 15:28:31.198403          
------------------------------------------------------------
2024-12-05 15:28:36,925 - INFO - Total URLs to be processed for site CS_MILITARIA: 370
2024-12-05 15:28:36,925 - WARNING - Unable to retrieve product AVAILABLE.
2024-12-05 15:28:36,925 - WARNING - Error while evaluating available element: name 'productScraper' is not defined
2024-12-05 15:28:37,092 - WARNING - Unable to retrieve product AVAILABLE.
2024-12-05 15:28:37,092 - WARNING - Error while evaluating available element: name 'productScraper' is not defined
2024-12-05 15:28:37,256 - WARNING - Unable to retrieve product AVAILABLE.
2024-12-05 15:28:37,256 - WARNING - Error while evaluating available element: name 'productScraper' is not defined
2024-12-05 15:28:37,423 - WARNING - Unable to retrieve product AVAILABLE.
2024-12-05 15:28:37,423 - WARNING - Error while evaluating available element: name 'productScraper' is not defined
2024-12-05 15:28:37,587 - WARNING - Unable to retrieve product AVAILABLE.
2024-12-05 15:28:37,588 - WARNING - Error while evaluating available element: name 'productScraper' is not defined
2024-12-05 15:28:37,751 - WARNING - Unable to retrieve product AVAILABLE.
2024-12-05 15:28:37,751 - WARNING - Error while evaluating available element: name 'productScraper' is not defined
2024-12-05 15:28:37,917 - WARNING - Unable to retrieve product AVAILABLE.
2024-12-05 15:28:37,917 - WARNING - Error while evaluating available element: name 'productScraper' is not defined
2024-12-05 15:28:38,081 - WARNING - Unable to retrieve product AVAILABLE.
2024-12-05 15:28:38,081 - WARNING - Error while evaluating available element: name 'productScraper' is not defined
2024-12-05 15:28:38,247 - WARNING - Unable to retrieve product AVAILABLE.
2024-12-05 15:28:38,247 - WARNING - Error while evaluating available element: name 'productScraper' is not defined
2024-12-05 15:28:38,412 - WARNING - Unable to retrieve product AVAILABLE.
2024-12-05 15:28:38,412 - WARNING - Error while evaluating available element: name 'productScraper' is not defined
2024-12-05 15:28:38,579 - WARNING - Unable to retrieve product AVAILABLE.
2024-12-05 15:28:38,579 - WARNING - Error while evaluating available element: name 'productScraper' is not defined
2024-12-05 15:28:38,746 - WARNING - Unable to retrieve product AVAILABLE.
2024-12-05 15:28:38,747 - WARNING - Error while evaluating available element: name 'productScraper' is not defined
2024-12-05 15:28:38,912 - WARNING - Unable to retrieve product AVAILABLE.
2024-12-05 15:28:38,912 - WARNING - Error while evaluating available element: name 'productScraper' is not defined
2024-12-05 15:28:39,078 - WARNING - Unable to retrieve product AVAILABLE.
2024-12-05 15:28:39,078 - WARNING - Error while evaluating available element: name 'productScraper' is not defined
2024-12-05 15:28:39,244 - WARNING - Unable to retrieve product AVAILABLE.
2024-12-05 15:28:39,244 - WARNING - Error while evaluating available element: name 'productScraper' is not defined
2024-12-05 15:28:39,408 - WARNING - Unable to retrieve product AVAILABLE.
2024-12-05 15:28:39,408 - WARNING - Error while evaluating available element: name 'productScraper' is not defined
2024-12-05 15:28:39,572 - WARNING - Unable to retrieve product AVAILABLE.
2024-12-05 15:28:39,573 - WARNING - Error while evaluating available element: name 'productScraper' is not defined
2024-12-05 15:28:39,737 - WARNING - Unable to retrieve product AVAILABLE.
2024-12-05 15:28:39,737 - WARNING - Error while evaluating available element: name 'productScraper' is not defined
