2024-12-05 13:16:19,353 - INFO - Logging initialized. Log file: logs\2024-12-05_instance_3.log
2024-12-05 13:16:23,111 - INFO - 
------------------------------------------------------------
                     PROGRAM INITIALIZED
                     2024-12-05 13:16:23.111148          
------------------------------------------------------------
2024-12-05 13:16:24,250 - INFO - 
------------------------------------------------------------
                 AVAILABILITY CHECK INITIATED
                     2024-12-05 13:16:24.250211          
------------------------------------------------------------
2024-12-05 13:16:24,871 - INFO - Total URLs to be processed for site CS_MILITARIA: 1005
2024-12-05 13:16:24,873 - DEBUG - Starting new HTTPS connection (1): www.csmilitaria.co.uk:443
2024-12-05 13:16:25,906 - DEBUG - https://www.csmilitaria.co.uk:443 "GET /shop.php?code=13655 HTTP/1.1" 200 2940
2024-12-05 13:16:25,911 - ERROR - Error processing URL https://www.csmilitaria.co.uk/shop.php?code=13655: Invalid character '(' position 24
  line 1:
True if productSoup.find('button', class_='btn cta add2cart') else False
                        ^
2024-12-05 13:16:26,219 - DEBUG - https://www.csmilitaria.co.uk:443 "GET /shop.php?code=14668 HTTP/1.1" 200 2847
2024-12-05 13:16:26,223 - ERROR - Error processing URL https://www.csmilitaria.co.uk/shop.php?code=14668: Invalid character '(' position 24
  line 1:
True if productSoup.find('button', class_='btn cta add2cart') else False
                        ^
2024-12-05 13:16:26,518 - DEBUG - https://www.csmilitaria.co.uk:443 "GET /shop.php?code=13874 HTTP/1.1" 200 2893
2024-12-05 13:16:26,522 - ERROR - Error processing URL https://www.csmilitaria.co.uk/shop.php?code=13874: Invalid character '(' position 24
  line 1:
True if productSoup.find('button', class_='btn cta add2cart') else False
                        ^
2024-12-05 13:16:26,817 - DEBUG - https://www.csmilitaria.co.uk:443 "GET /shop.php?code=13419 HTTP/1.1" 200 2861
2024-12-05 13:16:26,821 - ERROR - Error processing URL https://www.csmilitaria.co.uk/shop.php?code=13419: Invalid character '(' position 24
  line 1:
True if productSoup.find('button', class_='btn cta add2cart') else False
                        ^
2024-12-05 13:16:27,117 - DEBUG - https://www.csmilitaria.co.uk:443 "GET /shop.php?code=12842 HTTP/1.1" 200 2859
2024-12-05 13:16:27,120 - ERROR - Error processing URL https://www.csmilitaria.co.uk/shop.php?code=12842: Invalid character '(' position 24
  line 1:
True if productSoup.find('button', class_='btn cta add2cart') else False
                        ^
2024-12-05 13:16:27,414 - DEBUG - https://www.csmilitaria.co.uk:443 "GET /shop.php?code=6669 HTTP/1.1" 200 2858
2024-12-05 13:16:27,418 - ERROR - Error processing URL https://www.csmilitaria.co.uk/shop.php?code=6669: Invalid character '(' position 24
  line 1:
True if productSoup.find('button', class_='btn cta add2cart') else False
                        ^
2024-12-05 13:16:27,714 - DEBUG - https://www.csmilitaria.co.uk:443 "GET /shop.php?code=11779 HTTP/1.1" 200 3008
2024-12-05 13:16:27,718 - ERROR - Error processing URL https://www.csmilitaria.co.uk/shop.php?code=11779: Invalid character '(' position 24
  line 1:
True if productSoup.find('button', class_='btn cta add2cart') else False
                        ^
2024-12-05 13:16:28,012 - DEBUG - https://www.csmilitaria.co.uk:443 "GET /shop.php?code=10792 HTTP/1.1" 200 3121
2024-12-05 13:16:28,016 - ERROR - Error processing URL https://www.csmilitaria.co.uk/shop.php?code=10792: Invalid character '(' position 24
  line 1:
True if productSoup.find('button', class_='btn cta add2cart') else False
                        ^
