2024-12-22 21:07:16,940 - INFO - Logging initialized. Log file: logs\2024-12-22_instance_12.log
2024-12-22 21:07:19,689 - INFO - 
------------------------------------------------------------
PROGRAM INITIALIZED 2024-12-22 21:07:19.689889
------------------------------------------------------------
2024-12-22 21:07:24,751 - INFO - PostgreSQL connection pool initialized.
2024-12-22 21:07:24,752 - DEBUG - Changing event name from creating-client-class.iot-data to creating-client-class.iot-data-plane
2024-12-22 21:07:24,754 - DEBUG - Changing event name from before-call.apigateway to before-call.api-gateway
2024-12-22 21:07:24,755 - DEBUG - Changing event name from request-created.machinelearning.Predict to request-created.machine-learning.Predict
2024-12-22 21:07:24,756 - DEBUG - Changing event name from before-parameter-build.autoscaling.CreateLaunchConfiguration to before-parameter-build.auto-scaling.CreateLaunchConfiguration
2024-12-22 21:07:24,757 - DEBUG - Changing event name from before-parameter-build.route53 to before-parameter-build.route-53
2024-12-22 21:07:24,757 - DEBUG - Changing event name from request-created.cloudsearchdomain.Search to request-created.cloudsearch-domain.Search
2024-12-22 21:07:24,758 - DEBUG - Changing event name from docs.*.autoscaling.CreateLaunchConfiguration.complete-section to docs.*.auto-scaling.CreateLaunchConfiguration.complete-section
2024-12-22 21:07:24,760 - DEBUG - Changing event name from before-parameter-build.logs.CreateExportTask to before-parameter-build.cloudwatch-logs.CreateExportTask
2024-12-22 21:07:24,760 - DEBUG - Changing event name from docs.*.logs.CreateExportTask.complete-section to docs.*.cloudwatch-logs.CreateExportTask.complete-section
2024-12-22 21:07:24,760 - DEBUG - Changing event name from before-parameter-build.cloudsearchdomain.Search to before-parameter-build.cloudsearch-domain.Search
2024-12-22 21:07:24,760 - DEBUG - Changing event name from docs.*.cloudsearchdomain.Search.complete-section to docs.*.cloudsearch-domain.Search.complete-section
2024-12-22 21:07:24,813 - DEBUG - Loading JSON file: C:\Users\keena\AppData\Local\Programs\Python\Python312\Lib\site-packages\botocore\data\endpoints.json
2024-12-22 21:07:24,824 - DEBUG - Loading JSON file: C:\Users\keena\AppData\Local\Programs\Python\Python312\Lib\site-packages\botocore\data\sdk-default-configuration.json
2024-12-22 21:07:24,825 - DEBUG - Event choose-service-name: calling handler <function handle_service_name_alias at 0x00000152E8C45E40>
2024-12-22 21:07:24,875 - DEBUG - Loading JSON file: C:\Users\keena\AppData\Local\Programs\Python\Python312\Lib\site-packages\botocore\data\s3\2006-03-01\service-2.json.gz
2024-12-22 21:07:24,881 - DEBUG - Loading JSON file: C:\Users\keena\AppData\Local\Programs\Python\Python312\Lib\site-packages\botocore\data\s3\2006-03-01\service-2.sdk-extras.json
2024-12-22 21:07:24,928 - DEBUG - Loading JSON file: C:\Users\keena\AppData\Local\Programs\Python\Python312\Lib\site-packages\botocore\data\s3\2006-03-01\endpoint-rule-set-1.json.gz
2024-12-22 21:07:24,931 - DEBUG - Loading JSON file: C:\Users\keena\AppData\Local\Programs\Python\Python312\Lib\site-packages\botocore\data\partitions.json
2024-12-22 21:07:24,932 - DEBUG - Event creating-client-class.s3: calling handler <function add_generate_presigned_post at 0x00000152E8B82CA0>
2024-12-22 21:07:24,932 - DEBUG - Event creating-client-class.s3: calling handler <function lazy_call.<locals>._handler at 0x00000152E8CED8A0>
2024-12-22 21:07:24,974 - DEBUG - Event creating-client-class.s3: calling handler <function add_generate_presigned_url at 0x00000152E8B82A20>
2024-12-22 21:07:24,975 - DEBUG - Looking for endpoint for s3 via: environment_service
2024-12-22 21:07:24,975 - DEBUG - Looking for endpoint for s3 via: environment_global
2024-12-22 21:07:24,975 - DEBUG - Looking for endpoint for s3 via: config_service
2024-12-22 21:07:24,975 - DEBUG - Looking for endpoint for s3 via: config_global
2024-12-22 21:07:24,975 - DEBUG - No configured endpoint found.
2024-12-22 21:07:24,976 - DEBUG - Setting s3 timeout as (60, 60)
2024-12-22 21:07:24,980 - DEBUG - Loading JSON file: C:\Users\keena\AppData\Local\Programs\Python\Python312\Lib\site-packages\botocore\data\_retry.json
2024-12-22 21:07:24,980 - DEBUG - Registering retry handlers for service: s3
2024-12-22 21:07:24,981 - DEBUG - Registering S3 region redirector handler
2024-12-22 21:07:24,981 - DEBUG - Registering S3Express Identity Resolver
2024-12-22 21:07:27,299 - DEBUG - Navigating to products page: https://bevo-militaria.com/shop/page/0/
2024-12-22 21:07:27,302 - DEBUG - Starting new HTTPS connection (1): bevo-militaria.com:443
2024-12-22 21:07:31,408 - DEBUG - https://bevo-militaria.com:443 "GET /shop/page/0/ HTTP/1.1" 200 None
2024-12-22 21:07:32,067 - INFO - 
------------------------------------------------------------
                    NEW INSTANCE STARTED                    
------------------------------------------------------------
2024-12-22 21:07:32,068 - INFO - MILITARIA SITE      : BEVO_MILITARIA
2024-12-22 21:07:32,068 - INFO - PRODUCTS URL        : https://bevo-militaria.com/shop/page/0/
2024-12-22 21:07:32,068 - INFO - CYCLES RUN          : 0
2024-12-22 21:07:32,068 - INFO - PRODUCTS PROCESSED  : 0
2024-12-22 21:07:32,068 - INFO - TIMESTAMP           : 2024-12-22 21:07:32.067828
2024-12-22 21:07:32,068 - DEBUG - Product URL constructed: https://bevo-militaria.com/shop/new-items/m43-luftwaffe-field-cap-einheitsfeldmutze-with-rbnr-1944-17/
2024-12-22 21:07:34,558 - DEBUG - https://bevo-militaria.com:443 "GET /shop/new-items/m43-luftwaffe-field-cap-einheitsfeldmutze-with-rbnr-1944-17/ HTTP/1.1" 200 44880
2024-12-22 21:07:34,864 - DEBUG - Extracted image URLs: ['https://bevo-militaria.com/wp-content/uploads/2024/12/DSC_8545-scaled.jpg', 'https://bevo-militaria.com/wp-content/uploads/2024/12/DSC_8546-scaled.jpg', 'https://bevo-militaria.com/wp-content/uploads/2024/12/DSC_8547-scaled.jpg', 'https://bevo-militaria.com/wp-content/uploads/2024/12/DSC_8548-scaled.jpg', 'https://bevo-militaria.com/wp-content/uploads/2024/12/DSC_8550-scaled.jpg', 'https://bevo-militaria.com/wp-content/uploads/2024/12/DSC_8551-scaled.jpg', 'https://bevo-militaria.com/wp-content/uploads/2024/12/DSC_8552-scaled.jpg', 'https://bevo-militaria.com/wp-content/uploads/2024/12/DSC_8553-scaled.jpg', 'https://bevo-militaria.com/wp-content/uploads/2024/12/DSC_8555-scaled.jpg', 'https://bevo-militaria.com/wp-content/uploads/2024/12/DSC_8556-scaled.jpg', 'https://bevo-militaria.com/wp-content/uploads/2024/12/DSC_8558-scaled.jpg', 'https://bevo-militaria.com/wp-content/uploads/2024/12/DSC_8559-scaled.jpg', 'https://bevo-militaria.com/wp-content/uploads/2024/12/DSC_8560-scaled.jpg', 'https://bevo-militaria.com/wp-content/uploads/2024/12/DSC_8561-scaled.jpg', 'https://bevo-militaria.com/wp-content/uploads/2024/12/DSC_8562-scaled.jpg', 'https://bevo-militaria.com/wp-content/uploads/2024/12/DSC_8563-scaled.jpg', 'https://bevo-militaria.com/wp-content/uploads/2024/12/DSC_8564-scaled.jpg', 'https://bevo-militaria.com/wp-content/uploads/2024/12/DSC_8565-scaled.jpg']
2024-12-22 21:07:34,865 - DEBUG - Scraped data: Title=M43 Luftwaffe field cap *Einheitsfeldmütze* with RBNr. 1944, Price=850.00, Available=True
2024-12-22 21:07:34,865 - DEBUG - Extracted image URLs: ['https://bevo-militaria.com/wp-content/uploads/2024/12/DSC_8545-scaled.jpg', 'https://bevo-militaria.com/wp-content/uploads/2024/12/DSC_8546-scaled.jpg', 'https://bevo-militaria.com/wp-content/uploads/2024/12/DSC_8547-scaled.jpg', 'https://bevo-militaria.com/wp-content/uploads/2024/12/DSC_8548-scaled.jpg', 'https://bevo-militaria.com/wp-content/uploads/2024/12/DSC_8550-scaled.jpg', 'https://bevo-militaria.com/wp-content/uploads/2024/12/DSC_8551-scaled.jpg', 'https://bevo-militaria.com/wp-content/uploads/2024/12/DSC_8552-scaled.jpg', 'https://bevo-militaria.com/wp-content/uploads/2024/12/DSC_8553-scaled.jpg', 'https://bevo-militaria.com/wp-content/uploads/2024/12/DSC_8555-scaled.jpg', 'https://bevo-militaria.com/wp-content/uploads/2024/12/DSC_8556-scaled.jpg', 'https://bevo-militaria.com/wp-content/uploads/2024/12/DSC_8558-scaled.jpg', 'https://bevo-militaria.com/wp-content/uploads/2024/12/DSC_8559-scaled.jpg', 'https://bevo-militaria.com/wp-content/uploads/2024/12/DSC_8560-scaled.jpg', 'https://bevo-militaria.com/wp-content/uploads/2024/12/DSC_8561-scaled.jpg', 'https://bevo-militaria.com/wp-content/uploads/2024/12/DSC_8562-scaled.jpg', 'https://bevo-militaria.com/wp-content/uploads/2024/12/DSC_8563-scaled.jpg', 'https://bevo-militaria.com/wp-content/uploads/2024/12/DSC_8564-scaled.jpg', 'https://bevo-militaria.com/wp-content/uploads/2024/12/DSC_8565-scaled.jpg']
2024-12-22 21:07:36,332 - DEBUG - SQL Query Result for Product ID: [(227936,)]
2024-12-22 21:07:36,333 - DEBUG - Uploading images for product ID: 227936
2024-12-22 21:07:36,333 - DEBUG - Processing image 1/18: https://bevo-militaria.com/wp-content/uploads/2024/12/DSC_8545-scaled.jpg
2024-12-22 21:07:36,333 - WARNING - Failed to upload image https://bevo-militaria.com/wp-content/uploads/2024/12/DSC_8545-scaled.jpg: name 'time' is not defined
2024-12-22 21:07:36,333 - DEBUG - Processing image 2/18: https://bevo-militaria.com/wp-content/uploads/2024/12/DSC_8546-scaled.jpg
2024-12-22 21:07:36,334 - WARNING - Failed to upload image https://bevo-militaria.com/wp-content/uploads/2024/12/DSC_8546-scaled.jpg: name 'time' is not defined
2024-12-22 21:07:36,334 - DEBUG - Processing image 3/18: https://bevo-militaria.com/wp-content/uploads/2024/12/DSC_8547-scaled.jpg
2024-12-22 21:07:36,334 - WARNING - Failed to upload image https://bevo-militaria.com/wp-content/uploads/2024/12/DSC_8547-scaled.jpg: name 'time' is not defined
2024-12-22 21:07:36,334 - DEBUG - Processing image 4/18: https://bevo-militaria.com/wp-content/uploads/2024/12/DSC_8548-scaled.jpg
2024-12-22 21:07:36,334 - WARNING - Failed to upload image https://bevo-militaria.com/wp-content/uploads/2024/12/DSC_8548-scaled.jpg: name 'time' is not defined
2024-12-22 21:07:36,334 - DEBUG - Processing image 5/18: https://bevo-militaria.com/wp-content/uploads/2024/12/DSC_8550-scaled.jpg
2024-12-22 21:07:36,334 - WARNING - Failed to upload image https://bevo-militaria.com/wp-content/uploads/2024/12/DSC_8550-scaled.jpg: name 'time' is not defined
2024-12-22 21:07:36,334 - DEBUG - Processing image 6/18: https://bevo-militaria.com/wp-content/uploads/2024/12/DSC_8551-scaled.jpg
2024-12-22 21:07:36,335 - WARNING - Failed to upload image https://bevo-militaria.com/wp-content/uploads/2024/12/DSC_8551-scaled.jpg: name 'time' is not defined
2024-12-22 21:07:36,335 - DEBUG - Processing image 7/18: https://bevo-militaria.com/wp-content/uploads/2024/12/DSC_8552-scaled.jpg
2024-12-22 21:07:36,335 - WARNING - Failed to upload image https://bevo-militaria.com/wp-content/uploads/2024/12/DSC_8552-scaled.jpg: name 'time' is not defined
2024-12-22 21:07:36,335 - DEBUG - Processing image 8/18: https://bevo-militaria.com/wp-content/uploads/2024/12/DSC_8553-scaled.jpg
2024-12-22 21:07:36,335 - WARNING - Failed to upload image https://bevo-militaria.com/wp-content/uploads/2024/12/DSC_8553-scaled.jpg: name 'time' is not defined
2024-12-22 21:07:36,335 - DEBUG - Processing image 9/18: https://bevo-militaria.com/wp-content/uploads/2024/12/DSC_8555-scaled.jpg
2024-12-22 21:07:36,335 - WARNING - Failed to upload image https://bevo-militaria.com/wp-content/uploads/2024/12/DSC_8555-scaled.jpg: name 'time' is not defined
2024-12-22 21:07:36,335 - DEBUG - Processing image 10/18: https://bevo-militaria.com/wp-content/uploads/2024/12/DSC_8556-scaled.jpg
2024-12-22 21:07:36,335 - WARNING - Failed to upload image https://bevo-militaria.com/wp-content/uploads/2024/12/DSC_8556-scaled.jpg: name 'time' is not defined
2024-12-22 21:07:36,336 - DEBUG - Processing image 11/18: https://bevo-militaria.com/wp-content/uploads/2024/12/DSC_8558-scaled.jpg
2024-12-22 21:07:36,336 - WARNING - Failed to upload image https://bevo-militaria.com/wp-content/uploads/2024/12/DSC_8558-scaled.jpg: name 'time' is not defined
2024-12-22 21:07:36,336 - DEBUG - Processing image 12/18: https://bevo-militaria.com/wp-content/uploads/2024/12/DSC_8559-scaled.jpg
2024-12-22 21:07:36,336 - WARNING - Failed to upload image https://bevo-militaria.com/wp-content/uploads/2024/12/DSC_8559-scaled.jpg: name 'time' is not defined
2024-12-22 21:07:36,336 - DEBUG - Processing image 13/18: https://bevo-militaria.com/wp-content/uploads/2024/12/DSC_8560-scaled.jpg
2024-12-22 21:07:36,336 - WARNING - Failed to upload image https://bevo-militaria.com/wp-content/uploads/2024/12/DSC_8560-scaled.jpg: name 'time' is not defined
2024-12-22 21:07:36,336 - DEBUG - Processing image 14/18: https://bevo-militaria.com/wp-content/uploads/2024/12/DSC_8561-scaled.jpg
2024-12-22 21:07:36,336 - WARNING - Failed to upload image https://bevo-militaria.com/wp-content/uploads/2024/12/DSC_8561-scaled.jpg: name 'time' is not defined
2024-12-22 21:07:36,337 - DEBUG - Processing image 15/18: https://bevo-militaria.com/wp-content/uploads/2024/12/DSC_8562-scaled.jpg
2024-12-22 21:07:36,337 - WARNING - Failed to upload image https://bevo-militaria.com/wp-content/uploads/2024/12/DSC_8562-scaled.jpg: name 'time' is not defined
2024-12-22 21:07:36,337 - DEBUG - Processing image 16/18: https://bevo-militaria.com/wp-content/uploads/2024/12/DSC_8563-scaled.jpg
2024-12-22 21:07:36,337 - WARNING - Failed to upload image https://bevo-militaria.com/wp-content/uploads/2024/12/DSC_8563-scaled.jpg: name 'time' is not defined
2024-12-22 21:07:36,337 - DEBUG - Processing image 17/18: https://bevo-militaria.com/wp-content/uploads/2024/12/DSC_8564-scaled.jpg
2024-12-22 21:07:36,337 - WARNING - Failed to upload image https://bevo-militaria.com/wp-content/uploads/2024/12/DSC_8564-scaled.jpg: name 'time' is not defined
2024-12-22 21:07:36,337 - DEBUG - Processing image 18/18: https://bevo-militaria.com/wp-content/uploads/2024/12/DSC_8565-scaled.jpg
2024-12-22 21:07:36,337 - WARNING - Failed to upload image https://bevo-militaria.com/wp-content/uploads/2024/12/DSC_8565-scaled.jpg: name 'time' is not defined
2024-12-22 21:07:39,209 - INFO - Product 'https://bevo-militaria.com/shop/new-items/m43-luftwaffe-field-cap-einheitsfeldmutze-with-rbnr-1944-17/' was updated or inserted successfully.
2024-12-22 21:07:39,209 - DEBUG - Product URL constructed: https://bevo-militaria.com/shop/new-items/m43-hitlerjugend-flakhelfer-field-cap-with-rbnr-and-rzm-tag/
2024-12-22 21:07:39,210 - DEBUG - Resetting dropped connection: bevo-militaria.com
