2024-12-27 22:52:35,274 - INFO - Logging initialized. Log file: logs\2024-12-27_instance_9.log
2024-12-27 22:52:39,661 - WARNING - 
------------------------------------------------------------
PROGRAM INITIALIZED 2024-12-27 22:52:39.661705
------------------------------------------------------------
2024-12-27 22:52:45,331 - INFO - PostgreSQL connection pool initialized.
2024-12-27 22:52:45,338 - DEBUG - Changing event name from creating-client-class.iot-data to creating-client-class.iot-data-plane
2024-12-27 22:52:45,340 - DEBUG - Changing event name from before-call.apigateway to before-call.api-gateway
2024-12-27 22:52:45,341 - DEBUG - Changing event name from request-created.machinelearning.Predict to request-created.machine-learning.Predict
2024-12-27 22:52:45,342 - DEBUG - Changing event name from before-parameter-build.autoscaling.CreateLaunchConfiguration to before-parameter-build.auto-scaling.CreateLaunchConfiguration
2024-12-27 22:52:45,342 - DEBUG - Changing event name from before-parameter-build.route53 to before-parameter-build.route-53
2024-12-27 22:52:45,343 - DEBUG - Changing event name from request-created.cloudsearchdomain.Search to request-created.cloudsearch-domain.Search
2024-12-27 22:52:45,343 - DEBUG - Changing event name from docs.*.autoscaling.CreateLaunchConfiguration.complete-section to docs.*.auto-scaling.CreateLaunchConfiguration.complete-section
2024-12-27 22:52:45,345 - DEBUG - Changing event name from before-parameter-build.logs.CreateExportTask to before-parameter-build.cloudwatch-logs.CreateExportTask
2024-12-27 22:52:45,345 - DEBUG - Changing event name from docs.*.logs.CreateExportTask.complete-section to docs.*.cloudwatch-logs.CreateExportTask.complete-section
2024-12-27 22:52:45,345 - DEBUG - Changing event name from before-parameter-build.cloudsearchdomain.Search to before-parameter-build.cloudsearch-domain.Search
2024-12-27 22:52:45,346 - DEBUG - Changing event name from docs.*.cloudsearchdomain.Search.complete-section to docs.*.cloudsearch-domain.Search.complete-section
2024-12-27 22:52:45,425 - DEBUG - Loading JSON file: C:\Users\keena\AppData\Local\Programs\Python\Python312\Lib\site-packages\botocore\data\endpoints.json
2024-12-27 22:52:45,447 - DEBUG - Loading JSON file: C:\Users\keena\AppData\Local\Programs\Python\Python312\Lib\site-packages\botocore\data\sdk-default-configuration.json
2024-12-27 22:52:45,448 - DEBUG - Event choose-service-name: calling handler <function handle_service_name_alias at 0x000002AB9705E7A0>
2024-12-27 22:52:45,698 - DEBUG - Loading JSON file: C:\Users\keena\AppData\Local\Programs\Python\Python312\Lib\site-packages\botocore\data\s3\2006-03-01\service-2.json.gz
2024-12-27 22:52:45,710 - DEBUG - Loading JSON file: C:\Users\keena\AppData\Local\Programs\Python\Python312\Lib\site-packages\botocore\data\s3\2006-03-01\service-2.sdk-extras.json
2024-12-27 22:52:45,782 - DEBUG - Loading JSON file: C:\Users\keena\AppData\Local\Programs\Python\Python312\Lib\site-packages\botocore\data\s3\2006-03-01\endpoint-rule-set-1.json.gz
2024-12-27 22:52:45,792 - DEBUG - Loading JSON file: C:\Users\keena\AppData\Local\Programs\Python\Python312\Lib\site-packages\botocore\data\partitions.json
2024-12-27 22:52:45,793 - DEBUG - Event creating-client-class.s3: calling handler <function add_generate_presigned_post at 0x000002AB96F9B600>
2024-12-27 22:52:45,794 - DEBUG - Event creating-client-class.s3: calling handler <function lazy_call.<locals>._handler at 0x000002AB970FA5C0>
2024-12-27 22:52:45,848 - DEBUG - Event creating-client-class.s3: calling handler <function add_generate_presigned_url at 0x000002AB96F9B380>
2024-12-27 22:52:45,849 - DEBUG - Looking for endpoint for s3 via: environment_service
2024-12-27 22:52:45,849 - DEBUG - Looking for endpoint for s3 via: environment_global
2024-12-27 22:52:45,850 - DEBUG - Looking for endpoint for s3 via: config_service
2024-12-27 22:52:45,850 - DEBUG - Looking for endpoint for s3 via: config_global
2024-12-27 22:52:45,850 - DEBUG - No configured endpoint found.
2024-12-27 22:52:45,852 - DEBUG - Setting s3 timeout as (60, 60)
2024-12-27 22:52:45,874 - DEBUG - Loading JSON file: C:\Users\keena\AppData\Local\Programs\Python\Python312\Lib\site-packages\botocore\data\_retry.json
2024-12-27 22:52:45,875 - DEBUG - Registering retry handlers for service: s3
2024-12-27 22:52:45,875 - DEBUG - Registering S3 region redirector handler
2024-12-27 22:52:45,876 - DEBUG - Registering S3Express Identity Resolver
2024-12-27 22:52:45,877 - INFO - S3Manager initialized for bucket militaria-images
2024-12-27 22:52:49,138 - DEBUG - Navigating to products page: https://oorlogsspullen.nl/product-categorie/new/page/0/
2024-12-27 22:52:49,141 - DEBUG - Starting new HTTPS connection (1): oorlogsspullen.nl:443
2024-12-27 22:52:52,543 - DEBUG - https://oorlogsspullen.nl:443 "GET /product-categorie/new/page/0/ HTTP/1.1" 200 21121
2024-12-27 22:52:52,826 - INFO - 
------------------------------------------------------------
                    NEW INSTANCE STARTED                    
------------------------------------------------------------
2024-12-27 22:52:52,826 - INFO - MILITARIA SITE      : OORLOGSSPULLEN
2024-12-27 22:52:52,826 - INFO - PRODUCTS URL        : https://oorlogsspullen.nl/product-categorie/new/page/0/
2024-12-27 22:52:52,826 - INFO - CYCLES RUN          : 0
2024-12-27 22:52:52,827 - INFO - PRODUCTS PROCESSED  : 0
2024-12-27 22:52:52,827 - INFO - TIMESTAMP           : 2024-12-27 22:52:52.826133
2024-12-27 22:52:52,827 - DEBUG - Product URL constructed: https://oorlogsspullen.nl/product/original-wwii-us-army-snow-camouflage-trousers-7/
2024-12-27 22:52:53,317 - DEBUG - Image upload already completed for product URL: https://oorlogsspullen.nl/product/original-wwii-us-army-snow-camouflage-trousers-7/.
2024-12-27 22:52:53,317 - INFO - Skipping image upload for product: https://oorlogsspullen.nl/product/original-wwii-us-army-snow-camouflage-trousers-7/ as images are already uploaded.
2024-12-27 22:52:53,317 - DEBUG - Product URL constructed: https://oorlogsspullen.nl/product/original-wwii-dutch-bank-document-grouping-nsb-leader-anton-mussert/
2024-12-27 22:52:53,789 - DEBUG - Image upload already completed for product URL: https://oorlogsspullen.nl/product/original-wwii-dutch-bank-document-grouping-nsb-leader-anton-mussert/.
2024-12-27 22:52:53,790 - INFO - Skipping image upload for product: https://oorlogsspullen.nl/product/original-wwii-dutch-bank-document-grouping-nsb-leader-anton-mussert/ as images are already uploaded.
2024-12-27 22:52:53,790 - DEBUG - Product URL constructed: https://oorlogsspullen.nl/product/original-wwii-german-red-cross-letter-guernsey-island-somerset/
2024-12-27 22:52:54,261 - DEBUG - Image upload already completed for product URL: https://oorlogsspullen.nl/product/original-wwii-german-red-cross-letter-guernsey-island-somerset/.
2024-12-27 22:52:54,261 - INFO - Skipping image upload for product: https://oorlogsspullen.nl/product/original-wwii-german-red-cross-letter-guernsey-island-somerset/ as images are already uploaded.
2024-12-27 22:52:54,262 - DEBUG - Product URL constructed: https://oorlogsspullen.nl/product/original-wwii-south-african-sanp-greyshemde-uniform/
2024-12-27 22:52:54,735 - DEBUG - Image upload already completed for product URL: https://oorlogsspullen.nl/product/original-wwii-south-african-sanp-greyshemde-uniform/.
2024-12-27 22:52:54,735 - INFO - Skipping image upload for product: https://oorlogsspullen.nl/product/original-wwii-south-african-sanp-greyshemde-uniform/ as images are already uploaded.
2024-12-27 22:52:54,735 - DEBUG - Product URL constructed: https://oorlogsspullen.nl/product/original-wwii-us-battle-of-the-bulge-antitank-minefield-sketch-map-area-of-baugnez-4/
2024-12-27 22:52:55,207 - DEBUG - Image upload already completed for product URL: https://oorlogsspullen.nl/product/original-wwii-us-battle-of-the-bulge-antitank-minefield-sketch-map-area-of-baugnez-4/.
2024-12-27 22:52:55,207 - INFO - Skipping image upload for product: https://oorlogsspullen.nl/product/original-wwii-us-battle-of-the-bulge-antitank-minefield-sketch-map-area-of-baugnez-4/ as images are already uploaded.
2024-12-27 22:52:55,208 - DEBUG - Product URL constructed: https://oorlogsspullen.nl/product/original-wwii-dutch-police-fn-m25-holster/
2024-12-27 22:52:55,679 - DEBUG - Image upload already completed for product URL: https://oorlogsspullen.nl/product/original-wwii-dutch-police-fn-m25-holster/.
2024-12-27 22:52:55,679 - INFO - Skipping image upload for product: https://oorlogsspullen.nl/product/original-wwii-dutch-police-fn-m25-holster/ as images are already uploaded.
2024-12-27 22:52:55,680 - DEBUG - Product URL constructed: https://oorlogsspullen.nl/product/original-wwii-dutch-luchtbeschermingsdienst-helmet-39/
2024-12-27 22:52:56,165 - DEBUG - Image upload already completed for product URL: https://oorlogsspullen.nl/product/original-wwii-dutch-luchtbeschermingsdienst-helmet-39/.
2024-12-27 22:52:56,165 - INFO - Skipping image upload for product: https://oorlogsspullen.nl/product/original-wwii-dutch-luchtbeschermingsdienst-helmet-39/ as images are already uploaded.
2024-12-27 22:52:56,165 - DEBUG - Product URL constructed: https://oorlogsspullen.nl/product/original-wwii-us-battle-of-the-bulge-antitank-minefield-sketch-map-area-of-durbuy-clavier/
2024-12-27 22:52:56,638 - DEBUG - Image upload already completed for product URL: https://oorlogsspullen.nl/product/original-wwii-us-battle-of-the-bulge-antitank-minefield-sketch-map-area-of-durbuy-clavier/.
2024-12-27 22:52:56,639 - INFO - Skipping image upload for product: https://oorlogsspullen.nl/product/original-wwii-us-battle-of-the-bulge-antitank-minefield-sketch-map-area-of-durbuy-clavier/ as images are already uploaded.
2024-12-27 22:52:56,639 - DEBUG - Product URL constructed: https://oorlogsspullen.nl/product/original-wwii-us-ardennes-antitank-minefield-sketches-maps-area-near-vielsalm/
2024-12-27 22:52:57,113 - DEBUG - Image upload already completed for product URL: https://oorlogsspullen.nl/product/original-wwii-us-ardennes-antitank-minefield-sketches-maps-area-near-vielsalm/.
2024-12-27 22:52:57,113 - INFO - Skipping image upload for product: https://oorlogsspullen.nl/product/original-wwii-us-ardennes-antitank-minefield-sketches-maps-area-near-vielsalm/ as images are already uploaded.
2024-12-27 22:52:57,113 - DEBUG - Product URL constructed: https://oorlogsspullen.nl/product/original-wwii-italian-waffen-ss-newspaper-8/
2024-12-27 22:52:57,583 - DEBUG - Image upload already completed for product URL: https://oorlogsspullen.nl/product/original-wwii-italian-waffen-ss-newspaper-8/.
2024-12-27 22:52:57,584 - INFO - Skipping image upload for product: https://oorlogsspullen.nl/product/original-wwii-italian-waffen-ss-newspaper-8/ as images are already uploaded.
2024-12-27 22:52:57,584 - DEBUG - Product URL constructed: https://oorlogsspullen.nl/product/original-wwii-italian-waffen-ss-newspaper-7/
2024-12-27 22:52:58,057 - DEBUG - Image upload already completed for product URL: https://oorlogsspullen.nl/product/original-wwii-italian-waffen-ss-newspaper-7/.
2024-12-27 22:52:58,057 - INFO - Skipping image upload for product: https://oorlogsspullen.nl/product/original-wwii-italian-waffen-ss-newspaper-7/ as images are already uploaded.
2024-12-27 22:52:58,057 - DEBUG - Product URL constructed: https://oorlogsspullen.nl/product/original-wwii-italian-waffen-ss-newspaper-6/
2024-12-27 22:52:58,529 - DEBUG - Image upload already completed for product URL: https://oorlogsspullen.nl/product/original-wwii-italian-waffen-ss-newspaper-6/.
2024-12-27 22:52:58,529 - INFO - Skipping image upload for product: https://oorlogsspullen.nl/product/original-wwii-italian-waffen-ss-newspaper-6/ as images are already uploaded.
2024-12-27 22:52:58,529 - DEBUG - Product URL constructed: https://oorlogsspullen.nl/product/original-wwii-dutch-nsnap-magazine-rappard-2/
2024-12-27 22:52:59,001 - DEBUG - Image upload already completed for product URL: https://oorlogsspullen.nl/product/original-wwii-dutch-nsnap-magazine-rappard-2/.
2024-12-27 22:52:59,002 - INFO - Skipping image upload for product: https://oorlogsspullen.nl/product/original-wwii-dutch-nsnap-magazine-rappard-2/ as images are already uploaded.
2024-12-27 22:52:59,002 - DEBUG - Product URL constructed: https://oorlogsspullen.nl/product/original-wwii-german-luftwaffe-officers-raincoat/
2024-12-27 22:52:59,474 - DEBUG - Image upload already completed for product URL: https://oorlogsspullen.nl/product/original-wwii-german-luftwaffe-officers-raincoat/.
2024-12-27 22:52:59,474 - INFO - Skipping image upload for product: https://oorlogsspullen.nl/product/original-wwii-german-luftwaffe-officers-raincoat/ as images are already uploaded.
2024-12-27 22:52:59,474 - DEBUG - Product URL constructed: https://oorlogsspullen.nl/product/original-wwii-german-wh-m36-medical-major-field-jacket/
2024-12-27 22:52:59,947 - DEBUG - Image upload already completed for product URL: https://oorlogsspullen.nl/product/original-wwii-german-wh-m36-medical-major-field-jacket/.
2024-12-27 22:52:59,948 - INFO - Skipping image upload for product: https://oorlogsspullen.nl/product/original-wwii-german-wh-m36-medical-major-field-jacket/ as images are already uploaded.
2024-12-27 22:52:59,948 - DEBUG - Product URL constructed: https://oorlogsspullen.nl/product/original-wwii-dutch-red-cross-letter-utrecht-london/
2024-12-27 22:53:00,426 - DEBUG - Image upload already completed for product URL: https://oorlogsspullen.nl/product/original-wwii-dutch-red-cross-letter-utrecht-london/.
2024-12-27 22:53:00,426 - INFO - Skipping image upload for product: https://oorlogsspullen.nl/product/original-wwii-dutch-red-cross-letter-utrecht-london/ as images are already uploaded.
2024-12-27 22:53:00,426 - DEBUG - Navigating to products page: https://oorlogsspullen.nl/product-categorie/new/page/1/
2024-12-27 22:53:00,427 - DEBUG - Resetting dropped connection: oorlogsspullen.nl
2024-12-27 22:53:02,644 - DEBUG - https://oorlogsspullen.nl:443 "GET /product-categorie/new/page/1/ HTTP/1.1" 301 0
2024-12-27 22:53:04,311 - DEBUG - https://oorlogsspullen.nl:443 "GET /product-categorie/new/ HTTP/1.1" 200 21121
2024-12-27 22:53:04,594 - INFO - 
------------------------------------------------------------
                    NEW INSTANCE STARTED                    
------------------------------------------------------------
2024-12-27 22:53:04,595 - INFO - MILITARIA SITE      : OORLOGSSPULLEN
2024-12-27 22:53:04,595 - INFO - PRODUCTS URL        : https://oorlogsspullen.nl/product-categorie/new/page/1/
2024-12-27 22:53:04,595 - INFO - CYCLES RUN          : 0
2024-12-27 22:53:04,595 - INFO - PRODUCTS PROCESSED  : 0
2024-12-27 22:53:04,595 - INFO - TIMESTAMP           : 2024-12-27 22:53:04.594534
2024-12-27 22:53:04,596 - DEBUG - Product URL constructed: https://oorlogsspullen.nl/product/original-wwii-us-army-snow-camouflage-trousers-7/
2024-12-27 22:53:05,070 - DEBUG - Image upload already completed for product URL: https://oorlogsspullen.nl/product/original-wwii-us-army-snow-camouflage-trousers-7/.
2024-12-27 22:53:05,070 - INFO - Skipping image upload for product: https://oorlogsspullen.nl/product/original-wwii-us-army-snow-camouflage-trousers-7/ as images are already uploaded.
2024-12-27 22:53:05,071 - DEBUG - Product URL constructed: https://oorlogsspullen.nl/product/original-wwii-dutch-bank-document-grouping-nsb-leader-anton-mussert/
2024-12-27 22:53:05,544 - DEBUG - Image upload already completed for product URL: https://oorlogsspullen.nl/product/original-wwii-dutch-bank-document-grouping-nsb-leader-anton-mussert/.
2024-12-27 22:53:05,545 - INFO - Skipping image upload for product: https://oorlogsspullen.nl/product/original-wwii-dutch-bank-document-grouping-nsb-leader-anton-mussert/ as images are already uploaded.
2024-12-27 22:53:05,545 - DEBUG - Product URL constructed: https://oorlogsspullen.nl/product/original-wwii-german-red-cross-letter-guernsey-island-somerset/
2024-12-27 22:53:06,017 - DEBUG - Image upload already completed for product URL: https://oorlogsspullen.nl/product/original-wwii-german-red-cross-letter-guernsey-island-somerset/.
2024-12-27 22:53:06,017 - INFO - Skipping image upload for product: https://oorlogsspullen.nl/product/original-wwii-german-red-cross-letter-guernsey-island-somerset/ as images are already uploaded.
2024-12-27 22:53:06,017 - DEBUG - Product URL constructed: https://oorlogsspullen.nl/product/original-wwii-south-african-sanp-greyshemde-uniform/
2024-12-27 22:53:06,491 - DEBUG - Image upload already completed for product URL: https://oorlogsspullen.nl/product/original-wwii-south-african-sanp-greyshemde-uniform/.
2024-12-27 22:53:06,492 - INFO - Skipping image upload for product: https://oorlogsspullen.nl/product/original-wwii-south-african-sanp-greyshemde-uniform/ as images are already uploaded.
2024-12-27 22:53:06,492 - DEBUG - Product URL constructed: https://oorlogsspullen.nl/product/original-wwii-us-battle-of-the-bulge-antitank-minefield-sketch-map-area-of-baugnez-4/
2024-12-27 22:53:06,964 - DEBUG - Image upload already completed for product URL: https://oorlogsspullen.nl/product/original-wwii-us-battle-of-the-bulge-antitank-minefield-sketch-map-area-of-baugnez-4/.
2024-12-27 22:53:06,965 - INFO - Skipping image upload for product: https://oorlogsspullen.nl/product/original-wwii-us-battle-of-the-bulge-antitank-minefield-sketch-map-area-of-baugnez-4/ as images are already uploaded.
2024-12-27 22:53:06,965 - DEBUG - Product URL constructed: https://oorlogsspullen.nl/product/original-wwii-dutch-police-fn-m25-holster/
2024-12-27 22:53:07,439 - DEBUG - Image upload already completed for product URL: https://oorlogsspullen.nl/product/original-wwii-dutch-police-fn-m25-holster/.
2024-12-27 22:53:07,440 - INFO - Skipping image upload for product: https://oorlogsspullen.nl/product/original-wwii-dutch-police-fn-m25-holster/ as images are already uploaded.
2024-12-27 22:53:07,440 - DEBUG - Product URL constructed: https://oorlogsspullen.nl/product/original-wwii-dutch-luchtbeschermingsdienst-helmet-39/
2024-12-27 22:53:07,912 - DEBUG - Image upload already completed for product URL: https://oorlogsspullen.nl/product/original-wwii-dutch-luchtbeschermingsdienst-helmet-39/.
2024-12-27 22:53:07,913 - INFO - Skipping image upload for product: https://oorlogsspullen.nl/product/original-wwii-dutch-luchtbeschermingsdienst-helmet-39/ as images are already uploaded.
2024-12-27 22:53:07,913 - DEBUG - Product URL constructed: https://oorlogsspullen.nl/product/original-wwii-us-battle-of-the-bulge-antitank-minefield-sketch-map-area-of-durbuy-clavier/
2024-12-27 22:53:08,385 - DEBUG - Image upload already completed for product URL: https://oorlogsspullen.nl/product/original-wwii-us-battle-of-the-bulge-antitank-minefield-sketch-map-area-of-durbuy-clavier/.
2024-12-27 22:53:08,385 - INFO - Skipping image upload for product: https://oorlogsspullen.nl/product/original-wwii-us-battle-of-the-bulge-antitank-minefield-sketch-map-area-of-durbuy-clavier/ as images are already uploaded.
2024-12-27 22:53:08,385 - DEBUG - Product URL constructed: https://oorlogsspullen.nl/product/original-wwii-us-ardennes-antitank-minefield-sketches-maps-area-near-vielsalm/
2024-12-27 22:53:08,857 - DEBUG - Image upload already completed for product URL: https://oorlogsspullen.nl/product/original-wwii-us-ardennes-antitank-minefield-sketches-maps-area-near-vielsalm/.
2024-12-27 22:53:08,857 - INFO - Skipping image upload for product: https://oorlogsspullen.nl/product/original-wwii-us-ardennes-antitank-minefield-sketches-maps-area-near-vielsalm/ as images are already uploaded.
2024-12-27 22:53:08,858 - DEBUG - Product URL constructed: https://oorlogsspullen.nl/product/original-wwii-italian-waffen-ss-newspaper-8/
2024-12-27 22:53:09,335 - DEBUG - Image upload already completed for product URL: https://oorlogsspullen.nl/product/original-wwii-italian-waffen-ss-newspaper-8/.
2024-12-27 22:53:09,335 - INFO - Skipping image upload for product: https://oorlogsspullen.nl/product/original-wwii-italian-waffen-ss-newspaper-8/ as images are already uploaded.
2024-12-27 22:53:09,335 - DEBUG - Product URL constructed: https://oorlogsspullen.nl/product/original-wwii-italian-waffen-ss-newspaper-7/
2024-12-27 22:53:09,809 - DEBUG - Image upload already completed for product URL: https://oorlogsspullen.nl/product/original-wwii-italian-waffen-ss-newspaper-7/.
2024-12-27 22:53:09,810 - INFO - Skipping image upload for product: https://oorlogsspullen.nl/product/original-wwii-italian-waffen-ss-newspaper-7/ as images are already uploaded.
2024-12-27 22:53:09,810 - DEBUG - Product URL constructed: https://oorlogsspullen.nl/product/original-wwii-italian-waffen-ss-newspaper-6/
2024-12-27 22:53:10,285 - DEBUG - Image upload already completed for product URL: https://oorlogsspullen.nl/product/original-wwii-italian-waffen-ss-newspaper-6/.
2024-12-27 22:53:10,285 - INFO - Skipping image upload for product: https://oorlogsspullen.nl/product/original-wwii-italian-waffen-ss-newspaper-6/ as images are already uploaded.
2024-12-27 22:53:10,287 - DEBUG - Product URL constructed: https://oorlogsspullen.nl/product/original-wwii-dutch-nsnap-magazine-rappard-2/
2024-12-27 22:53:10,775 - DEBUG - Image upload already completed for product URL: https://oorlogsspullen.nl/product/original-wwii-dutch-nsnap-magazine-rappard-2/.
2024-12-27 22:53:10,776 - INFO - Skipping image upload for product: https://oorlogsspullen.nl/product/original-wwii-dutch-nsnap-magazine-rappard-2/ as images are already uploaded.
2024-12-27 22:53:10,776 - DEBUG - Product URL constructed: https://oorlogsspullen.nl/product/original-wwii-german-luftwaffe-officers-raincoat/
2024-12-27 22:53:11,256 - DEBUG - Image upload already completed for product URL: https://oorlogsspullen.nl/product/original-wwii-german-luftwaffe-officers-raincoat/.
2024-12-27 22:53:11,256 - INFO - Skipping image upload for product: https://oorlogsspullen.nl/product/original-wwii-german-luftwaffe-officers-raincoat/ as images are already uploaded.
2024-12-27 22:53:11,256 - DEBUG - Product URL constructed: https://oorlogsspullen.nl/product/original-wwii-german-wh-m36-medical-major-field-jacket/
2024-12-27 22:53:11,736 - DEBUG - Image upload already completed for product URL: https://oorlogsspullen.nl/product/original-wwii-german-wh-m36-medical-major-field-jacket/.
2024-12-27 22:53:11,736 - INFO - Skipping image upload for product: https://oorlogsspullen.nl/product/original-wwii-german-wh-m36-medical-major-field-jacket/ as images are already uploaded.
2024-12-27 22:53:11,736 - DEBUG - Product URL constructed: https://oorlogsspullen.nl/product/original-wwii-dutch-red-cross-letter-utrecht-london/
2024-12-27 22:53:12,217 - DEBUG - Image upload already completed for product URL: https://oorlogsspullen.nl/product/original-wwii-dutch-red-cross-letter-utrecht-london/.
2024-12-27 22:53:12,218 - INFO - Skipping image upload for product: https://oorlogsspullen.nl/product/original-wwii-dutch-red-cross-letter-utrecht-london/ as images are already uploaded.
2024-12-27 22:53:12,218 - DEBUG - Navigating to products page: https://oorlogsspullen.nl/product-categorie/new/page/2/
2024-12-27 22:53:12,219 - DEBUG - Resetting dropped connection: oorlogsspullen.nl
2024-12-27 22:53:15,053 - DEBUG - https://oorlogsspullen.nl:443 "GET /product-categorie/new/page/2/ HTTP/1.1" 200 20268
2024-12-27 22:53:15,328 - INFO - 
------------------------------------------------------------
                    NEW INSTANCE STARTED                    
------------------------------------------------------------
2024-12-27 22:53:15,329 - INFO - MILITARIA SITE      : OORLOGSSPULLEN
2024-12-27 22:53:15,329 - INFO - PRODUCTS URL        : https://oorlogsspullen.nl/product-categorie/new/page/2/
2024-12-27 22:53:15,330 - INFO - CYCLES RUN          : 0
2024-12-27 22:53:15,330 - INFO - PRODUCTS PROCESSED  : 0
2024-12-27 22:53:15,330 - INFO - TIMESTAMP           : 2024-12-27 22:53:15.328267
2024-12-27 22:53:15,330 - DEBUG - Product URL constructed: https://oorlogsspullen.nl/product/original-wwii-german-beer-mug-3-nachrichten-ersatz-abteilung-34/
2024-12-27 22:53:15,801 - DEBUG - Image upload already completed for product URL: https://oorlogsspullen.nl/product/original-wwii-german-beer-mug-3-nachrichten-ersatz-abteilung-34/.
2024-12-27 22:53:15,801 - INFO - Skipping image upload for product: https://oorlogsspullen.nl/product/original-wwii-german-beer-mug-3-nachrichten-ersatz-abteilung-34/ as images are already uploaded.
2024-12-27 22:53:15,801 - DEBUG - Product URL constructed: https://oorlogsspullen.nl/product/original-wwii-usmc-m1-helmet-camouflage-mosquito-cover-3/
2024-12-27 22:53:16,295 - DEBUG - Image upload already completed for product URL: https://oorlogsspullen.nl/product/original-wwii-usmc-m1-helmet-camouflage-mosquito-cover-3/.
2024-12-27 22:53:16,295 - INFO - Skipping image upload for product: https://oorlogsspullen.nl/product/original-wwii-usmc-m1-helmet-camouflage-mosquito-cover-3/ as images are already uploaded.
2024-12-27 22:53:16,296 - DEBUG - Product URL constructed: https://oorlogsspullen.nl/product/original-wwii-dutch-nsb-in-flanders-belgium-newspaper/
2024-12-27 22:53:16,766 - DEBUG - Image upload already completed for product URL: https://oorlogsspullen.nl/product/original-wwii-dutch-nsb-in-flanders-belgium-newspaper/.
2024-12-27 22:53:16,767 - INFO - Skipping image upload for product: https://oorlogsspullen.nl/product/original-wwii-dutch-nsb-in-flanders-belgium-newspaper/ as images are already uploaded.
2024-12-27 22:53:16,767 - DEBUG - Product URL constructed: https://oorlogsspullen.nl/product/original-wwii-nsb-vlaanderen-stationery/
2024-12-27 22:53:17,238 - DEBUG - Image upload already completed for product URL: https://oorlogsspullen.nl/product/original-wwii-nsb-vlaanderen-stationery/.
2024-12-27 22:53:17,238 - INFO - Skipping image upload for product: https://oorlogsspullen.nl/product/original-wwii-nsb-vlaanderen-stationery/ as images are already uploaded.
2024-12-27 22:53:17,238 - DEBUG - Product URL constructed: https://oorlogsspullen.nl/product/original-wwii-finnish-kp-31-suomi-eu-deko/
2024-12-27 22:53:17,730 - DEBUG - Image upload already completed for product URL: https://oorlogsspullen.nl/product/original-wwii-finnish-kp-31-suomi-eu-deko/.
2024-12-27 22:53:17,730 - INFO - Skipping image upload for product: https://oorlogsspullen.nl/product/original-wwii-finnish-kp-31-suomi-eu-deko/ as images are already uploaded.
2024-12-27 22:53:17,730 - DEBUG - Product URL constructed: https://oorlogsspullen.nl/product/original-wwii-russian-army-m43-major-general-tunic/
2024-12-27 22:53:18,205 - DEBUG - Image upload already completed for product URL: https://oorlogsspullen.nl/product/original-wwii-russian-army-m43-major-general-tunic/.
2024-12-27 22:53:18,205 - INFO - Skipping image upload for product: https://oorlogsspullen.nl/product/original-wwii-russian-army-m43-major-general-tunic/ as images are already uploaded.
2024-12-27 22:53:18,205 - DEBUG - Product URL constructed: https://oorlogsspullen.nl/product/original-wwii-german-waffen-ss-m44-wool-trousers/
2024-12-27 22:53:18,677 - DEBUG - Image upload already completed for product URL: https://oorlogsspullen.nl/product/original-wwii-german-waffen-ss-m44-wool-trousers/.
2024-12-27 22:53:18,677 - INFO - Skipping image upload for product: https://oorlogsspullen.nl/product/original-wwii-german-waffen-ss-m44-wool-trousers/ as images are already uploaded.
2024-12-27 22:53:18,678 - DEBUG - Product URL constructed: https://oorlogsspullen.nl/product/original-wwii-belgisch-nationaal-legioen-fascist-membership-and-invitation-card/
2024-12-27 22:53:19,165 - DEBUG - Image upload already completed for product URL: https://oorlogsspullen.nl/product/original-wwii-belgisch-nationaal-legioen-fascist-membership-and-invitation-card/.
2024-12-27 22:53:19,165 - INFO - Skipping image upload for product: https://oorlogsspullen.nl/product/original-wwii-belgisch-nationaal-legioen-fascist-membership-and-invitation-card/ as images are already uploaded.
2024-12-27 22:53:19,165 - DEBUG - Product URL constructed: https://oorlogsspullen.nl/product/original-wwii-german-large-map-of-the-united-kingdom-and-ireland/
2024-12-27 22:53:19,638 - DEBUG - Image upload already completed for product URL: https://oorlogsspullen.nl/product/original-wwii-german-large-map-of-the-united-kingdom-and-ireland/.
2024-12-27 22:53:19,639 - INFO - Skipping image upload for product: https://oorlogsspullen.nl/product/original-wwii-german-large-map-of-the-united-kingdom-and-ireland/ as images are already uploaded.
2024-12-27 22:53:19,639 - DEBUG - Product URL constructed: https://oorlogsspullen.nl/product/original-wwii-british-army-map-of-bocholt-1944/
2024-12-27 22:53:20,114 - DEBUG - Image upload already completed for product URL: https://oorlogsspullen.nl/product/original-wwii-british-army-map-of-bocholt-1944/.
2024-12-27 22:53:20,114 - INFO - Skipping image upload for product: https://oorlogsspullen.nl/product/original-wwii-british-army-map-of-bocholt-1944/ as images are already uploaded.
2024-12-27 22:53:20,115 - DEBUG - Product URL constructed: https://oorlogsspullen.nl/product/original-wwii-us-army-map-of-stavoren-1943/
2024-12-27 22:53:20,586 - DEBUG - Image upload already completed for product URL: https://oorlogsspullen.nl/product/original-wwii-us-army-map-of-stavoren-1943/.
2024-12-27 22:53:20,587 - INFO - Skipping image upload for product: https://oorlogsspullen.nl/product/original-wwii-us-army-map-of-stavoren-1943/ as images are already uploaded.
2024-12-27 22:53:20,587 - DEBUG - Product URL constructed: https://oorlogsspullen.nl/product/original-wwii-us-map-of-terheijden-1944/
2024-12-27 22:53:21,063 - DEBUG - Image upload already completed for product URL: https://oorlogsspullen.nl/product/original-wwii-us-map-of-terheijden-1944/.
2024-12-27 22:53:21,064 - INFO - Skipping image upload for product: https://oorlogsspullen.nl/product/original-wwii-us-map-of-terheijden-1944/ as images are already uploaded.
2024-12-27 22:53:21,064 - DEBUG - Product URL constructed: https://oorlogsspullen.nl/product/original-wwii-us-army-map-of-hardenberg-1944/
2024-12-27 22:53:21,542 - DEBUG - Image upload already completed for product URL: https://oorlogsspullen.nl/product/original-wwii-us-army-map-of-hardenberg-1944/.
2024-12-27 22:53:21,542 - INFO - Skipping image upload for product: https://oorlogsspullen.nl/product/original-wwii-us-army-map-of-hardenberg-1944/ as images are already uploaded.
2024-12-27 22:53:21,543 - DEBUG - Product URL constructed: https://oorlogsspullen.nl/product/original-wwii-us-army-map-of-hoorn/
2024-12-27 22:53:22,015 - DEBUG - Image upload already completed for product URL: https://oorlogsspullen.nl/product/original-wwii-us-army-map-of-hoorn/.
2024-12-27 22:53:22,016 - INFO - Skipping image upload for product: https://oorlogsspullen.nl/product/original-wwii-us-army-map-of-hoorn/ as images are already uploaded.
2024-12-27 22:53:22,016 - DEBUG - Product URL constructed: https://oorlogsspullen.nl/product/original-wwi-german-k98-pouch-1915/
2024-12-27 22:53:22,506 - DEBUG - Image upload already completed for product URL: https://oorlogsspullen.nl/product/original-wwi-german-k98-pouch-1915/.
2024-12-27 22:53:22,506 - INFO - Skipping image upload for product: https://oorlogsspullen.nl/product/original-wwi-german-k98-pouch-1915/ as images are already uploaded.
2024-12-27 22:53:22,506 - DEBUG - Product URL constructed: https://oorlogsspullen.nl/product/original-wwii-german-k98-cleaning-kit-3/
2024-12-27 22:53:22,978 - DEBUG - Image upload already completed for product URL: https://oorlogsspullen.nl/product/original-wwii-german-k98-cleaning-kit-3/.
2024-12-27 22:53:22,978 - INFO - Skipping image upload for product: https://oorlogsspullen.nl/product/original-wwii-german-k98-cleaning-kit-3/ as images are already uploaded.
2024-12-27 22:53:22,979 - DEBUG - Navigating to products page: https://oorlogsspullen.nl/product-categorie/new/page/3/
2024-12-27 22:53:22,980 - DEBUG - Resetting dropped connection: oorlogsspullen.nl
2024-12-27 22:53:25,527 - DEBUG - https://oorlogsspullen.nl:443 "GET /product-categorie/new/page/3/ HTTP/1.1" 200 20380
2024-12-27 22:53:25,808 - INFO - 
------------------------------------------------------------
                    NEW INSTANCE STARTED                    
------------------------------------------------------------
2024-12-27 22:53:25,809 - INFO - MILITARIA SITE      : OORLOGSSPULLEN
2024-12-27 22:53:25,811 - INFO - PRODUCTS URL        : https://oorlogsspullen.nl/product-categorie/new/page/3/
2024-12-27 22:53:25,812 - INFO - CYCLES RUN          : 0
2024-12-27 22:53:25,813 - INFO - PRODUCTS PROCESSED  : 0
2024-12-27 22:53:25,813 - INFO - TIMESTAMP           : 2024-12-27 22:53:25.808633
2024-12-27 22:53:25,813 - DEBUG - Product URL constructed: https://oorlogsspullen.nl/product/original-wwii-german-mauser-k98-pouch-5/
2024-12-27 22:53:26,287 - DEBUG - Image upload already completed for product URL: https://oorlogsspullen.nl/product/original-wwii-german-mauser-k98-pouch-5/.
2024-12-27 22:53:26,287 - INFO - Skipping image upload for product: https://oorlogsspullen.nl/product/original-wwii-german-mauser-k98-pouch-5/ as images are already uploaded.
2024-12-27 22:53:26,288 - DEBUG - Product URL constructed: https://oorlogsspullen.nl/product/original-wwii-german-mauser-k98-pouch-1940/
2024-12-27 22:53:26,774 - DEBUG - Image upload already completed for product URL: https://oorlogsspullen.nl/product/original-wwii-german-mauser-k98-pouch-1940/.
2024-12-27 22:53:26,774 - INFO - Skipping image upload for product: https://oorlogsspullen.nl/product/original-wwii-german-mauser-k98-pouch-1940/ as images are already uploaded.
2024-12-27 22:53:26,774 - DEBUG - Product URL constructed: https://oorlogsspullen.nl/product/original-wwii-dutch-death-card-reeuwijk-celle/
2024-12-27 22:53:27,251 - DEBUG - Image upload already completed for product URL: https://oorlogsspullen.nl/product/original-wwii-dutch-death-card-reeuwijk-celle/.
2024-12-27 22:53:27,251 - INFO - Skipping image upload for product: https://oorlogsspullen.nl/product/original-wwii-dutch-death-card-reeuwijk-celle/ as images are already uploaded.
2024-12-27 22:53:27,252 - DEBUG - Product URL constructed: https://oorlogsspullen.nl/product/original-wwii-german-luftwaffe-tropical-boots/
2024-12-27 22:53:27,726 - DEBUG - Image upload already completed for product URL: https://oorlogsspullen.nl/product/original-wwii-german-luftwaffe-tropical-boots/.
2024-12-27 22:53:27,727 - INFO - Skipping image upload for product: https://oorlogsspullen.nl/product/original-wwii-german-luftwaffe-tropical-boots/ as images are already uploaded.
2024-12-27 22:53:27,727 - DEBUG - Product URL constructed: https://oorlogsspullen.nl/product/original-wwii-nederlandsche-arbeidsdienst-meisjes-ret-broche/
2024-12-27 22:53:28,201 - DEBUG - Image upload already completed for product URL: https://oorlogsspullen.nl/product/original-wwii-nederlandsche-arbeidsdienst-meisjes-ret-broche/.
2024-12-27 22:53:28,201 - INFO - Skipping image upload for product: https://oorlogsspullen.nl/product/original-wwii-nederlandsche-arbeidsdienst-meisjes-ret-broche/ as images are already uploaded.
2024-12-27 22:53:28,201 - DEBUG - Product URL constructed: https://oorlogsspullen.nl/product/the-genealogy-of-dutch-fascism-and-national-socialism-with-design-drawings/
2024-12-27 22:53:28,672 - DEBUG - Image upload already completed for product URL: https://oorlogsspullen.nl/product/the-genealogy-of-dutch-fascism-and-national-socialism-with-design-drawings/.
2024-12-27 22:53:28,672 - INFO - Skipping image upload for product: https://oorlogsspullen.nl/product/the-genealogy-of-dutch-fascism-and-national-socialism-with-design-drawings/ as images are already uploaded.
2024-12-27 22:53:28,673 - DEBUG - Product URL constructed: https://oorlogsspullen.nl/product/original-wwii-german-hitlerjugend-armband-5/
2024-12-27 22:53:29,142 - DEBUG - Image upload already completed for product URL: https://oorlogsspullen.nl/product/original-wwii-german-hitlerjugend-armband-5/.
2024-12-27 22:53:29,143 - INFO - Skipping image upload for product: https://oorlogsspullen.nl/product/original-wwii-german-hitlerjugend-armband-5/ as images are already uploaded.
2024-12-27 22:53:29,143 - DEBUG - Product URL constructed: https://oorlogsspullen.nl/product/original-german-ddr-grenztruppen-cuff-title/
2024-12-27 22:53:29,626 - DEBUG - Image upload already completed for product URL: https://oorlogsspullen.nl/product/original-german-ddr-grenztruppen-cuff-title/.
2024-12-27 22:53:29,627 - INFO - Skipping image upload for product: https://oorlogsspullen.nl/product/original-german-ddr-grenztruppen-cuff-title/ as images are already uploaded.
2024-12-27 22:53:29,627 - DEBUG - Product URL constructed: https://oorlogsspullen.nl/product/original-ddr-nva-strichtarn-camouflage-field-cap/
2024-12-27 22:53:30,099 - DEBUG - Image upload already completed for product URL: https://oorlogsspullen.nl/product/original-ddr-nva-strichtarn-camouflage-field-cap/.
2024-12-27 22:53:30,100 - INFO - Skipping image upload for product: https://oorlogsspullen.nl/product/original-ddr-nva-strichtarn-camouflage-field-cap/ as images are already uploaded.
2024-12-27 22:53:30,100 - DEBUG - Product URL constructed: https://oorlogsspullen.nl/product/original-german-ddr-overseas-cap/
2024-12-27 22:53:30,575 - DEBUG - Image upload already completed for product URL: https://oorlogsspullen.nl/product/original-german-ddr-overseas-cap/.
2024-12-27 22:53:30,575 - INFO - Skipping image upload for product: https://oorlogsspullen.nl/product/original-german-ddr-overseas-cap/ as images are already uploaded.
2024-12-27 22:53:30,575 - DEBUG - Product URL constructed: https://oorlogsspullen.nl/product/original-wwii-us-army-map-of-millingen-aan-de-rijn-1944/
2024-12-27 22:53:31,048 - DEBUG - Image upload already completed for product URL: https://oorlogsspullen.nl/product/original-wwii-us-army-map-of-millingen-aan-de-rijn-1944/.
2024-12-27 22:53:31,048 - INFO - Skipping image upload for product: https://oorlogsspullen.nl/product/original-wwii-us-army-map-of-millingen-aan-de-rijn-1944/ as images are already uploaded.
2024-12-27 22:53:31,048 - DEBUG - Product URL constructed: https://oorlogsspullen.nl/product/original-wwii-walloon-volunteer-legion-postcard-set/
2024-12-27 22:53:31,531 - DEBUG - Image upload already completed for product URL: https://oorlogsspullen.nl/product/original-wwii-walloon-volunteer-legion-postcard-set/.
2024-12-27 22:53:31,531 - INFO - Skipping image upload for product: https://oorlogsspullen.nl/product/original-wwii-walloon-volunteer-legion-postcard-set/ as images are already uploaded.
2024-12-27 22:53:31,531 - DEBUG - Product URL constructed: https://oorlogsspullen.nl/product/original-wwii-dutch-death-card-of-a-courier-for-the-2nd-british-army-in-limburg-merselo-leunen/
2024-12-27 22:53:32,004 - DEBUG - Image upload already completed for product URL: https://oorlogsspullen.nl/product/original-wwii-dutch-death-card-of-a-courier-for-the-2nd-british-army-in-limburg-merselo-leunen/.
2024-12-27 22:53:32,004 - INFO - Skipping image upload for product: https://oorlogsspullen.nl/product/original-wwii-dutch-death-card-of-a-courier-for-the-2nd-british-army-in-limburg-merselo-leunen/ as images are already uploaded.
2024-12-27 22:53:32,004 - DEBUG - Product URL constructed: https://oorlogsspullen.nl/product/original-wwii-german-wh-heer-signal-officer-uniform-jacket/
2024-12-27 22:53:32,476 - DEBUG - Image upload already completed for product URL: https://oorlogsspullen.nl/product/original-wwii-german-wh-heer-signal-officer-uniform-jacket/.
2024-12-27 22:53:32,477 - INFO - Skipping image upload for product: https://oorlogsspullen.nl/product/original-wwii-german-wh-heer-signal-officer-uniform-jacket/ as images are already uploaded.
2024-12-27 22:53:32,477 - DEBUG - Product URL constructed: https://oorlogsspullen.nl/product/original-wwii-german-wh-heer-artillery-nco-visor-cap/
2024-12-27 22:53:32,951 - DEBUG - Image upload already completed for product URL: https://oorlogsspullen.nl/product/original-wwii-german-wh-heer-artillery-nco-visor-cap/.
2024-12-27 22:53:32,951 - INFO - Skipping image upload for product: https://oorlogsspullen.nl/product/original-wwii-german-wh-heer-artillery-nco-visor-cap/ as images are already uploaded.
2024-12-27 22:53:32,952 - DEBUG - Product URL constructed: https://oorlogsspullen.nl/product/originele-wwii-us-navy-officers-visor-cap-2/
2024-12-27 22:53:33,454 - DEBUG - Image upload already completed for product URL: https://oorlogsspullen.nl/product/originele-wwii-us-navy-officers-visor-cap-2/.
2024-12-27 22:53:33,454 - INFO - Skipping image upload for product: https://oorlogsspullen.nl/product/originele-wwii-us-navy-officers-visor-cap-2/ as images are already uploaded.
2024-12-27 22:53:33,454 - DEBUG - Navigating to products page: https://oorlogsspullen.nl/product-categorie/new/page/4/
2024-12-27 22:53:33,455 - DEBUG - Resetting dropped connection: oorlogsspullen.nl
2024-12-27 22:53:35,850 - DEBUG - https://oorlogsspullen.nl:443 "GET /product-categorie/new/page/4/ HTTP/1.1" 200 20824
2024-12-27 22:53:36,146 - INFO - 
------------------------------------------------------------
                    NEW INSTANCE STARTED                    
------------------------------------------------------------
2024-12-27 22:53:36,147 - INFO - MILITARIA SITE      : OORLOGSSPULLEN
2024-12-27 22:53:36,147 - INFO - PRODUCTS URL        : https://oorlogsspullen.nl/product-categorie/new/page/4/
2024-12-27 22:53:36,147 - INFO - CYCLES RUN          : 0
2024-12-27 22:53:36,147 - INFO - PRODUCTS PROCESSED  : 0
2024-12-27 22:53:36,148 - INFO - TIMESTAMP           : 2024-12-27 22:53:36.146793
2024-12-27 22:53:36,148 - DEBUG - Product URL constructed: https://oorlogsspullen.nl/product/original-wwii-german-waffen-ss-gebirgsjager-insignia-2/
2024-12-27 22:53:36,617 - DEBUG - Image upload already completed for product URL: https://oorlogsspullen.nl/product/original-wwii-german-waffen-ss-gebirgsjager-insignia-2/.
2024-12-27 22:53:36,618 - INFO - Skipping image upload for product: https://oorlogsspullen.nl/product/original-wwii-german-waffen-ss-gebirgsjager-insignia-2/ as images are already uploaded.
2024-12-27 22:53:36,618 - DEBUG - Product URL constructed: https://oorlogsspullen.nl/product/original-wwii-dutch-waffen-ss-vrijwilligers-legioen-nederland-welfare-fund-card-3/
2024-12-27 22:53:37,091 - DEBUG - Image upload already completed for product URL: https://oorlogsspullen.nl/product/original-wwii-dutch-waffen-ss-vrijwilligers-legioen-nederland-welfare-fund-card-3/.
2024-12-27 22:53:37,091 - INFO - Skipping image upload for product: https://oorlogsspullen.nl/product/original-wwii-dutch-waffen-ss-vrijwilligers-legioen-nederland-welfare-fund-card-3/ as images are already uploaded.
2024-12-27 22:53:37,092 - DEBUG - Product URL constructed: https://oorlogsspullen.nl/product/original-wwii-german-ss-polizei-division-sahariana-portait-photo/
2024-12-27 22:53:37,575 - DEBUG - Image upload already completed for product URL: https://oorlogsspullen.nl/product/original-wwii-german-ss-polizei-division-sahariana-portait-photo/.
2024-12-27 22:53:37,578 - INFO - Skipping image upload for product: https://oorlogsspullen.nl/product/original-wwii-german-ss-polizei-division-sahariana-portait-photo/ as images are already uploaded.
2024-12-27 22:53:37,579 - DEBUG - Product URL constructed: https://oorlogsspullen.nl/product/original-wwii-luftwaffe-m43-einheitsfeldmutze-cap/
2024-12-27 22:53:38,055 - DEBUG - Image upload already completed for product URL: https://oorlogsspullen.nl/product/original-wwii-luftwaffe-m43-einheitsfeldmutze-cap/.
2024-12-27 22:53:38,055 - INFO - Skipping image upload for product: https://oorlogsspullen.nl/product/original-wwii-luftwaffe-m43-einheitsfeldmutze-cap/ as images are already uploaded.
2024-12-27 22:53:38,056 - DEBUG - Product URL constructed: https://oorlogsspullen.nl/product/original-wwii-german-reichsbahn-visor-cap/
2024-12-27 22:53:38,527 - DEBUG - Image upload already completed for product URL: https://oorlogsspullen.nl/product/original-wwii-german-reichsbahn-visor-cap/.
2024-12-27 22:53:38,528 - INFO - Skipping image upload for product: https://oorlogsspullen.nl/product/original-wwii-german-reichsbahn-visor-cap/ as images are already uploaded.
2024-12-27 22:53:38,528 - DEBUG - Product URL constructed: https://oorlogsspullen.nl/product/original-wwii-dutch-nsb-het-nationale-dagblad-death-of-roosevelt/
2024-12-27 22:53:39,001 - DEBUG - Image upload already completed for product URL: https://oorlogsspullen.nl/product/original-wwii-dutch-nsb-het-nationale-dagblad-death-of-roosevelt/.
2024-12-27 22:53:39,001 - INFO - Skipping image upload for product: https://oorlogsspullen.nl/product/original-wwii-dutch-nsb-het-nationale-dagblad-death-of-roosevelt/ as images are already uploaded.
2024-12-27 22:53:39,002 - DEBUG - Product URL constructed: https://oorlogsspullen.nl/product/original-wwii-dutch-waffen-ss-document-rates-of-household-allowance/
