2024-12-05 15:30:03,437 - INFO - Logging initialized. Log file: logs\2024-12-05_instance_5.log
2024-12-05 15:30:13,868 - INFO - 
------------------------------------------------------------
                     PROGRAM INITIALIZED
                     2024-12-05 15:30:13.868241          
------------------------------------------------------------
2024-12-05 15:30:14,942 - INFO - 
------------------------------------------------------------
                 AVAILABILITY CHECK INITIATED
                     2024-12-05 15:30:14.942765          
------------------------------------------------------------
2024-12-05 15:30:21,427 - INFO - Total URLs to be processed for site CS_MILITARIA: 370
2024-12-05 15:30:21,428 - WARNING - AttributeError while evaluating available element: type object 'ProductScraper' has no attribute 'productSoup'
2024-12-05 15:30:21,599 - WARNING - AttributeError while evaluating available element: type object 'ProductScraper' has no attribute 'productSoup'
2024-12-05 15:30:21,771 - WARNING - AttributeError while evaluating available element: type object 'ProductScraper' has no attribute 'productSoup'
2024-12-05 15:30:21,939 - WARNING - AttributeError while evaluating available element: type object 'ProductScraper' has no attribute 'productSoup'
2024-12-05 15:30:22,107 - WARNING - AttributeError while evaluating available element: type object 'ProductScraper' has no attribute 'productSoup'
2024-12-05 15:30:22,278 - WARNING - AttributeError while evaluating available element: type object 'ProductScraper' has no attribute 'productSoup'
2024-12-05 15:30:22,452 - WARNING - AttributeError while evaluating available element: type object 'ProductScraper' has no attribute 'productSoup'
2024-12-05 15:30:22,622 - WARNING - AttributeError while evaluating available element: type object 'ProductScraper' has no attribute 'productSoup'
2024-12-05 15:30:22,803 - WARNING - AttributeError while evaluating available element: type object 'ProductScraper' has no attribute 'productSoup'
2024-12-05 15:30:22,979 - WARNING - AttributeError while evaluating available element: type object 'ProductScraper' has no attribute 'productSoup'
2024-12-05 15:30:23,149 - WARNING - AttributeError while evaluating available element: type object 'ProductScraper' has no attribute 'productSoup'
2024-12-05 15:30:23,325 - WARNING - AttributeError while evaluating available element: type object 'ProductScraper' has no attribute 'productSoup'
