2024-12-26 19:57:08,624 - INFO - Logging initialized. Log file: logs\2024-12-26_instance_14.log
2024-12-26 19:57:10,577 - INFO - 
------------------------------------------------------------
PROGRAM INITIALIZED 2024-12-26 19:57:10.577731
------------------------------------------------------------
2024-12-26 19:57:15,937 - INFO - PostgreSQL connection pool initialized.
2024-12-26 19:57:15,938 - DEBUG - Changing event name from creating-client-class.iot-data to creating-client-class.iot-data-plane
2024-12-26 19:57:15,941 - DEBUG - Changing event name from before-call.apigateway to before-call.api-gateway
2024-12-26 19:57:15,942 - DEBUG - Changing event name from request-created.machinelearning.Predict to request-created.machine-learning.Predict
2024-12-26 19:57:15,943 - DEBUG - Changing event name from before-parameter-build.autoscaling.CreateLaunchConfiguration to before-parameter-build.auto-scaling.CreateLaunchConfiguration
2024-12-26 19:57:15,943 - DEBUG - Changing event name from before-parameter-build.route53 to before-parameter-build.route-53
2024-12-26 19:57:15,944 - DEBUG - Changing event name from request-created.cloudsearchdomain.Search to request-created.cloudsearch-domain.Search
2024-12-26 19:57:15,944 - DEBUG - Changing event name from docs.*.autoscaling.CreateLaunchConfiguration.complete-section to docs.*.auto-scaling.CreateLaunchConfiguration.complete-section
2024-12-26 19:57:15,946 - DEBUG - Changing event name from before-parameter-build.logs.CreateExportTask to before-parameter-build.cloudwatch-logs.CreateExportTask
2024-12-26 19:57:15,947 - DEBUG - Changing event name from docs.*.logs.CreateExportTask.complete-section to docs.*.cloudwatch-logs.CreateExportTask.complete-section
2024-12-26 19:57:15,947 - DEBUG - Changing event name from before-parameter-build.cloudsearchdomain.Search to before-parameter-build.cloudsearch-domain.Search
2024-12-26 19:57:15,947 - DEBUG - Changing event name from docs.*.cloudsearchdomain.Search.complete-section to docs.*.cloudsearch-domain.Search.complete-section
2024-12-26 19:57:15,997 - DEBUG - Loading JSON file: C:\Users\keena\AppData\Local\Programs\Python\Python312\Lib\site-packages\botocore\data\endpoints.json
2024-12-26 19:57:16,009 - DEBUG - Loading JSON file: C:\Users\keena\AppData\Local\Programs\Python\Python312\Lib\site-packages\botocore\data\sdk-default-configuration.json
2024-12-26 19:57:16,010 - DEBUG - Event choose-service-name: calling handler <function handle_service_name_alias at 0x000001EAB3E5E020>
2024-12-26 19:57:16,057 - DEBUG - Loading JSON file: C:\Users\keena\AppData\Local\Programs\Python\Python312\Lib\site-packages\botocore\data\s3\2006-03-01\service-2.json.gz
2024-12-26 19:57:16,063 - DEBUG - Loading JSON file: C:\Users\keena\AppData\Local\Programs\Python\Python312\Lib\site-packages\botocore\data\s3\2006-03-01\service-2.sdk-extras.json
2024-12-26 19:57:16,110 - DEBUG - Loading JSON file: C:\Users\keena\AppData\Local\Programs\Python\Python312\Lib\site-packages\botocore\data\s3\2006-03-01\endpoint-rule-set-1.json.gz
2024-12-26 19:57:16,113 - DEBUG - Loading JSON file: C:\Users\keena\AppData\Local\Programs\Python\Python312\Lib\site-packages\botocore\data\partitions.json
2024-12-26 19:57:16,115 - DEBUG - Event creating-client-class.s3: calling handler <function add_generate_presigned_post at 0x000001EAB3D9AE80>
2024-12-26 19:57:16,116 - DEBUG - Event creating-client-class.s3: calling handler <function lazy_call.<locals>._handler at 0x000001EAB3EFD9E0>
2024-12-26 19:57:16,153 - DEBUG - Event creating-client-class.s3: calling handler <function add_generate_presigned_url at 0x000001EAB3D9AC00>
2024-12-26 19:57:16,153 - DEBUG - Looking for endpoint for s3 via: environment_service
2024-12-26 19:57:16,153 - DEBUG - Looking for endpoint for s3 via: environment_global
2024-12-26 19:57:16,153 - DEBUG - Looking for endpoint for s3 via: config_service
2024-12-26 19:57:16,153 - DEBUG - Looking for endpoint for s3 via: config_global
2024-12-26 19:57:16,154 - DEBUG - No configured endpoint found.
2024-12-26 19:57:16,155 - DEBUG - Setting s3 timeout as (60, 60)
2024-12-26 19:57:16,158 - DEBUG - Loading JSON file: C:\Users\keena\AppData\Local\Programs\Python\Python312\Lib\site-packages\botocore\data\_retry.json
2024-12-26 19:57:16,159 - DEBUG - Registering retry handlers for service: s3
2024-12-26 19:57:16,159 - DEBUG - Registering S3 region redirector handler
2024-12-26 19:57:16,160 - DEBUG - Registering S3Express Identity Resolver
2024-12-26 19:57:16,160 - INFO - S3Manager initialized for bucket militaria-images
2024-12-26 19:57:20,387 - DEBUG - Navigating to products page: https://www.ea-militaria.com/new-items?p=0
2024-12-26 19:57:20,389 - DEBUG - Starting new HTTPS connection (1): www.ea-militaria.com:443
2024-12-26 19:57:21,786 - DEBUG - https://www.ea-militaria.com:443 "GET /new-items?p=0 HTTP/1.1" 200 None
2024-12-26 19:57:22,004 - INFO - 
------------------------------------------------------------
                    NEW INSTANCE STARTED                    
------------------------------------------------------------
2024-12-26 19:57:22,004 - INFO - MILITARIA SITE      : EA_MILITARIA
2024-12-26 19:57:22,004 - INFO - PRODUCTS URL        : https://www.ea-militaria.com/new-items?p=0
2024-12-26 19:57:22,005 - INFO - CYCLES RUN          : 0
2024-12-26 19:57:22,005 - INFO - PRODUCTS PROCESSED  : 0
2024-12-26 19:57:22,005 - INFO - TIMESTAMP           : 2024-12-26 19:57:22.004966
2024-12-26 19:57:22,005 - ERROR - Error constructing product URL: 'href'
2024-12-26 19:57:22,006 - WARNING - Product URL is invalid. Skipping this product.
2024-12-26 19:57:22,006 - DEBUG - Product URL constructed: https://www.ea-militaria.com/wehrmacht-officers-kavallerie-schirmmutze.html
2024-12-26 19:57:22,551 - DEBUG - Image upload needed for product URL: https://www.ea-militaria.com/wehrmacht-officers-kavallerie-schirmmutze.html.
2024-12-26 19:57:22,928 - DEBUG - https://www.ea-militaria.com:443 "GET /wehrmacht-officers-kavallerie-schirmmutze.html HTTP/1.1" 200 None
2024-12-26 19:57:23,255 - DEBUG - Extracted image URLs: ['https://www.ea-militaria.com/media/catalog/product/cache/9b0b3b8cd6d61af269ad4888103f835d/e/a/eam_9659_1.jpeg', 'https://www.ea-militaria.com/media/catalog/product/cache/9b0b3b8cd6d61af269ad4888103f835d/e/a/eam_9667_1.jpeg', 'https://www.ea-militaria.com/media/catalog/product/cache/9b0b3b8cd6d61af269ad4888103f835d/e/a/eam_9662_1.jpeg', 'https://www.ea-militaria.com/media/catalog/product/cache/9b0b3b8cd6d61af269ad4888103f835d/e/a/eam_9665_1.jpeg', 'https://www.ea-militaria.com/media/catalog/product/cache/9b0b3b8cd6d61af269ad4888103f835d/e/a/eam_9668.jpeg', 'https://www.ea-militaria.com/media/catalog/product/cache/9b0b3b8cd6d61af269ad4888103f835d/e/a/eam_9669_1.jpeg', 'https://www.ea-militaria.com/media/catalog/product/cache/9b0b3b8cd6d61af269ad4888103f835d/e/a/eam_9671_1.jpeg', 'https://www.ea-militaria.com/media/catalog/product/cache/9b0b3b8cd6d61af269ad4888103f835d/e/a/eam_9673_1.jpeg', 'https://www.ea-militaria.com/media/catalog/product/cache/9b0b3b8cd6d61af269ad4888103f835d/e/a/eam_9675.jpeg', 'https://www.ea-militaria.com/media/catalog/product/cache/9b0b3b8cd6d61af269ad4888103f835d/e/a/eam_9676.jpeg', 'https://www.ea-militaria.com/media/catalog/product/cache/9b0b3b8cd6d61af269ad4888103f835d/e/a/eam_9678_1.jpeg', 'https://www.ea-militaria.com/media/catalog/product/cache/9b0b3b8cd6d61af269ad4888103f835d/e/a/eam_9679_1.jpeg', 'https://www.ea-militaria.com/media/catalog/product/cache/9b0b3b8cd6d61af269ad4888103f835d/e/a/eam_9684_1.jpeg', 'https://www.ea-militaria.com/media/catalog/product/cache/9b0b3b8cd6d61af269ad4888103f835d/e/a/eam_9686_1.jpeg', 'https://www.ea-militaria.com/media/catalog/product/cache/9b0b3b8cd6d61af269ad4888103f835d/e/a/eam_9687_1.jpeg', 'https://www.ea-militaria.com/media/catalog/product/cache/9b0b3b8cd6d61af269ad4888103f835d/e/a/eam_9689.jpeg', 'https://www.ea-militaria.com/media/catalog/product/cache/9b0b3b8cd6d61af269ad4888103f835d/e/a/eam_9688_1.jpeg', 'https://www.ea-militaria.com/media/catalog/product/cache/9b0b3b8cd6d61af269ad4888103f835d/e/a/eam_9691_1.jpeg']
2024-12-26 19:57:23,256 - DEBUG - Scraped data: Title=Officers Kavallerie Schirmmütze, Price=1395.00, Available=True
2024-12-26 19:57:23,800 - DEBUG - Product ID for URL 'https://www.ea-militaria.com/wehrmacht-officers-kavallerie-schirmmutze.html' is 228191
2024-12-26 19:57:23,800 - DEBUG - Fetching image from https://www.ea-militaria.com/media/catalog/product/cache/9b0b3b8cd6d61af269ad4888103f835d/e/a/eam_9659_1.jpeg
2024-12-26 19:57:23,801 - DEBUG - Starting new HTTPS connection (1): www.ea-militaria.com:443
2024-12-26 19:57:24,884 - ERROR - Error fetching image https://www.ea-militaria.com/media/catalog/product/cache/9b0b3b8cd6d61af269ad4888103f835d/e/a/eam_9659_1.jpeg: ('Connection aborted.', RemoteDisconnected('Remote end closed connection without response'))
2024-12-26 19:57:24,884 - DEBUG - Fetching image from https://www.ea-militaria.com/media/catalog/product/cache/9b0b3b8cd6d61af269ad4888103f835d/e/a/eam_9667_1.jpeg
2024-12-26 19:57:24,885 - DEBUG - Starting new HTTPS connection (1): www.ea-militaria.com:443
2024-12-26 19:57:25,973 - ERROR - Error fetching image https://www.ea-militaria.com/media/catalog/product/cache/9b0b3b8cd6d61af269ad4888103f835d/e/a/eam_9667_1.jpeg: ('Connection aborted.', RemoteDisconnected('Remote end closed connection without response'))
2024-12-26 19:57:25,974 - DEBUG - Fetching image from https://www.ea-militaria.com/media/catalog/product/cache/9b0b3b8cd6d61af269ad4888103f835d/e/a/eam_9662_1.jpeg
2024-12-26 19:57:25,975 - DEBUG - Starting new HTTPS connection (1): www.ea-militaria.com:443
2024-12-26 19:57:27,103 - ERROR - Error fetching image https://www.ea-militaria.com/media/catalog/product/cache/9b0b3b8cd6d61af269ad4888103f835d/e/a/eam_9662_1.jpeg: ('Connection aborted.', RemoteDisconnected('Remote end closed connection without response'))
2024-12-26 19:57:27,104 - DEBUG - Fetching image from https://www.ea-militaria.com/media/catalog/product/cache/9b0b3b8cd6d61af269ad4888103f835d/e/a/eam_9665_1.jpeg
2024-12-26 19:57:27,104 - DEBUG - Starting new HTTPS connection (1): www.ea-militaria.com:443
2024-12-26 19:57:28,194 - ERROR - Error fetching image https://www.ea-militaria.com/media/catalog/product/cache/9b0b3b8cd6d61af269ad4888103f835d/e/a/eam_9665_1.jpeg: ('Connection aborted.', RemoteDisconnected('Remote end closed connection without response'))
2024-12-26 19:57:28,194 - DEBUG - Fetching image from https://www.ea-militaria.com/media/catalog/product/cache/9b0b3b8cd6d61af269ad4888103f835d/e/a/eam_9668.jpeg
2024-12-26 19:57:28,195 - DEBUG - Starting new HTTPS connection (1): www.ea-militaria.com:443
2024-12-26 19:57:29,274 - ERROR - Error fetching image https://www.ea-militaria.com/media/catalog/product/cache/9b0b3b8cd6d61af269ad4888103f835d/e/a/eam_9668.jpeg: ('Connection aborted.', RemoteDisconnected('Remote end closed connection without response'))
2024-12-26 19:57:29,274 - DEBUG - Fetching image from https://www.ea-militaria.com/media/catalog/product/cache/9b0b3b8cd6d61af269ad4888103f835d/e/a/eam_9669_1.jpeg
2024-12-26 19:57:29,276 - DEBUG - Starting new HTTPS connection (1): www.ea-militaria.com:443
2024-12-26 19:57:30,327 - ERROR - Error fetching image https://www.ea-militaria.com/media/catalog/product/cache/9b0b3b8cd6d61af269ad4888103f835d/e/a/eam_9669_1.jpeg: ('Connection aborted.', RemoteDisconnected('Remote end closed connection without response'))
2024-12-26 19:57:30,327 - DEBUG - Fetching image from https://www.ea-militaria.com/media/catalog/product/cache/9b0b3b8cd6d61af269ad4888103f835d/e/a/eam_9671_1.jpeg
2024-12-26 19:57:30,328 - DEBUG - Starting new HTTPS connection (1): www.ea-militaria.com:443
2024-12-26 19:57:31,379 - ERROR - Error fetching image https://www.ea-militaria.com/media/catalog/product/cache/9b0b3b8cd6d61af269ad4888103f835d/e/a/eam_9671_1.jpeg: ('Connection aborted.', RemoteDisconnected('Remote end closed connection without response'))
2024-12-26 19:57:31,380 - DEBUG - Fetching image from https://www.ea-militaria.com/media/catalog/product/cache/9b0b3b8cd6d61af269ad4888103f835d/e/a/eam_9673_1.jpeg
2024-12-26 19:57:31,381 - DEBUG - Starting new HTTPS connection (1): www.ea-militaria.com:443
2024-12-26 19:57:32,484 - ERROR - Error fetching image https://www.ea-militaria.com/media/catalog/product/cache/9b0b3b8cd6d61af269ad4888103f835d/e/a/eam_9673_1.jpeg: ('Connection aborted.', RemoteDisconnected('Remote end closed connection without response'))
2024-12-26 19:57:32,485 - DEBUG - Fetching image from https://www.ea-militaria.com/media/catalog/product/cache/9b0b3b8cd6d61af269ad4888103f835d/e/a/eam_9675.jpeg
2024-12-26 19:57:32,486 - DEBUG - Starting new HTTPS connection (1): www.ea-militaria.com:443
2024-12-26 19:57:33,544 - ERROR - Error fetching image https://www.ea-militaria.com/media/catalog/product/cache/9b0b3b8cd6d61af269ad4888103f835d/e/a/eam_9675.jpeg: ('Connection aborted.', RemoteDisconnected('Remote end closed connection without response'))
2024-12-26 19:57:33,544 - DEBUG - Fetching image from https://www.ea-militaria.com/media/catalog/product/cache/9b0b3b8cd6d61af269ad4888103f835d/e/a/eam_9676.jpeg
2024-12-26 19:57:33,545 - DEBUG - Starting new HTTPS connection (1): www.ea-militaria.com:443
