2024-12-05 15:31:16,111 - INFO - Logging initialized. Log file: logs\2024-12-05_instance_6.log
2024-12-05 15:31:19,245 - INFO - 
------------------------------------------------------------
                     PROGRAM INITIALIZED
                     2024-12-05 15:31:19.245175          
------------------------------------------------------------
2024-12-05 15:31:20,616 - INFO - 
------------------------------------------------------------
                 AVAILABILITY CHECK INITIATED
                     2024-12-05 15:31:20.616429          
------------------------------------------------------------
2024-12-05 15:31:21,890 - INFO - Total URLs to be processed for site CS_MILITARIA: 635
2024-12-05 15:31:21,891 - WARNING - AttributeError while evaluating available element: 'ProductScraper' object has no attribute 'productSoup'
2024-12-05 15:31:22,057 - ERROR - Error processing URL https://www.csmilitaria.co.uk/shop.php?code=13655: PostgreSQLProcessor.sqlExecute() takes 2 positional arguments but 3 were given
2024-12-05 15:31:22,057 - WARNING - AttributeError while evaluating available element: 'ProductScraper' object has no attribute 'productSoup'
2024-12-05 15:31:22,224 - ERROR - Error processing URL https://www.csmilitaria.co.uk/shop.php?code=14668: PostgreSQLProcessor.sqlExecute() takes 2 positional arguments but 3 were given
2024-12-05 15:31:22,225 - WARNING - AttributeError while evaluating available element: 'ProductScraper' object has no attribute 'productSoup'
2024-12-05 15:31:22,392 - ERROR - Error processing URL https://www.csmilitaria.co.uk/shop.php?code=13874: PostgreSQLProcessor.sqlExecute() takes 2 positional arguments but 3 were given
2024-12-05 15:31:22,392 - WARNING - AttributeError while evaluating available element: 'ProductScraper' object has no attribute 'productSoup'
2024-12-05 15:31:22,559 - ERROR - Error processing URL https://www.csmilitaria.co.uk/shop.php?code=13419: PostgreSQLProcessor.sqlExecute() takes 2 positional arguments but 3 were given
2024-12-05 15:31:22,559 - WARNING - AttributeError while evaluating available element: 'ProductScraper' object has no attribute 'productSoup'
2024-12-05 15:31:22,737 - ERROR - Error processing URL https://www.csmilitaria.co.uk/shop.php?code=12842: PostgreSQLProcessor.sqlExecute() takes 2 positional arguments but 3 were given
2024-12-05 15:31:22,737 - WARNING - AttributeError while evaluating available element: 'ProductScraper' object has no attribute 'productSoup'
2024-12-05 15:31:22,904 - ERROR - Error processing URL https://www.csmilitaria.co.uk/shop.php?code=6669: PostgreSQLProcessor.sqlExecute() takes 2 positional arguments but 3 were given
2024-12-05 15:31:22,905 - WARNING - AttributeError while evaluating available element: 'ProductScraper' object has no attribute 'productSoup'
2024-12-05 15:31:23,072 - ERROR - Error processing URL https://www.csmilitaria.co.uk/shop.php?code=11779: PostgreSQLProcessor.sqlExecute() takes 2 positional arguments but 3 were given
2024-12-05 15:31:23,073 - WARNING - AttributeError while evaluating available element: 'ProductScraper' object has no attribute 'productSoup'
2024-12-05 15:31:23,240 - ERROR - Error processing URL https://www.csmilitaria.co.uk/shop.php?code=10792: PostgreSQLProcessor.sqlExecute() takes 2 positional arguments but 3 were given
2024-12-05 15:31:23,240 - WARNING - AttributeError while evaluating available element: 'ProductScraper' object has no attribute 'productSoup'
2024-12-05 15:31:23,407 - ERROR - Error processing URL https://www.csmilitaria.co.uk/shop.php?code=11814: PostgreSQLProcessor.sqlExecute() takes 2 positional arguments but 3 were given
2024-12-05 15:31:23,408 - WARNING - AttributeError while evaluating available element: 'ProductScraper' object has no attribute 'productSoup'
2024-12-05 15:31:23,575 - ERROR - Error processing URL https://www.csmilitaria.co.uk/shop.php?code=11951: PostgreSQLProcessor.sqlExecute() takes 2 positional arguments but 3 were given
2024-12-05 15:31:23,576 - WARNING - AttributeError while evaluating available element: 'ProductScraper' object has no attribute 'productSoup'
2024-12-05 15:31:23,742 - ERROR - Error processing URL https://www.csmilitaria.co.uk/shop.php?code=1442: PostgreSQLProcessor.sqlExecute() takes 2 positional arguments but 3 were given
2024-12-05 15:31:23,743 - WARNING - AttributeError while evaluating available element: 'ProductScraper' object has no attribute 'productSoup'
2024-12-05 15:31:23,910 - ERROR - Error processing URL https://www.csmilitaria.co.uk/shop.php?code=14587: PostgreSQLProcessor.sqlExecute() takes 2 positional arguments but 3 were given
2024-12-05 15:31:23,910 - WARNING - AttributeError while evaluating available element: 'ProductScraper' object has no attribute 'productSoup'
2024-12-05 15:31:24,078 - ERROR - Error processing URL https://www.csmilitaria.co.uk/shop.php?code=14583: PostgreSQLProcessor.sqlExecute() takes 2 positional arguments but 3 were given
2024-12-05 15:31:24,078 - WARNING - AttributeError while evaluating available element: 'ProductScraper' object has no attribute 'productSoup'
2024-12-05 15:31:24,245 - ERROR - Error processing URL https://www.csmilitaria.co.uk/shop.php?code=14534: PostgreSQLProcessor.sqlExecute() takes 2 positional arguments but 3 were given
2024-12-05 15:31:24,245 - WARNING - AttributeError while evaluating available element: 'ProductScraper' object has no attribute 'productSoup'
2024-12-05 15:31:24,412 - ERROR - Error processing URL https://www.csmilitaria.co.uk/shop.php?code=12820: PostgreSQLProcessor.sqlExecute() takes 2 positional arguments but 3 were given
2024-12-05 15:31:24,412 - WARNING - AttributeError while evaluating available element: 'ProductScraper' object has no attribute 'productSoup'
2024-12-05 15:31:24,580 - ERROR - Error processing URL https://www.csmilitaria.co.uk/shop.php?code=12816: PostgreSQLProcessor.sqlExecute() takes 2 positional arguments but 3 were given
2024-12-05 15:31:24,581 - WARNING - AttributeError while evaluating available element: 'ProductScraper' object has no attribute 'productSoup'
2024-12-05 15:31:24,748 - ERROR - Error processing URL https://www.csmilitaria.co.uk/shop.php?code=2200: PostgreSQLProcessor.sqlExecute() takes 2 positional arguments but 3 were given
2024-12-05 15:31:24,748 - WARNING - AttributeError while evaluating available element: 'ProductScraper' object has no attribute 'productSoup'
2024-12-05 15:31:24,914 - ERROR - Error processing URL https://www.csmilitaria.co.uk/shop.php?code=13771: PostgreSQLProcessor.sqlExecute() takes 2 positional arguments but 3 were given
2024-12-05 15:31:24,915 - WARNING - AttributeError while evaluating available element: 'ProductScraper' object has no attribute 'productSoup'
2024-12-05 15:31:25,082 - ERROR - Error processing URL https://www.csmilitaria.co.uk/shop.php?code=14279: PostgreSQLProcessor.sqlExecute() takes 2 positional arguments but 3 were given
2024-12-05 15:31:25,082 - WARNING - AttributeError while evaluating available element: 'ProductScraper' object has no attribute 'productSoup'
2024-12-05 15:31:25,249 - ERROR - Error processing URL https://www.csmilitaria.co.uk/shop.php?code=13792: PostgreSQLProcessor.sqlExecute() takes 2 positional arguments but 3 were given
2024-12-05 15:31:25,250 - WARNING - AttributeError while evaluating available element: 'ProductScraper' object has no attribute 'productSoup'
2024-12-05 15:31:25,416 - ERROR - Error processing URL https://www.csmilitaria.co.uk/shop.php?code=12970: PostgreSQLProcessor.sqlExecute() takes 2 positional arguments but 3 were given
2024-12-05 15:31:25,416 - WARNING - AttributeError while evaluating available element: 'ProductScraper' object has no attribute 'productSoup'
