2024-12-22 12:52:05,250 - INFO - Logging initialized. Log file: logs\2024-12-22_instance_2.log
2024-12-22 12:52:08,888 - INFO - 
------------------------------------------------------------
PROGRAM INITIALIZED 2024-12-22 12:52:08.888566
------------------------------------------------------------
2024-12-22 12:52:13,939 - INFO - PostgreSQL connection pool initialized.
2024-12-22 12:52:13,941 - DEBUG - Changing event name from creating-client-class.iot-data to creating-client-class.iot-data-plane
2024-12-22 12:52:13,942 - DEBUG - Changing event name from before-call.apigateway to before-call.api-gateway
2024-12-22 12:52:13,944 - DEBUG - Changing event name from request-created.machinelearning.Predict to request-created.machine-learning.Predict
2024-12-22 12:52:13,945 - DEBUG - Changing event name from before-parameter-build.autoscaling.CreateLaunchConfiguration to before-parameter-build.auto-scaling.CreateLaunchConfiguration
2024-12-22 12:52:13,945 - DEBUG - Changing event name from before-parameter-build.route53 to before-parameter-build.route-53
2024-12-22 12:52:13,945 - DEBUG - Changing event name from request-created.cloudsearchdomain.Search to request-created.cloudsearch-domain.Search
2024-12-22 12:52:13,946 - DEBUG - Changing event name from docs.*.autoscaling.CreateLaunchConfiguration.complete-section to docs.*.auto-scaling.CreateLaunchConfiguration.complete-section
2024-12-22 12:52:13,948 - DEBUG - Changing event name from before-parameter-build.logs.CreateExportTask to before-parameter-build.cloudwatch-logs.CreateExportTask
2024-12-22 12:52:13,948 - DEBUG - Changing event name from docs.*.logs.CreateExportTask.complete-section to docs.*.cloudwatch-logs.CreateExportTask.complete-section
2024-12-22 12:52:13,949 - DEBUG - Changing event name from before-parameter-build.cloudsearchdomain.Search to before-parameter-build.cloudsearch-domain.Search
2024-12-22 12:52:13,949 - DEBUG - Changing event name from docs.*.cloudsearchdomain.Search.complete-section to docs.*.cloudsearch-domain.Search.complete-section
2024-12-22 12:52:13,994 - DEBUG - Loading JSON file: C:\Users\keena\AppData\Local\Programs\Python\Python312\Lib\site-packages\botocore\data\endpoints.json
2024-12-22 12:52:14,005 - DEBUG - Loading JSON file: C:\Users\keena\AppData\Local\Programs\Python\Python312\Lib\site-packages\botocore\data\sdk-default-configuration.json
2024-12-22 12:52:14,005 - DEBUG - Event choose-service-name: calling handler <function handle_service_name_alias at 0x000001D242E95B20>
2024-12-22 12:52:14,056 - DEBUG - Loading JSON file: C:\Users\keena\AppData\Local\Programs\Python\Python312\Lib\site-packages\botocore\data\s3\2006-03-01\service-2.json.gz
2024-12-22 12:52:14,063 - DEBUG - Loading JSON file: C:\Users\keena\AppData\Local\Programs\Python\Python312\Lib\site-packages\botocore\data\s3\2006-03-01\service-2.sdk-extras.json
2024-12-22 12:52:14,110 - DEBUG - Loading JSON file: C:\Users\keena\AppData\Local\Programs\Python\Python312\Lib\site-packages\botocore\data\s3\2006-03-01\endpoint-rule-set-1.json.gz
2024-12-22 12:52:14,113 - DEBUG - Loading JSON file: C:\Users\keena\AppData\Local\Programs\Python\Python312\Lib\site-packages\botocore\data\partitions.json
2024-12-22 12:52:14,114 - DEBUG - Event creating-client-class.s3: calling handler <function add_generate_presigned_post at 0x000001D242DCE980>
2024-12-22 12:52:14,114 - DEBUG - Event creating-client-class.s3: calling handler <function lazy_call.<locals>._handler at 0x000001D242F3D440>
2024-12-22 12:52:14,144 - DEBUG - Event creating-client-class.s3: calling handler <function add_generate_presigned_url at 0x000001D242DCE700>
2024-12-22 12:52:14,144 - DEBUG - Looking for endpoint for s3 via: environment_service
2024-12-22 12:52:14,145 - DEBUG - Looking for endpoint for s3 via: environment_global
2024-12-22 12:52:14,145 - DEBUG - Looking for endpoint for s3 via: config_service
2024-12-22 12:52:14,145 - DEBUG - Looking for endpoint for s3 via: config_global
2024-12-22 12:52:14,145 - DEBUG - No configured endpoint found.
2024-12-22 12:52:14,147 - DEBUG - Setting s3 timeout as (60, 60)
2024-12-22 12:52:14,150 - DEBUG - Loading JSON file: C:\Users\keena\AppData\Local\Programs\Python\Python312\Lib\site-packages\botocore\data\_retry.json
2024-12-22 12:52:14,151 - DEBUG - Registering retry handlers for service: s3
2024-12-22 12:52:14,151 - DEBUG - Registering S3 region redirector handler
2024-12-22 12:52:14,152 - DEBUG - Registering S3Express Identity Resolver
2024-12-22 12:52:18,735 - DEBUG - Navigating to products page: https://bevo-militaria.com/shop/page/0/
2024-12-22 12:52:18,738 - DEBUG - Starting new HTTPS connection (1): bevo-militaria.com:443
2024-12-22 12:52:21,963 - DEBUG - https://bevo-militaria.com:443 "GET /shop/page/0/ HTTP/1.1" 200 None
2024-12-22 12:52:22,618 - INFO - 
------------------------------------------------------------
                    NEW INSTANCE STARTED                    
------------------------------------------------------------
2024-12-22 12:52:22,618 - INFO - MILITARIA SITE      : BEVO_MILITARIA
2024-12-22 12:52:22,618 - INFO - PRODUCTS URL        : https://bevo-militaria.com/shop/page/0/
2024-12-22 12:52:22,619 - INFO - CYCLES RUN          : 0
2024-12-22 12:52:22,619 - INFO - PRODUCTS PROCESSED  : 0
2024-12-22 12:52:22,619 - INFO - TIMESTAMP           : 2024-12-22 12:52:22.618910
2024-12-22 12:52:22,619 - DEBUG - Product URL constructed: https://bevo-militaria.com/shop/new-items/m43-luftwaffe-field-cap-einheitsfeldmutze-with-rbnr-1944-17/
2024-12-22 12:52:24,456 - DEBUG - https://bevo-militaria.com:443 "GET /shop/new-items/m43-luftwaffe-field-cap-einheitsfeldmutze-with-rbnr-1944-17/ HTTP/1.1" 200 44930
2024-12-22 12:52:24,755 - DEBUG - Extracted image URLs: ['https://bevo-militaria.com/wp-content/uploads/2024/12/DSC_8545-scaled.jpg', 'https://bevo-militaria.com/wp-content/uploads/2024/12/DSC_8546-scaled.jpg', 'https://bevo-militaria.com/wp-content/uploads/2024/12/DSC_8547-scaled.jpg', 'https://bevo-militaria.com/wp-content/uploads/2024/12/DSC_8548-scaled.jpg', 'https://bevo-militaria.com/wp-content/uploads/2024/12/DSC_8550-scaled.jpg', 'https://bevo-militaria.com/wp-content/uploads/2024/12/DSC_8551-scaled.jpg', 'https://bevo-militaria.com/wp-content/uploads/2024/12/DSC_8552-scaled.jpg', 'https://bevo-militaria.com/wp-content/uploads/2024/12/DSC_8553-scaled.jpg', 'https://bevo-militaria.com/wp-content/uploads/2024/12/DSC_8555-scaled.jpg', 'https://bevo-militaria.com/wp-content/uploads/2024/12/DSC_8556-scaled.jpg', 'https://bevo-militaria.com/wp-content/uploads/2024/12/DSC_8558-scaled.jpg', 'https://bevo-militaria.com/wp-content/uploads/2024/12/DSC_8559-scaled.jpg', 'https://bevo-militaria.com/wp-content/uploads/2024/12/DSC_8560-scaled.jpg', 'https://bevo-militaria.com/wp-content/uploads/2024/12/DSC_8561-scaled.jpg', 'https://bevo-militaria.com/wp-content/uploads/2024/12/DSC_8562-scaled.jpg', 'https://bevo-militaria.com/wp-content/uploads/2024/12/DSC_8563-scaled.jpg', 'https://bevo-militaria.com/wp-content/uploads/2024/12/DSC_8564-scaled.jpg', 'https://bevo-militaria.com/wp-content/uploads/2024/12/DSC_8565-scaled.jpg']
2024-12-22 12:52:26,768 - DEBUG - Product ID for URL 'https://bevo-militaria.com/shop/new-items/m43-luftwaffe-field-cap-einheitsfeldmutze-with-rbnr-1944-17/' is 227936
2024-12-22 12:52:26,769 - DEBUG - Extracted image URLs for product https://bevo-militaria.com/shop/new-items/m43-luftwaffe-field-cap-einheitsfeldmutze-with-rbnr-1944-17/: ['https://bevo-militaria.com/wp-content/uploads/2024/12/DSC_8545-scaled.jpg', 'https://bevo-militaria.com/wp-content/uploads/2024/12/DSC_8546-scaled.jpg', 'https://bevo-militaria.com/wp-content/uploads/2024/12/DSC_8547-scaled.jpg', 'https://bevo-militaria.com/wp-content/uploads/2024/12/DSC_8548-scaled.jpg', 'https://bevo-militaria.com/wp-content/uploads/2024/12/DSC_8550-scaled.jpg', 'https://bevo-militaria.com/wp-content/uploads/2024/12/DSC_8551-scaled.jpg', 'https://bevo-militaria.com/wp-content/uploads/2024/12/DSC_8552-scaled.jpg', 'https://bevo-militaria.com/wp-content/uploads/2024/12/DSC_8553-scaled.jpg', 'https://bevo-militaria.com/wp-content/uploads/2024/12/DSC_8555-scaled.jpg', 'https://bevo-militaria.com/wp-content/uploads/2024/12/DSC_8556-scaled.jpg', 'https://bevo-militaria.com/wp-content/uploads/2024/12/DSC_8558-scaled.jpg', 'https://bevo-militaria.com/wp-content/uploads/2024/12/DSC_8559-scaled.jpg', 'https://bevo-militaria.com/wp-content/uploads/2024/12/DSC_8560-scaled.jpg', 'https://bevo-militaria.com/wp-content/uploads/2024/12/DSC_8561-scaled.jpg', 'https://bevo-militaria.com/wp-content/uploads/2024/12/DSC_8562-scaled.jpg', 'https://bevo-militaria.com/wp-content/uploads/2024/12/DSC_8563-scaled.jpg', 'https://bevo-militaria.com/wp-content/uploads/2024/12/DSC_8564-scaled.jpg', 'https://bevo-militaria.com/wp-content/uploads/2024/12/DSC_8565-scaled.jpg']
2024-12-22 12:52:26,769 - WARNING - Error uploading image https://bevo-militaria.com/wp-content/uploads/2024/12/DSC_8545-scaled.jpg: S3Manager.upload_image() missing 2 required positional arguments: 'product_id' and 'image_number'
2024-12-22 12:52:26,769 - WARNING - Error uploading image https://bevo-militaria.com/wp-content/uploads/2024/12/DSC_8546-scaled.jpg: S3Manager.upload_image() missing 2 required positional arguments: 'product_id' and 'image_number'
2024-12-22 12:52:26,770 - WARNING - Error uploading image https://bevo-militaria.com/wp-content/uploads/2024/12/DSC_8547-scaled.jpg: S3Manager.upload_image() missing 2 required positional arguments: 'product_id' and 'image_number'
2024-12-22 12:52:26,770 - WARNING - Error uploading image https://bevo-militaria.com/wp-content/uploads/2024/12/DSC_8548-scaled.jpg: S3Manager.upload_image() missing 2 required positional arguments: 'product_id' and 'image_number'
2024-12-22 12:52:26,770 - WARNING - Error uploading image https://bevo-militaria.com/wp-content/uploads/2024/12/DSC_8550-scaled.jpg: S3Manager.upload_image() missing 2 required positional arguments: 'product_id' and 'image_number'
2024-12-22 12:52:26,770 - WARNING - Error uploading image https://bevo-militaria.com/wp-content/uploads/2024/12/DSC_8551-scaled.jpg: S3Manager.upload_image() missing 2 required positional arguments: 'product_id' and 'image_number'
2024-12-22 12:52:26,770 - WARNING - Error uploading image https://bevo-militaria.com/wp-content/uploads/2024/12/DSC_8552-scaled.jpg: S3Manager.upload_image() missing 2 required positional arguments: 'product_id' and 'image_number'
2024-12-22 12:52:26,770 - WARNING - Error uploading image https://bevo-militaria.com/wp-content/uploads/2024/12/DSC_8553-scaled.jpg: S3Manager.upload_image() missing 2 required positional arguments: 'product_id' and 'image_number'
2024-12-22 12:52:26,770 - WARNING - Error uploading image https://bevo-militaria.com/wp-content/uploads/2024/12/DSC_8555-scaled.jpg: S3Manager.upload_image() missing 2 required positional arguments: 'product_id' and 'image_number'
2024-12-22 12:52:26,771 - WARNING - Error uploading image https://bevo-militaria.com/wp-content/uploads/2024/12/DSC_8556-scaled.jpg: S3Manager.upload_image() missing 2 required positional arguments: 'product_id' and 'image_number'
2024-12-22 12:52:26,771 - WARNING - Error uploading image https://bevo-militaria.com/wp-content/uploads/2024/12/DSC_8558-scaled.jpg: S3Manager.upload_image() missing 2 required positional arguments: 'product_id' and 'image_number'
2024-12-22 12:52:26,771 - WARNING - Error uploading image https://bevo-militaria.com/wp-content/uploads/2024/12/DSC_8559-scaled.jpg: S3Manager.upload_image() missing 2 required positional arguments: 'product_id' and 'image_number'
2024-12-22 12:52:26,771 - WARNING - Error uploading image https://bevo-militaria.com/wp-content/uploads/2024/12/DSC_8560-scaled.jpg: S3Manager.upload_image() missing 2 required positional arguments: 'product_id' and 'image_number'
2024-12-22 12:52:26,771 - WARNING - Error uploading image https://bevo-militaria.com/wp-content/uploads/2024/12/DSC_8561-scaled.jpg: S3Manager.upload_image() missing 2 required positional arguments: 'product_id' and 'image_number'
2024-12-22 12:52:26,771 - WARNING - Error uploading image https://bevo-militaria.com/wp-content/uploads/2024/12/DSC_8562-scaled.jpg: S3Manager.upload_image() missing 2 required positional arguments: 'product_id' and 'image_number'
2024-12-22 12:52:26,772 - WARNING - Error uploading image https://bevo-militaria.com/wp-content/uploads/2024/12/DSC_8563-scaled.jpg: S3Manager.upload_image() missing 2 required positional arguments: 'product_id' and 'image_number'
2024-12-22 12:52:26,772 - WARNING - Error uploading image https://bevo-militaria.com/wp-content/uploads/2024/12/DSC_8564-scaled.jpg: S3Manager.upload_image() missing 2 required positional arguments: 'product_id' and 'image_number'
2024-12-22 12:52:26,772 - WARNING - Error uploading image https://bevo-militaria.com/wp-content/uploads/2024/12/DSC_8565-scaled.jpg: S3Manager.upload_image() missing 2 required positional arguments: 'product_id' and 'image_number'
2024-12-22 12:52:30,401 - INFO - Product 'https://bevo-militaria.com/shop/new-items/m43-luftwaffe-field-cap-einheitsfeldmutze-with-rbnr-1944-17/' was updated or inserted successfully.
2024-12-22 12:52:30,401 - DEBUG - Product URL constructed: https://bevo-militaria.com/shop/new-items/m43-hitlerjugend-flakhelfer-field-cap-with-rbnr-and-rzm-tag/
2024-12-22 12:52:30,402 - DEBUG - Resetting dropped connection: bevo-militaria.com
