2024-12-23 12:11:55,379 - INFO - Logging initialized. Log file: logs\2024-12-23_instance_2.log
2024-12-23 12:11:57,893 - INFO - 
------------------------------------------------------------
PROGRAM INITIALIZED 2024-12-23 12:11:57.893180
------------------------------------------------------------
2024-12-23 12:12:02,804 - INFO - PostgreSQL connection pool initialized.
2024-12-23 12:12:02,805 - DEBUG - Changing event name from creating-client-class.iot-data to creating-client-class.iot-data-plane
2024-12-23 12:12:02,808 - DEBUG - Changing event name from before-call.apigateway to before-call.api-gateway
2024-12-23 12:12:02,809 - DEBUG - Changing event name from request-created.machinelearning.Predict to request-created.machine-learning.Predict
2024-12-23 12:12:02,810 - DEBUG - Changing event name from before-parameter-build.autoscaling.CreateLaunchConfiguration to before-parameter-build.auto-scaling.CreateLaunchConfiguration
2024-12-23 12:12:02,810 - DEBUG - Changing event name from before-parameter-build.route53 to before-parameter-build.route-53
2024-12-23 12:12:02,811 - DEBUG - Changing event name from request-created.cloudsearchdomain.Search to request-created.cloudsearch-domain.Search
2024-12-23 12:12:02,812 - DEBUG - Changing event name from docs.*.autoscaling.CreateLaunchConfiguration.complete-section to docs.*.auto-scaling.CreateLaunchConfiguration.complete-section
2024-12-23 12:12:02,813 - DEBUG - Changing event name from before-parameter-build.logs.CreateExportTask to before-parameter-build.cloudwatch-logs.CreateExportTask
2024-12-23 12:12:02,814 - DEBUG - Changing event name from docs.*.logs.CreateExportTask.complete-section to docs.*.cloudwatch-logs.CreateExportTask.complete-section
2024-12-23 12:12:02,814 - DEBUG - Changing event name from before-parameter-build.cloudsearchdomain.Search to before-parameter-build.cloudsearch-domain.Search
2024-12-23 12:12:02,814 - DEBUG - Changing event name from docs.*.cloudsearchdomain.Search.complete-section to docs.*.cloudsearch-domain.Search.complete-section
2024-12-23 12:12:02,862 - DEBUG - Loading JSON file: C:\Users\keena\AppData\Local\Programs\Python\Python312\Lib\site-packages\botocore\data\endpoints.json
2024-12-23 12:12:02,872 - DEBUG - Loading JSON file: C:\Users\keena\AppData\Local\Programs\Python\Python312\Lib\site-packages\botocore\data\sdk-default-configuration.json
2024-12-23 12:12:02,873 - DEBUG - Event choose-service-name: calling handler <function handle_service_name_alias at 0x0000019A16C25DA0>
2024-12-23 12:12:02,921 - DEBUG - Loading JSON file: C:\Users\keena\AppData\Local\Programs\Python\Python312\Lib\site-packages\botocore\data\s3\2006-03-01\service-2.json.gz
2024-12-23 12:12:02,927 - DEBUG - Loading JSON file: C:\Users\keena\AppData\Local\Programs\Python\Python312\Lib\site-packages\botocore\data\s3\2006-03-01\service-2.sdk-extras.json
2024-12-23 12:12:02,973 - DEBUG - Loading JSON file: C:\Users\keena\AppData\Local\Programs\Python\Python312\Lib\site-packages\botocore\data\s3\2006-03-01\endpoint-rule-set-1.json.gz
2024-12-23 12:12:02,976 - DEBUG - Loading JSON file: C:\Users\keena\AppData\Local\Programs\Python\Python312\Lib\site-packages\botocore\data\partitions.json
2024-12-23 12:12:02,977 - DEBUG - Event creating-client-class.s3: calling handler <function add_generate_presigned_post at 0x0000019A16B66C00>
2024-12-23 12:12:02,977 - DEBUG - Event creating-client-class.s3: calling handler <function lazy_call.<locals>._handler at 0x0000019A16CCD800>
2024-12-23 12:12:03,004 - DEBUG - Event creating-client-class.s3: calling handler <function add_generate_presigned_url at 0x0000019A16B66980>
2024-12-23 12:12:03,005 - DEBUG - Looking for endpoint for s3 via: environment_service
2024-12-23 12:12:03,005 - DEBUG - Looking for endpoint for s3 via: environment_global
2024-12-23 12:12:03,005 - DEBUG - Looking for endpoint for s3 via: config_service
2024-12-23 12:12:03,005 - DEBUG - Looking for endpoint for s3 via: config_global
2024-12-23 12:12:03,005 - DEBUG - No configured endpoint found.
2024-12-23 12:12:03,006 - DEBUG - Setting s3 timeout as (60, 60)
2024-12-23 12:12:03,010 - DEBUG - Loading JSON file: C:\Users\keena\AppData\Local\Programs\Python\Python312\Lib\site-packages\botocore\data\_retry.json
2024-12-23 12:12:03,010 - DEBUG - Registering retry handlers for service: s3
2024-12-23 12:12:03,011 - DEBUG - Registering S3 region redirector handler
2024-12-23 12:12:03,011 - DEBUG - Registering S3Express Identity Resolver
2024-12-23 12:12:04,857 - DEBUG - Navigating to products page: https://www.ea-militaria.com/new-items?p=0
2024-12-23 12:12:04,860 - DEBUG - Starting new HTTPS connection (1): www.ea-militaria.com:443
2024-12-23 12:12:06,303 - DEBUG - https://www.ea-militaria.com:443 "GET /new-items?p=0 HTTP/1.1" 200 None
2024-12-23 12:12:06,505 - INFO - 
------------------------------------------------------------
                    NEW INSTANCE STARTED                    
------------------------------------------------------------
2024-12-23 12:12:06,506 - INFO - MILITARIA SITE      : EA_MILITARIA
2024-12-23 12:12:06,506 - INFO - PRODUCTS URL        : https://www.ea-militaria.com/new-items?p=0
2024-12-23 12:12:06,506 - INFO - CYCLES RUN          : 0
2024-12-23 12:12:06,506 - INFO - PRODUCTS PROCESSED  : 0
2024-12-23 12:12:06,506 - INFO - TIMESTAMP           : 2024-12-23 12:12:06.505467
2024-12-23 12:12:06,506 - ERROR - Error constructing product URL: 'href'
2024-12-23 12:12:06,507 - WARNING - Product URL is invalid. Skipping this product.
2024-12-23 12:12:06,507 - DEBUG - Product URL constructed: https://www.ea-militaria.com/wehrmach-wallmeister-arm-bade.html
2024-12-23 12:12:06,949 - DEBUG - https://www.ea-militaria.com:443 "GET /wehrmach-wallmeister-arm-bade.html HTTP/1.1" 200 None
2024-12-23 12:12:06,974 - ERROR - Function None not found.
2024-12-23 12:12:06,974 - DEBUG - Extracted image URLs: []
2024-12-23 12:12:06,975 - ERROR - Error fetching and scraping product: too many values to unpack (expected 4)
2024-12-23 12:12:06,975 - WARNING - Failed to fetch or scrape product details for https://www.ea-militaria.com/wehrmach-wallmeister-arm-bade.html. Skipping.
2024-12-23 12:12:06,975 - DEBUG - Product URL constructed: https://www.ea-militaria.com/wehrmacht-nco-hufbeschlagpersonal-arm-badge.html
2024-12-23 12:12:07,385 - DEBUG - https://www.ea-militaria.com:443 "GET /wehrmacht-nco-hufbeschlagpersonal-arm-badge.html HTTP/1.1" 200 None
2024-12-23 12:12:07,408 - ERROR - Function None not found.
2024-12-23 12:12:07,409 - DEBUG - Extracted image URLs: []
2024-12-23 12:12:07,409 - ERROR - Error fetching and scraping product: too many values to unpack (expected 4)
2024-12-23 12:12:07,409 - WARNING - Failed to fetch or scrape product details for https://www.ea-militaria.com/wehrmacht-nco-hufbeschlagpersonal-arm-badge.html. Skipping.
2024-12-23 12:12:07,409 - DEBUG - Product URL constructed: https://www.ea-militaria.com/wehrmacht-kradschutzen-signal-blitz-badge.html
2024-12-23 12:12:07,795 - DEBUG - https://www.ea-militaria.com:443 "GET /wehrmacht-kradschutzen-signal-blitz-badge.html HTTP/1.1" 200 None
2024-12-23 12:12:07,818 - ERROR - Function None not found.
2024-12-23 12:12:07,818 - DEBUG - Extracted image URLs: []
2024-12-23 12:12:07,818 - ERROR - Error fetching and scraping product: too many values to unpack (expected 4)
2024-12-23 12:12:07,818 - WARNING - Failed to fetch or scrape product details for https://www.ea-militaria.com/wehrmacht-kradschutzen-signal-blitz-badge.html. Skipping.
2024-12-23 12:12:07,818 - DEBUG - Product URL constructed: https://www.ea-militaria.com/german-panzer-handwerker-badge-1st-class.html
2024-12-23 12:12:08,233 - DEBUG - https://www.ea-militaria.com:443 "GET /german-panzer-handwerker-badge-1st-class.html HTTP/1.1" 200 None
2024-12-23 12:12:08,256 - ERROR - Function None not found.
2024-12-23 12:12:08,256 - DEBUG - Extracted image URLs: []
2024-12-23 12:12:08,256 - ERROR - Error fetching and scraping product: too many values to unpack (expected 4)
2024-12-23 12:12:08,256 - WARNING - Failed to fetch or scrape product details for https://www.ea-militaria.com/german-panzer-handwerker-badge-1st-class.html. Skipping.
2024-12-23 12:12:08,257 - DEBUG - Product URL constructed: https://www.ea-militaria.com/wehrmacht-handwerker-badge.html
2024-12-23 12:12:10,190 - DEBUG - https://www.ea-militaria.com:443 "GET /wehrmacht-handwerker-badge.html HTTP/1.1" 200 None
2024-12-23 12:12:10,215 - ERROR - Function None not found.
2024-12-23 12:12:10,216 - DEBUG - Extracted image URLs: []
2024-12-23 12:12:10,216 - ERROR - Error fetching and scraping product: too many values to unpack (expected 4)
2024-12-23 12:12:10,216 - WARNING - Failed to fetch or scrape product details for https://www.ea-militaria.com/wehrmacht-handwerker-badge.html. Skipping.
2024-12-23 12:12:10,216 - DEBUG - Product URL constructed: https://www.ea-militaria.com/drl-sportabzeichen-wernstein-jena-in-silber.html
