2024-12-27 20:46:51,210 - INFO - Logging initialized. Log file: logs\2024-12-27_instance_6.log
2024-12-27 20:46:52,664 - WARNING - 
------------------------------------------------------------
PROGRAM INITIALIZED 2024-12-27 20:46:52.664638
------------------------------------------------------------
2024-12-27 20:46:57,714 - INFO - PostgreSQL connection pool initialized.
2024-12-27 20:46:57,715 - DEBUG - Changing event name from creating-client-class.iot-data to creating-client-class.iot-data-plane
2024-12-27 20:46:57,717 - DEBUG - Changing event name from before-call.apigateway to before-call.api-gateway
2024-12-27 20:46:57,718 - DEBUG - Changing event name from request-created.machinelearning.Predict to request-created.machine-learning.Predict
2024-12-27 20:46:57,719 - DEBUG - Changing event name from before-parameter-build.autoscaling.CreateLaunchConfiguration to before-parameter-build.auto-scaling.CreateLaunchConfiguration
2024-12-27 20:46:57,720 - DEBUG - Changing event name from before-parameter-build.route53 to before-parameter-build.route-53
2024-12-27 20:46:57,720 - DEBUG - Changing event name from request-created.cloudsearchdomain.Search to request-created.cloudsearch-domain.Search
2024-12-27 20:46:57,721 - DEBUG - Changing event name from docs.*.autoscaling.CreateLaunchConfiguration.complete-section to docs.*.auto-scaling.CreateLaunchConfiguration.complete-section
2024-12-27 20:46:57,723 - DEBUG - Changing event name from before-parameter-build.logs.CreateExportTask to before-parameter-build.cloudwatch-logs.CreateExportTask
2024-12-27 20:46:57,723 - DEBUG - Changing event name from docs.*.logs.CreateExportTask.complete-section to docs.*.cloudwatch-logs.CreateExportTask.complete-section
2024-12-27 20:46:57,723 - DEBUG - Changing event name from before-parameter-build.cloudsearchdomain.Search to before-parameter-build.cloudsearch-domain.Search
2024-12-27 20:46:57,723 - DEBUG - Changing event name from docs.*.cloudsearchdomain.Search.complete-section to docs.*.cloudsearch-domain.Search.complete-section
2024-12-27 20:46:57,776 - DEBUG - Loading JSON file: C:\Users\keena\AppData\Local\Programs\Python\Python312\Lib\site-packages\botocore\data\endpoints.json
2024-12-27 20:46:57,788 - DEBUG - Loading JSON file: C:\Users\keena\AppData\Local\Programs\Python\Python312\Lib\site-packages\botocore\data\sdk-default-configuration.json
2024-12-27 20:46:57,788 - DEBUG - Event choose-service-name: calling handler <function handle_service_name_alias at 0x00000237444AE700>
2024-12-27 20:46:57,840 - DEBUG - Loading JSON file: C:\Users\keena\AppData\Local\Programs\Python\Python312\Lib\site-packages\botocore\data\s3\2006-03-01\service-2.json.gz
2024-12-27 20:46:57,846 - DEBUG - Loading JSON file: C:\Users\keena\AppData\Local\Programs\Python\Python312\Lib\site-packages\botocore\data\s3\2006-03-01\service-2.sdk-extras.json
2024-12-27 20:46:57,895 - DEBUG - Loading JSON file: C:\Users\keena\AppData\Local\Programs\Python\Python312\Lib\site-packages\botocore\data\s3\2006-03-01\endpoint-rule-set-1.json.gz
2024-12-27 20:46:57,898 - DEBUG - Loading JSON file: C:\Users\keena\AppData\Local\Programs\Python\Python312\Lib\site-packages\botocore\data\partitions.json
2024-12-27 20:46:57,899 - DEBUG - Event creating-client-class.s3: calling handler <function add_generate_presigned_post at 0x00000237443EB560>
2024-12-27 20:46:57,899 - DEBUG - Event creating-client-class.s3: calling handler <function lazy_call.<locals>._handler at 0x000002374454A520>
2024-12-27 20:46:57,934 - DEBUG - Event creating-client-class.s3: calling handler <function add_generate_presigned_url at 0x00000237443EB2E0>
2024-12-27 20:46:57,934 - DEBUG - Looking for endpoint for s3 via: environment_service
2024-12-27 20:46:57,934 - DEBUG - Looking for endpoint for s3 via: environment_global
2024-12-27 20:46:57,934 - DEBUG - Looking for endpoint for s3 via: config_service
2024-12-27 20:46:57,935 - DEBUG - Looking for endpoint for s3 via: config_global
2024-12-27 20:46:57,935 - DEBUG - No configured endpoint found.
2024-12-27 20:46:57,936 - DEBUG - Setting s3 timeout as (60, 60)
2024-12-27 20:46:57,941 - DEBUG - Loading JSON file: C:\Users\keena\AppData\Local\Programs\Python\Python312\Lib\site-packages\botocore\data\_retry.json
2024-12-27 20:46:57,941 - DEBUG - Registering retry handlers for service: s3
2024-12-27 20:46:57,942 - DEBUG - Registering S3 region redirector handler
2024-12-27 20:46:57,942 - DEBUG - Registering S3Express Identity Resolver
2024-12-27 20:46:57,943 - INFO - S3Manager initialized for bucket militaria-images
2024-12-27 20:46:59,591 - DEBUG - Processing products page: https://oorlogsspullen.nl/product-categorie/new/page/0/
2024-12-27 20:46:59,594 - DEBUG - Starting new HTTPS connection (1): oorlogsspullen.nl:443
2024-12-27 20:47:01,995 - DEBUG - https://oorlogsspullen.nl:443 "GET /product-categorie/new/page/0/ HTTP/1.1" 200 21121
2024-12-27 20:47:02,275 - ERROR - Error processing site OORLOGSSPULLEN: process_product() missing 5 required positional arguments: 'descElement', 'priceElement', 'availableElement', 'imageElement', and 's3_manager'
2024-12-27 20:47:02,275 - DEBUG - Processing products page: https://oorlogsspullen.nl/product-categorie/archief/page/0/
2024-12-27 20:47:03,979 - DEBUG - https://oorlogsspullen.nl:443 "GET /product-categorie/archief/page/0/ HTTP/1.1" 200 20812
2024-12-27 20:47:04,258 - ERROR - Error processing site OORLOGSSPULLEN: process_product() missing 5 required positional arguments: 'descElement', 'priceElement', 'availableElement', 'imageElement', and 's3_manager'
2024-12-27 20:47:04,259 - DEBUG - Processing products page: https://fjm44.com/shop/page/0/
2024-12-27 20:47:04,260 - DEBUG - Starting new HTTPS connection (1): fjm44.com:443
2024-12-27 20:47:12,053 - DEBUG - https://fjm44.com:443 "GET /shop/page/0/ HTTP/1.1" 200 None
2024-12-27 20:47:12,083 - ERROR - Error processing site FJM44: process_product() missing 5 required positional arguments: 'descElement', 'priceElement', 'availableElement', 'imageElement', and 's3_manager'
2024-12-27 20:47:12,084 - DEBUG - Processing products page: https://awcmilitaria.com/shop.php?pg=0
2024-12-27 20:47:12,084 - DEBUG - Starting new HTTPS connection (1): awcmilitaria.com:443
2024-12-27 20:47:13,525 - DEBUG - https://awcmilitaria.com:443 "GET /shop.php?pg=0 HTTP/1.1" 200 5429
2024-12-27 20:47:13,568 - ERROR - Error processing site AWC_MILITARIA: process_product() missing 5 required positional arguments: 'descElement', 'priceElement', 'availableElement', 'imageElement', and 's3_manager'
2024-12-27 20:47:13,568 - DEBUG - Processing products page: https://bfrmilitaria.com/shop.php?pg=0
2024-12-27 20:47:13,569 - DEBUG - Starting new HTTPS connection (1): bfrmilitaria.com:443
