2024-12-04 22:12:01,624 - INFO - Logging initialized. Log file: logs\2024-12-04_instance_21.log
2024-12-04 22:12:06,228 - INFO - 
------------------------------------------------------------
                     PROGRAM INITIALIZED
                     2024-12-04 22:12:06.228071          
------------------------------------------------------------
2024-12-04 22:12:08,127 - DEBUG - Navigating to products page: https://www.csmilitaria.co.uk/shop.php?pg=0
2024-12-04 22:12:08,132 - DEBUG - Starting new HTTPS connection (1): www.csmilitaria.co.uk:443
2024-12-04 22:12:09,648 - DEBUG - https://www.csmilitaria.co.uk:443 "GET /shop.php?pg=0 HTTP/1.1" 200 5644
2024-12-04 22:12:09,667 - INFO - 
------------------------------------------------------------
                    NEW INSTANCE STARTED                    
------------------------------------------------------------
2024-12-04 22:12:09,667 - INFO - MILITARIA SITE      : CS_MILITARIA
2024-12-04 22:12:09,667 - INFO - PRODUCTS URL        : https://www.csmilitaria.co.uk/shop.php?pg=0
2024-12-04 22:12:09,667 - INFO - CYCLES RUN          : 0
2024-12-04 22:12:09,668 - INFO - PRODUCTS PROCESSED  : 0
2024-12-04 22:12:09,668 - INFO - TIMESTAMP           : 2024-12-04 22:12:09.667751
2024-12-04 22:12:09,668 - DEBUG - Product URL constructed: https://www.csmilitaria.co.uk/shop.php?code=14741
2024-12-04 22:12:09,967 - DEBUG - https://www.csmilitaria.co.uk:443 "GET /shop.php?code=14741 HTTP/1.1" 200 3751
2024-12-04 22:12:09,978 - DEBUG - Scraped data - Title: WW1 French 73rd Infantry Regiment Kepi, Price: 745.00, Available: True
2024-12-04 22:12:10,295 - INFO - No updates required for product 'https://www.csmilitaria.co.uk/shop.php?code=14741'.
2024-12-04 22:12:10,295 - INFO - 
------------------------------------------------------------
                     NO PRODUCT UPDATE                      
------------------------------------------------------------
2024-12-04 22:12:10,295 - INFO - CURRENT PAGE        : 0
2024-12-04 22:12:10,296 - INFO - PRODUCTS PROCESSED  : 0
2024-12-04 22:12:10,296 - INFO - CONSECUTIVE MATCHES : 1 / 25
2024-12-04 22:12:10,296 - INFO - PRODUCT URL         : https://www.csmilitaria.co.uk/shop.php?code=14741
2024-12-04 22:12:10,296 - INFO - TIMESTAMP           : 2024-12-04 22:12:10.295267
2024-12-04 22:12:10,296 - INFO - No changes made for product 'https://www.csmilitaria.co.uk/shop.php?code=14741'.
2024-12-04 22:12:10,296 - DEBUG - Product URL constructed: https://www.csmilitaria.co.uk/shop.php?code=14728
2024-12-04 22:12:10,591 - DEBUG - https://www.csmilitaria.co.uk:443 "GET /shop.php?code=14728 HTTP/1.1" 200 2881
2024-12-04 22:12:10,597 - DEBUG - Scraped data - Title: WW2 Canadian Undershirt, Price: 75.00, Available: True
2024-12-04 22:12:10,768 - INFO - No updates required for product 'https://www.csmilitaria.co.uk/shop.php?code=14728'.
2024-12-04 22:12:10,768 - INFO - 
------------------------------------------------------------
                     NO PRODUCT UPDATE                      
------------------------------------------------------------
2024-12-04 22:12:10,768 - INFO - CURRENT PAGE        : 0
2024-12-04 22:12:10,768 - INFO - PRODUCTS PROCESSED  : 1
2024-12-04 22:12:10,768 - INFO - CONSECUTIVE MATCHES : 2 / 25
2024-12-04 22:12:10,769 - INFO - PRODUCT URL         : https://www.csmilitaria.co.uk/shop.php?code=14728
2024-12-04 22:12:10,769 - INFO - TIMESTAMP           : 2024-12-04 22:12:10.768200
2024-12-04 22:12:10,769 - INFO - No changes made for product 'https://www.csmilitaria.co.uk/shop.php?code=14728'.
2024-12-04 22:12:10,769 - DEBUG - Product URL constructed: https://www.csmilitaria.co.uk/shop.php?code=14729
2024-12-04 22:12:11,068 - DEBUG - https://www.csmilitaria.co.uk:443 "GET /shop.php?code=14729 HTTP/1.1" 200 2940
2024-12-04 22:12:11,076 - DEBUG - Scraped data - Title: WW2 Canadian Long Johns, Price: 75.00, Available: True
2024-12-04 22:12:11,247 - INFO - No updates required for product 'https://www.csmilitaria.co.uk/shop.php?code=14729'.
2024-12-04 22:12:11,248 - INFO - 
------------------------------------------------------------
                     NO PRODUCT UPDATE                      
------------------------------------------------------------
2024-12-04 22:12:11,248 - INFO - CURRENT PAGE        : 0
2024-12-04 22:12:11,249 - INFO - PRODUCTS PROCESSED  : 2
2024-12-04 22:12:11,249 - INFO - CONSECUTIVE MATCHES : 3 / 25
2024-12-04 22:12:11,249 - INFO - PRODUCT URL         : https://www.csmilitaria.co.uk/shop.php?code=14729
2024-12-04 22:12:11,249 - INFO - TIMESTAMP           : 2024-12-04 22:12:11.248066
2024-12-04 22:12:11,249 - INFO - No changes made for product 'https://www.csmilitaria.co.uk/shop.php?code=14729'.
2024-12-04 22:12:11,249 - DEBUG - Product URL constructed: https://www.csmilitaria.co.uk/shop.php?code=14730
2024-12-04 22:12:11,549 - DEBUG - https://www.csmilitaria.co.uk:443 "GET /shop.php?code=14730 HTTP/1.1" 200 2889
2024-12-04 22:12:11,553 - DEBUG - Scraped data - Title: WW2 Canadian Wool Socks, Price: 55.00, Available: True
2024-12-04 22:12:11,725 - INFO - No updates required for product 'https://www.csmilitaria.co.uk/shop.php?code=14730'.
2024-12-04 22:12:11,725 - INFO - 
------------------------------------------------------------
                     NO PRODUCT UPDATE                      
------------------------------------------------------------
2024-12-04 22:12:11,726 - INFO - CURRENT PAGE        : 0
2024-12-04 22:12:11,728 - INFO - PRODUCTS PROCESSED  : 3
2024-12-04 22:12:11,729 - INFO - CONSECUTIVE MATCHES : 4 / 25
2024-12-04 22:12:11,730 - INFO - PRODUCT URL         : https://www.csmilitaria.co.uk/shop.php?code=14730
2024-12-04 22:12:11,730 - INFO - TIMESTAMP           : 2024-12-04 22:12:11.725043
2024-12-04 22:12:11,730 - INFO - No changes made for product 'https://www.csmilitaria.co.uk/shop.php?code=14730'.
2024-12-04 22:12:11,730 - DEBUG - Product URL constructed: https://www.csmilitaria.co.uk/shop.php?code=14739
2024-12-04 22:12:12,028 - DEBUG - https://www.csmilitaria.co.uk:443 "GET /shop.php?code=14739 HTTP/1.1" 200 3184
2024-12-04 22:12:12,036 - WARNING - Unable to retrieve product PRICE.
2024-12-04 22:12:12,036 - WARNING - AttributeError while evaluating price element: 'NoneType' object has no attribute 'group'
2024-12-04 22:12:12,036 - DEBUG - Scraped data - Title: French WW1 Model M1893 Field Pack - 1917 Dated, Price: 0, Available: False
2024-12-04 22:12:12,208 - INFO - No updates required for product 'https://www.csmilitaria.co.uk/shop.php?code=14739'.
2024-12-04 22:12:12,209 - INFO - 
------------------------------------------------------------
                     NO PRODUCT UPDATE                      
------------------------------------------------------------
2024-12-04 22:12:12,209 - INFO - CURRENT PAGE        : 0
2024-12-04 22:12:12,209 - INFO - PRODUCTS PROCESSED  : 4
2024-12-04 22:12:12,210 - INFO - CONSECUTIVE MATCHES : 5 / 25
2024-12-04 22:12:12,210 - INFO - PRODUCT URL         : https://www.csmilitaria.co.uk/shop.php?code=14739
2024-12-04 22:12:12,210 - INFO - TIMESTAMP           : 2024-12-04 22:12:12.209122
2024-12-04 22:12:12,210 - INFO - No changes made for product 'https://www.csmilitaria.co.uk/shop.php?code=14739'.
2024-12-04 22:12:12,211 - DEBUG - Product URL constructed: https://www.csmilitaria.co.uk/shop.php?code=14744
2024-12-04 22:12:12,507 - DEBUG - https://www.csmilitaria.co.uk:443 "GET /shop.php?code=14744 HTTP/1.1" 200 2913
2024-12-04 22:12:12,514 - DEBUG - Scraped data - Title: WW2 Canadian MkI Pouches With Ballasite Cartridge Loops, Price: 60.00, Available: True
2024-12-04 22:12:12,685 - INFO - No updates required for product 'https://www.csmilitaria.co.uk/shop.php?code=14744'.
2024-12-04 22:12:12,686 - INFO - 
------------------------------------------------------------
                     NO PRODUCT UPDATE                      
------------------------------------------------------------
2024-12-04 22:12:12,686 - INFO - CURRENT PAGE        : 0
2024-12-04 22:12:12,686 - INFO - PRODUCTS PROCESSED  : 5
2024-12-04 22:12:12,686 - INFO - CONSECUTIVE MATCHES : 6 / 25
2024-12-04 22:12:12,686 - INFO - PRODUCT URL         : https://www.csmilitaria.co.uk/shop.php?code=14744
2024-12-04 22:12:12,687 - INFO - TIMESTAMP           : 2024-12-04 22:12:12.686417
2024-12-04 22:12:12,687 - INFO - No changes made for product 'https://www.csmilitaria.co.uk/shop.php?code=14744'.
2024-12-04 22:12:12,687 - DEBUG - Product URL constructed: https://www.csmilitaria.co.uk/shop.php?code=14726
2024-12-04 22:12:12,983 - DEBUG - https://www.csmilitaria.co.uk:443 "GET /shop.php?code=14726 HTTP/1.1" 200 2864
2024-12-04 22:12:12,991 - DEBUG - Scraped data - Title: WW2 Canadian Webbing Anklets 1945, Price: 45.00, Available: True
