2024-12-26 15:58:29,738 - INFO - Logging initialized. Log file: logs\2024-12-26_instance_3.log
2024-12-26 15:58:32,021 - INFO - 
------------------------------------------------------------
PROGRAM INITIALIZED 2024-12-26 15:58:32.021230
------------------------------------------------------------
2024-12-26 15:58:37,104 - INFO - PostgreSQL connection pool initialized.
2024-12-26 15:58:37,105 - DEBUG - Changing event name from creating-client-class.iot-data to creating-client-class.iot-data-plane
2024-12-26 15:58:37,106 - DEBUG - Changing event name from before-call.apigateway to before-call.api-gateway
2024-12-26 15:58:37,107 - DEBUG - Changing event name from request-created.machinelearning.Predict to request-created.machine-learning.Predict
2024-12-26 15:58:37,108 - DEBUG - Changing event name from before-parameter-build.autoscaling.CreateLaunchConfiguration to before-parameter-build.auto-scaling.CreateLaunchConfiguration
2024-12-26 15:58:37,108 - DEBUG - Changing event name from before-parameter-build.route53 to before-parameter-build.route-53
2024-12-26 15:58:37,109 - DEBUG - Changing event name from request-created.cloudsearchdomain.Search to request-created.cloudsearch-domain.Search
2024-12-26 15:58:37,109 - DEBUG - Changing event name from docs.*.autoscaling.CreateLaunchConfiguration.complete-section to docs.*.auto-scaling.CreateLaunchConfiguration.complete-section
2024-12-26 15:58:37,111 - DEBUG - Changing event name from before-parameter-build.logs.CreateExportTask to before-parameter-build.cloudwatch-logs.CreateExportTask
2024-12-26 15:58:37,111 - DEBUG - Changing event name from docs.*.logs.CreateExportTask.complete-section to docs.*.cloudwatch-logs.CreateExportTask.complete-section
2024-12-26 15:58:37,112 - DEBUG - Changing event name from before-parameter-build.cloudsearchdomain.Search to before-parameter-build.cloudsearch-domain.Search
2024-12-26 15:58:37,112 - DEBUG - Changing event name from docs.*.cloudsearchdomain.Search.complete-section to docs.*.cloudsearch-domain.Search.complete-section
2024-12-26 15:58:37,155 - DEBUG - Loading JSON file: C:\Users\keena\AppData\Local\Programs\Python\Python312\Lib\site-packages\botocore\data\endpoints.json
2024-12-26 15:58:37,167 - DEBUG - Loading JSON file: C:\Users\keena\AppData\Local\Programs\Python\Python312\Lib\site-packages\botocore\data\sdk-default-configuration.json
2024-12-26 15:58:37,167 - DEBUG - Event choose-service-name: calling handler <function handle_service_name_alias at 0x000001B5FF489F80>
2024-12-26 15:58:37,215 - DEBUG - Loading JSON file: C:\Users\keena\AppData\Local\Programs\Python\Python312\Lib\site-packages\botocore\data\s3\2006-03-01\service-2.json.gz
2024-12-26 15:58:37,222 - DEBUG - Loading JSON file: C:\Users\keena\AppData\Local\Programs\Python\Python312\Lib\site-packages\botocore\data\s3\2006-03-01\service-2.sdk-extras.json
2024-12-26 15:58:37,272 - DEBUG - Loading JSON file: C:\Users\keena\AppData\Local\Programs\Python\Python312\Lib\site-packages\botocore\data\s3\2006-03-01\endpoint-rule-set-1.json.gz
2024-12-26 15:58:37,274 - DEBUG - Loading JSON file: C:\Users\keena\AppData\Local\Programs\Python\Python312\Lib\site-packages\botocore\data\partitions.json
2024-12-26 15:58:37,275 - DEBUG - Event creating-client-class.s3: calling handler <function add_generate_presigned_post at 0x000001B5FF3CADE0>
2024-12-26 15:58:37,276 - DEBUG - Event creating-client-class.s3: calling handler <function lazy_call.<locals>._handler at 0x000001B5FF52D940>
2024-12-26 15:58:37,311 - DEBUG - Event creating-client-class.s3: calling handler <function add_generate_presigned_url at 0x000001B5FF3CAB60>
2024-12-26 15:58:37,311 - DEBUG - Looking for endpoint for s3 via: environment_service
2024-12-26 15:58:37,312 - DEBUG - Looking for endpoint for s3 via: environment_global
2024-12-26 15:58:37,312 - DEBUG - Looking for endpoint for s3 via: config_service
2024-12-26 15:58:37,312 - DEBUG - Looking for endpoint for s3 via: config_global
2024-12-26 15:58:37,312 - DEBUG - No configured endpoint found.
2024-12-26 15:58:37,313 - DEBUG - Setting s3 timeout as (60, 60)
2024-12-26 15:58:37,316 - DEBUG - Loading JSON file: C:\Users\keena\AppData\Local\Programs\Python\Python312\Lib\site-packages\botocore\data\_retry.json
2024-12-26 15:58:37,317 - DEBUG - Registering retry handlers for service: s3
2024-12-26 15:58:37,317 - DEBUG - Registering S3 region redirector handler
2024-12-26 15:58:37,318 - DEBUG - Registering S3Express Identity Resolver
2024-12-26 15:58:37,318 - INFO - S3Manager initialized for bucket militaria-images
2024-12-26 15:58:38,274 - DEBUG - Navigating to products page: https://awcmilitaria.com/shop.php?pg=0
2024-12-26 15:58:38,276 - DEBUG - Starting new HTTPS connection (1): awcmilitaria.com:443
2024-12-26 15:58:39,429 - DEBUG - https://awcmilitaria.com:443 "GET /shop.php?pg=0 HTTP/1.1" 200 5429
2024-12-26 15:58:39,441 - INFO - 
------------------------------------------------------------
                    NEW INSTANCE STARTED                    
------------------------------------------------------------
2024-12-26 15:58:39,441 - INFO - MILITARIA SITE      : AWC_MILITARIA
2024-12-26 15:58:39,441 - INFO - PRODUCTS URL        : https://awcmilitaria.com/shop.php?pg=0
2024-12-26 15:58:39,442 - INFO - CYCLES RUN          : 0
2024-12-26 15:58:39,442 - INFO - PRODUCTS PROCESSED  : 0
2024-12-26 15:58:39,442 - INFO - TIMESTAMP           : 2024-12-26 15:58:39.441368
2024-12-26 15:58:39,442 - DEBUG - Product URL constructed: https://awcmilitaria.com/shop.php?code=53751
2024-12-26 15:58:40,885 - DEBUG - Image upload already completed for product URL: https://awcmilitaria.com/shop.php?code=53751.
2024-12-26 15:58:40,885 - INFO - Skipping image upload for product: https://awcmilitaria.com/shop.php?code=53751 as images are already uploaded.
2024-12-26 15:58:40,885 - DEBUG - Product URL constructed: https://awcmilitaria.com/shop.php?code=53750
2024-12-26 15:58:42,268 - DEBUG - Image upload needed for product URL: https://awcmilitaria.com/shop.php?code=53750.
2024-12-26 15:58:42,564 - DEBUG - https://awcmilitaria.com:443 "GET /shop.php?code=53750 HTTP/1.1" 200 3026
2024-12-26 15:58:42,570 - ERROR - Error in concept500: Missing base URL for relative path: /photos/53750.jpg
2024-12-26 15:58:42,570 - DEBUG - Extracted image URLs: []
2024-12-26 15:58:42,570 - DEBUG - Scraped data: Title=WW2 8th Armoured Division Pair of Un-issued Machine-woven Shoulder-flashes., Price=18.00, Available=True
2024-12-26 15:58:43,905 - DEBUG - Product ID for URL 'https://awcmilitaria.com/shop.php?code=53750' is 227948
2024-12-26 15:58:46,799 - INFO - Product 'https://awcmilitaria.com/shop.php?code=53750' was updated or inserted successfully.
2024-12-26 15:58:46,799 - DEBUG - Product URL constructed: https://awcmilitaria.com/shop.php?code=53749
2024-12-26 15:58:48,156 - DEBUG - Image upload needed for product URL: https://awcmilitaria.com/shop.php?code=53749.
