2024-12-22 20:58:24,969 - ERROR - Error constructing product URL: 'href'
2024-12-22 20:58:24,969 - WARNING - Product URL is invalid. Skipping this product.
2024-12-22 20:58:29,898 - WARNING - Error uploading image https://www.ea-militaria.com/media/catalog/product/cache/9b0b3b8cd6d61af269ad4888103f835d/e/a/eam_9446_1.jpeg: 'str' object cannot be interpreted as an integer
2024-12-22 20:58:29,898 - WARNING - Error uploading image https://www.ea-militaria.com/media/catalog/product/cache/9b0b3b8cd6d61af269ad4888103f835d/e/a/eam_9444_1.jpeg: 'str' object cannot be interpreted as an integer
2024-12-22 20:58:29,899 - WARNING - Error uploading image https://www.ea-militaria.com/media/catalog/product/cache/9b0b3b8cd6d61af269ad4888103f835d/e/a/eam_9445.jpeg: 'str' object cannot be interpreted as an integer
2024-12-22 20:58:38,385 - WARNING - Error uploading image https://www.ea-militaria.com/media/catalog/product/cache/9b0b3b8cd6d61af269ad4888103f835d/e/a/eam_9477.jpg: 'str' object cannot be interpreted as an integer
2024-12-22 20:58:38,385 - WARNING - Error uploading image https://www.ea-militaria.com/media/catalog/product/cache/9b0b3b8cd6d61af269ad4888103f835d/e/a/eam_9478.jpg: 'str' object cannot be interpreted as an integer
2024-12-22 20:58:48,230 - WARNING - Error uploading image https://www.ea-militaria.com/media/catalog/product/cache/9b0b3b8cd6d61af269ad4888103f835d/e/a/eam_9436_1.jpeg: 'str' object cannot be interpreted as an integer
2024-12-22 20:58:48,230 - WARNING - Error uploading image https://www.ea-militaria.com/media/catalog/product/cache/9b0b3b8cd6d61af269ad4888103f835d/e/a/eam_9435_1.jpeg: 'str' object cannot be interpreted as an integer
2024-12-22 20:58:48,230 - WARNING - Error uploading image https://www.ea-militaria.com/media/catalog/product/cache/9b0b3b8cd6d61af269ad4888103f835d/e/a/eam_9434_1.jpeg: 'str' object cannot be interpreted as an integer
2024-12-22 20:59:04,690 - WARNING - Error uploading image https://www.ea-militaria.com/media/catalog/product/cache/9b0b3b8cd6d61af269ad4888103f835d/e/a/eam_9250.jpg: 'str' object cannot be interpreted as an integer
2024-12-22 20:59:04,691 - WARNING - Error uploading image https://www.ea-militaria.com/media/catalog/product/cache/9b0b3b8cd6d61af269ad4888103f835d/e/a/eam_9253.jpg: 'str' object cannot be interpreted as an integer
2024-12-22 20:59:04,691 - WARNING - Error uploading image https://www.ea-militaria.com/media/catalog/product/cache/9b0b3b8cd6d61af269ad4888103f835d/e/a/eam_9251.jpg: 'str' object cannot be interpreted as an integer
2024-12-22 20:59:04,691 - WARNING - Error uploading image https://www.ea-militaria.com/media/catalog/product/cache/9b0b3b8cd6d61af269ad4888103f835d/e/a/eam_9258.jpg: 'str' object cannot be interpreted as an integer
2024-12-22 20:59:04,691 - WARNING - Error uploading image https://www.ea-militaria.com/media/catalog/product/cache/9b0b3b8cd6d61af269ad4888103f835d/e/a/eam_9259.jpg: 'str' object cannot be interpreted as an integer
2024-12-22 20:59:04,691 - WARNING - Error uploading image https://www.ea-militaria.com/media/catalog/product/cache/9b0b3b8cd6d61af269ad4888103f835d/e/a/eam_9261.jpg: 'str' object cannot be interpreted as an integer
2024-12-22 20:59:04,691 - WARNING - Error uploading image https://www.ea-militaria.com/media/catalog/product/cache/9b0b3b8cd6d61af269ad4888103f835d/e/a/eam_9262.jpg: 'str' object cannot be interpreted as an integer
2024-12-22 20:59:04,692 - WARNING - Error uploading image https://www.ea-militaria.com/media/catalog/product/cache/9b0b3b8cd6d61af269ad4888103f835d/e/a/eam_9263.jpg: 'str' object cannot be interpreted as an integer
2024-12-22 20:59:04,692 - WARNING - Error uploading image https://www.ea-militaria.com/media/catalog/product/cache/9b0b3b8cd6d61af269ad4888103f835d/e/a/eam_9264.jpg: 'str' object cannot be interpreted as an integer
2024-12-22 20:59:04,692 - WARNING - Error uploading image https://www.ea-militaria.com/media/catalog/product/cache/9b0b3b8cd6d61af269ad4888103f835d/e/a/eam_9268.jpg: 'str' object cannot be interpreted as an integer
