2024-12-22 21:01:27,192 - INFO - Logging initialized. Log file: logs\2024-12-22_instance_10.log
2024-12-22 21:01:29,497 - INFO - 
------------------------------------------------------------
PROGRAM INITIALIZED 2024-12-22 21:01:29.497114
------------------------------------------------------------
2024-12-22 21:01:34,490 - INFO - PostgreSQL connection pool initialized.
2024-12-22 21:01:34,491 - DEBUG - Changing event name from creating-client-class.iot-data to creating-client-class.iot-data-plane
2024-12-22 21:01:34,492 - DEBUG - Changing event name from before-call.apigateway to before-call.api-gateway
2024-12-22 21:01:34,494 - DEBUG - Changing event name from request-created.machinelearning.Predict to request-created.machine-learning.Predict
2024-12-22 21:01:34,495 - DEBUG - Changing event name from before-parameter-build.autoscaling.CreateLaunchConfiguration to before-parameter-build.auto-scaling.CreateLaunchConfiguration
2024-12-22 21:01:34,495 - DEBUG - Changing event name from before-parameter-build.route53 to before-parameter-build.route-53
2024-12-22 21:01:34,496 - DEBUG - Changing event name from request-created.cloudsearchdomain.Search to request-created.cloudsearch-domain.Search
2024-12-22 21:01:34,496 - DEBUG - Changing event name from docs.*.autoscaling.CreateLaunchConfiguration.complete-section to docs.*.auto-scaling.CreateLaunchConfiguration.complete-section
2024-12-22 21:01:34,498 - DEBUG - Changing event name from before-parameter-build.logs.CreateExportTask to before-parameter-build.cloudwatch-logs.CreateExportTask
2024-12-22 21:01:34,498 - DEBUG - Changing event name from docs.*.logs.CreateExportTask.complete-section to docs.*.cloudwatch-logs.CreateExportTask.complete-section
2024-12-22 21:01:34,499 - DEBUG - Changing event name from before-parameter-build.cloudsearchdomain.Search to before-parameter-build.cloudsearch-domain.Search
2024-12-22 21:01:34,499 - DEBUG - Changing event name from docs.*.cloudsearchdomain.Search.complete-section to docs.*.cloudsearch-domain.Search.complete-section
2024-12-22 21:01:34,570 - DEBUG - Loading JSON file: C:\Users\keena\AppData\Local\Programs\Python\Python312\Lib\site-packages\botocore\data\endpoints.json
2024-12-22 21:01:34,583 - DEBUG - Loading JSON file: C:\Users\keena\AppData\Local\Programs\Python\Python312\Lib\site-packages\botocore\data\sdk-default-configuration.json
2024-12-22 21:01:34,583 - DEBUG - Event choose-service-name: calling handler <function handle_service_name_alias at 0x000001F3E60C5DA0>
2024-12-22 21:01:34,632 - DEBUG - Loading JSON file: C:\Users\keena\AppData\Local\Programs\Python\Python312\Lib\site-packages\botocore\data\s3\2006-03-01\service-2.json.gz
2024-12-22 21:01:34,640 - DEBUG - Loading JSON file: C:\Users\keena\AppData\Local\Programs\Python\Python312\Lib\site-packages\botocore\data\s3\2006-03-01\service-2.sdk-extras.json
2024-12-22 21:01:34,688 - DEBUG - Loading JSON file: C:\Users\keena\AppData\Local\Programs\Python\Python312\Lib\site-packages\botocore\data\s3\2006-03-01\endpoint-rule-set-1.json.gz
2024-12-22 21:01:34,690 - DEBUG - Loading JSON file: C:\Users\keena\AppData\Local\Programs\Python\Python312\Lib\site-packages\botocore\data\partitions.json
2024-12-22 21:01:34,692 - DEBUG - Event creating-client-class.s3: calling handler <function add_generate_presigned_post at 0x000001F3E5FFEC00>
2024-12-22 21:01:34,692 - DEBUG - Event creating-client-class.s3: calling handler <function lazy_call.<locals>._handler at 0x000001F3E616D760>
2024-12-22 21:01:34,724 - DEBUG - Event creating-client-class.s3: calling handler <function add_generate_presigned_url at 0x000001F3E5FFE980>
2024-12-22 21:01:34,725 - DEBUG - Looking for endpoint for s3 via: environment_service
2024-12-22 21:01:34,725 - DEBUG - Looking for endpoint for s3 via: environment_global
2024-12-22 21:01:34,725 - DEBUG - Looking for endpoint for s3 via: config_service
2024-12-22 21:01:34,726 - DEBUG - Looking for endpoint for s3 via: config_global
2024-12-22 21:01:34,726 - DEBUG - No configured endpoint found.
2024-12-22 21:01:34,728 - DEBUG - Setting s3 timeout as (60, 60)
2024-12-22 21:01:34,731 - DEBUG - Loading JSON file: C:\Users\keena\AppData\Local\Programs\Python\Python312\Lib\site-packages\botocore\data\_retry.json
2024-12-22 21:01:34,733 - DEBUG - Registering retry handlers for service: s3
2024-12-22 21:01:34,733 - DEBUG - Registering S3 region redirector handler
2024-12-22 21:01:34,734 - DEBUG - Registering S3Express Identity Resolver
2024-12-22 21:01:36,222 - DEBUG - Navigating to products page: https://www.ea-militaria.com/new-items?p=0
2024-12-22 21:01:36,224 - DEBUG - Starting new HTTPS connection (1): www.ea-militaria.com:443
2024-12-22 21:01:40,112 - DEBUG - https://www.ea-militaria.com:443 "GET /new-items?p=0 HTTP/1.1" 200 None
2024-12-22 21:01:40,232 - INFO - 
------------------------------------------------------------
                    NEW INSTANCE STARTED                    
------------------------------------------------------------
2024-12-22 21:01:40,233 - INFO - MILITARIA SITE      : EA_MILITARIA
2024-12-22 21:01:40,233 - INFO - PRODUCTS URL        : https://www.ea-militaria.com/new-items?p=0
2024-12-22 21:01:40,233 - INFO - CYCLES RUN          : 0
2024-12-22 21:01:40,233 - INFO - PRODUCTS PROCESSED  : 0
2024-12-22 21:01:40,234 - INFO - TIMESTAMP           : 2024-12-22 21:01:40.232439
2024-12-22 21:01:40,234 - ERROR - Error constructing product URL: 'href'
2024-12-22 21:01:40,234 - WARNING - Product URL is invalid. Skipping this product.
2024-12-22 21:01:40,234 - DEBUG - Product URL constructed: https://www.ea-militaria.com/drl-sportabzeichen-wernstein-jena-in-silber.html
2024-12-22 21:01:43,063 - DEBUG - https://www.ea-militaria.com:443 "GET /drl-sportabzeichen-wernstein-jena-in-silber.html HTTP/1.1" 200 None
2024-12-22 21:01:44,092 - DEBUG - Processing valid URL: https://www.ea-militaria.com/media/catalog/product/cache/9b0b3b8cd6d61af269ad4888103f835d/e/a/eam_9420.jpeg
2024-12-22 21:01:45,093 - DEBUG - Processing valid URL: https://www.ea-militaria.com/media/catalog/product/cache/9b0b3b8cd6d61af269ad4888103f835d/e/a/eam_9427_1.jpeg
2024-12-22 21:01:45,093 - DEBUG - Extracted image URLs: ['https://www.ea-militaria.com/media/catalog/product/cache/9b0b3b8cd6d61af269ad4888103f835d/e/a/eam_9420.jpeg', 'https://www.ea-militaria.com/media/catalog/product/cache/9b0b3b8cd6d61af269ad4888103f835d/e/a/eam_9427_1.jpeg']
2024-12-22 21:01:45,100 - DEBUG - Scraped data: Title=Silver DRL Sportabzeichen, Price=85.00, Available=True
2024-12-22 21:01:45,100 - DEBUG - Extracted image URLs: ['https://www.ea-militaria.com/media/catalog/product/cache/9b0b3b8cd6d61af269ad4888103f835d/e/a/eam_9420.jpeg', 'https://www.ea-militaria.com/media/catalog/product/cache/9b0b3b8cd6d61af269ad4888103f835d/e/a/eam_9427_1.jpeg']
2024-12-22 21:01:46,622 - DEBUG - SQL Query Result for Product ID: []
2024-12-22 21:01:46,622 - WARNING - Product ID not found for URL: https://www.ea-militaria.com/drl-sportabzeichen-wernstein-jena-in-silber.html
2024-12-22 21:01:48,617 - INFO - Product 'https://www.ea-militaria.com/drl-sportabzeichen-wernstein-jena-in-silber.html' was updated or inserted successfully.
2024-12-22 21:01:48,617 - DEBUG - Product URL constructed: https://www.ea-militaria.com/rare-krim-campaign-shield-stickpin-16mm.html
2024-12-22 21:01:49,328 - DEBUG - https://www.ea-militaria.com:443 "GET /rare-krim-campaign-shield-stickpin-16mm.html HTTP/1.1" 200 None
2024-12-22 21:01:50,354 - DEBUG - Processing valid URL: https://www.ea-militaria.com/media/catalog/product/cache/9b0b3b8cd6d61af269ad4888103f835d/e/a/eam_9446_1.jpeg
2024-12-22 21:01:51,355 - DEBUG - Processing valid URL: https://www.ea-militaria.com/media/catalog/product/cache/9b0b3b8cd6d61af269ad4888103f835d/e/a/eam_9444_1.jpeg
2024-12-22 21:01:52,355 - DEBUG - Processing valid URL: https://www.ea-militaria.com/media/catalog/product/cache/9b0b3b8cd6d61af269ad4888103f835d/e/a/eam_9445.jpeg
2024-12-22 21:01:52,355 - DEBUG - Extracted image URLs: ['https://www.ea-militaria.com/media/catalog/product/cache/9b0b3b8cd6d61af269ad4888103f835d/e/a/eam_9446_1.jpeg', 'https://www.ea-militaria.com/media/catalog/product/cache/9b0b3b8cd6d61af269ad4888103f835d/e/a/eam_9444_1.jpeg', 'https://www.ea-militaria.com/media/catalog/product/cache/9b0b3b8cd6d61af269ad4888103f835d/e/a/eam_9445.jpeg']
2024-12-22 21:01:52,356 - DEBUG - Scraped data: Title=Rare Krim Campaign Shield Stickpin (16mm), Price=120.00, Available=True
2024-12-22 21:01:52,356 - DEBUG - Extracted image URLs: ['https://www.ea-militaria.com/media/catalog/product/cache/9b0b3b8cd6d61af269ad4888103f835d/e/a/eam_9446_1.jpeg', 'https://www.ea-militaria.com/media/catalog/product/cache/9b0b3b8cd6d61af269ad4888103f835d/e/a/eam_9444_1.jpeg', 'https://www.ea-militaria.com/media/catalog/product/cache/9b0b3b8cd6d61af269ad4888103f835d/e/a/eam_9445.jpeg']
2024-12-22 21:01:53,784 - DEBUG - SQL Query Result for Product ID: [(227899,)]
2024-12-22 21:01:53,784 - DEBUG - Uploading images for product ID: 227899
2024-12-22 21:01:53,784 - DEBUG - Uploading image 1: URL=https://www.ea-militaria.com/media/catalog/product/cache/9b0b3b8cd6d61af269ad4888103f835d/e/a/eam_9446_1.jpeg, Object Name=EA_MILITARIA/227899/227899-1.jpg
2024-12-22 21:01:53,784 - DEBUG - Uploading image: URL=https://www.ea-militaria.com/media/catalog/product/cache/9b0b3b8cd6d61af269ad4888103f835d/e/a/eam_9446_1.jpeg, Object Name=EA_MILITARIA/227899/227899-1.jpg
2024-12-22 21:01:53,786 - DEBUG - Starting new HTTPS connection (1): www.ea-militaria.com:443
2024-12-22 21:01:54,929 - ERROR - Error uploading image to S3: ('Connection aborted.', RemoteDisconnected('Remote end closed connection without response'))
2024-12-22 21:01:54,930 - WARNING - Error uploading image https://www.ea-militaria.com/media/catalog/product/cache/9b0b3b8cd6d61af269ad4888103f835d/e/a/eam_9446_1.jpeg: ('Connection aborted.', RemoteDisconnected('Remote end closed connection without response'))
2024-12-22 21:01:54,930 - DEBUG - Uploading image 2: URL=https://www.ea-militaria.com/media/catalog/product/cache/9b0b3b8cd6d61af269ad4888103f835d/e/a/eam_9444_1.jpeg, Object Name=EA_MILITARIA/227899/227899-2.jpg
2024-12-22 21:01:54,930 - DEBUG - Uploading image: URL=https://www.ea-militaria.com/media/catalog/product/cache/9b0b3b8cd6d61af269ad4888103f835d/e/a/eam_9444_1.jpeg, Object Name=EA_MILITARIA/227899/227899-2.jpg
2024-12-22 21:01:54,931 - DEBUG - Starting new HTTPS connection (1): www.ea-militaria.com:443
2024-12-22 21:01:56,046 - ERROR - Error uploading image to S3: ('Connection aborted.', RemoteDisconnected('Remote end closed connection without response'))
2024-12-22 21:01:56,046 - WARNING - Error uploading image https://www.ea-militaria.com/media/catalog/product/cache/9b0b3b8cd6d61af269ad4888103f835d/e/a/eam_9444_1.jpeg: ('Connection aborted.', RemoteDisconnected('Remote end closed connection without response'))
2024-12-22 21:01:56,046 - DEBUG - Uploading image 3: URL=https://www.ea-militaria.com/media/catalog/product/cache/9b0b3b8cd6d61af269ad4888103f835d/e/a/eam_9445.jpeg, Object Name=EA_MILITARIA/227899/227899-3.jpg
2024-12-22 21:01:56,046 - DEBUG - Uploading image: URL=https://www.ea-militaria.com/media/catalog/product/cache/9b0b3b8cd6d61af269ad4888103f835d/e/a/eam_9445.jpeg, Object Name=EA_MILITARIA/227899/227899-3.jpg
2024-12-22 21:01:56,047 - DEBUG - Starting new HTTPS connection (1): www.ea-militaria.com:443
2024-12-22 21:01:57,163 - ERROR - Error uploading image to S3: ('Connection aborted.', RemoteDisconnected('Remote end closed connection without response'))
2024-12-22 21:01:57,164 - WARNING - Error uploading image https://www.ea-militaria.com/media/catalog/product/cache/9b0b3b8cd6d61af269ad4888103f835d/e/a/eam_9445.jpeg: ('Connection aborted.', RemoteDisconnected('Remote end closed connection without response'))
2024-12-22 21:02:00,070 - INFO - Product 'https://www.ea-militaria.com/rare-krim-campaign-shield-stickpin-16mm.html' was updated or inserted successfully.
2024-12-22 21:02:00,070 - DEBUG - Product URL constructed: https://www.ea-militaria.com/fliegerhorst-kompanie-werl-erkennungsmarke-379-ad2.html
2024-12-22 21:02:00,828 - DEBUG - https://www.ea-militaria.com:443 "GET /fliegerhorst-kompanie-werl-erkennungsmarke-379-ad2.html HTTP/1.1" 200 None
2024-12-22 21:02:01,853 - DEBUG - Processing valid URL: https://www.ea-militaria.com/media/catalog/product/cache/9b0b3b8cd6d61af269ad4888103f835d/e/a/eam_9477.jpg
2024-12-22 21:02:02,854 - DEBUG - Processing valid URL: https://www.ea-militaria.com/media/catalog/product/cache/9b0b3b8cd6d61af269ad4888103f835d/e/a/eam_9478.jpg
2024-12-22 21:02:02,854 - DEBUG - Extracted image URLs: ['https://www.ea-militaria.com/media/catalog/product/cache/9b0b3b8cd6d61af269ad4888103f835d/e/a/eam_9477.jpg', 'https://www.ea-militaria.com/media/catalog/product/cache/9b0b3b8cd6d61af269ad4888103f835d/e/a/eam_9478.jpg']
2024-12-22 21:02:02,854 - DEBUG - Scraped data: Title=Flg.H.Komp Werl Erkennungsmarke, Price=65.00, Available=True
2024-12-22 21:02:02,855 - DEBUG - Extracted image URLs: ['https://www.ea-militaria.com/media/catalog/product/cache/9b0b3b8cd6d61af269ad4888103f835d/e/a/eam_9477.jpg', 'https://www.ea-militaria.com/media/catalog/product/cache/9b0b3b8cd6d61af269ad4888103f835d/e/a/eam_9478.jpg']
2024-12-22 21:02:04,334 - DEBUG - SQL Query Result for Product ID: [(227763,)]
2024-12-22 21:02:04,334 - DEBUG - Uploading images for product ID: 227763
2024-12-22 21:02:04,334 - DEBUG - Uploading image 1: URL=https://www.ea-militaria.com/media/catalog/product/cache/9b0b3b8cd6d61af269ad4888103f835d/e/a/eam_9477.jpg, Object Name=EA_MILITARIA/227763/227763-1.jpg
2024-12-22 21:02:04,334 - DEBUG - Uploading image: URL=https://www.ea-militaria.com/media/catalog/product/cache/9b0b3b8cd6d61af269ad4888103f835d/e/a/eam_9477.jpg, Object Name=EA_MILITARIA/227763/227763-1.jpg
2024-12-22 21:02:04,335 - DEBUG - Starting new HTTPS connection (1): www.ea-militaria.com:443
2024-12-22 21:02:05,474 - ERROR - Error uploading image to S3: ('Connection aborted.', RemoteDisconnected('Remote end closed connection without response'))
2024-12-22 21:02:05,474 - WARNING - Error uploading image https://www.ea-militaria.com/media/catalog/product/cache/9b0b3b8cd6d61af269ad4888103f835d/e/a/eam_9477.jpg: ('Connection aborted.', RemoteDisconnected('Remote end closed connection without response'))
2024-12-22 21:02:05,475 - DEBUG - Uploading image 2: URL=https://www.ea-militaria.com/media/catalog/product/cache/9b0b3b8cd6d61af269ad4888103f835d/e/a/eam_9478.jpg, Object Name=EA_MILITARIA/227763/227763-2.jpg
2024-12-22 21:02:05,475 - DEBUG - Uploading image: URL=https://www.ea-militaria.com/media/catalog/product/cache/9b0b3b8cd6d61af269ad4888103f835d/e/a/eam_9478.jpg, Object Name=EA_MILITARIA/227763/227763-2.jpg
2024-12-22 21:02:05,476 - DEBUG - Starting new HTTPS connection (1): www.ea-militaria.com:443
2024-12-22 21:02:06,612 - ERROR - Error uploading image to S3: ('Connection aborted.', RemoteDisconnected('Remote end closed connection without response'))
2024-12-22 21:02:06,612 - WARNING - Error uploading image https://www.ea-militaria.com/media/catalog/product/cache/9b0b3b8cd6d61af269ad4888103f835d/e/a/eam_9478.jpg: ('Connection aborted.', RemoteDisconnected('Remote end closed connection without response'))
2024-12-22 21:02:09,528 - INFO - Product 'https://www.ea-militaria.com/fliegerhorst-kompanie-werl-erkennungsmarke-379-ad2.html' was updated or inserted successfully.
2024-12-22 21:02:09,528 - DEBUG - Product URL constructed: https://www.ea-militaria.com/german-gold-drl-sportabzeichen-for-war-disabled-wernstein-jena.html
2024-12-22 21:02:10,247 - DEBUG - https://www.ea-militaria.com:443 "GET /german-gold-drl-sportabzeichen-for-war-disabled-wernstein-jena.html HTTP/1.1" 200 None
2024-12-22 21:02:11,276 - DEBUG - Processing valid URL: https://www.ea-militaria.com/media/catalog/product/cache/9b0b3b8cd6d61af269ad4888103f835d/e/a/eam_9436_1.jpeg
2024-12-22 21:02:12,277 - DEBUG - Processing valid URL: https://www.ea-militaria.com/media/catalog/product/cache/9b0b3b8cd6d61af269ad4888103f835d/e/a/eam_9435_1.jpeg
2024-12-22 21:02:13,277 - DEBUG - Processing valid URL: https://www.ea-militaria.com/media/catalog/product/cache/9b0b3b8cd6d61af269ad4888103f835d/e/a/eam_9434_1.jpeg
2024-12-22 21:02:13,277 - DEBUG - Extracted image URLs: ['https://www.ea-militaria.com/media/catalog/product/cache/9b0b3b8cd6d61af269ad4888103f835d/e/a/eam_9436_1.jpeg', 'https://www.ea-militaria.com/media/catalog/product/cache/9b0b3b8cd6d61af269ad4888103f835d/e/a/eam_9435_1.jpeg', 'https://www.ea-militaria.com/media/catalog/product/cache/9b0b3b8cd6d61af269ad4888103f835d/e/a/eam_9434_1.jpeg']
2024-12-22 21:02:13,277 - DEBUG - Scraped data: Title=Rare DRL Sportabzeichen Stickpin for War Disabled (W.Jena), Price=80.00, Available=True
2024-12-22 21:02:13,277 - DEBUG - Extracted image URLs: ['https://www.ea-militaria.com/media/catalog/product/cache/9b0b3b8cd6d61af269ad4888103f835d/e/a/eam_9436_1.jpeg', 'https://www.ea-militaria.com/media/catalog/product/cache/9b0b3b8cd6d61af269ad4888103f835d/e/a/eam_9435_1.jpeg', 'https://www.ea-militaria.com/media/catalog/product/cache/9b0b3b8cd6d61af269ad4888103f835d/e/a/eam_9434_1.jpeg']
2024-12-22 21:02:14,705 - DEBUG - SQL Query Result for Product ID: [(227764,)]
2024-12-22 21:02:14,706 - DEBUG - Uploading images for product ID: 227764
2024-12-22 21:02:14,706 - DEBUG - Uploading image 1: URL=https://www.ea-militaria.com/media/catalog/product/cache/9b0b3b8cd6d61af269ad4888103f835d/e/a/eam_9436_1.jpeg, Object Name=EA_MILITARIA/227764/227764-1.jpg
2024-12-22 21:02:14,706 - DEBUG - Uploading image: URL=https://www.ea-militaria.com/media/catalog/product/cache/9b0b3b8cd6d61af269ad4888103f835d/e/a/eam_9436_1.jpeg, Object Name=EA_MILITARIA/227764/227764-1.jpg
2024-12-22 21:02:14,707 - DEBUG - Starting new HTTPS connection (1): www.ea-militaria.com:443
2024-12-22 21:02:15,852 - ERROR - Error uploading image to S3: ('Connection aborted.', RemoteDisconnected('Remote end closed connection without response'))
2024-12-22 21:02:15,852 - WARNING - Error uploading image https://www.ea-militaria.com/media/catalog/product/cache/9b0b3b8cd6d61af269ad4888103f835d/e/a/eam_9436_1.jpeg: ('Connection aborted.', RemoteDisconnected('Remote end closed connection without response'))
2024-12-22 21:02:15,852 - DEBUG - Uploading image 2: URL=https://www.ea-militaria.com/media/catalog/product/cache/9b0b3b8cd6d61af269ad4888103f835d/e/a/eam_9435_1.jpeg, Object Name=EA_MILITARIA/227764/227764-2.jpg
2024-12-22 21:02:15,852 - DEBUG - Uploading image: URL=https://www.ea-militaria.com/media/catalog/product/cache/9b0b3b8cd6d61af269ad4888103f835d/e/a/eam_9435_1.jpeg, Object Name=EA_MILITARIA/227764/227764-2.jpg
2024-12-22 21:02:15,853 - DEBUG - Starting new HTTPS connection (1): www.ea-militaria.com:443
2024-12-22 21:02:16,965 - ERROR - Error uploading image to S3: ('Connection aborted.', RemoteDisconnected('Remote end closed connection without response'))
2024-12-22 21:02:16,965 - WARNING - Error uploading image https://www.ea-militaria.com/media/catalog/product/cache/9b0b3b8cd6d61af269ad4888103f835d/e/a/eam_9435_1.jpeg: ('Connection aborted.', RemoteDisconnected('Remote end closed connection without response'))
2024-12-22 21:02:16,965 - DEBUG - Uploading image 3: URL=https://www.ea-militaria.com/media/catalog/product/cache/9b0b3b8cd6d61af269ad4888103f835d/e/a/eam_9434_1.jpeg, Object Name=EA_MILITARIA/227764/227764-3.jpg
2024-12-22 21:02:16,966 - DEBUG - Uploading image: URL=https://www.ea-militaria.com/media/catalog/product/cache/9b0b3b8cd6d61af269ad4888103f835d/e/a/eam_9434_1.jpeg, Object Name=EA_MILITARIA/227764/227764-3.jpg
2024-12-22 21:02:16,967 - DEBUG - Starting new HTTPS connection (1): www.ea-militaria.com:443
2024-12-22 21:02:18,076 - ERROR - Error uploading image to S3: ('Connection aborted.', RemoteDisconnected('Remote end closed connection without response'))
2024-12-22 21:02:18,076 - WARNING - Error uploading image https://www.ea-militaria.com/media/catalog/product/cache/9b0b3b8cd6d61af269ad4888103f835d/e/a/eam_9434_1.jpeg: ('Connection aborted.', RemoteDisconnected('Remote end closed connection without response'))
2024-12-22 21:02:20,951 - INFO - Product 'https://www.ea-militaria.com/german-gold-drl-sportabzeichen-for-war-disabled-wernstein-jena.html' was updated or inserted successfully.
2024-12-22 21:02:20,951 - DEBUG - Product URL constructed: https://www.ea-militaria.com/named-luftwaffe-lkpw101-flight-helmet-jg77.html
2024-12-22 21:02:21,702 - DEBUG - https://www.ea-militaria.com:443 "GET /named-luftwaffe-lkpw101-flight-helmet-jg77.html HTTP/1.1" 200 None
2024-12-22 21:02:22,732 - DEBUG - Processing valid URL: https://www.ea-militaria.com/media/catalog/product/cache/9b0b3b8cd6d61af269ad4888103f835d/e/a/eam_9250.jpg
2024-12-22 21:02:23,733 - DEBUG - Processing valid URL: https://www.ea-militaria.com/media/catalog/product/cache/9b0b3b8cd6d61af269ad4888103f835d/e/a/eam_9253.jpg
2024-12-22 21:02:24,733 - DEBUG - Processing valid URL: https://www.ea-militaria.com/media/catalog/product/cache/9b0b3b8cd6d61af269ad4888103f835d/e/a/eam_9251.jpg
2024-12-22 21:02:25,734 - DEBUG - Processing valid URL: https://www.ea-militaria.com/media/catalog/product/cache/9b0b3b8cd6d61af269ad4888103f835d/e/a/eam_9258.jpg
2024-12-22 21:02:26,735 - DEBUG - Processing valid URL: https://www.ea-militaria.com/media/catalog/product/cache/9b0b3b8cd6d61af269ad4888103f835d/e/a/eam_9259.jpg
2024-12-22 21:02:27,736 - DEBUG - Processing valid URL: https://www.ea-militaria.com/media/catalog/product/cache/9b0b3b8cd6d61af269ad4888103f835d/e/a/eam_9261.jpg
2024-12-22 21:02:28,737 - DEBUG - Processing valid URL: https://www.ea-militaria.com/media/catalog/product/cache/9b0b3b8cd6d61af269ad4888103f835d/e/a/eam_9262.jpg
2024-12-22 21:02:29,738 - DEBUG - Processing valid URL: https://www.ea-militaria.com/media/catalog/product/cache/9b0b3b8cd6d61af269ad4888103f835d/e/a/eam_9263.jpg
2024-12-22 21:02:30,738 - DEBUG - Processing valid URL: https://www.ea-militaria.com/media/catalog/product/cache/9b0b3b8cd6d61af269ad4888103f835d/e/a/eam_9264.jpg
2024-12-22 21:02:31,739 - DEBUG - Processing valid URL: https://www.ea-militaria.com/media/catalog/product/cache/9b0b3b8cd6d61af269ad4888103f835d/e/a/eam_9268.jpg
2024-12-22 21:02:31,739 - DEBUG - Extracted image URLs: ['https://www.ea-militaria.com/media/catalog/product/cache/9b0b3b8cd6d61af269ad4888103f835d/e/a/eam_9250.jpg', 'https://www.ea-militaria.com/media/catalog/product/cache/9b0b3b8cd6d61af269ad4888103f835d/e/a/eam_9253.jpg', 'https://www.ea-militaria.com/media/catalog/product/cache/9b0b3b8cd6d61af269ad4888103f835d/e/a/eam_9251.jpg', 'https://www.ea-militaria.com/media/catalog/product/cache/9b0b3b8cd6d61af269ad4888103f835d/e/a/eam_9258.jpg', 'https://www.ea-militaria.com/media/catalog/product/cache/9b0b3b8cd6d61af269ad4888103f835d/e/a/eam_9259.jpg', 'https://www.ea-militaria.com/media/catalog/product/cache/9b0b3b8cd6d61af269ad4888103f835d/e/a/eam_9261.jpg', 'https://www.ea-militaria.com/media/catalog/product/cache/9b0b3b8cd6d61af269ad4888103f835d/e/a/eam_9262.jpg', 'https://www.ea-militaria.com/media/catalog/product/cache/9b0b3b8cd6d61af269ad4888103f835d/e/a/eam_9263.jpg', 'https://www.ea-militaria.com/media/catalog/product/cache/9b0b3b8cd6d61af269ad4888103f835d/e/a/eam_9264.jpg', 'https://www.ea-militaria.com/media/catalog/product/cache/9b0b3b8cd6d61af269ad4888103f835d/e/a/eam_9268.jpg']
2024-12-22 21:02:31,740 - DEBUG - Scraped data: Title=Named Luftwaffe LKpW101 Flight Helmet (JG77), Price=495.00, Available=True
2024-12-22 21:02:31,740 - DEBUG - Extracted image URLs: ['https://www.ea-militaria.com/media/catalog/product/cache/9b0b3b8cd6d61af269ad4888103f835d/e/a/eam_9250.jpg', 'https://www.ea-militaria.com/media/catalog/product/cache/9b0b3b8cd6d61af269ad4888103f835d/e/a/eam_9253.jpg', 'https://www.ea-militaria.com/media/catalog/product/cache/9b0b3b8cd6d61af269ad4888103f835d/e/a/eam_9251.jpg', 'https://www.ea-militaria.com/media/catalog/product/cache/9b0b3b8cd6d61af269ad4888103f835d/e/a/eam_9258.jpg', 'https://www.ea-militaria.com/media/catalog/product/cache/9b0b3b8cd6d61af269ad4888103f835d/e/a/eam_9259.jpg', 'https://www.ea-militaria.com/media/catalog/product/cache/9b0b3b8cd6d61af269ad4888103f835d/e/a/eam_9261.jpg', 'https://www.ea-militaria.com/media/catalog/product/cache/9b0b3b8cd6d61af269ad4888103f835d/e/a/eam_9262.jpg', 'https://www.ea-militaria.com/media/catalog/product/cache/9b0b3b8cd6d61af269ad4888103f835d/e/a/eam_9263.jpg', 'https://www.ea-militaria.com/media/catalog/product/cache/9b0b3b8cd6d61af269ad4888103f835d/e/a/eam_9264.jpg', 'https://www.ea-militaria.com/media/catalog/product/cache/9b0b3b8cd6d61af269ad4888103f835d/e/a/eam_9268.jpg']
2024-12-22 21:02:33,193 - DEBUG - SQL Query Result for Product ID: [(227765,)]
2024-12-22 21:02:33,194 - DEBUG - Uploading images for product ID: 227765
2024-12-22 21:02:33,194 - DEBUG - Uploading image 1: URL=https://www.ea-militaria.com/media/catalog/product/cache/9b0b3b8cd6d61af269ad4888103f835d/e/a/eam_9250.jpg, Object Name=EA_MILITARIA/227765/227765-1.jpg
2024-12-22 21:02:33,194 - DEBUG - Uploading image: URL=https://www.ea-militaria.com/media/catalog/product/cache/9b0b3b8cd6d61af269ad4888103f835d/e/a/eam_9250.jpg, Object Name=EA_MILITARIA/227765/227765-1.jpg
2024-12-22 21:02:33,195 - DEBUG - Starting new HTTPS connection (1): www.ea-militaria.com:443
2024-12-22 21:02:34,312 - ERROR - Error uploading image to S3: ('Connection aborted.', RemoteDisconnected('Remote end closed connection without response'))
2024-12-22 21:02:34,313 - WARNING - Error uploading image https://www.ea-militaria.com/media/catalog/product/cache/9b0b3b8cd6d61af269ad4888103f835d/e/a/eam_9250.jpg: ('Connection aborted.', RemoteDisconnected('Remote end closed connection without response'))
2024-12-22 21:02:34,313 - DEBUG - Uploading image 2: URL=https://www.ea-militaria.com/media/catalog/product/cache/9b0b3b8cd6d61af269ad4888103f835d/e/a/eam_9253.jpg, Object Name=EA_MILITARIA/227765/227765-2.jpg
2024-12-22 21:02:34,313 - DEBUG - Uploading image: URL=https://www.ea-militaria.com/media/catalog/product/cache/9b0b3b8cd6d61af269ad4888103f835d/e/a/eam_9253.jpg, Object Name=EA_MILITARIA/227765/227765-2.jpg
2024-12-22 21:02:34,314 - DEBUG - Starting new HTTPS connection (1): www.ea-militaria.com:443
2024-12-22 21:02:35,438 - ERROR - Error uploading image to S3: ('Connection aborted.', RemoteDisconnected('Remote end closed connection without response'))
2024-12-22 21:02:35,439 - WARNING - Error uploading image https://www.ea-militaria.com/media/catalog/product/cache/9b0b3b8cd6d61af269ad4888103f835d/e/a/eam_9253.jpg: ('Connection aborted.', RemoteDisconnected('Remote end closed connection without response'))
2024-12-22 21:02:35,439 - DEBUG - Uploading image 3: URL=https://www.ea-militaria.com/media/catalog/product/cache/9b0b3b8cd6d61af269ad4888103f835d/e/a/eam_9251.jpg, Object Name=EA_MILITARIA/227765/227765-3.jpg
2024-12-22 21:02:35,439 - DEBUG - Uploading image: URL=https://www.ea-militaria.com/media/catalog/product/cache/9b0b3b8cd6d61af269ad4888103f835d/e/a/eam_9251.jpg, Object Name=EA_MILITARIA/227765/227765-3.jpg
2024-12-22 21:02:35,440 - DEBUG - Starting new HTTPS connection (1): www.ea-militaria.com:443
2024-12-22 21:02:36,549 - ERROR - Error uploading image to S3: ('Connection aborted.', RemoteDisconnected('Remote end closed connection without response'))
2024-12-22 21:02:36,549 - WARNING - Error uploading image https://www.ea-militaria.com/media/catalog/product/cache/9b0b3b8cd6d61af269ad4888103f835d/e/a/eam_9251.jpg: ('Connection aborted.', RemoteDisconnected('Remote end closed connection without response'))
2024-12-22 21:02:36,549 - DEBUG - Uploading image 4: URL=https://www.ea-militaria.com/media/catalog/product/cache/9b0b3b8cd6d61af269ad4888103f835d/e/a/eam_9258.jpg, Object Name=EA_MILITARIA/227765/227765-4.jpg
2024-12-22 21:02:36,549 - DEBUG - Uploading image: URL=https://www.ea-militaria.com/media/catalog/product/cache/9b0b3b8cd6d61af269ad4888103f835d/e/a/eam_9258.jpg, Object Name=EA_MILITARIA/227765/227765-4.jpg
2024-12-22 21:02:36,550 - DEBUG - Starting new HTTPS connection (1): www.ea-militaria.com:443
2024-12-22 21:02:37,650 - ERROR - Error uploading image to S3: ('Connection aborted.', RemoteDisconnected('Remote end closed connection without response'))
2024-12-22 21:02:37,651 - WARNING - Error uploading image https://www.ea-militaria.com/media/catalog/product/cache/9b0b3b8cd6d61af269ad4888103f835d/e/a/eam_9258.jpg: ('Connection aborted.', RemoteDisconnected('Remote end closed connection without response'))
2024-12-22 21:02:37,651 - DEBUG - Uploading image 5: URL=https://www.ea-militaria.com/media/catalog/product/cache/9b0b3b8cd6d61af269ad4888103f835d/e/a/eam_9259.jpg, Object Name=EA_MILITARIA/227765/227765-5.jpg
2024-12-22 21:02:37,651 - DEBUG - Uploading image: URL=https://www.ea-militaria.com/media/catalog/product/cache/9b0b3b8cd6d61af269ad4888103f835d/e/a/eam_9259.jpg, Object Name=EA_MILITARIA/227765/227765-5.jpg
2024-12-22 21:02:37,652 - DEBUG - Starting new HTTPS connection (1): www.ea-militaria.com:443
2024-12-22 21:02:38,781 - ERROR - Error uploading image to S3: ('Connection aborted.', RemoteDisconnected('Remote end closed connection without response'))
2024-12-22 21:02:38,781 - WARNING - Error uploading image https://www.ea-militaria.com/media/catalog/product/cache/9b0b3b8cd6d61af269ad4888103f835d/e/a/eam_9259.jpg: ('Connection aborted.', RemoteDisconnected('Remote end closed connection without response'))
2024-12-22 21:02:38,781 - DEBUG - Uploading image 6: URL=https://www.ea-militaria.com/media/catalog/product/cache/9b0b3b8cd6d61af269ad4888103f835d/e/a/eam_9261.jpg, Object Name=EA_MILITARIA/227765/227765-6.jpg
2024-12-22 21:02:38,781 - DEBUG - Uploading image: URL=https://www.ea-militaria.com/media/catalog/product/cache/9b0b3b8cd6d61af269ad4888103f835d/e/a/eam_9261.jpg, Object Name=EA_MILITARIA/227765/227765-6.jpg
2024-12-22 21:02:38,783 - DEBUG - Starting new HTTPS connection (1): www.ea-militaria.com:443
2024-12-22 21:02:39,895 - ERROR - Error uploading image to S3: ('Connection aborted.', RemoteDisconnected('Remote end closed connection without response'))
2024-12-22 21:02:39,895 - WARNING - Error uploading image https://www.ea-militaria.com/media/catalog/product/cache/9b0b3b8cd6d61af269ad4888103f835d/e/a/eam_9261.jpg: ('Connection aborted.', RemoteDisconnected('Remote end closed connection without response'))
2024-12-22 21:02:39,896 - DEBUG - Uploading image 7: URL=https://www.ea-militaria.com/media/catalog/product/cache/9b0b3b8cd6d61af269ad4888103f835d/e/a/eam_9262.jpg, Object Name=EA_MILITARIA/227765/227765-7.jpg
2024-12-22 21:02:39,896 - DEBUG - Uploading image: URL=https://www.ea-militaria.com/media/catalog/product/cache/9b0b3b8cd6d61af269ad4888103f835d/e/a/eam_9262.jpg, Object Name=EA_MILITARIA/227765/227765-7.jpg
2024-12-22 21:02:39,897 - DEBUG - Starting new HTTPS connection (1): www.ea-militaria.com:443
2024-12-22 21:02:41,007 - ERROR - Error uploading image to S3: ('Connection aborted.', RemoteDisconnected('Remote end closed connection without response'))
2024-12-22 21:02:41,007 - WARNING - Error uploading image https://www.ea-militaria.com/media/catalog/product/cache/9b0b3b8cd6d61af269ad4888103f835d/e/a/eam_9262.jpg: ('Connection aborted.', RemoteDisconnected('Remote end closed connection without response'))
2024-12-22 21:02:41,007 - DEBUG - Uploading image 8: URL=https://www.ea-militaria.com/media/catalog/product/cache/9b0b3b8cd6d61af269ad4888103f835d/e/a/eam_9263.jpg, Object Name=EA_MILITARIA/227765/227765-8.jpg
2024-12-22 21:02:41,007 - DEBUG - Uploading image: URL=https://www.ea-militaria.com/media/catalog/product/cache/9b0b3b8cd6d61af269ad4888103f835d/e/a/eam_9263.jpg, Object Name=EA_MILITARIA/227765/227765-8.jpg
2024-12-22 21:02:41,008 - DEBUG - Starting new HTTPS connection (1): www.ea-militaria.com:443
2024-12-22 21:02:42,114 - ERROR - Error uploading image to S3: ('Connection aborted.', RemoteDisconnected('Remote end closed connection without response'))
2024-12-22 21:02:42,114 - WARNING - Error uploading image https://www.ea-militaria.com/media/catalog/product/cache/9b0b3b8cd6d61af269ad4888103f835d/e/a/eam_9263.jpg: ('Connection aborted.', RemoteDisconnected('Remote end closed connection without response'))
2024-12-22 21:02:42,114 - DEBUG - Uploading image 9: URL=https://www.ea-militaria.com/media/catalog/product/cache/9b0b3b8cd6d61af269ad4888103f835d/e/a/eam_9264.jpg, Object Name=EA_MILITARIA/227765/227765-9.jpg
2024-12-22 21:02:42,114 - DEBUG - Uploading image: URL=https://www.ea-militaria.com/media/catalog/product/cache/9b0b3b8cd6d61af269ad4888103f835d/e/a/eam_9264.jpg, Object Name=EA_MILITARIA/227765/227765-9.jpg
2024-12-22 21:02:42,115 - DEBUG - Starting new HTTPS connection (1): www.ea-militaria.com:443
2024-12-22 21:02:43,217 - ERROR - Error uploading image to S3: ('Connection aborted.', RemoteDisconnected('Remote end closed connection without response'))
2024-12-22 21:02:43,218 - WARNING - Error uploading image https://www.ea-militaria.com/media/catalog/product/cache/9b0b3b8cd6d61af269ad4888103f835d/e/a/eam_9264.jpg: ('Connection aborted.', RemoteDisconnected('Remote end closed connection without response'))
2024-12-22 21:02:43,218 - DEBUG - Uploading image 10: URL=https://www.ea-militaria.com/media/catalog/product/cache/9b0b3b8cd6d61af269ad4888103f835d/e/a/eam_9268.jpg, Object Name=EA_MILITARIA/227765/227765-10.jpg
2024-12-22 21:02:43,218 - DEBUG - Uploading image: URL=https://www.ea-militaria.com/media/catalog/product/cache/9b0b3b8cd6d61af269ad4888103f835d/e/a/eam_9268.jpg, Object Name=EA_MILITARIA/227765/227765-10.jpg
2024-12-22 21:02:43,219 - DEBUG - Starting new HTTPS connection (1): www.ea-militaria.com:443
2024-12-22 21:02:44,622 - ERROR - Error uploading image to S3: ('Connection aborted.', RemoteDisconnected('Remote end closed connection without response'))
2024-12-22 21:02:44,622 - WARNING - Error uploading image https://www.ea-militaria.com/media/catalog/product/cache/9b0b3b8cd6d61af269ad4888103f835d/e/a/eam_9268.jpg: ('Connection aborted.', RemoteDisconnected('Remote end closed connection without response'))
2024-12-22 21:02:47,735 - INFO - Product 'https://www.ea-militaria.com/named-luftwaffe-lkpw101-flight-helmet-jg77.html' was updated or inserted successfully.
2024-12-22 21:02:47,735 - DEBUG - Product URL constructed: https://www.ea-militaria.com/officers-gebirgstruppe-schirmmutze-august-muller-munchen.html
2024-12-22 21:02:49,945 - DEBUG - https://www.ea-militaria.com:443 "GET /officers-gebirgstruppe-schirmmutze-august-muller-munchen.html HTTP/1.1" 200 None
2024-12-22 21:02:53,124 - DEBUG - Processing valid URL: https://www.ea-militaria.com/media/catalog/product/cache/9b0b3b8cd6d61af269ad4888103f835d/e/a/eam_9376_1.jpeg
2024-12-22 21:02:54,125 - DEBUG - Processing valid URL: https://www.ea-militaria.com/media/catalog/product/cache/9b0b3b8cd6d61af269ad4888103f835d/e/a/eam_9378_1.jpeg
2024-12-22 21:02:55,126 - DEBUG - Processing valid URL: https://www.ea-militaria.com/media/catalog/product/cache/9b0b3b8cd6d61af269ad4888103f835d/e/a/eam_9380_1.jpeg
2024-12-22 21:02:56,127 - DEBUG - Processing valid URL: https://www.ea-militaria.com/media/catalog/product/cache/9b0b3b8cd6d61af269ad4888103f835d/e/a/eam_9384_1.jpeg
2024-12-22 21:02:57,127 - DEBUG - Processing valid URL: https://www.ea-militaria.com/media/catalog/product/cache/9b0b3b8cd6d61af269ad4888103f835d/e/a/eam_9389.jpeg
2024-12-22 21:02:58,129 - DEBUG - Processing valid URL: https://www.ea-militaria.com/media/catalog/product/cache/9b0b3b8cd6d61af269ad4888103f835d/e/a/eam_9373.jpeg
2024-12-22 21:02:59,129 - DEBUG - Processing valid URL: https://www.ea-militaria.com/media/catalog/product/cache/9b0b3b8cd6d61af269ad4888103f835d/e/a/eam_9375_1.jpeg
2024-12-22 21:03:00,130 - DEBUG - Processing valid URL: https://www.ea-militaria.com/media/catalog/product/cache/9b0b3b8cd6d61af269ad4888103f835d/e/a/eam_9390_1.jpeg
2024-12-22 21:03:01,130 - DEBUG - Processing valid URL: https://www.ea-militaria.com/media/catalog/product/cache/9b0b3b8cd6d61af269ad4888103f835d/e/a/eam_9374_1.jpeg
2024-12-22 21:03:02,131 - DEBUG - Processing valid URL: https://www.ea-militaria.com/media/catalog/product/cache/9b0b3b8cd6d61af269ad4888103f835d/e/a/eam_9391.jpeg
2024-12-22 21:03:03,131 - DEBUG - Processing valid URL: https://www.ea-militaria.com/media/catalog/product/cache/9b0b3b8cd6d61af269ad4888103f835d/e/a/eam_9392.jpeg
2024-12-22 21:03:04,131 - DEBUG - Processing valid URL: https://www.ea-militaria.com/media/catalog/product/cache/9b0b3b8cd6d61af269ad4888103f835d/e/a/eam_9403.jpeg
2024-12-22 21:03:05,132 - DEBUG - Processing valid URL: https://www.ea-militaria.com/media/catalog/product/cache/9b0b3b8cd6d61af269ad4888103f835d/e/a/eam_9397.jpeg
2024-12-22 21:03:06,133 - DEBUG - Processing valid URL: https://www.ea-militaria.com/media/catalog/product/cache/9b0b3b8cd6d61af269ad4888103f835d/e/a/eam_9400.jpeg
2024-12-22 21:03:07,134 - DEBUG - Processing valid URL: https://www.ea-militaria.com/media/catalog/product/cache/9b0b3b8cd6d61af269ad4888103f835d/e/a/eam_9404_1.jpeg
2024-12-22 21:03:08,134 - DEBUG - Processing valid URL: https://www.ea-militaria.com/media/catalog/product/cache/9b0b3b8cd6d61af269ad4888103f835d/e/a/eam_9406_1.jpeg
2024-12-22 21:03:09,135 - DEBUG - Processing valid URL: https://www.ea-militaria.com/media/catalog/product/cache/9b0b3b8cd6d61af269ad4888103f835d/e/a/eam_9407_1.jpeg
2024-12-22 21:03:10,136 - DEBUG - Processing valid URL: https://www.ea-militaria.com/media/catalog/product/cache/9b0b3b8cd6d61af269ad4888103f835d/e/a/eam_9408_1.jpeg
2024-12-22 21:03:11,137 - DEBUG - Processing valid URL: https://www.ea-militaria.com/media/catalog/product/cache/9b0b3b8cd6d61af269ad4888103f835d/e/a/eam_9411.jpeg
2024-12-22 21:03:12,138 - DEBUG - Processing valid URL: https://www.ea-militaria.com/media/catalog/product/cache/9b0b3b8cd6d61af269ad4888103f835d/e/a/eam_9416_1.jpeg
2024-12-22 21:03:13,138 - DEBUG - Processing valid URL: https://www.ea-militaria.com/media/catalog/product/cache/9b0b3b8cd6d61af269ad4888103f835d/e/a/eam_9417.jpeg
2024-12-22 21:03:13,139 - DEBUG - Extracted image URLs: ['https://www.ea-militaria.com/media/catalog/product/cache/9b0b3b8cd6d61af269ad4888103f835d/e/a/eam_9376_1.jpeg', 'https://www.ea-militaria.com/media/catalog/product/cache/9b0b3b8cd6d61af269ad4888103f835d/e/a/eam_9378_1.jpeg', 'https://www.ea-militaria.com/media/catalog/product/cache/9b0b3b8cd6d61af269ad4888103f835d/e/a/eam_9380_1.jpeg', 'https://www.ea-militaria.com/media/catalog/product/cache/9b0b3b8cd6d61af269ad4888103f835d/e/a/eam_9384_1.jpeg', 'https://www.ea-militaria.com/media/catalog/product/cache/9b0b3b8cd6d61af269ad4888103f835d/e/a/eam_9389.jpeg', 'https://www.ea-militaria.com/media/catalog/product/cache/9b0b3b8cd6d61af269ad4888103f835d/e/a/eam_9373.jpeg', 'https://www.ea-militaria.com/media/catalog/product/cache/9b0b3b8cd6d61af269ad4888103f835d/e/a/eam_9375_1.jpeg', 'https://www.ea-militaria.com/media/catalog/product/cache/9b0b3b8cd6d61af269ad4888103f835d/e/a/eam_9390_1.jpeg', 'https://www.ea-militaria.com/media/catalog/product/cache/9b0b3b8cd6d61af269ad4888103f835d/e/a/eam_9374_1.jpeg', 'https://www.ea-militaria.com/media/catalog/product/cache/9b0b3b8cd6d61af269ad4888103f835d/e/a/eam_9391.jpeg', 'https://www.ea-militaria.com/media/catalog/product/cache/9b0b3b8cd6d61af269ad4888103f835d/e/a/eam_9392.jpeg', 'https://www.ea-militaria.com/media/catalog/product/cache/9b0b3b8cd6d61af269ad4888103f835d/e/a/eam_9403.jpeg', 'https://www.ea-militaria.com/media/catalog/product/cache/9b0b3b8cd6d61af269ad4888103f835d/e/a/eam_9397.jpeg', 'https://www.ea-militaria.com/media/catalog/product/cache/9b0b3b8cd6d61af269ad4888103f835d/e/a/eam_9400.jpeg', 'https://www.ea-militaria.com/media/catalog/product/cache/9b0b3b8cd6d61af269ad4888103f835d/e/a/eam_9404_1.jpeg', 'https://www.ea-militaria.com/media/catalog/product/cache/9b0b3b8cd6d61af269ad4888103f835d/e/a/eam_9406_1.jpeg', 'https://www.ea-militaria.com/media/catalog/product/cache/9b0b3b8cd6d61af269ad4888103f835d/e/a/eam_9407_1.jpeg', 'https://www.ea-militaria.com/media/catalog/product/cache/9b0b3b8cd6d61af269ad4888103f835d/e/a/eam_9408_1.jpeg', 'https://www.ea-militaria.com/media/catalog/product/cache/9b0b3b8cd6d61af269ad4888103f835d/e/a/eam_9411.jpeg', 'https://www.ea-militaria.com/media/catalog/product/cache/9b0b3b8cd6d61af269ad4888103f835d/e/a/eam_9416_1.jpeg', 'https://www.ea-militaria.com/media/catalog/product/cache/9b0b3b8cd6d61af269ad4888103f835d/e/a/eam_9417.jpeg']
2024-12-22 21:03:13,139 - DEBUG - Scraped data: Title=Officers Gebirgstruppe Schirmmütze (August Müller), Price=1550.00, Available=True
2024-12-22 21:03:13,139 - DEBUG - Extracted image URLs: ['https://www.ea-militaria.com/media/catalog/product/cache/9b0b3b8cd6d61af269ad4888103f835d/e/a/eam_9376_1.jpeg', 'https://www.ea-militaria.com/media/catalog/product/cache/9b0b3b8cd6d61af269ad4888103f835d/e/a/eam_9378_1.jpeg', 'https://www.ea-militaria.com/media/catalog/product/cache/9b0b3b8cd6d61af269ad4888103f835d/e/a/eam_9380_1.jpeg', 'https://www.ea-militaria.com/media/catalog/product/cache/9b0b3b8cd6d61af269ad4888103f835d/e/a/eam_9384_1.jpeg', 'https://www.ea-militaria.com/media/catalog/product/cache/9b0b3b8cd6d61af269ad4888103f835d/e/a/eam_9389.jpeg', 'https://www.ea-militaria.com/media/catalog/product/cache/9b0b3b8cd6d61af269ad4888103f835d/e/a/eam_9373.jpeg', 'https://www.ea-militaria.com/media/catalog/product/cache/9b0b3b8cd6d61af269ad4888103f835d/e/a/eam_9375_1.jpeg', 'https://www.ea-militaria.com/media/catalog/product/cache/9b0b3b8cd6d61af269ad4888103f835d/e/a/eam_9390_1.jpeg', 'https://www.ea-militaria.com/media/catalog/product/cache/9b0b3b8cd6d61af269ad4888103f835d/e/a/eam_9374_1.jpeg', 'https://www.ea-militaria.com/media/catalog/product/cache/9b0b3b8cd6d61af269ad4888103f835d/e/a/eam_9391.jpeg', 'https://www.ea-militaria.com/media/catalog/product/cache/9b0b3b8cd6d61af269ad4888103f835d/e/a/eam_9392.jpeg', 'https://www.ea-militaria.com/media/catalog/product/cache/9b0b3b8cd6d61af269ad4888103f835d/e/a/eam_9403.jpeg', 'https://www.ea-militaria.com/media/catalog/product/cache/9b0b3b8cd6d61af269ad4888103f835d/e/a/eam_9397.jpeg', 'https://www.ea-militaria.com/media/catalog/product/cache/9b0b3b8cd6d61af269ad4888103f835d/e/a/eam_9400.jpeg', 'https://www.ea-militaria.com/media/catalog/product/cache/9b0b3b8cd6d61af269ad4888103f835d/e/a/eam_9404_1.jpeg', 'https://www.ea-militaria.com/media/catalog/product/cache/9b0b3b8cd6d61af269ad4888103f835d/e/a/eam_9406_1.jpeg', 'https://www.ea-militaria.com/media/catalog/product/cache/9b0b3b8cd6d61af269ad4888103f835d/e/a/eam_9407_1.jpeg', 'https://www.ea-militaria.com/media/catalog/product/cache/9b0b3b8cd6d61af269ad4888103f835d/e/a/eam_9408_1.jpeg', 'https://www.ea-militaria.com/media/catalog/product/cache/9b0b3b8cd6d61af269ad4888103f835d/e/a/eam_9411.jpeg', 'https://www.ea-militaria.com/media/catalog/product/cache/9b0b3b8cd6d61af269ad4888103f835d/e/a/eam_9416_1.jpeg', 'https://www.ea-militaria.com/media/catalog/product/cache/9b0b3b8cd6d61af269ad4888103f835d/e/a/eam_9417.jpeg']
2024-12-22 21:03:14,566 - DEBUG - SQL Query Result for Product ID: [(227766,)]
2024-12-22 21:03:14,566 - DEBUG - Uploading images for product ID: 227766
2024-12-22 21:03:14,566 - DEBUG - Uploading image 1: URL=https://www.ea-militaria.com/media/catalog/product/cache/9b0b3b8cd6d61af269ad4888103f835d/e/a/eam_9376_1.jpeg, Object Name=EA_MILITARIA/227766/227766-1.jpg
2024-12-22 21:03:14,566 - DEBUG - Uploading image: URL=https://www.ea-militaria.com/media/catalog/product/cache/9b0b3b8cd6d61af269ad4888103f835d/e/a/eam_9376_1.jpeg, Object Name=EA_MILITARIA/227766/227766-1.jpg
2024-12-22 21:03:14,567 - DEBUG - Starting new HTTPS connection (1): www.ea-militaria.com:443
2024-12-22 21:03:15,695 - ERROR - Error uploading image to S3: ('Connection aborted.', RemoteDisconnected('Remote end closed connection without response'))
2024-12-22 21:03:15,695 - WARNING - Error uploading image https://www.ea-militaria.com/media/catalog/product/cache/9b0b3b8cd6d61af269ad4888103f835d/e/a/eam_9376_1.jpeg: ('Connection aborted.', RemoteDisconnected('Remote end closed connection without response'))
2024-12-22 21:03:15,695 - DEBUG - Uploading image 2: URL=https://www.ea-militaria.com/media/catalog/product/cache/9b0b3b8cd6d61af269ad4888103f835d/e/a/eam_9378_1.jpeg, Object Name=EA_MILITARIA/227766/227766-2.jpg
2024-12-22 21:03:15,695 - DEBUG - Uploading image: URL=https://www.ea-militaria.com/media/catalog/product/cache/9b0b3b8cd6d61af269ad4888103f835d/e/a/eam_9378_1.jpeg, Object Name=EA_MILITARIA/227766/227766-2.jpg
2024-12-22 21:03:15,696 - DEBUG - Starting new HTTPS connection (1): www.ea-militaria.com:443
2024-12-22 21:03:16,809 - ERROR - Error uploading image to S3: ('Connection aborted.', RemoteDisconnected('Remote end closed connection without response'))
2024-12-22 21:03:16,810 - WARNING - Error uploading image https://www.ea-militaria.com/media/catalog/product/cache/9b0b3b8cd6d61af269ad4888103f835d/e/a/eam_9378_1.jpeg: ('Connection aborted.', RemoteDisconnected('Remote end closed connection without response'))
2024-12-22 21:03:16,810 - DEBUG - Uploading image 3: URL=https://www.ea-militaria.com/media/catalog/product/cache/9b0b3b8cd6d61af269ad4888103f835d/e/a/eam_9380_1.jpeg, Object Name=EA_MILITARIA/227766/227766-3.jpg
2024-12-22 21:03:16,810 - DEBUG - Uploading image: URL=https://www.ea-militaria.com/media/catalog/product/cache/9b0b3b8cd6d61af269ad4888103f835d/e/a/eam_9380_1.jpeg, Object Name=EA_MILITARIA/227766/227766-3.jpg
2024-12-22 21:03:16,811 - DEBUG - Starting new HTTPS connection (1): www.ea-militaria.com:443
2024-12-22 21:03:17,911 - ERROR - Error uploading image to S3: ('Connection aborted.', RemoteDisconnected('Remote end closed connection without response'))
2024-12-22 21:03:17,912 - WARNING - Error uploading image https://www.ea-militaria.com/media/catalog/product/cache/9b0b3b8cd6d61af269ad4888103f835d/e/a/eam_9380_1.jpeg: ('Connection aborted.', RemoteDisconnected('Remote end closed connection without response'))
2024-12-22 21:03:17,912 - DEBUG - Uploading image 4: URL=https://www.ea-militaria.com/media/catalog/product/cache/9b0b3b8cd6d61af269ad4888103f835d/e/a/eam_9384_1.jpeg, Object Name=EA_MILITARIA/227766/227766-4.jpg
2024-12-22 21:03:17,912 - DEBUG - Uploading image: URL=https://www.ea-militaria.com/media/catalog/product/cache/9b0b3b8cd6d61af269ad4888103f835d/e/a/eam_9384_1.jpeg, Object Name=EA_MILITARIA/227766/227766-4.jpg
2024-12-22 21:03:17,913 - DEBUG - Starting new HTTPS connection (1): www.ea-militaria.com:443
2024-12-22 21:03:19,032 - ERROR - Error uploading image to S3: ('Connection aborted.', RemoteDisconnected('Remote end closed connection without response'))
2024-12-22 21:03:19,033 - WARNING - Error uploading image https://www.ea-militaria.com/media/catalog/product/cache/9b0b3b8cd6d61af269ad4888103f835d/e/a/eam_9384_1.jpeg: ('Connection aborted.', RemoteDisconnected('Remote end closed connection without response'))
2024-12-22 21:03:19,033 - DEBUG - Uploading image 5: URL=https://www.ea-militaria.com/media/catalog/product/cache/9b0b3b8cd6d61af269ad4888103f835d/e/a/eam_9389.jpeg, Object Name=EA_MILITARIA/227766/227766-5.jpg
2024-12-22 21:03:19,033 - DEBUG - Uploading image: URL=https://www.ea-militaria.com/media/catalog/product/cache/9b0b3b8cd6d61af269ad4888103f835d/e/a/eam_9389.jpeg, Object Name=EA_MILITARIA/227766/227766-5.jpg
2024-12-22 21:03:19,034 - DEBUG - Starting new HTTPS connection (1): www.ea-militaria.com:443
2024-12-22 21:03:20,164 - ERROR - Error uploading image to S3: ('Connection aborted.', RemoteDisconnected('Remote end closed connection without response'))
2024-12-22 21:03:20,164 - WARNING - Error uploading image https://www.ea-militaria.com/media/catalog/product/cache/9b0b3b8cd6d61af269ad4888103f835d/e/a/eam_9389.jpeg: ('Connection aborted.', RemoteDisconnected('Remote end closed connection without response'))
2024-12-22 21:03:20,165 - DEBUG - Uploading image 6: URL=https://www.ea-militaria.com/media/catalog/product/cache/9b0b3b8cd6d61af269ad4888103f835d/e/a/eam_9373.jpeg, Object Name=EA_MILITARIA/227766/227766-6.jpg
2024-12-22 21:03:20,165 - DEBUG - Uploading image: URL=https://www.ea-militaria.com/media/catalog/product/cache/9b0b3b8cd6d61af269ad4888103f835d/e/a/eam_9373.jpeg, Object Name=EA_MILITARIA/227766/227766-6.jpg
2024-12-22 21:03:20,166 - DEBUG - Starting new HTTPS connection (1): www.ea-militaria.com:443
2024-12-22 21:03:21,295 - ERROR - Error uploading image to S3: ('Connection aborted.', RemoteDisconnected('Remote end closed connection without response'))
2024-12-22 21:03:21,295 - WARNING - Error uploading image https://www.ea-militaria.com/media/catalog/product/cache/9b0b3b8cd6d61af269ad4888103f835d/e/a/eam_9373.jpeg: ('Connection aborted.', RemoteDisconnected('Remote end closed connection without response'))
2024-12-22 21:03:21,296 - DEBUG - Uploading image 7: URL=https://www.ea-militaria.com/media/catalog/product/cache/9b0b3b8cd6d61af269ad4888103f835d/e/a/eam_9375_1.jpeg, Object Name=EA_MILITARIA/227766/227766-7.jpg
2024-12-22 21:03:21,296 - DEBUG - Uploading image: URL=https://www.ea-militaria.com/media/catalog/product/cache/9b0b3b8cd6d61af269ad4888103f835d/e/a/eam_9375_1.jpeg, Object Name=EA_MILITARIA/227766/227766-7.jpg
2024-12-22 21:03:21,297 - DEBUG - Starting new HTTPS connection (1): www.ea-militaria.com:443
2024-12-22 21:03:22,410 - ERROR - Error uploading image to S3: ('Connection aborted.', RemoteDisconnected('Remote end closed connection without response'))
2024-12-22 21:03:22,411 - WARNING - Error uploading image https://www.ea-militaria.com/media/catalog/product/cache/9b0b3b8cd6d61af269ad4888103f835d/e/a/eam_9375_1.jpeg: ('Connection aborted.', RemoteDisconnected('Remote end closed connection without response'))
2024-12-22 21:03:22,411 - DEBUG - Uploading image 8: URL=https://www.ea-militaria.com/media/catalog/product/cache/9b0b3b8cd6d61af269ad4888103f835d/e/a/eam_9390_1.jpeg, Object Name=EA_MILITARIA/227766/227766-8.jpg
2024-12-22 21:03:22,412 - DEBUG - Uploading image: URL=https://www.ea-militaria.com/media/catalog/product/cache/9b0b3b8cd6d61af269ad4888103f835d/e/a/eam_9390_1.jpeg, Object Name=EA_MILITARIA/227766/227766-8.jpg
2024-12-22 21:03:22,413 - DEBUG - Starting new HTTPS connection (1): www.ea-militaria.com:443
2024-12-22 21:03:23,705 - ERROR - Error uploading image to S3: ('Connection aborted.', RemoteDisconnected('Remote end closed connection without response'))
2024-12-22 21:03:23,705 - WARNING - Error uploading image https://www.ea-militaria.com/media/catalog/product/cache/9b0b3b8cd6d61af269ad4888103f835d/e/a/eam_9390_1.jpeg: ('Connection aborted.', RemoteDisconnected('Remote end closed connection without response'))
2024-12-22 21:03:23,705 - DEBUG - Uploading image 9: URL=https://www.ea-militaria.com/media/catalog/product/cache/9b0b3b8cd6d61af269ad4888103f835d/e/a/eam_9374_1.jpeg, Object Name=EA_MILITARIA/227766/227766-9.jpg
2024-12-22 21:03:23,705 - DEBUG - Uploading image: URL=https://www.ea-militaria.com/media/catalog/product/cache/9b0b3b8cd6d61af269ad4888103f835d/e/a/eam_9374_1.jpeg, Object Name=EA_MILITARIA/227766/227766-9.jpg
2024-12-22 21:03:23,706 - DEBUG - Starting new HTTPS connection (1): www.ea-militaria.com:443
2024-12-22 21:03:24,814 - ERROR - Error uploading image to S3: ('Connection aborted.', RemoteDisconnected('Remote end closed connection without response'))
2024-12-22 21:03:24,814 - WARNING - Error uploading image https://www.ea-militaria.com/media/catalog/product/cache/9b0b3b8cd6d61af269ad4888103f835d/e/a/eam_9374_1.jpeg: ('Connection aborted.', RemoteDisconnected('Remote end closed connection without response'))
2024-12-22 21:03:24,815 - DEBUG - Uploading image 10: URL=https://www.ea-militaria.com/media/catalog/product/cache/9b0b3b8cd6d61af269ad4888103f835d/e/a/eam_9391.jpeg, Object Name=EA_MILITARIA/227766/227766-10.jpg
2024-12-22 21:03:24,815 - DEBUG - Uploading image: URL=https://www.ea-militaria.com/media/catalog/product/cache/9b0b3b8cd6d61af269ad4888103f835d/e/a/eam_9391.jpeg, Object Name=EA_MILITARIA/227766/227766-10.jpg
2024-12-22 21:03:24,816 - DEBUG - Starting new HTTPS connection (1): www.ea-militaria.com:443
2024-12-22 21:03:25,938 - ERROR - Error uploading image to S3: ('Connection aborted.', RemoteDisconnected('Remote end closed connection without response'))
2024-12-22 21:03:25,938 - WARNING - Error uploading image https://www.ea-militaria.com/media/catalog/product/cache/9b0b3b8cd6d61af269ad4888103f835d/e/a/eam_9391.jpeg: ('Connection aborted.', RemoteDisconnected('Remote end closed connection without response'))
2024-12-22 21:03:25,939 - DEBUG - Uploading image 11: URL=https://www.ea-militaria.com/media/catalog/product/cache/9b0b3b8cd6d61af269ad4888103f835d/e/a/eam_9392.jpeg, Object Name=EA_MILITARIA/227766/227766-11.jpg
2024-12-22 21:03:25,939 - DEBUG - Uploading image: URL=https://www.ea-militaria.com/media/catalog/product/cache/9b0b3b8cd6d61af269ad4888103f835d/e/a/eam_9392.jpeg, Object Name=EA_MILITARIA/227766/227766-11.jpg
2024-12-22 21:03:25,940 - DEBUG - Starting new HTTPS connection (1): www.ea-militaria.com:443
2024-12-22 21:03:27,065 - ERROR - Error uploading image to S3: ('Connection aborted.', RemoteDisconnected('Remote end closed connection without response'))
2024-12-22 21:03:27,066 - WARNING - Error uploading image https://www.ea-militaria.com/media/catalog/product/cache/9b0b3b8cd6d61af269ad4888103f835d/e/a/eam_9392.jpeg: ('Connection aborted.', RemoteDisconnected('Remote end closed connection without response'))
2024-12-22 21:03:27,066 - DEBUG - Uploading image 12: URL=https://www.ea-militaria.com/media/catalog/product/cache/9b0b3b8cd6d61af269ad4888103f835d/e/a/eam_9403.jpeg, Object Name=EA_MILITARIA/227766/227766-12.jpg
2024-12-22 21:03:27,066 - DEBUG - Uploading image: URL=https://www.ea-militaria.com/media/catalog/product/cache/9b0b3b8cd6d61af269ad4888103f835d/e/a/eam_9403.jpeg, Object Name=EA_MILITARIA/227766/227766-12.jpg
2024-12-22 21:03:27,067 - DEBUG - Starting new HTTPS connection (1): www.ea-militaria.com:443
2024-12-22 21:03:28,177 - ERROR - Error uploading image to S3: ('Connection aborted.', RemoteDisconnected('Remote end closed connection without response'))
2024-12-22 21:03:28,177 - WARNING - Error uploading image https://www.ea-militaria.com/media/catalog/product/cache/9b0b3b8cd6d61af269ad4888103f835d/e/a/eam_9403.jpeg: ('Connection aborted.', RemoteDisconnected('Remote end closed connection without response'))
2024-12-22 21:03:28,177 - DEBUG - Uploading image 13: URL=https://www.ea-militaria.com/media/catalog/product/cache/9b0b3b8cd6d61af269ad4888103f835d/e/a/eam_9397.jpeg, Object Name=EA_MILITARIA/227766/227766-13.jpg
2024-12-22 21:03:28,177 - DEBUG - Uploading image: URL=https://www.ea-militaria.com/media/catalog/product/cache/9b0b3b8cd6d61af269ad4888103f835d/e/a/eam_9397.jpeg, Object Name=EA_MILITARIA/227766/227766-13.jpg
2024-12-22 21:03:28,178 - DEBUG - Starting new HTTPS connection (1): www.ea-militaria.com:443
2024-12-22 21:03:29,306 - ERROR - Error uploading image to S3: ('Connection aborted.', RemoteDisconnected('Remote end closed connection without response'))
2024-12-22 21:03:29,306 - WARNING - Error uploading image https://www.ea-militaria.com/media/catalog/product/cache/9b0b3b8cd6d61af269ad4888103f835d/e/a/eam_9397.jpeg: ('Connection aborted.', RemoteDisconnected('Remote end closed connection without response'))
2024-12-22 21:03:29,306 - DEBUG - Uploading image 14: URL=https://www.ea-militaria.com/media/catalog/product/cache/9b0b3b8cd6d61af269ad4888103f835d/e/a/eam_9400.jpeg, Object Name=EA_MILITARIA/227766/227766-14.jpg
2024-12-22 21:03:29,307 - DEBUG - Uploading image: URL=https://www.ea-militaria.com/media/catalog/product/cache/9b0b3b8cd6d61af269ad4888103f835d/e/a/eam_9400.jpeg, Object Name=EA_MILITARIA/227766/227766-14.jpg
2024-12-22 21:03:29,308 - DEBUG - Starting new HTTPS connection (1): www.ea-militaria.com:443
2024-12-22 21:03:30,421 - ERROR - Error uploading image to S3: ('Connection aborted.', RemoteDisconnected('Remote end closed connection without response'))
2024-12-22 21:03:30,421 - WARNING - Error uploading image https://www.ea-militaria.com/media/catalog/product/cache/9b0b3b8cd6d61af269ad4888103f835d/e/a/eam_9400.jpeg: ('Connection aborted.', RemoteDisconnected('Remote end closed connection without response'))
2024-12-22 21:03:30,422 - DEBUG - Uploading image 15: URL=https://www.ea-militaria.com/media/catalog/product/cache/9b0b3b8cd6d61af269ad4888103f835d/e/a/eam_9404_1.jpeg, Object Name=EA_MILITARIA/227766/227766-15.jpg
2024-12-22 21:03:30,422 - DEBUG - Uploading image: URL=https://www.ea-militaria.com/media/catalog/product/cache/9b0b3b8cd6d61af269ad4888103f835d/e/a/eam_9404_1.jpeg, Object Name=EA_MILITARIA/227766/227766-15.jpg
2024-12-22 21:03:30,423 - DEBUG - Starting new HTTPS connection (1): www.ea-militaria.com:443
2024-12-22 21:03:31,545 - ERROR - Error uploading image to S3: ('Connection aborted.', RemoteDisconnected('Remote end closed connection without response'))
2024-12-22 21:03:31,545 - WARNING - Error uploading image https://www.ea-militaria.com/media/catalog/product/cache/9b0b3b8cd6d61af269ad4888103f835d/e/a/eam_9404_1.jpeg: ('Connection aborted.', RemoteDisconnected('Remote end closed connection without response'))
2024-12-22 21:03:31,546 - DEBUG - Uploading image 16: URL=https://www.ea-militaria.com/media/catalog/product/cache/9b0b3b8cd6d61af269ad4888103f835d/e/a/eam_9406_1.jpeg, Object Name=EA_MILITARIA/227766/227766-16.jpg
2024-12-22 21:03:31,546 - DEBUG - Uploading image: URL=https://www.ea-militaria.com/media/catalog/product/cache/9b0b3b8cd6d61af269ad4888103f835d/e/a/eam_9406_1.jpeg, Object Name=EA_MILITARIA/227766/227766-16.jpg
2024-12-22 21:03:31,547 - DEBUG - Starting new HTTPS connection (1): www.ea-militaria.com:443
