2024-12-11 16:29:07,591 - INFO - Logging initialized. Log file: logs\2024-12-11_instance_1.log
2024-12-11 16:29:20,192 - INFO - 
------------------------------------------------------------
                     PROGRAM INITIALIZED
                     2024-12-11 16:29:20.192254          
------------------------------------------------------------
2024-12-11 16:29:21,727 - DEBUG - Navigating to products page: https://bfrmilitaria.com/shop.php?pg=0
2024-12-11 16:29:21,731 - DEBUG - Starting new HTTPS connection (1): bfrmilitaria.com:443
2024-12-11 16:29:23,486 - DEBUG - https://bfrmilitaria.com:443 "GET /shop.php?pg=0 HTTP/1.1" 200 4729
2024-12-11 16:29:23,498 - INFO - 
------------------------------------------------------------
                    NEW INSTANCE STARTED                    
------------------------------------------------------------
2024-12-11 16:29:23,499 - INFO - MILITARIA SITE      : BFR_MILITARIA
2024-12-11 16:29:23,499 - INFO - PRODUCTS URL        : https://bfrmilitaria.com/shop.php?pg=0
2024-12-11 16:29:23,499 - INFO - CYCLES RUN          : 0
2024-12-11 16:29:23,499 - INFO - PRODUCTS PROCESSED  : 0
2024-12-11 16:29:23,499 - INFO - TIMESTAMP           : 2024-12-11 16:29:23.498098
2024-12-11 16:29:23,500 - DEBUG - Product URL constructed: https://bfrmilitaria.com/shop.php?code=135
2024-12-11 16:29:23,854 - DEBUG - https://bfrmilitaria.com:443 "GET /shop.php?code=135 HTTP/1.1" 200 2922
2024-12-11 16:29:23,860 - DEBUG - Scraped data - Title: WW2 German Wehrmacht Heer, Belt Buckle looks super, Price: 145.00, Available: True
2024-12-11 16:29:24,172 - INFO - No updates required for product 'https://bfrmilitaria.com/shop.php?code=135'.
2024-12-11 16:29:24,172 - INFO - 
------------------------------------------------------------
                     NO PRODUCT UPDATE                      
------------------------------------------------------------
2024-12-11 16:29:24,173 - INFO - CURRENT PAGE        : 0
2024-12-11 16:29:24,173 - INFO - PRODUCTS PROCESSED  : 0
2024-12-11 16:29:24,173 - INFO - CONSECUTIVE MATCHES : 1 / 50
2024-12-11 16:29:24,173 - INFO - PRODUCT URL         : https://bfrmilitaria.com/shop.php?code=135
2024-12-11 16:29:24,173 - INFO - TIMESTAMP           : 2024-12-11 16:29:24.172905
2024-12-11 16:29:24,173 - INFO - No changes made for product 'https://bfrmilitaria.com/shop.php?code=135'.
2024-12-11 16:29:24,174 - DEBUG - Product URL constructed: https://bfrmilitaria.com/shop.php?code=134
2024-12-11 16:29:24,528 - DEBUG - https://bfrmilitaria.com:443 "GET /shop.php?code=134 HTTP/1.1" 200 2994
2024-12-11 16:29:24,533 - DEBUG - Scraped data - Title: WW2 German Wehrmacht,Heer 1941  Steel Belt Buckle H.A. 41, Price: 99.00, Available: True
2024-12-11 16:29:24,702 - INFO - No updates required for product 'https://bfrmilitaria.com/shop.php?code=134'.
2024-12-11 16:29:24,703 - INFO - 
------------------------------------------------------------
                     NO PRODUCT UPDATE                      
------------------------------------------------------------
2024-12-11 16:29:24,703 - INFO - CURRENT PAGE        : 0
2024-12-11 16:29:24,703 - INFO - PRODUCTS PROCESSED  : 1
2024-12-11 16:29:24,703 - INFO - CONSECUTIVE MATCHES : 2 / 50
2024-12-11 16:29:24,704 - INFO - PRODUCT URL         : https://bfrmilitaria.com/shop.php?code=134
2024-12-11 16:29:24,704 - INFO - TIMESTAMP           : 2024-12-11 16:29:24.703090
2024-12-11 16:29:24,704 - INFO - No changes made for product 'https://bfrmilitaria.com/shop.php?code=134'.
2024-12-11 16:29:24,704 - DEBUG - Product URL constructed: https://bfrmilitaria.com/shop.php?code=124
2024-12-11 16:29:25,057 - DEBUG - https://bfrmilitaria.com:443 "GET /shop.php?code=124 HTTP/1.1" 200 2991
2024-12-11 16:29:25,061 - DEBUG - Scraped data - Title: Original German WWII 10.5 cm leFH 18 Light Field Howitzer leichte FeldHaubitze Schell Casing 1938, Price: 70.00, Available: True
2024-12-11 16:29:25,230 - INFO - No updates required for product 'https://bfrmilitaria.com/shop.php?code=124'.
2024-12-11 16:29:25,230 - INFO - 
------------------------------------------------------------
                     NO PRODUCT UPDATE                      
------------------------------------------------------------
2024-12-11 16:29:25,231 - INFO - CURRENT PAGE        : 0
2024-12-11 16:29:25,231 - INFO - PRODUCTS PROCESSED  : 2
2024-12-11 16:29:25,231 - INFO - CONSECUTIVE MATCHES : 3 / 50
2024-12-11 16:29:25,232 - INFO - PRODUCT URL         : https://bfrmilitaria.com/shop.php?code=124
2024-12-11 16:29:25,232 - INFO - TIMESTAMP           : 2024-12-11 16:29:25.230451
2024-12-11 16:29:25,232 - INFO - No changes made for product 'https://bfrmilitaria.com/shop.php?code=124'.
2024-12-11 16:29:25,232 - DEBUG - Product URL constructed: https://bfrmilitaria.com/shop.php?code=102
2024-12-11 16:29:25,585 - DEBUG - https://bfrmilitaria.com:443 "GET /shop.php?code=102 HTTP/1.1" 200 3043
2024-12-11 16:29:25,589 - DEBUG - Scraped data - Title: WW2 German The Wound Badge -Verwundetenabzeichen- 3rd class black, Price: 39.00, Available: True
2024-12-11 16:29:25,757 - INFO - No updates required for product 'https://bfrmilitaria.com/shop.php?code=102'.
2024-12-11 16:29:25,758 - INFO - 
------------------------------------------------------------
                     NO PRODUCT UPDATE                      
------------------------------------------------------------
2024-12-11 16:29:25,758 - INFO - CURRENT PAGE        : 0
2024-12-11 16:29:25,758 - INFO - PRODUCTS PROCESSED  : 3
2024-12-11 16:29:25,759 - INFO - CONSECUTIVE MATCHES : 4 / 50
2024-12-11 16:29:25,759 - INFO - PRODUCT URL         : https://bfrmilitaria.com/shop.php?code=102
2024-12-11 16:29:25,759 - INFO - TIMESTAMP           : 2024-12-11 16:29:25.758479
2024-12-11 16:29:25,759 - INFO - No changes made for product 'https://bfrmilitaria.com/shop.php?code=102'.
2024-12-11 16:29:25,759 - DEBUG - Product URL constructed: https://bfrmilitaria.com/shop.php?code=92
2024-12-11 16:29:26,109 - DEBUG - https://bfrmilitaria.com:443 "GET /shop.php?code=92 HTTP/1.1" 200 3277
2024-12-11 16:29:26,114 - DEBUG - Scraped data - Title: WW2 German Third Reich: War Merit Cross 1939, 1st Class with Swords, maker stamp 4, Price: 85.00, Available: True
2024-12-11 16:29:26,283 - INFO - No updates required for product 'https://bfrmilitaria.com/shop.php?code=92'.
2024-12-11 16:29:26,283 - INFO - 
------------------------------------------------------------
                     NO PRODUCT UPDATE                      
------------------------------------------------------------
2024-12-11 16:29:26,283 - INFO - CURRENT PAGE        : 0
2024-12-11 16:29:26,283 - INFO - PRODUCTS PROCESSED  : 4
2024-12-11 16:29:26,283 - INFO - CONSECUTIVE MATCHES : 5 / 50
2024-12-11 16:29:26,284 - INFO - PRODUCT URL         : https://bfrmilitaria.com/shop.php?code=92
2024-12-11 16:29:26,284 - INFO - TIMESTAMP           : 2024-12-11 16:29:26.283588
2024-12-11 16:29:26,284 - INFO - No changes made for product 'https://bfrmilitaria.com/shop.php?code=92'.
2024-12-11 16:29:26,284 - DEBUG - Product URL constructed: https://bfrmilitaria.com/shop.php?code=87
2024-12-11 16:29:26,636 - DEBUG - https://bfrmilitaria.com:443 "GET /shop.php?code=87 HTTP/1.1" 200 2957
2024-12-11 16:29:26,641 - DEBUG - Scraped data - Title: WW2 German DRL badge with a maker stamp, Price: 33.00, Available: True
2024-12-11 16:29:26,809 - INFO - No updates required for product 'https://bfrmilitaria.com/shop.php?code=87'.
2024-12-11 16:29:26,809 - INFO - 
------------------------------------------------------------
                     NO PRODUCT UPDATE                      
------------------------------------------------------------
2024-12-11 16:29:26,809 - INFO - CURRENT PAGE        : 0
2024-12-11 16:29:26,809 - INFO - PRODUCTS PROCESSED  : 5
2024-12-11 16:29:26,810 - INFO - CONSECUTIVE MATCHES : 6 / 50
2024-12-11 16:29:26,810 - INFO - PRODUCT URL         : https://bfrmilitaria.com/shop.php?code=87
2024-12-11 16:29:26,810 - INFO - TIMESTAMP           : 2024-12-11 16:29:26.809907
2024-12-11 16:29:26,810 - INFO - No changes made for product 'https://bfrmilitaria.com/shop.php?code=87'.
2024-12-11 16:29:26,810 - DEBUG - Product URL constructed: https://bfrmilitaria.com/shop.php?code=85
2024-12-11 16:29:27,164 - DEBUG - https://bfrmilitaria.com:443 "GET /shop.php?code=85 HTTP/1.1" 200 3027
2024-12-11 16:29:27,168 - DEBUG - Scraped data - Title: WW2 German The Wound Badge -Verwundetenabzeichen- 3rd class, Price: 35.00, Available: True
2024-12-11 16:29:27,336 - INFO - No updates required for product 'https://bfrmilitaria.com/shop.php?code=85'.
2024-12-11 16:29:27,337 - INFO - 
------------------------------------------------------------
                     NO PRODUCT UPDATE                      
------------------------------------------------------------
2024-12-11 16:29:27,337 - INFO - CURRENT PAGE        : 0
2024-12-11 16:29:27,338 - INFO - PRODUCTS PROCESSED  : 6
2024-12-11 16:29:27,338 - INFO - CONSECUTIVE MATCHES : 7 / 50
2024-12-11 16:29:27,338 - INFO - PRODUCT URL         : https://bfrmilitaria.com/shop.php?code=85
2024-12-11 16:29:27,338 - INFO - TIMESTAMP           : 2024-12-11 16:29:27.337418
2024-12-11 16:29:27,338 - INFO - No changes made for product 'https://bfrmilitaria.com/shop.php?code=85'.
2024-12-11 16:29:27,338 - DEBUG - Product URL constructed: https://bfrmilitaria.com/shop.php?code=84
2024-12-11 16:29:27,691 - DEBUG - https://bfrmilitaria.com:443 "GET /shop.php?code=84 HTTP/1.1" 200 3031
2024-12-11 16:29:27,695 - DEBUG - Scraped data - Title: WW2 German The Wound Badge -Verwundetenabzeichen- 3rd class black, Price: 35.00, Available: True
2024-12-11 16:29:27,864 - INFO - No updates required for product 'https://bfrmilitaria.com/shop.php?code=84'.
2024-12-11 16:29:27,864 - INFO - 
------------------------------------------------------------
                     NO PRODUCT UPDATE                      
------------------------------------------------------------
2024-12-11 16:29:27,865 - INFO - CURRENT PAGE        : 0
2024-12-11 16:29:27,865 - INFO - PRODUCTS PROCESSED  : 7
2024-12-11 16:29:27,865 - INFO - CONSECUTIVE MATCHES : 8 / 50
2024-12-11 16:29:27,865 - INFO - PRODUCT URL         : https://bfrmilitaria.com/shop.php?code=84
2024-12-11 16:29:27,865 - INFO - TIMESTAMP           : 2024-12-11 16:29:27.864849
2024-12-11 16:29:27,866 - INFO - No changes made for product 'https://bfrmilitaria.com/shop.php?code=84'.
2024-12-11 16:29:27,866 - DEBUG - Product URL constructed: https://bfrmilitaria.com/shop.php?code=82
2024-12-11 16:29:28,218 - DEBUG - https://bfrmilitaria.com:443 "GET /shop.php?code=82 HTTP/1.1" 200 3159
2024-12-11 16:29:28,223 - DEBUG - Scraped data - Title: The War Merit Medal (German: Kriegsverdienstmedaille) 1939, Price: 30.00, Available: True
2024-12-11 16:29:28,390 - INFO - No updates required for product 'https://bfrmilitaria.com/shop.php?code=82'.
2024-12-11 16:29:28,390 - INFO - 
------------------------------------------------------------
                     NO PRODUCT UPDATE                      
------------------------------------------------------------
2024-12-11 16:29:28,391 - INFO - CURRENT PAGE        : 0
2024-12-11 16:29:28,391 - INFO - PRODUCTS PROCESSED  : 8
2024-12-11 16:29:28,391 - INFO - CONSECUTIVE MATCHES : 9 / 50
2024-12-11 16:29:28,391 - INFO - PRODUCT URL         : https://bfrmilitaria.com/shop.php?code=82
2024-12-11 16:29:28,391 - INFO - TIMESTAMP           : 2024-12-11 16:29:28.390565
2024-12-11 16:29:28,391 - INFO - No changes made for product 'https://bfrmilitaria.com/shop.php?code=82'.
2024-12-11 16:29:28,391 - DEBUG - Product URL constructed: https://bfrmilitaria.com/shop.php?code=81
2024-12-11 16:29:28,744 - DEBUG - https://bfrmilitaria.com:443 "GET /shop.php?code=81 HTTP/1.1" 200 2992
2024-12-11 16:29:28,749 - DEBUG - Scraped data - Title: WW2 German Eastern Front Medal- Medaille Winterschlacht im Osten 1941/42, Price: 34.00, Available: True
2024-12-11 16:29:28,919 - INFO - No updates required for product 'https://bfrmilitaria.com/shop.php?code=81'.
2024-12-11 16:29:28,920 - INFO - 
------------------------------------------------------------
                     NO PRODUCT UPDATE                      
------------------------------------------------------------
2024-12-11 16:29:28,920 - INFO - CURRENT PAGE        : 0
2024-12-11 16:29:28,920 - INFO - PRODUCTS PROCESSED  : 9
2024-12-11 16:29:28,921 - INFO - CONSECUTIVE MATCHES : 10 / 50
2024-12-11 16:29:28,921 - INFO - PRODUCT URL         : https://bfrmilitaria.com/shop.php?code=81
2024-12-11 16:29:28,921 - INFO - TIMESTAMP           : 2024-12-11 16:29:28.920143
2024-12-11 16:29:28,921 - INFO - No changes made for product 'https://bfrmilitaria.com/shop.php?code=81'.
2024-12-11 16:29:28,921 - DEBUG - Navigating to products page: https://bfrmilitaria.com/shop.php?pg=1
2024-12-11 16:29:29,278 - DEBUG - https://bfrmilitaria.com:443 "GET /shop.php?pg=1 HTTP/1.1" 200 4729
2024-12-11 16:29:29,288 - INFO - 
------------------------------------------------------------
                    NEW INSTANCE STARTED                    
------------------------------------------------------------
2024-12-11 16:29:29,289 - INFO - MILITARIA SITE      : BFR_MILITARIA
2024-12-11 16:29:29,289 - INFO - PRODUCTS URL        : https://bfrmilitaria.com/shop.php?pg=1
2024-12-11 16:29:29,289 - INFO - CYCLES RUN          : 0
2024-12-11 16:29:29,289 - INFO - PRODUCTS PROCESSED  : 0
2024-12-11 16:29:29,289 - INFO - TIMESTAMP           : 2024-12-11 16:29:29.288018
2024-12-11 16:29:29,290 - DEBUG - Product URL constructed: https://bfrmilitaria.com/shop.php?code=135
2024-12-11 16:29:29,640 - DEBUG - https://bfrmilitaria.com:443 "GET /shop.php?code=135 HTTP/1.1" 200 2922
2024-12-11 16:29:29,645 - DEBUG - Scraped data - Title: WW2 German Wehrmacht Heer, Belt Buckle looks super, Price: 145.00, Available: True
2024-12-11 16:29:29,813 - INFO - No updates required for product 'https://bfrmilitaria.com/shop.php?code=135'.
2024-12-11 16:29:29,813 - INFO - 
------------------------------------------------------------
                     NO PRODUCT UPDATE                      
------------------------------------------------------------
2024-12-11 16:29:29,814 - INFO - CURRENT PAGE        : 1
2024-12-11 16:29:29,814 - INFO - PRODUCTS PROCESSED  : 10
2024-12-11 16:29:29,814 - INFO - CONSECUTIVE MATCHES : 11 / 50
2024-12-11 16:29:29,814 - INFO - PRODUCT URL         : https://bfrmilitaria.com/shop.php?code=135
2024-12-11 16:29:29,814 - INFO - TIMESTAMP           : 2024-12-11 16:29:29.813514
2024-12-11 16:29:29,814 - INFO - No changes made for product 'https://bfrmilitaria.com/shop.php?code=135'.
2024-12-11 16:29:29,815 - DEBUG - Product URL constructed: https://bfrmilitaria.com/shop.php?code=134
2024-12-11 16:29:30,171 - DEBUG - https://bfrmilitaria.com:443 "GET /shop.php?code=134 HTTP/1.1" 200 2994
2024-12-11 16:29:30,175 - DEBUG - Scraped data - Title: WW2 German Wehrmacht,Heer 1941  Steel Belt Buckle H.A. 41, Price: 99.00, Available: True
2024-12-11 16:29:30,343 - INFO - No updates required for product 'https://bfrmilitaria.com/shop.php?code=134'.
2024-12-11 16:29:30,343 - INFO - 
------------------------------------------------------------
                     NO PRODUCT UPDATE                      
------------------------------------------------------------
2024-12-11 16:29:30,344 - INFO - CURRENT PAGE        : 1
2024-12-11 16:29:30,344 - INFO - PRODUCTS PROCESSED  : 11
2024-12-11 16:29:30,344 - INFO - CONSECUTIVE MATCHES : 12 / 50
2024-12-11 16:29:30,344 - INFO - PRODUCT URL         : https://bfrmilitaria.com/shop.php?code=134
2024-12-11 16:29:30,344 - INFO - TIMESTAMP           : 2024-12-11 16:29:30.343086
2024-12-11 16:29:30,345 - INFO - No changes made for product 'https://bfrmilitaria.com/shop.php?code=134'.
2024-12-11 16:29:30,345 - DEBUG - Product URL constructed: https://bfrmilitaria.com/shop.php?code=124
2024-12-11 16:29:30,700 - DEBUG - https://bfrmilitaria.com:443 "GET /shop.php?code=124 HTTP/1.1" 200 2991
2024-12-11 16:29:30,704 - DEBUG - Scraped data - Title: Original German WWII 10.5 cm leFH 18 Light Field Howitzer leichte FeldHaubitze Schell Casing 1938, Price: 70.00, Available: True
2024-12-11 16:29:30,874 - INFO - No updates required for product 'https://bfrmilitaria.com/shop.php?code=124'.
2024-12-11 16:29:30,874 - INFO - 
------------------------------------------------------------
                     NO PRODUCT UPDATE                      
------------------------------------------------------------
2024-12-11 16:29:30,875 - INFO - CURRENT PAGE        : 1
2024-12-11 16:29:30,875 - INFO - PRODUCTS PROCESSED  : 12
2024-12-11 16:29:30,875 - INFO - CONSECUTIVE MATCHES : 13 / 50
2024-12-11 16:29:30,875 - INFO - PRODUCT URL         : https://bfrmilitaria.com/shop.php?code=124
2024-12-11 16:29:30,875 - INFO - TIMESTAMP           : 2024-12-11 16:29:30.874073
2024-12-11 16:29:30,876 - INFO - No changes made for product 'https://bfrmilitaria.com/shop.php?code=124'.
2024-12-11 16:29:30,876 - DEBUG - Product URL constructed: https://bfrmilitaria.com/shop.php?code=102
2024-12-11 16:29:31,226 - DEBUG - https://bfrmilitaria.com:443 "GET /shop.php?code=102 HTTP/1.1" 200 3043
2024-12-11 16:29:31,230 - DEBUG - Scraped data - Title: WW2 German The Wound Badge -Verwundetenabzeichen- 3rd class black, Price: 39.00, Available: True
2024-12-11 16:29:31,398 - INFO - No updates required for product 'https://bfrmilitaria.com/shop.php?code=102'.
2024-12-11 16:29:31,398 - INFO - 
------------------------------------------------------------
                     NO PRODUCT UPDATE                      
------------------------------------------------------------
2024-12-11 16:29:31,399 - INFO - CURRENT PAGE        : 1
2024-12-11 16:29:31,399 - INFO - PRODUCTS PROCESSED  : 13
2024-12-11 16:29:31,399 - INFO - CONSECUTIVE MATCHES : 14 / 50
2024-12-11 16:29:31,400 - INFO - PRODUCT URL         : https://bfrmilitaria.com/shop.php?code=102
2024-12-11 16:29:31,400 - INFO - TIMESTAMP           : 2024-12-11 16:29:31.398159
2024-12-11 16:29:31,400 - INFO - No changes made for product 'https://bfrmilitaria.com/shop.php?code=102'.
2024-12-11 16:29:31,400 - DEBUG - Product URL constructed: https://bfrmilitaria.com/shop.php?code=92
2024-12-11 16:29:31,751 - DEBUG - https://bfrmilitaria.com:443 "GET /shop.php?code=92 HTTP/1.1" 200 3277
2024-12-11 16:29:31,756 - DEBUG - Scraped data - Title: WW2 German Third Reich: War Merit Cross 1939, 1st Class with Swords, maker stamp 4, Price: 85.00, Available: True
2024-12-11 16:29:32,029 - INFO - No updates required for product 'https://bfrmilitaria.com/shop.php?code=92'.
2024-12-11 16:29:32,030 - INFO - 
------------------------------------------------------------
                     NO PRODUCT UPDATE                      
------------------------------------------------------------
2024-12-11 16:29:32,030 - INFO - CURRENT PAGE        : 1
2024-12-11 16:29:32,030 - INFO - PRODUCTS PROCESSED  : 14
2024-12-11 16:29:32,031 - INFO - CONSECUTIVE MATCHES : 15 / 50
2024-12-11 16:29:32,031 - INFO - PRODUCT URL         : https://bfrmilitaria.com/shop.php?code=92
2024-12-11 16:29:32,031 - INFO - TIMESTAMP           : 2024-12-11 16:29:32.030329
2024-12-11 16:29:32,031 - INFO - No changes made for product 'https://bfrmilitaria.com/shop.php?code=92'.
2024-12-11 16:29:32,031 - DEBUG - Product URL constructed: https://bfrmilitaria.com/shop.php?code=87
2024-12-11 16:29:32,386 - DEBUG - https://bfrmilitaria.com:443 "GET /shop.php?code=87 HTTP/1.1" 200 2957
2024-12-11 16:29:32,392 - DEBUG - Scraped data - Title: WW2 German DRL badge with a maker stamp, Price: 33.00, Available: True
2024-12-11 16:29:32,585 - INFO - No updates required for product 'https://bfrmilitaria.com/shop.php?code=87'.
2024-12-11 16:29:32,585 - INFO - 
------------------------------------------------------------
                     NO PRODUCT UPDATE                      
------------------------------------------------------------
2024-12-11 16:29:32,586 - INFO - CURRENT PAGE        : 1
2024-12-11 16:29:32,586 - INFO - PRODUCTS PROCESSED  : 15
2024-12-11 16:29:32,586 - INFO - CONSECUTIVE MATCHES : 16 / 50
2024-12-11 16:29:32,587 - INFO - PRODUCT URL         : https://bfrmilitaria.com/shop.php?code=87
2024-12-11 16:29:32,587 - INFO - TIMESTAMP           : 2024-12-11 16:29:32.585628
2024-12-11 16:29:32,587 - INFO - No changes made for product 'https://bfrmilitaria.com/shop.php?code=87'.
2024-12-11 16:29:32,588 - DEBUG - Product URL constructed: https://bfrmilitaria.com/shop.php?code=85
2024-12-11 16:29:32,939 - DEBUG - https://bfrmilitaria.com:443 "GET /shop.php?code=85 HTTP/1.1" 200 3027
2024-12-11 16:29:32,943 - DEBUG - Scraped data - Title: WW2 German The Wound Badge -Verwundetenabzeichen- 3rd class, Price: 35.00, Available: True
2024-12-11 16:29:33,109 - INFO - No updates required for product 'https://bfrmilitaria.com/shop.php?code=85'.
2024-12-11 16:29:33,110 - INFO - 
------------------------------------------------------------
                     NO PRODUCT UPDATE                      
------------------------------------------------------------
2024-12-11 16:29:33,110 - INFO - CURRENT PAGE        : 1
2024-12-11 16:29:33,110 - INFO - PRODUCTS PROCESSED  : 16
2024-12-11 16:29:33,110 - INFO - CONSECUTIVE MATCHES : 17 / 50
2024-12-11 16:29:33,110 - INFO - PRODUCT URL         : https://bfrmilitaria.com/shop.php?code=85
2024-12-11 16:29:33,111 - INFO - TIMESTAMP           : 2024-12-11 16:29:33.110323
2024-12-11 16:29:33,111 - INFO - No changes made for product 'https://bfrmilitaria.com/shop.php?code=85'.
2024-12-11 16:29:33,111 - DEBUG - Product URL constructed: https://bfrmilitaria.com/shop.php?code=84
2024-12-11 16:29:33,461 - DEBUG - https://bfrmilitaria.com:443 "GET /shop.php?code=84 HTTP/1.1" 200 3031
2024-12-11 16:29:33,465 - DEBUG - Scraped data - Title: WW2 German The Wound Badge -Verwundetenabzeichen- 3rd class black, Price: 35.00, Available: True
2024-12-11 16:29:33,634 - INFO - No updates required for product 'https://bfrmilitaria.com/shop.php?code=84'.
2024-12-11 16:29:33,634 - INFO - 
------------------------------------------------------------
                     NO PRODUCT UPDATE                      
------------------------------------------------------------
2024-12-11 16:29:33,634 - INFO - CURRENT PAGE        : 1
2024-12-11 16:29:33,634 - INFO - PRODUCTS PROCESSED  : 17
2024-12-11 16:29:33,635 - INFO - CONSECUTIVE MATCHES : 18 / 50
2024-12-11 16:29:33,635 - INFO - PRODUCT URL         : https://bfrmilitaria.com/shop.php?code=84
2024-12-11 16:29:33,635 - INFO - TIMESTAMP           : 2024-12-11 16:29:33.634934
2024-12-11 16:29:33,635 - INFO - No changes made for product 'https://bfrmilitaria.com/shop.php?code=84'.
2024-12-11 16:29:33,635 - DEBUG - Product URL constructed: https://bfrmilitaria.com/shop.php?code=82
2024-12-11 16:29:33,988 - DEBUG - https://bfrmilitaria.com:443 "GET /shop.php?code=82 HTTP/1.1" 200 3159
2024-12-11 16:29:33,993 - DEBUG - Scraped data - Title: The War Merit Medal (German: Kriegsverdienstmedaille) 1939, Price: 30.00, Available: True
2024-12-11 16:29:34,160 - INFO - No updates required for product 'https://bfrmilitaria.com/shop.php?code=82'.
2024-12-11 16:29:34,160 - INFO - 
------------------------------------------------------------
                     NO PRODUCT UPDATE                      
------------------------------------------------------------
2024-12-11 16:29:34,161 - INFO - CURRENT PAGE        : 1
2024-12-11 16:29:34,161 - INFO - PRODUCTS PROCESSED  : 18
2024-12-11 16:29:34,161 - INFO - CONSECUTIVE MATCHES : 19 / 50
2024-12-11 16:29:34,161 - INFO - PRODUCT URL         : https://bfrmilitaria.com/shop.php?code=82
2024-12-11 16:29:34,161 - INFO - TIMESTAMP           : 2024-12-11 16:29:34.160402
2024-12-11 16:29:34,161 - INFO - No changes made for product 'https://bfrmilitaria.com/shop.php?code=82'.
2024-12-11 16:29:34,162 - DEBUG - Product URL constructed: https://bfrmilitaria.com/shop.php?code=81
2024-12-11 16:29:34,514 - DEBUG - https://bfrmilitaria.com:443 "GET /shop.php?code=81 HTTP/1.1" 200 2992
2024-12-11 16:29:34,519 - DEBUG - Scraped data - Title: WW2 German Eastern Front Medal- Medaille Winterschlacht im Osten 1941/42, Price: 34.00, Available: True
2024-12-11 16:29:34,687 - INFO - No updates required for product 'https://bfrmilitaria.com/shop.php?code=81'.
2024-12-11 16:29:34,687 - INFO - 
------------------------------------------------------------
                     NO PRODUCT UPDATE                      
------------------------------------------------------------
2024-12-11 16:29:34,688 - INFO - CURRENT PAGE        : 1
2024-12-11 16:29:34,688 - INFO - PRODUCTS PROCESSED  : 19
2024-12-11 16:29:34,688 - INFO - CONSECUTIVE MATCHES : 20 / 50
2024-12-11 16:29:34,688 - INFO - PRODUCT URL         : https://bfrmilitaria.com/shop.php?code=81
2024-12-11 16:29:34,688 - INFO - TIMESTAMP           : 2024-12-11 16:29:34.687126
2024-12-11 16:29:34,689 - INFO - No changes made for product 'https://bfrmilitaria.com/shop.php?code=81'.
2024-12-11 16:29:34,689 - DEBUG - Navigating to products page: https://bfrmilitaria.com/shop.php?pg=2
2024-12-11 16:29:35,046 - DEBUG - https://bfrmilitaria.com:443 "GET /shop.php?pg=2 HTTP/1.1" 200 4819
2024-12-11 16:29:35,057 - INFO - 
------------------------------------------------------------
                    NEW INSTANCE STARTED                    
------------------------------------------------------------
2024-12-11 16:29:35,057 - INFO - MILITARIA SITE      : BFR_MILITARIA
2024-12-11 16:29:35,057 - INFO - PRODUCTS URL        : https://bfrmilitaria.com/shop.php?pg=2
2024-12-11 16:29:35,058 - INFO - CYCLES RUN          : 0
2024-12-11 16:29:35,058 - INFO - PRODUCTS PROCESSED  : 0
2024-12-11 16:29:35,058 - INFO - TIMESTAMP           : 2024-12-11 16:29:35.056029
2024-12-11 16:29:35,058 - DEBUG - Product URL constructed: https://bfrmilitaria.com/shop.php?code=79
2024-12-11 16:29:35,412 - DEBUG - https://bfrmilitaria.com:443 "GET /shop.php?code=79 HTTP/1.1" 200 2958
2024-12-11 16:29:35,417 - DEBUG - Scraped data - Title: WW2 German Army West Wall Medal nice, Price: 45.00, Available: True
2024-12-11 16:29:35,585 - INFO - No updates required for product 'https://bfrmilitaria.com/shop.php?code=79'.
2024-12-11 16:29:35,586 - INFO - 
------------------------------------------------------------
                     NO PRODUCT UPDATE                      
------------------------------------------------------------
2024-12-11 16:29:35,586 - INFO - CURRENT PAGE        : 2
2024-12-11 16:29:35,586 - INFO - PRODUCTS PROCESSED  : 20
2024-12-11 16:29:35,587 - INFO - CONSECUTIVE MATCHES : 21 / 50
2024-12-11 16:29:35,587 - INFO - PRODUCT URL         : https://bfrmilitaria.com/shop.php?code=79
2024-12-11 16:29:35,587 - INFO - TIMESTAMP           : 2024-12-11 16:29:35.586201
2024-12-11 16:29:35,587 - INFO - No changes made for product 'https://bfrmilitaria.com/shop.php?code=79'.
2024-12-11 16:29:35,587 - DEBUG - Product URL constructed: https://bfrmilitaria.com/shop.php?code=76
2024-12-11 16:29:35,938 - DEBUG - https://bfrmilitaria.com:443 "GET /shop.php?code=76 HTTP/1.1" 200 2936
2024-12-11 16:29:35,944 - DEBUG - Scraped data - Title: Original WW2 Panzer Assault Badge Bronze broken, Price: 90.00, Available: True
2024-12-11 16:29:36,112 - INFO - No updates required for product 'https://bfrmilitaria.com/shop.php?code=76'.
2024-12-11 16:29:36,113 - INFO - 
------------------------------------------------------------
                     NO PRODUCT UPDATE                      
------------------------------------------------------------
2024-12-11 16:29:36,114 - INFO - CURRENT PAGE        : 2
2024-12-11 16:29:36,114 - INFO - PRODUCTS PROCESSED  : 21
2024-12-11 16:29:36,114 - INFO - CONSECUTIVE MATCHES : 22 / 50
2024-12-11 16:29:36,114 - INFO - PRODUCT URL         : https://bfrmilitaria.com/shop.php?code=76
2024-12-11 16:29:36,114 - INFO - TIMESTAMP           : 2024-12-11 16:29:36.113370
2024-12-11 16:29:36,115 - INFO - No changes made for product 'https://bfrmilitaria.com/shop.php?code=76'.
2024-12-11 16:29:36,115 - DEBUG - Product URL constructed: https://bfrmilitaria.com/shop.php?code=75
2024-12-11 16:29:36,465 - DEBUG - https://bfrmilitaria.com:443 "GET /shop.php?code=75 HTTP/1.1" 200 2999
2024-12-11 16:29:36,470 - DEBUG - Scraped data - Title: German Army WW2 Marksmanship Lanyard, Price: 115.00, Available: True
2024-12-11 16:29:36,638 - INFO - No updates required for product 'https://bfrmilitaria.com/shop.php?code=75'.
2024-12-11 16:29:36,639 - INFO - 
------------------------------------------------------------
                     NO PRODUCT UPDATE                      
------------------------------------------------------------
2024-12-11 16:29:36,639 - INFO - CURRENT PAGE        : 2
2024-12-11 16:29:36,639 - INFO - PRODUCTS PROCESSED  : 22
2024-12-11 16:29:36,640 - INFO - CONSECUTIVE MATCHES : 23 / 50
2024-12-11 16:29:36,640 - INFO - PRODUCT URL         : https://bfrmilitaria.com/shop.php?code=75
2024-12-11 16:29:36,640 - INFO - TIMESTAMP           : 2024-12-11 16:29:36.639061
2024-12-11 16:29:36,640 - INFO - No changes made for product 'https://bfrmilitaria.com/shop.php?code=75'.
2024-12-11 16:29:36,640 - DEBUG - Product URL constructed: https://bfrmilitaria.com/shop.php?code=73
2024-12-11 16:29:36,991 - DEBUG - https://bfrmilitaria.com:443 "GET /shop.php?code=73 HTTP/1.1" 200 3051
2024-12-11 16:29:36,995 - DEBUG - Scraped data - Title: WW2 German Wehrmacht Combat Buckle RS&S FOR Richard Seiper., NICE BATTLE DAMAGE, Price: 69.00, Available: True
2024-12-11 16:29:37,164 - INFO - No updates required for product 'https://bfrmilitaria.com/shop.php?code=73'.
2024-12-11 16:29:37,164 - INFO - 
------------------------------------------------------------
                     NO PRODUCT UPDATE                      
------------------------------------------------------------
2024-12-11 16:29:37,164 - INFO - CURRENT PAGE        : 2
2024-12-11 16:29:37,165 - INFO - PRODUCTS PROCESSED  : 23
2024-12-11 16:29:37,165 - INFO - CONSECUTIVE MATCHES : 24 / 50
2024-12-11 16:29:37,165 - INFO - PRODUCT URL         : https://bfrmilitaria.com/shop.php?code=73
2024-12-11 16:29:37,165 - INFO - TIMESTAMP           : 2024-12-11 16:29:37.164304
2024-12-11 16:29:37,165 - INFO - No changes made for product 'https://bfrmilitaria.com/shop.php?code=73'.
2024-12-11 16:29:37,166 - DEBUG - Product URL constructed: https://bfrmilitaria.com/shop.php?code=72
2024-12-11 16:29:37,516 - DEBUG - https://bfrmilitaria.com:443 "GET /shop.php?code=72 HTTP/1.1" 200 2947
2024-12-11 16:29:37,521 - DEBUG - Scraped data - Title: WW2 German Wehrmacht Parade Buckle, cheap, Price: 38.00, Available: True
2024-12-11 16:29:37,689 - INFO - No updates required for product 'https://bfrmilitaria.com/shop.php?code=72'.
2024-12-11 16:29:37,689 - INFO - 
------------------------------------------------------------
                     NO PRODUCT UPDATE                      
------------------------------------------------------------
2024-12-11 16:29:37,689 - INFO - CURRENT PAGE        : 2
2024-12-11 16:29:37,689 - INFO - PRODUCTS PROCESSED  : 24
2024-12-11 16:29:37,689 - INFO - CONSECUTIVE MATCHES : 25 / 50
2024-12-11 16:29:37,689 - INFO - PRODUCT URL         : https://bfrmilitaria.com/shop.php?code=72
2024-12-11 16:29:37,690 - INFO - TIMESTAMP           : 2024-12-11 16:29:37.689985
2024-12-11 16:29:37,690 - INFO - No changes made for product 'https://bfrmilitaria.com/shop.php?code=72'.
2024-12-11 16:29:37,690 - DEBUG - Product URL constructed: https://bfrmilitaria.com/shop.php?code=71
2024-12-11 16:29:38,042 - DEBUG - https://bfrmilitaria.com:443 "GET /shop.php?code=71 HTTP/1.1" 200 2924
2024-12-11 16:29:38,046 - DEBUG - Scraped data - Title: WW2 German RAD Buckle,cheap, Price: 38.00, Available: True
2024-12-11 16:29:38,214 - INFO - No updates required for product 'https://bfrmilitaria.com/shop.php?code=71'.
2024-12-11 16:29:38,214 - INFO - 
------------------------------------------------------------
                     NO PRODUCT UPDATE                      
------------------------------------------------------------
2024-12-11 16:29:38,214 - INFO - CURRENT PAGE        : 2
2024-12-11 16:29:38,214 - INFO - PRODUCTS PROCESSED  : 25
2024-12-11 16:29:38,214 - INFO - CONSECUTIVE MATCHES : 26 / 50
2024-12-11 16:29:38,215 - INFO - PRODUCT URL         : https://bfrmilitaria.com/shop.php?code=71
2024-12-11 16:29:38,215 - INFO - TIMESTAMP           : 2024-12-11 16:29:38.214801
2024-12-11 16:29:38,215 - INFO - No changes made for product 'https://bfrmilitaria.com/shop.php?code=71'.
2024-12-11 16:29:38,215 - DEBUG - Product URL constructed: https://bfrmilitaria.com/shop.php?code=57
2024-12-11 16:29:38,568 - DEBUG - https://bfrmilitaria.com:443 "GET /shop.php?code=57 HTTP/1.1" 200 2916
2024-12-11 16:29:38,572 - WARNING - Unable to retrieve product PRICE.
2024-12-11 16:29:38,573 - WARNING - AttributeError while evaluating price element: 'NoneType' object has no attribute 'group'
2024-12-11 16:29:38,573 - DEBUG - Scraped data - Title: WW2 German 115 Infantry Regiment shoulders straps tabs- set, Price: 0, Available: False
2024-12-11 16:29:38,741 - INFO - No updates required for product 'https://bfrmilitaria.com/shop.php?code=57'.
2024-12-11 16:29:38,742 - INFO - 
------------------------------------------------------------
                     NO PRODUCT UPDATE                      
------------------------------------------------------------
2024-12-11 16:29:38,743 - INFO - CURRENT PAGE        : 2
2024-12-11 16:29:38,743 - INFO - PRODUCTS PROCESSED  : 26
2024-12-11 16:29:38,743 - INFO - CONSECUTIVE MATCHES : 27 / 50
2024-12-11 16:29:38,743 - INFO - PRODUCT URL         : https://bfrmilitaria.com/shop.php?code=57
2024-12-11 16:29:38,743 - INFO - TIMESTAMP           : 2024-12-11 16:29:38.742102
2024-12-11 16:29:38,743 - INFO - No changes made for product 'https://bfrmilitaria.com/shop.php?code=57'.
2024-12-11 16:29:38,743 - DEBUG - Product URL constructed: https://bfrmilitaria.com/shop.php?code=39
2024-12-11 16:29:39,093 - DEBUG - https://bfrmilitaria.com:443 "GET /shop.php?code=39 HTTP/1.1" 200 3061
2024-12-11 16:29:39,098 - WARNING - Unable to retrieve product PRICE.
2024-12-11 16:29:39,098 - WARNING - AttributeError while evaluating price element: 'NoneType' object has no attribute 'group'
2024-12-11 16:29:39,098 - DEBUG - Scraped data - Title: WW2 time used original German Army -Heeres Verpflegungs Sack- 1944, Price: 0, Available: False
2024-12-11 16:29:39,267 - INFO - No updates required for product 'https://bfrmilitaria.com/shop.php?code=39'.
2024-12-11 16:29:39,267 - INFO - 
------------------------------------------------------------
                     NO PRODUCT UPDATE                      
------------------------------------------------------------
2024-12-11 16:29:39,268 - INFO - CURRENT PAGE        : 2
2024-12-11 16:29:39,268 - INFO - PRODUCTS PROCESSED  : 27
2024-12-11 16:29:39,268 - INFO - CONSECUTIVE MATCHES : 28 / 50
2024-12-11 16:29:39,268 - INFO - PRODUCT URL         : https://bfrmilitaria.com/shop.php?code=39
2024-12-11 16:29:39,269 - INFO - TIMESTAMP           : 2024-12-11 16:29:39.267169
2024-12-11 16:29:39,269 - INFO - No changes made for product 'https://bfrmilitaria.com/shop.php?code=39'.
2024-12-11 16:29:39,269 - DEBUG - Product URL constructed: https://bfrmilitaria.com/shop.php?code=37
2024-12-11 16:29:39,630 - DEBUG - https://bfrmilitaria.com:443 "GET /shop.php?code=37 HTTP/1.1" 200 3074
2024-12-11 16:29:39,635 - DEBUG - Scraped data - Title: WW2 time used original German Army -Heeres Verpflegungs Sack- 1938, Price: 40.00, Available: True
2024-12-11 16:29:39,803 - INFO - No updates required for product 'https://bfrmilitaria.com/shop.php?code=37'.
2024-12-11 16:29:39,803 - INFO - 
------------------------------------------------------------
                     NO PRODUCT UPDATE                      
------------------------------------------------------------
2024-12-11 16:29:39,804 - INFO - CURRENT PAGE        : 2
2024-12-11 16:29:39,804 - INFO - PRODUCTS PROCESSED  : 28
2024-12-11 16:29:39,804 - INFO - CONSECUTIVE MATCHES : 29 / 50
2024-12-11 16:29:39,804 - INFO - PRODUCT URL         : https://bfrmilitaria.com/shop.php?code=37
2024-12-11 16:29:39,804 - INFO - TIMESTAMP           : 2024-12-11 16:29:39.803827
2024-12-11 16:29:39,804 - INFO - No changes made for product 'https://bfrmilitaria.com/shop.php?code=37'.
2024-12-11 16:29:39,805 - DEBUG - Product URL constructed: https://bfrmilitaria.com/shop.php?code=20
2024-12-11 16:29:40,156 - DEBUG - https://bfrmilitaria.com:443 "GET /shop.php?code=20 HTTP/1.1" 200 2929
2024-12-11 16:29:40,161 - WARNING - Unable to retrieve product PRICE.
2024-12-11 16:29:40,161 - WARNING - AttributeError while evaluating price element: 'NoneType' object has no attribute 'group'
2024-12-11 16:29:40,162 - DEBUG - Scraped data - Title: WW2 German West Wall medal in VGC for age, Price: 0, Available: False
2024-12-11 16:29:40,346 - INFO - No updates required for product 'https://bfrmilitaria.com/shop.php?code=20'.
2024-12-11 16:29:40,346 - INFO - 
------------------------------------------------------------
                     NO PRODUCT UPDATE                      
------------------------------------------------------------
2024-12-11 16:29:40,347 - INFO - CURRENT PAGE        : 2
2024-12-11 16:29:40,347 - INFO - PRODUCTS PROCESSED  : 29
2024-12-11 16:29:40,347 - INFO - CONSECUTIVE MATCHES : 30 / 50
2024-12-11 16:29:40,347 - INFO - PRODUCT URL         : https://bfrmilitaria.com/shop.php?code=20
2024-12-11 16:29:40,347 - INFO - TIMESTAMP           : 2024-12-11 16:29:40.346456
2024-12-11 16:29:40,348 - INFO - No changes made for product 'https://bfrmilitaria.com/shop.php?code=20'.
2024-12-11 16:29:40,348 - DEBUG - Navigating to products page: https://bfrmilitaria.com/shop.php?pg=3
2024-12-11 16:29:40,701 - DEBUG - https://bfrmilitaria.com:443 "GET /shop.php?pg=3 HTTP/1.1" 200 3826
2024-12-11 16:29:40,718 - INFO - 
------------------------------------------------------------
                    NEW INSTANCE STARTED                    
------------------------------------------------------------
2024-12-11 16:29:40,719 - INFO - MILITARIA SITE      : BFR_MILITARIA
2024-12-11 16:29:40,719 - INFO - PRODUCTS URL        : https://bfrmilitaria.com/shop.php?pg=3
2024-12-11 16:29:40,719 - INFO - CYCLES RUN          : 0
2024-12-11 16:29:40,719 - INFO - PRODUCTS PROCESSED  : 0
2024-12-11 16:29:40,720 - INFO - TIMESTAMP           : 2024-12-11 16:29:40.718079
2024-12-11 16:29:40,720 - DEBUG - Product URL constructed: https://bfrmilitaria.com/shop.php?code=14
2024-12-11 16:29:41,071 - DEBUG - https://bfrmilitaria.com:443 "GET /shop.php?code=14 HTTP/1.1" 200 3066
2024-12-11 16:29:41,076 - DEBUG - Scraped data - Title: WW2 original German War Merit Cross 2nd Class without Swords (Kriegsverdienst Kreuz 2. Klasse ohne Schwerter), MAKER CODE 52, Price: 45.00, Available: True
2024-12-11 16:29:41,251 - INFO - No updates required for product 'https://bfrmilitaria.com/shop.php?code=14'.
2024-12-11 16:29:41,252 - INFO - 
------------------------------------------------------------
                     NO PRODUCT UPDATE                      
------------------------------------------------------------
2024-12-11 16:29:41,252 - INFO - CURRENT PAGE        : 3
2024-12-11 16:29:41,252 - INFO - PRODUCTS PROCESSED  : 30
2024-12-11 16:29:41,252 - INFO - CONSECUTIVE MATCHES : 31 / 50
2024-12-11 16:29:41,252 - INFO - PRODUCT URL         : https://bfrmilitaria.com/shop.php?code=14
2024-12-11 16:29:41,253 - INFO - TIMESTAMP           : 2024-12-11 16:29:41.252115
2024-12-11 16:29:41,253 - INFO - No changes made for product 'https://bfrmilitaria.com/shop.php?code=14'.
2024-12-11 16:29:41,253 - DEBUG - Product URL constructed: https://bfrmilitaria.com/shop.php?code=10
2024-12-11 16:29:41,606 - DEBUG - https://bfrmilitaria.com:443 "GET /shop.php?code=10 HTTP/1.1" 200 3079
2024-12-11 16:29:41,610 - DEBUG - Scraped data - Title: WW2 German Silver The Wound Badge -Verwundetenabzeichen- 2nd class , 127 maker code, Price: 99.00, Available: True
2024-12-11 16:29:41,776 - INFO - No updates required for product 'https://bfrmilitaria.com/shop.php?code=10'.
2024-12-11 16:29:41,776 - INFO - 
------------------------------------------------------------
                     NO PRODUCT UPDATE                      
------------------------------------------------------------
2024-12-11 16:29:41,776 - INFO - CURRENT PAGE        : 3
2024-12-11 16:29:41,777 - INFO - PRODUCTS PROCESSED  : 31
2024-12-11 16:29:41,777 - INFO - CONSECUTIVE MATCHES : 32 / 50
2024-12-11 16:29:41,777 - INFO - PRODUCT URL         : https://bfrmilitaria.com/shop.php?code=10
2024-12-11 16:29:41,777 - INFO - TIMESTAMP           : 2024-12-11 16:29:41.776963
2024-12-11 16:29:41,777 - INFO - No changes made for product 'https://bfrmilitaria.com/shop.php?code=10'.
2024-12-11 16:29:41,778 - DEBUG - Product URL constructed: https://bfrmilitaria.com/shop.php?code=8
2024-12-11 16:29:42,132 - DEBUG - https://bfrmilitaria.com:443 "GET /shop.php?code=8 HTTP/1.1" 200 3020
2024-12-11 16:29:42,136 - DEBUG - Scraped data - Title: WW2 German The Wound Badge -Verwundetenabzeichen- 2nd class silver, NICE, Price: 99.00, Available: True
2024-12-11 16:29:42,304 - INFO - No updates required for product 'https://bfrmilitaria.com/shop.php?code=8'.
2024-12-11 16:29:42,305 - INFO - 
------------------------------------------------------------
                     NO PRODUCT UPDATE                      
------------------------------------------------------------
2024-12-11 16:29:42,305 - INFO - CURRENT PAGE        : 3
2024-12-11 16:29:42,305 - INFO - PRODUCTS PROCESSED  : 32
2024-12-11 16:29:42,305 - INFO - CONSECUTIVE MATCHES : 33 / 50
2024-12-11 16:29:42,306 - INFO - PRODUCT URL         : https://bfrmilitaria.com/shop.php?code=8
2024-12-11 16:29:42,306 - INFO - TIMESTAMP           : 2024-12-11 16:29:42.305485
2024-12-11 16:29:42,306 - INFO - No changes made for product 'https://bfrmilitaria.com/shop.php?code=8'.
2024-12-11 16:29:42,306 - DEBUG - Product URL constructed: https://bfrmilitaria.com/shop.php?code=7
2024-12-11 16:29:42,660 - DEBUG - https://bfrmilitaria.com:443 "GET /shop.php?code=7 HTTP/1.1" 200 3033
2024-12-11 16:29:42,665 - DEBUG - Scraped data - Title: WW2 German The Wound Badge -Verwundetenabzeichen- 3rd class black, NICE, Price: 36.00, Available: True
2024-12-11 16:29:42,838 - INFO - No updates required for product 'https://bfrmilitaria.com/shop.php?code=7'.
2024-12-11 16:29:42,838 - INFO - 
------------------------------------------------------------
                     NO PRODUCT UPDATE                      
------------------------------------------------------------
2024-12-11 16:29:42,839 - INFO - CURRENT PAGE        : 3
2024-12-11 16:29:42,839 - INFO - PRODUCTS PROCESSED  : 33
2024-12-11 16:29:42,839 - INFO - CONSECUTIVE MATCHES : 34 / 50
2024-12-11 16:29:42,839 - INFO - PRODUCT URL         : https://bfrmilitaria.com/shop.php?code=7
2024-12-11 16:29:42,840 - INFO - TIMESTAMP           : 2024-12-11 16:29:42.838051
2024-12-11 16:29:42,840 - INFO - No changes made for product 'https://bfrmilitaria.com/shop.php?code=7'.
2024-12-11 16:29:42,840 - DEBUG - Navigating to products page: https://bfrmilitaria.com/shop.php?pg=4
2024-12-11 16:29:43,194 - DEBUG - https://bfrmilitaria.com:443 "GET /shop.php?pg=4 HTTP/1.1" 200 2919
2024-12-11 16:29:43,198 - WARNING - No products found on page: https://bfrmilitaria.com/shop.php?pg=4
2024-12-11 16:29:43,198 - INFO - Finished processing site: BFR_MILITARIA
2024-12-11 16:29:43,199 - DEBUG - Navigating to products page: https://blunderbuss-antiques.co.uk/shop.php?pg=0
2024-12-11 16:29:43,199 - DEBUG - Starting new HTTPS connection (1): blunderbuss-antiques.co.uk:443
2024-12-11 16:29:44,571 - DEBUG - https://blunderbuss-antiques.co.uk:443 "GET /shop.php?pg=0 HTTP/1.1" 200 5606
2024-12-11 16:29:44,582 - INFO - 
------------------------------------------------------------
                    NEW INSTANCE STARTED                    
------------------------------------------------------------
2024-12-11 16:29:44,583 - INFO - MILITARIA SITE      : BLUNDERBUSS_ANTIQUES
2024-12-11 16:29:44,583 - INFO - PRODUCTS URL        : https://blunderbuss-antiques.co.uk/shop.php?pg=0
2024-12-11 16:29:44,583 - INFO - CYCLES RUN          : 0
2024-12-11 16:29:44,583 - INFO - PRODUCTS PROCESSED  : 0
2024-12-11 16:29:44,584 - INFO - TIMESTAMP           : 2024-12-11 16:29:44.582383
2024-12-11 16:29:44,584 - DEBUG - Product URL constructed: https://blunderbuss-antiques.co.uk/shop.php?code=51371
2024-12-11 16:29:44,889 - DEBUG - https://blunderbuss-antiques.co.uk:443 "GET /shop.php?code=51371 HTTP/1.1" 200 3113
2024-12-11 16:29:44,893 - DEBUG - Scraped data - Title: BRITISH WW2  No4 BAYONET TAB, Price: 9.99, Available: True
2024-12-11 16:29:45,059 - INFO - No updates required for product 'https://blunderbuss-antiques.co.uk/shop.php?code=51371'.
2024-12-11 16:29:45,060 - INFO - 
------------------------------------------------------------
                     NO PRODUCT UPDATE                      
------------------------------------------------------------
2024-12-11 16:29:45,060 - INFO - CURRENT PAGE        : 0
2024-12-11 16:29:45,060 - INFO - PRODUCTS PROCESSED  : 0
2024-12-11 16:29:45,060 - INFO - CONSECUTIVE MATCHES : 1 / 50
2024-12-11 16:29:45,061 - INFO - PRODUCT URL         : https://blunderbuss-antiques.co.uk/shop.php?code=51371
2024-12-11 16:29:45,061 - INFO - TIMESTAMP           : 2024-12-11 16:29:45.060048
2024-12-11 16:29:45,061 - INFO - No changes made for product 'https://blunderbuss-antiques.co.uk/shop.php?code=51371'.
2024-12-11 16:29:45,061 - DEBUG - Product URL constructed: https://blunderbuss-antiques.co.uk/shop.php?code=51508
2024-12-11 16:29:45,370 - DEBUG - https://blunderbuss-antiques.co.uk:443 "GET /shop.php?code=51508 HTTP/1.1" 200 2952
2024-12-11 16:29:45,375 - DEBUG - Scraped data - Title: BRITSH WW2 RN OFFICER CAP, Price: 110.00, Available: True
2024-12-11 16:29:45,542 - INFO - No updates required for product 'https://blunderbuss-antiques.co.uk/shop.php?code=51508'.
2024-12-11 16:29:45,543 - INFO - 
------------------------------------------------------------
                     NO PRODUCT UPDATE                      
------------------------------------------------------------
2024-12-11 16:29:45,543 - INFO - CURRENT PAGE        : 0
2024-12-11 16:29:45,543 - INFO - PRODUCTS PROCESSED  : 1
2024-12-11 16:29:45,543 - INFO - CONSECUTIVE MATCHES : 2 / 50
2024-12-11 16:29:45,543 - INFO - PRODUCT URL         : https://blunderbuss-antiques.co.uk/shop.php?code=51508
2024-12-11 16:29:45,544 - INFO - TIMESTAMP           : 2024-12-11 16:29:45.543032
2024-12-11 16:29:45,544 - INFO - No changes made for product 'https://blunderbuss-antiques.co.uk/shop.php?code=51508'.
2024-12-11 16:29:45,544 - DEBUG - Product URL constructed: https://blunderbuss-antiques.co.uk/shop.php?code=51511
2024-12-11 16:29:45,848 - DEBUG - https://blunderbuss-antiques.co.uk:443 "GET /shop.php?code=51511 HTTP/1.1" 200 2937
2024-12-11 16:29:45,853 - DEBUG - Scraped data - Title: BRITISH WW2 RN OFFICER TUNIC, Price: 75.00, Available: True
2024-12-11 16:29:46,018 - INFO - No updates required for product 'https://blunderbuss-antiques.co.uk/shop.php?code=51511'.
2024-12-11 16:29:46,018 - INFO - 
------------------------------------------------------------
                     NO PRODUCT UPDATE                      
------------------------------------------------------------
2024-12-11 16:29:46,018 - INFO - CURRENT PAGE        : 0
2024-12-11 16:29:46,019 - INFO - PRODUCTS PROCESSED  : 2
2024-12-11 16:29:46,019 - INFO - CONSECUTIVE MATCHES : 3 / 50
2024-12-11 16:29:46,019 - INFO - PRODUCT URL         : https://blunderbuss-antiques.co.uk/shop.php?code=51511
2024-12-11 16:29:46,019 - INFO - TIMESTAMP           : 2024-12-11 16:29:46.018784
2024-12-11 16:29:46,019 - INFO - No changes made for product 'https://blunderbuss-antiques.co.uk/shop.php?code=51511'.
2024-12-11 16:29:46,019 - DEBUG - Product URL constructed: https://blunderbuss-antiques.co.uk/shop.php?code=51512
2024-12-11 16:29:46,335 - DEBUG - https://blunderbuss-antiques.co.uk:443 "GET /shop.php?code=51512 HTTP/1.1" 200 2948
2024-12-11 16:29:46,340 - DEBUG - Scraped data - Title: BRITISH WW2 RN OFFICER TUNIC, Price: 75.00, Available: True
2024-12-11 16:29:46,507 - INFO - No updates required for product 'https://blunderbuss-antiques.co.uk/shop.php?code=51512'.
2024-12-11 16:29:46,507 - INFO - 
------------------------------------------------------------
                     NO PRODUCT UPDATE                      
------------------------------------------------------------
2024-12-11 16:29:46,508 - INFO - CURRENT PAGE        : 0
2024-12-11 16:29:46,508 - INFO - PRODUCTS PROCESSED  : 3
2024-12-11 16:29:46,508 - INFO - CONSECUTIVE MATCHES : 4 / 50
2024-12-11 16:29:46,508 - INFO - PRODUCT URL         : https://blunderbuss-antiques.co.uk/shop.php?code=51512
2024-12-11 16:29:46,508 - INFO - TIMESTAMP           : 2024-12-11 16:29:46.507062
2024-12-11 16:29:46,508 - INFO - No changes made for product 'https://blunderbuss-antiques.co.uk/shop.php?code=51512'.
2024-12-11 16:29:46,509 - DEBUG - Product URL constructed: https://blunderbuss-antiques.co.uk/shop.php?code=51518
2024-12-11 16:29:46,813 - DEBUG - https://blunderbuss-antiques.co.uk:443 "GET /shop.php?code=51518 HTTP/1.1" 200 3028
2024-12-11 16:29:46,817 - DEBUG - Scraped data - Title: BRITISH RN 1953 CORONATION REVIEW MAGAZINE, Price: 10.00, Available: True
2024-12-11 16:29:46,985 - INFO - No updates required for product 'https://blunderbuss-antiques.co.uk/shop.php?code=51518'.
2024-12-11 16:29:46,985 - INFO - 
------------------------------------------------------------
                     NO PRODUCT UPDATE                      
------------------------------------------------------------
2024-12-11 16:29:46,985 - INFO - CURRENT PAGE        : 0
2024-12-11 16:29:46,985 - INFO - PRODUCTS PROCESSED  : 4
2024-12-11 16:29:46,986 - INFO - CONSECUTIVE MATCHES : 5 / 50
2024-12-11 16:29:46,986 - INFO - PRODUCT URL         : https://blunderbuss-antiques.co.uk/shop.php?code=51518
2024-12-11 16:29:46,986 - INFO - TIMESTAMP           : 2024-12-11 16:29:46.985174
2024-12-11 16:29:46,986 - INFO - No changes made for product 'https://blunderbuss-antiques.co.uk/shop.php?code=51518'.
2024-12-11 16:29:46,986 - DEBUG - Product URL constructed: https://blunderbuss-antiques.co.uk/shop.php?code=51517
2024-12-11 16:29:47,296 - DEBUG - https://blunderbuss-antiques.co.uk:443 "GET /shop.php?code=51517 HTTP/1.1" 200 3013
2024-12-11 16:29:47,301 - DEBUG - Scraped data - Title: BRITISH WW2 RN MAGAZINE  THE DITTY BOX, Price: 8.00, Available: True
