2024-12-22 20:59:58,257 - INFO - Logging initialized. Log file: logs\2024-12-22_instance_9.log
2024-12-22 21:00:02,472 - INFO - 
------------------------------------------------------------
PROGRAM INITIALIZED 2024-12-22 21:00:02.472353
------------------------------------------------------------
2024-12-22 21:00:07,383 - INFO - PostgreSQL connection pool initialized.
2024-12-22 21:00:07,384 - DEBUG - Changing event name from creating-client-class.iot-data to creating-client-class.iot-data-plane
2024-12-22 21:00:07,386 - DEBUG - Changing event name from before-call.apigateway to before-call.api-gateway
2024-12-22 21:00:07,386 - DEBUG - Changing event name from request-created.machinelearning.Predict to request-created.machine-learning.Predict
2024-12-22 21:00:07,387 - DEBUG - Changing event name from before-parameter-build.autoscaling.CreateLaunchConfiguration to before-parameter-build.auto-scaling.CreateLaunchConfiguration
2024-12-22 21:00:07,388 - DEBUG - Changing event name from before-parameter-build.route53 to before-parameter-build.route-53
2024-12-22 21:00:07,388 - DEBUG - Changing event name from request-created.cloudsearchdomain.Search to request-created.cloudsearch-domain.Search
2024-12-22 21:00:07,389 - DEBUG - Changing event name from docs.*.autoscaling.CreateLaunchConfiguration.complete-section to docs.*.auto-scaling.CreateLaunchConfiguration.complete-section
2024-12-22 21:00:07,391 - DEBUG - Changing event name from before-parameter-build.logs.CreateExportTask to before-parameter-build.cloudwatch-logs.CreateExportTask
2024-12-22 21:00:07,391 - DEBUG - Changing event name from docs.*.logs.CreateExportTask.complete-section to docs.*.cloudwatch-logs.CreateExportTask.complete-section
2024-12-22 21:00:07,391 - DEBUG - Changing event name from before-parameter-build.cloudsearchdomain.Search to before-parameter-build.cloudsearch-domain.Search
2024-12-22 21:00:07,391 - DEBUG - Changing event name from docs.*.cloudsearchdomain.Search.complete-section to docs.*.cloudsearch-domain.Search.complete-section
2024-12-22 21:00:07,439 - DEBUG - Loading JSON file: C:\Users\keena\AppData\Local\Programs\Python\Python312\Lib\site-packages\botocore\data\endpoints.json
2024-12-22 21:00:07,450 - DEBUG - Loading JSON file: C:\Users\keena\AppData\Local\Programs\Python\Python312\Lib\site-packages\botocore\data\sdk-default-configuration.json
2024-12-22 21:00:07,450 - DEBUG - Event choose-service-name: calling handler <function handle_service_name_alias at 0x000002AA0CA55DA0>
2024-12-22 21:00:07,496 - DEBUG - Loading JSON file: C:\Users\keena\AppData\Local\Programs\Python\Python312\Lib\site-packages\botocore\data\s3\2006-03-01\service-2.json.gz
2024-12-22 21:00:07,503 - DEBUG - Loading JSON file: C:\Users\keena\AppData\Local\Programs\Python\Python312\Lib\site-packages\botocore\data\s3\2006-03-01\service-2.sdk-extras.json
2024-12-22 21:00:07,547 - DEBUG - Loading JSON file: C:\Users\keena\AppData\Local\Programs\Python\Python312\Lib\site-packages\botocore\data\s3\2006-03-01\endpoint-rule-set-1.json.gz
2024-12-22 21:00:07,550 - DEBUG - Loading JSON file: C:\Users\keena\AppData\Local\Programs\Python\Python312\Lib\site-packages\botocore\data\partitions.json
2024-12-22 21:00:07,552 - DEBUG - Event creating-client-class.s3: calling handler <function add_generate_presigned_post at 0x000002AA0C98EC00>
2024-12-22 21:00:07,552 - DEBUG - Event creating-client-class.s3: calling handler <function lazy_call.<locals>._handler at 0x000002AA0CAFD760>
2024-12-22 21:00:07,584 - DEBUG - Event creating-client-class.s3: calling handler <function add_generate_presigned_url at 0x000002AA0C98E980>
2024-12-22 21:00:07,585 - DEBUG - Looking for endpoint for s3 via: environment_service
2024-12-22 21:00:07,585 - DEBUG - Looking for endpoint for s3 via: environment_global
2024-12-22 21:00:07,585 - DEBUG - Looking for endpoint for s3 via: config_service
2024-12-22 21:00:07,585 - DEBUG - Looking for endpoint for s3 via: config_global
2024-12-22 21:00:07,585 - DEBUG - No configured endpoint found.
2024-12-22 21:00:07,586 - DEBUG - Setting s3 timeout as (60, 60)
2024-12-22 21:00:07,589 - DEBUG - Loading JSON file: C:\Users\keena\AppData\Local\Programs\Python\Python312\Lib\site-packages\botocore\data\_retry.json
2024-12-22 21:00:07,590 - DEBUG - Registering retry handlers for service: s3
2024-12-22 21:00:07,590 - DEBUG - Registering S3 region redirector handler
2024-12-22 21:00:07,590 - DEBUG - Registering S3Express Identity Resolver
2024-12-22 21:00:09,283 - DEBUG - Navigating to products page: https://www.ea-militaria.com/new-items?p=0
2024-12-22 21:00:09,285 - DEBUG - Starting new HTTPS connection (1): www.ea-militaria.com:443
2024-12-22 21:00:10,783 - DEBUG - https://www.ea-militaria.com:443 "GET /new-items?p=0 HTTP/1.1" 200 None
2024-12-22 21:00:10,954 - INFO - 
------------------------------------------------------------
                    NEW INSTANCE STARTED                    
------------------------------------------------------------
2024-12-22 21:00:10,955 - INFO - MILITARIA SITE      : EA_MILITARIA
2024-12-22 21:00:10,955 - INFO - PRODUCTS URL        : https://www.ea-militaria.com/new-items?p=0
2024-12-22 21:00:10,955 - INFO - CYCLES RUN          : 0
2024-12-22 21:00:10,955 - INFO - PRODUCTS PROCESSED  : 0
2024-12-22 21:00:10,956 - INFO - TIMESTAMP           : 2024-12-22 21:00:10.954909
2024-12-22 21:00:10,956 - ERROR - Error constructing product URL: 'href'
2024-12-22 21:00:10,956 - WARNING - Product URL is invalid. Skipping this product.
2024-12-22 21:00:10,956 - DEBUG - Product URL constructed: https://www.ea-militaria.com/rare-krim-campaign-shield-stickpin-16mm.html
2024-12-22 21:00:11,388 - DEBUG - https://www.ea-militaria.com:443 "GET /rare-krim-campaign-shield-stickpin-16mm.html HTTP/1.1" 200 None
2024-12-22 21:00:12,411 - DEBUG - Processing valid URL: https://www.ea-militaria.com/media/catalog/product/cache/9b0b3b8cd6d61af269ad4888103f835d/e/a/eam_9446_1.jpeg
2024-12-22 21:00:13,412 - DEBUG - Processing valid URL: https://www.ea-militaria.com/media/catalog/product/cache/9b0b3b8cd6d61af269ad4888103f835d/e/a/eam_9444_1.jpeg
2024-12-22 21:00:14,413 - DEBUG - Processing valid URL: https://www.ea-militaria.com/media/catalog/product/cache/9b0b3b8cd6d61af269ad4888103f835d/e/a/eam_9445.jpeg
2024-12-22 21:00:14,413 - DEBUG - Extracted image URLs: ['https://www.ea-militaria.com/media/catalog/product/cache/9b0b3b8cd6d61af269ad4888103f835d/e/a/eam_9446_1.jpeg', 'https://www.ea-militaria.com/media/catalog/product/cache/9b0b3b8cd6d61af269ad4888103f835d/e/a/eam_9444_1.jpeg', 'https://www.ea-militaria.com/media/catalog/product/cache/9b0b3b8cd6d61af269ad4888103f835d/e/a/eam_9445.jpeg']
2024-12-22 21:00:14,413 - DEBUG - Scraped data: Title=Rare Krim Campaign Shield Stickpin (16mm), Price=120.00, Available=True
2024-12-22 21:00:14,413 - DEBUG - Extracted image URLs: ['https://www.ea-militaria.com/media/catalog/product/cache/9b0b3b8cd6d61af269ad4888103f835d/e/a/eam_9446_1.jpeg', 'https://www.ea-militaria.com/media/catalog/product/cache/9b0b3b8cd6d61af269ad4888103f835d/e/a/eam_9444_1.jpeg', 'https://www.ea-militaria.com/media/catalog/product/cache/9b0b3b8cd6d61af269ad4888103f835d/e/a/eam_9445.jpeg']
2024-12-22 21:00:15,908 - DEBUG - SQL Query Result for Product ID: [(227899,)]
2024-12-22 21:00:15,908 - DEBUG - Uploading images for product ID: 227899
2024-12-22 21:00:15,909 - DEBUG - Uploading image 1: URL=https://www.ea-militaria.com/media/catalog/product/cache/9b0b3b8cd6d61af269ad4888103f835d/e/a/eam_9446_1.jpeg, Object Name=EA_MILITARIA/227899/227899-1.jpg
2024-12-22 21:00:15,909 - WARNING - Error uploading image https://www.ea-militaria.com/media/catalog/product/cache/9b0b3b8cd6d61af269ad4888103f835d/e/a/eam_9446_1.jpeg: 'str' object cannot be interpreted as an integer
2024-12-22 21:00:15,909 - DEBUG - Uploading image 2: URL=https://www.ea-militaria.com/media/catalog/product/cache/9b0b3b8cd6d61af269ad4888103f835d/e/a/eam_9444_1.jpeg, Object Name=EA_MILITARIA/227899/227899-2.jpg
2024-12-22 21:00:15,909 - WARNING - Error uploading image https://www.ea-militaria.com/media/catalog/product/cache/9b0b3b8cd6d61af269ad4888103f835d/e/a/eam_9444_1.jpeg: 'str' object cannot be interpreted as an integer
2024-12-22 21:00:15,910 - DEBUG - Uploading image 3: URL=https://www.ea-militaria.com/media/catalog/product/cache/9b0b3b8cd6d61af269ad4888103f835d/e/a/eam_9445.jpeg, Object Name=EA_MILITARIA/227899/227899-3.jpg
2024-12-22 21:00:15,910 - WARNING - Error uploading image https://www.ea-militaria.com/media/catalog/product/cache/9b0b3b8cd6d61af269ad4888103f835d/e/a/eam_9445.jpeg: 'str' object cannot be interpreted as an integer
2024-12-22 21:00:18,898 - INFO - Product 'https://www.ea-militaria.com/rare-krim-campaign-shield-stickpin-16mm.html' was updated or inserted successfully.
2024-12-22 21:00:18,899 - DEBUG - Product URL constructed: https://www.ea-militaria.com/fliegerhorst-kompanie-werl-erkennungsmarke-379-ad2.html
