2024-12-05 13:12:38,492 - INFO - Logging initialized. Log file: logs\2024-12-05_instance_2.log
2024-12-05 13:12:42,960 - INFO - 
------------------------------------------------------------
                     PROGRAM INITIALIZED
                     2024-12-05 13:12:42.960229          
------------------------------------------------------------
2024-12-05 13:12:44,067 - ERROR - General error in check_availability: 'JsonManager' object has no attribute 'load_json'
2024-12-05 13:12:44,067 - DEBUG - Navigating to products page: https://www.csmilitaria.co.uk/shop.php?pg=0
2024-12-05 13:12:44,069 - DEBUG - Starting new HTTPS connection (1): www.csmilitaria.co.uk:443
2024-12-05 13:12:45,103 - DEBUG - https://www.csmilitaria.co.uk:443 "GET /shop.php?pg=0 HTTP/1.1" 200 5694
2024-12-05 13:12:45,115 - INFO - 
------------------------------------------------------------
                    NEW INSTANCE STARTED                    
------------------------------------------------------------
2024-12-05 13:12:45,116 - INFO - MILITARIA SITE      : CS_MILITARIA
2024-12-05 13:12:45,116 - INFO - PRODUCTS URL        : https://www.csmilitaria.co.uk/shop.php?pg=0
2024-12-05 13:12:45,116 - INFO - CYCLES RUN          : 0
2024-12-05 13:12:45,117 - INFO - PRODUCTS PROCESSED  : 0
2024-12-05 13:12:45,117 - INFO - TIMESTAMP           : 2024-12-05 13:12:45.115496
2024-12-05 13:12:45,117 - DEBUG - Product URL constructed: https://www.csmilitaria.co.uk/shop.php?code=14762
2024-12-05 13:12:45,406 - DEBUG - https://www.csmilitaria.co.uk:443 "GET /shop.php?code=14762 HTTP/1.1" 200 2822
2024-12-05 13:12:45,410 - WARNING - Unable to retrieve product PRICE.
2024-12-05 13:12:45,411 - WARNING - AttributeError while evaluating price element: 'NoneType' object has no attribute 'group'
2024-12-05 13:12:45,411 - DEBUG - Scraped data - Title: ***More New items Coming Soon***, Price: 0, Available: False
2024-12-05 13:12:45,815 - INFO - No updates required for product 'https://www.csmilitaria.co.uk/shop.php?code=14762'.
2024-12-05 13:12:45,816 - INFO - 
------------------------------------------------------------
                     NO PRODUCT UPDATE                      
------------------------------------------------------------
2024-12-05 13:12:45,816 - INFO - CURRENT PAGE        : 0
2024-12-05 13:12:45,816 - INFO - PRODUCTS PROCESSED  : 0
2024-12-05 13:12:45,816 - INFO - CONSECUTIVE MATCHES : 1 / None
2024-12-05 13:12:45,816 - INFO - PRODUCT URL         : https://www.csmilitaria.co.uk/shop.php?code=14762
2024-12-05 13:12:45,816 - INFO - TIMESTAMP           : 2024-12-05 13:12:45.816620
2024-12-05 13:12:45,817 - INFO - No changes made for product 'https://www.csmilitaria.co.uk/shop.php?code=14762'.
2024-12-05 13:12:45,817 - DEBUG - Product URL constructed: https://www.csmilitaria.co.uk/shop.php?code=14741
2024-12-05 13:12:46,104 - DEBUG - https://www.csmilitaria.co.uk:443 "GET /shop.php?code=14741 HTTP/1.1" 200 3751
2024-12-05 13:12:46,109 - DEBUG - Scraped data - Title: WW1 French 73rd Infantry Regiment Kepi, Price: 745.00, Available: True
2024-12-05 13:12:46,281 - INFO - No updates required for product 'https://www.csmilitaria.co.uk/shop.php?code=14741'.
2024-12-05 13:12:46,281 - INFO - 
------------------------------------------------------------
                     NO PRODUCT UPDATE                      
------------------------------------------------------------
2024-12-05 13:12:46,281 - INFO - CURRENT PAGE        : 0
2024-12-05 13:12:46,282 - INFO - PRODUCTS PROCESSED  : 1
2024-12-05 13:12:46,282 - INFO - CONSECUTIVE MATCHES : 2 / None
2024-12-05 13:12:46,282 - INFO - PRODUCT URL         : https://www.csmilitaria.co.uk/shop.php?code=14741
2024-12-05 13:12:46,282 - INFO - TIMESTAMP           : 2024-12-05 13:12:46.281917
2024-12-05 13:12:46,282 - INFO - No changes made for product 'https://www.csmilitaria.co.uk/shop.php?code=14741'.
2024-12-05 13:12:46,283 - DEBUG - Product URL constructed: https://www.csmilitaria.co.uk/shop.php?code=14728
2024-12-05 13:12:46,571 - DEBUG - https://www.csmilitaria.co.uk:443 "GET /shop.php?code=14728 HTTP/1.1" 200 2881
2024-12-05 13:12:46,576 - DEBUG - Scraped data - Title: WW2 Canadian Undershirt, Price: 75.00, Available: True
2024-12-05 13:12:46,757 - INFO - No updates required for product 'https://www.csmilitaria.co.uk/shop.php?code=14728'.
2024-12-05 13:12:46,757 - INFO - 
------------------------------------------------------------
                     NO PRODUCT UPDATE                      
------------------------------------------------------------
2024-12-05 13:12:46,758 - INFO - CURRENT PAGE        : 0
2024-12-05 13:12:46,758 - INFO - PRODUCTS PROCESSED  : 2
2024-12-05 13:12:46,758 - INFO - CONSECUTIVE MATCHES : 3 / None
2024-12-05 13:12:46,758 - INFO - PRODUCT URL         : https://www.csmilitaria.co.uk/shop.php?code=14728
2024-12-05 13:12:46,758 - INFO - TIMESTAMP           : 2024-12-05 13:12:46.757589
2024-12-05 13:12:46,758 - INFO - No changes made for product 'https://www.csmilitaria.co.uk/shop.php?code=14728'.
2024-12-05 13:12:46,758 - DEBUG - Product URL constructed: https://www.csmilitaria.co.uk/shop.php?code=14729
2024-12-05 13:12:47,054 - DEBUG - https://www.csmilitaria.co.uk:443 "GET /shop.php?code=14729 HTTP/1.1" 200 2940
2024-12-05 13:12:47,059 - DEBUG - Scraped data - Title: WW2 Canadian Long Johns, Price: 75.00, Available: True
2024-12-05 13:12:47,237 - INFO - No updates required for product 'https://www.csmilitaria.co.uk/shop.php?code=14729'.
2024-12-05 13:12:47,237 - INFO - 
------------------------------------------------------------
                     NO PRODUCT UPDATE                      
------------------------------------------------------------
2024-12-05 13:12:47,238 - INFO - CURRENT PAGE        : 0
2024-12-05 13:12:47,238 - INFO - PRODUCTS PROCESSED  : 3
2024-12-05 13:12:47,238 - INFO - CONSECUTIVE MATCHES : 4 / None
2024-12-05 13:12:47,238 - INFO - PRODUCT URL         : https://www.csmilitaria.co.uk/shop.php?code=14729
2024-12-05 13:12:47,238 - INFO - TIMESTAMP           : 2024-12-05 13:12:47.237907
2024-12-05 13:12:47,238 - INFO - No changes made for product 'https://www.csmilitaria.co.uk/shop.php?code=14729'.
2024-12-05 13:12:47,239 - DEBUG - Product URL constructed: https://www.csmilitaria.co.uk/shop.php?code=14730
2024-12-05 13:12:47,535 - DEBUG - https://www.csmilitaria.co.uk:443 "GET /shop.php?code=14730 HTTP/1.1" 200 2889
2024-12-05 13:12:47,539 - DEBUG - Scraped data - Title: WW2 Canadian Wool Socks, Price: 55.00, Available: True
2024-12-05 13:12:47,713 - INFO - No updates required for product 'https://www.csmilitaria.co.uk/shop.php?code=14730'.
2024-12-05 13:12:47,714 - INFO - 
------------------------------------------------------------
                     NO PRODUCT UPDATE                      
------------------------------------------------------------
2024-12-05 13:12:47,714 - INFO - CURRENT PAGE        : 0
2024-12-05 13:12:47,714 - INFO - PRODUCTS PROCESSED  : 4
2024-12-05 13:12:47,714 - INFO - CONSECUTIVE MATCHES : 5 / None
2024-12-05 13:12:47,714 - INFO - PRODUCT URL         : https://www.csmilitaria.co.uk/shop.php?code=14730
2024-12-05 13:12:47,715 - INFO - TIMESTAMP           : 2024-12-05 13:12:47.714533
2024-12-05 13:12:47,715 - INFO - No changes made for product 'https://www.csmilitaria.co.uk/shop.php?code=14730'.
2024-12-05 13:12:47,715 - DEBUG - Product URL constructed: https://www.csmilitaria.co.uk/shop.php?code=14739
2024-12-05 13:12:48,021 - DEBUG - https://www.csmilitaria.co.uk:443 "GET /shop.php?code=14739 HTTP/1.1" 200 3184
2024-12-05 13:12:48,026 - WARNING - Unable to retrieve product PRICE.
2024-12-05 13:12:48,026 - WARNING - AttributeError while evaluating price element: 'NoneType' object has no attribute 'group'
2024-12-05 13:12:48,027 - DEBUG - Scraped data - Title: French WW1 Model M1893 Field Pack - 1917 Dated, Price: 0, Available: False
2024-12-05 13:12:48,199 - INFO - No updates required for product 'https://www.csmilitaria.co.uk/shop.php?code=14739'.
2024-12-05 13:12:48,199 - INFO - 
------------------------------------------------------------
                     NO PRODUCT UPDATE                      
------------------------------------------------------------
2024-12-05 13:12:48,200 - INFO - CURRENT PAGE        : 0
2024-12-05 13:12:48,200 - INFO - PRODUCTS PROCESSED  : 5
2024-12-05 13:12:48,200 - INFO - CONSECUTIVE MATCHES : 6 / None
2024-12-05 13:12:48,201 - INFO - PRODUCT URL         : https://www.csmilitaria.co.uk/shop.php?code=14739
2024-12-05 13:12:48,201 - INFO - TIMESTAMP           : 2024-12-05 13:12:48.199114
2024-12-05 13:12:48,201 - INFO - No changes made for product 'https://www.csmilitaria.co.uk/shop.php?code=14739'.
2024-12-05 13:12:48,201 - DEBUG - Product URL constructed: https://www.csmilitaria.co.uk/shop.php?code=14744
