2024-12-26 19:33:33,655 - INFO - Logging initialized. Log file: logs\2024-12-26_instance_9.log
2024-12-26 19:33:47,516 - INFO - 
------------------------------------------------------------
PROGRAM INITIALIZED 2024-12-26 19:33:47.516360
------------------------------------------------------------
2024-12-26 19:33:52,847 - INFO - PostgreSQL connection pool initialized.
2024-12-26 19:33:52,848 - DEBUG - Changing event name from creating-client-class.iot-data to creating-client-class.iot-data-plane
2024-12-26 19:33:52,850 - DEBUG - Changing event name from before-call.apigateway to before-call.api-gateway
2024-12-26 19:33:52,851 - DEBUG - Changing event name from request-created.machinelearning.Predict to request-created.machine-learning.Predict
2024-12-26 19:33:52,852 - DEBUG - Changing event name from before-parameter-build.autoscaling.CreateLaunchConfiguration to before-parameter-build.auto-scaling.CreateLaunchConfiguration
2024-12-26 19:33:52,852 - DEBUG - Changing event name from before-parameter-build.route53 to before-parameter-build.route-53
2024-12-26 19:33:52,852 - DEBUG - Changing event name from request-created.cloudsearchdomain.Search to request-created.cloudsearch-domain.Search
2024-12-26 19:33:52,853 - DEBUG - Changing event name from docs.*.autoscaling.CreateLaunchConfiguration.complete-section to docs.*.auto-scaling.CreateLaunchConfiguration.complete-section
2024-12-26 19:33:52,854 - DEBUG - Changing event name from before-parameter-build.logs.CreateExportTask to before-parameter-build.cloudwatch-logs.CreateExportTask
2024-12-26 19:33:52,854 - DEBUG - Changing event name from docs.*.logs.CreateExportTask.complete-section to docs.*.cloudwatch-logs.CreateExportTask.complete-section
2024-12-26 19:33:52,855 - DEBUG - Changing event name from before-parameter-build.cloudsearchdomain.Search to before-parameter-build.cloudsearch-domain.Search
2024-12-26 19:33:52,855 - DEBUG - Changing event name from docs.*.cloudsearchdomain.Search.complete-section to docs.*.cloudsearch-domain.Search.complete-section
2024-12-26 19:33:52,908 - DEBUG - Loading JSON file: C:\Users\keena\AppData\Local\Programs\Python\Python312\Lib\site-packages\botocore\data\endpoints.json
2024-12-26 19:33:52,920 - DEBUG - Loading JSON file: C:\Users\keena\AppData\Local\Programs\Python\Python312\Lib\site-packages\botocore\data\sdk-default-configuration.json
2024-12-26 19:33:52,921 - DEBUG - Event choose-service-name: calling handler <function handle_service_name_alias at 0x000001BC012E9F80>
2024-12-26 19:33:52,984 - DEBUG - Loading JSON file: C:\Users\keena\AppData\Local\Programs\Python\Python312\Lib\site-packages\botocore\data\s3\2006-03-01\service-2.json.gz
2024-12-26 19:33:52,992 - DEBUG - Loading JSON file: C:\Users\keena\AppData\Local\Programs\Python\Python312\Lib\site-packages\botocore\data\s3\2006-03-01\service-2.sdk-extras.json
2024-12-26 19:33:53,050 - DEBUG - Loading JSON file: C:\Users\keena\AppData\Local\Programs\Python\Python312\Lib\site-packages\botocore\data\s3\2006-03-01\endpoint-rule-set-1.json.gz
2024-12-26 19:33:53,053 - DEBUG - Loading JSON file: C:\Users\keena\AppData\Local\Programs\Python\Python312\Lib\site-packages\botocore\data\partitions.json
2024-12-26 19:33:53,054 - DEBUG - Event creating-client-class.s3: calling handler <function add_generate_presigned_post at 0x000001BC0122ADE0>
2024-12-26 19:33:53,054 - DEBUG - Event creating-client-class.s3: calling handler <function lazy_call.<locals>._handler at 0x000001BC0138D940>
2024-12-26 19:33:53,094 - DEBUG - Event creating-client-class.s3: calling handler <function add_generate_presigned_url at 0x000001BC0122AB60>
2024-12-26 19:33:53,095 - DEBUG - Looking for endpoint for s3 via: environment_service
2024-12-26 19:33:53,095 - DEBUG - Looking for endpoint for s3 via: environment_global
2024-12-26 19:33:53,095 - DEBUG - Looking for endpoint for s3 via: config_service
2024-12-26 19:33:53,095 - DEBUG - Looking for endpoint for s3 via: config_global
2024-12-26 19:33:53,095 - DEBUG - No configured endpoint found.
2024-12-26 19:33:53,097 - DEBUG - Setting s3 timeout as (60, 60)
2024-12-26 19:33:53,099 - DEBUG - Loading JSON file: C:\Users\keena\AppData\Local\Programs\Python\Python312\Lib\site-packages\botocore\data\_retry.json
2024-12-26 19:33:53,100 - DEBUG - Registering retry handlers for service: s3
2024-12-26 19:33:53,100 - DEBUG - Registering S3 region redirector handler
2024-12-26 19:33:53,100 - DEBUG - Registering S3Express Identity Resolver
2024-12-26 19:33:53,101 - INFO - S3Manager initialized for bucket militaria-images
2024-12-26 19:33:57,118 - DEBUG - Navigating to products page: https://www.ea-militaria.com/new-items?p=0
2024-12-26 19:33:57,121 - DEBUG - Starting new HTTPS connection (1): www.ea-militaria.com:443
2024-12-26 19:34:01,770 - DEBUG - https://www.ea-militaria.com:443 "GET /new-items?p=0 HTTP/1.1" 200 None
2024-12-26 19:34:01,874 - INFO - 
------------------------------------------------------------
                    NEW INSTANCE STARTED                    
------------------------------------------------------------
2024-12-26 19:34:01,875 - INFO - MILITARIA SITE      : EA_MILITARIA
2024-12-26 19:34:01,875 - INFO - PRODUCTS URL        : https://www.ea-militaria.com/new-items?p=0
2024-12-26 19:34:01,876 - INFO - CYCLES RUN          : 0
2024-12-26 19:34:01,876 - INFO - PRODUCTS PROCESSED  : 0
2024-12-26 19:34:01,876 - INFO - TIMESTAMP           : 2024-12-26 19:34:01.874798
2024-12-26 19:34:01,877 - ERROR - Error constructing product URL: 'href'
2024-12-26 19:34:01,877 - WARNING - Product URL is invalid. Skipping this product.
2024-12-26 19:34:01,877 - DEBUG - Product URL constructed: https://www.ea-militaria.com/wehrmacht-officers-kavallerie-schirmmutze.html
2024-12-26 19:34:04,158 - DEBUG - Image upload needed for product URL: https://www.ea-militaria.com/wehrmacht-officers-kavallerie-schirmmutze.html.
2024-12-26 19:34:06,134 - DEBUG - https://www.ea-militaria.com:443 "GET /wehrmacht-officers-kavallerie-schirmmutze.html HTTP/1.1" 200 None
2024-12-26 19:34:06,163 - DEBUG - Scraped data: Title=Officers Kavallerie Schirmmütze, Price=1395.00, Available=True
2024-12-26 19:34:06,164 - DEBUG - Image extraction skipped due to missing or placeholder imageElement.
2024-12-26 19:34:06,164 - DEBUG - Image extraction skipped for product: https://www.ea-militaria.com/wehrmacht-officers-kavallerie-schirmmutze.html
2024-12-26 19:34:11,311 - INFO - Product 'https://www.ea-militaria.com/wehrmacht-officers-kavallerie-schirmmutze.html' was updated or inserted successfully.
2024-12-26 19:34:11,311 - DEBUG - Product URL constructed: https://www.ea-militaria.com/wehrmacht-porcelain-luftwaffe-dinner-plate-1941-aktiengesellschaft-porzellanfabrik-schonwald-1941.html
2024-12-26 19:34:14,174 - DEBUG - Image upload needed for product URL: https://www.ea-militaria.com/wehrmacht-porcelain-luftwaffe-dinner-plate-1941-aktiengesellschaft-porzellanfabrik-schonwald-1941.html.
2024-12-26 19:34:16,524 - DEBUG - https://www.ea-militaria.com:443 "GET /wehrmacht-porcelain-luftwaffe-dinner-plate-1941-aktiengesellschaft-porzellanfabrik-schonwald-1941.html HTTP/1.1" 200 None
2024-12-26 19:34:16,555 - DEBUG - Scraped data: Title=Luftwaffe Porcelain Dinner Plate (Schönwald, 1941), Price=40.00, Available=True
2024-12-26 19:34:16,555 - DEBUG - Image extraction skipped due to missing or placeholder imageElement.
2024-12-26 19:34:16,555 - DEBUG - Image extraction skipped for product: https://www.ea-militaria.com/wehrmacht-porcelain-luftwaffe-dinner-plate-1941-aktiengesellschaft-porzellanfabrik-schonwald-1941.html
2024-12-26 19:34:21,566 - ERROR - Error updating or inserting product: SSL connection has been closed unexpectedly

2024-12-26 19:34:21,567 - INFO - No changes made for product 'https://www.ea-militaria.com/wehrmacht-porcelain-luftwaffe-dinner-plate-1941-aktiengesellschaft-porzellanfabrik-schonwald-1941.html'.
2024-12-26 19:34:21,567 - DEBUG - Product URL constructed: https://www.ea-militaria.com/reichswehr-porcelain-side-dish-plate-1936-carl-tielsch-en-co-altwasser.html
2024-12-26 19:34:21,568 - ERROR - Error executing fetch query: SSL connection has been closed unexpectedly

2024-12-26 19:34:21,568 - INFO - No record found for product URL: https://www.ea-militaria.com/reichswehr-porcelain-side-dish-plate-1936-carl-tielsch-en-co-altwasser.html. Proceeding with image upload.
2024-12-26 19:34:23,639 - DEBUG - https://www.ea-militaria.com:443 "GET /reichswehr-porcelain-side-dish-plate-1936-carl-tielsch-en-co-altwasser.html HTTP/1.1" 200 None
2024-12-26 19:34:23,663 - DEBUG - Scraped data: Title=Reichswehr Porcelain Side Dish Plate (C.Tielsch, 1936), Price=35.00, Available=True
2024-12-26 19:34:23,663 - DEBUG - Image extraction skipped due to missing or placeholder imageElement.
2024-12-26 19:34:23,664 - DEBUG - Image extraction skipped for product: https://www.ea-militaria.com/reichswehr-porcelain-side-dish-plate-1936-carl-tielsch-en-co-altwasser.html
2024-12-26 19:34:23,664 - ERROR - Error executing fetch query: SSL connection has been closed unexpectedly

2024-12-26 19:34:23,665 - ERROR - Error executing update query: SSL connection has been closed unexpectedly

2024-12-26 19:34:23,666 - ERROR - Error updating or inserting product: connection already closed
2024-12-26 19:34:23,666 - INFO - No changes made for product 'https://www.ea-militaria.com/reichswehr-porcelain-side-dish-plate-1936-carl-tielsch-en-co-altwasser.html'.
2024-12-26 19:34:23,666 - DEBUG - Product URL constructed: https://www.ea-militaria.com/deutsche-miniature-hitler-jugend-leistungsabzeichen-in-silber-unmarked.html
2024-12-26 19:34:23,666 - ERROR - Error executing fetch query: SSL connection has been closed unexpectedly

2024-12-26 19:34:23,666 - INFO - No record found for product URL: https://www.ea-militaria.com/deutsche-miniature-hitler-jugend-leistungsabzeichen-in-silber-unmarked.html. Proceeding with image upload.
2024-12-26 19:34:25,775 - DEBUG - https://www.ea-militaria.com:443 "GET /deutsche-miniature-hitler-jugend-leistungsabzeichen-in-silber-unmarked.html HTTP/1.1" 200 None
2024-12-26 19:34:25,800 - DEBUG - Scraped data: Title=Miniature Silver HJ Leistungsabzeichen, Price=45.00, Available=True
2024-12-26 19:34:25,801 - DEBUG - Image extraction skipped due to missing or placeholder imageElement.
2024-12-26 19:34:25,801 - DEBUG - Image extraction skipped for product: https://www.ea-militaria.com/deutsche-miniature-hitler-jugend-leistungsabzeichen-in-silber-unmarked.html
2024-12-26 19:34:28,639 - ERROR - Error updating or inserting product: connection to server at "militaria-database.crg6sm8gwd3d.ap-southeast-2.rds.amazonaws.com" (13.238.69.50), port 5432 failed: Connection refused (0x0000274D/10061)
	Is the server running on that host and accepting TCP/IP connections?

2024-12-26 19:34:28,640 - ERROR - Error processing product: cannot access local variable 'updated' where it is not associated with a value
2024-12-26 19:34:28,640 - DEBUG - Product URL constructed: https://www.ea-militaria.com/deutsche-miniature-hitler-jugend-leistungsabzeichen-in-bronze-m1-101-gustav-brehmer-markneukirchen.html
