2025-01-06 16:11:29,134 - INFO - Logging initialized. Log file: logs\2025-01-06_instance_3.log
2025-01-06 16:11:31,708 - WARNING - 
------------------------------------------------------------
PROGRAM INITIALIZED 2025-01-06 16:11:31.708241
------------------------------------------------------------
2025-01-06 16:11:37,749 - INFO - PostgreSQL connection pool initialized.
2025-01-06 16:11:37,930 - INFO - S3Manager initialized for bucket militaria-images
2025-01-06 16:11:39,141 - INFO - 
------------------------------------------------------------
                 AVAILABILITY CHECK #0 INITIATED 
                     2025-01-06 16:11:39.141456          
------------------------------------------------------------
2025-01-06 16:11:39,143 - ERROR - Error during availability check loop: JsonManager.validate_json_profile() takes 1 positional argument but 2 were given
2025-01-06 16:11:47,280 - INFO - 
------------------------------------------------------------
                    NEW INSTANCE STARTED                    
------------------------------------------------------------
2025-01-06 16:11:47,281 - INFO - MILITARIA SITE      : BEVO_MILITARIA
2025-01-06 16:11:47,281 - INFO - PRODUCTS URL        : https://bevo-militaria.com/shop/page/0/
2025-01-06 16:11:47,281 - INFO - CYCLES RUN          : 0
2025-01-06 16:11:47,281 - INFO - PRODUCTS PROCESSED  : 0
2025-01-06 16:11:47,281 - INFO - TIMESTAMP           : 2025-01-06 16:11:47.280550
2025-01-06 16:11:47,281 - ERROR - Error processing product: '>=' not supported between instances of 'int' and 'NoneType'
2025-01-06 16:11:47,281 - ERROR - Error processing product: '>=' not supported between instances of 'int' and 'NoneType'
2025-01-06 16:11:47,282 - ERROR - Error processing product: '>=' not supported between instances of 'int' and 'NoneType'
2025-01-06 16:11:47,282 - ERROR - Error processing product: '>=' not supported between instances of 'int' and 'NoneType'
2025-01-06 16:11:47,282 - ERROR - Error processing product: '>=' not supported between instances of 'int' and 'NoneType'
2025-01-06 16:11:47,282 - ERROR - Error processing product: '>=' not supported between instances of 'int' and 'NoneType'
2025-01-06 16:11:47,282 - ERROR - Error processing product: '>=' not supported between instances of 'int' and 'NoneType'
2025-01-06 16:11:47,282 - ERROR - Error processing product: '>=' not supported between instances of 'int' and 'NoneType'
2025-01-06 16:11:47,282 - ERROR - Error processing product: '>=' not supported between instances of 'int' and 'NoneType'
2025-01-06 16:11:47,282 - ERROR - Error processing product: '>=' not supported between instances of 'int' and 'NoneType'
2025-01-06 16:11:47,282 - ERROR - Error processing product: '>=' not supported between instances of 'int' and 'NoneType'
2025-01-06 16:11:47,283 - ERROR - Error processing product: '>=' not supported between instances of 'int' and 'NoneType'
2025-01-06 16:11:47,283 - ERROR - Error processing product: '>=' not supported between instances of 'int' and 'NoneType'
2025-01-06 16:11:47,283 - ERROR - Error processing product: '>=' not supported between instances of 'int' and 'NoneType'
2025-01-06 16:11:47,283 - ERROR - Error processing product: '>=' not supported between instances of 'int' and 'NoneType'
2025-01-06 16:11:47,283 - ERROR - Error processing product: '>=' not supported between instances of 'int' and 'NoneType'
2025-01-06 16:11:47,283 - ERROR - Error processing product: '>=' not supported between instances of 'int' and 'NoneType'
2025-01-06 16:11:47,283 - ERROR - Error processing product: '>=' not supported between instances of 'int' and 'NoneType'
2025-01-06 16:11:47,283 - ERROR - Error processing product: '>=' not supported between instances of 'int' and 'NoneType'
2025-01-06 16:11:47,284 - ERROR - Error processing product: '>=' not supported between instances of 'int' and 'NoneType'
2025-01-06 16:11:47,284 - ERROR - Error processing product: '>=' not supported between instances of 'int' and 'NoneType'
2025-01-06 16:11:47,284 - ERROR - Error processing product: '>=' not supported between instances of 'int' and 'NoneType'
2025-01-06 16:11:47,284 - ERROR - Error processing product: '>=' not supported between instances of 'int' and 'NoneType'
2025-01-06 16:11:47,284 - ERROR - Error processing product: '>=' not supported between instances of 'int' and 'NoneType'
2025-01-06 16:11:47,284 - ERROR - Error processing product: '>=' not supported between instances of 'int' and 'NoneType'
2025-01-06 16:11:47,284 - ERROR - Error processing product: '>=' not supported between instances of 'int' and 'NoneType'
2025-01-06 16:11:47,285 - ERROR - Error processing product: '>=' not supported between instances of 'int' and 'NoneType'
2025-01-06 16:11:47,285 - ERROR - Error processing product: '>=' not supported between instances of 'int' and 'NoneType'
2025-01-06 16:11:47,285 - ERROR - Error processing product: '>=' not supported between instances of 'int' and 'NoneType'
2025-01-06 16:11:47,285 - ERROR - Error processing product: '>=' not supported between instances of 'int' and 'NoneType'
2025-01-06 16:11:47,285 - ERROR - Error processing product: '>=' not supported between instances of 'int' and 'NoneType'
2025-01-06 16:11:47,285 - ERROR - Error processing product: '>=' not supported between instances of 'int' and 'NoneType'
2025-01-06 16:11:47,285 - ERROR - Error processing product: '>=' not supported between instances of 'int' and 'NoneType'
2025-01-06 16:11:47,285 - ERROR - Error processing product: '>=' not supported between instances of 'int' and 'NoneType'
2025-01-06 16:11:47,286 - ERROR - Error processing product: '>=' not supported between instances of 'int' and 'NoneType'
2025-01-06 16:11:47,286 - ERROR - Error processing product: '>=' not supported between instances of 'int' and 'NoneType'
2025-01-06 16:11:47,286 - ERROR - Error processing product: '>=' not supported between instances of 'int' and 'NoneType'
2025-01-06 16:11:47,286 - ERROR - Error processing product: '>=' not supported between instances of 'int' and 'NoneType'
2025-01-06 16:11:47,286 - ERROR - Error processing product: '>=' not supported between instances of 'int' and 'NoneType'
2025-01-06 16:11:47,286 - ERROR - Error processing product: '>=' not supported between instances of 'int' and 'NoneType'
2025-01-06 16:11:47,286 - ERROR - Error processing product: '>=' not supported between instances of 'int' and 'NoneType'
2025-01-06 16:11:47,287 - ERROR - Error processing product: '>=' not supported between instances of 'int' and 'NoneType'
2025-01-06 16:11:47,287 - ERROR - Error processing product: '>=' not supported between instances of 'int' and 'NoneType'
2025-01-06 16:11:47,287 - ERROR - Error processing product: '>=' not supported between instances of 'int' and 'NoneType'
2025-01-06 16:11:47,287 - ERROR - Error processing product: '>=' not supported between instances of 'int' and 'NoneType'
2025-01-06 16:11:47,287 - ERROR - Error processing product: '>=' not supported between instances of 'int' and 'NoneType'
2025-01-06 16:11:47,287 - ERROR - Error processing product: '>=' not supported between instances of 'int' and 'NoneType'
2025-01-06 16:11:47,287 - ERROR - Error processing product: '>=' not supported between instances of 'int' and 'NoneType'
2025-01-06 16:11:47,288 - ERROR - Error processing product: '>=' not supported between instances of 'int' and 'NoneType'
2025-01-06 16:11:47,288 - ERROR - Error processing product: '>=' not supported between instances of 'int' and 'NoneType'
2025-01-06 16:11:47,288 - ERROR - Error processing product: '>=' not supported between instances of 'int' and 'NoneType'
2025-01-06 16:11:47,288 - ERROR - Error processing product: '>=' not supported between instances of 'int' and 'NoneType'
2025-01-06 16:11:47,288 - ERROR - Error processing product: '>=' not supported between instances of 'int' and 'NoneType'
2025-01-06 16:11:47,288 - ERROR - Error processing product: '>=' not supported between instances of 'int' and 'NoneType'
2025-01-06 16:11:47,288 - ERROR - Error processing product: '>=' not supported between instances of 'int' and 'NoneType'
2025-01-06 16:11:47,289 - ERROR - Error processing product: '>=' not supported between instances of 'int' and 'NoneType'
2025-01-06 16:11:47,289 - ERROR - Error processing product: '>=' not supported between instances of 'int' and 'NoneType'
2025-01-06 16:11:47,289 - ERROR - Error processing product: '>=' not supported between instances of 'int' and 'NoneType'
2025-01-06 16:11:47,289 - ERROR - Error processing product: '>=' not supported between instances of 'int' and 'NoneType'
2025-01-06 16:11:47,289 - ERROR - Error processing product: '>=' not supported between instances of 'int' and 'NoneType'
2025-01-06 16:11:47,289 - ERROR - Error processing product: '>=' not supported between instances of 'int' and 'NoneType'
2025-01-06 16:11:47,289 - ERROR - Error processing product: '>=' not supported between instances of 'int' and 'NoneType'
2025-01-06 16:11:47,290 - ERROR - Error processing product: '>=' not supported between instances of 'int' and 'NoneType'
2025-01-06 16:11:47,290 - ERROR - Error processing product: '>=' not supported between instances of 'int' and 'NoneType'
2025-01-06 16:11:47,290 - ERROR - Error processing product: '>=' not supported between instances of 'int' and 'NoneType'
2025-01-06 16:11:47,290 - ERROR - Error processing product: '>=' not supported between instances of 'int' and 'NoneType'
2025-01-06 16:11:47,290 - ERROR - Error processing product: '>=' not supported between instances of 'int' and 'NoneType'
2025-01-06 16:11:47,290 - ERROR - Error processing product: '>=' not supported between instances of 'int' and 'NoneType'
2025-01-06 16:11:47,290 - ERROR - Error processing product: '>=' not supported between instances of 'int' and 'NoneType'
2025-01-06 16:11:47,291 - ERROR - Error processing product: '>=' not supported between instances of 'int' and 'NoneType'
2025-01-06 16:11:47,291 - ERROR - Error processing product: '>=' not supported between instances of 'int' and 'NoneType'
2025-01-06 16:11:47,291 - ERROR - Error processing product: '>=' not supported between instances of 'int' and 'NoneType'
2025-01-06 16:11:47,291 - ERROR - Error processing product: '>=' not supported between instances of 'int' and 'NoneType'
2025-01-06 16:11:47,291 - ERROR - Error processing product: '>=' not supported between instances of 'int' and 'NoneType'
2025-01-06 16:11:47,291 - ERROR - Error processing product: '>=' not supported between instances of 'int' and 'NoneType'
2025-01-06 16:11:47,292 - ERROR - Error processing product: '>=' not supported between instances of 'int' and 'NoneType'
2025-01-06 16:11:47,292 - ERROR - Error processing product: '>=' not supported between instances of 'int' and 'NoneType'
2025-01-06 16:11:47,292 - ERROR - Error processing product: '>=' not supported between instances of 'int' and 'NoneType'
2025-01-06 16:11:47,292 - ERROR - Error processing product: '>=' not supported between instances of 'int' and 'NoneType'
2025-01-06 16:11:47,292 - ERROR - Error processing product: '>=' not supported between instances of 'int' and 'NoneType'
2025-01-06 16:11:47,292 - ERROR - Error processing product: '>=' not supported between instances of 'int' and 'NoneType'
2025-01-06 16:11:47,292 - ERROR - Error processing product: '>=' not supported between instances of 'int' and 'NoneType'
2025-01-06 16:11:47,293 - ERROR - Error processing product: '>=' not supported between instances of 'int' and 'NoneType'
2025-01-06 16:11:47,293 - ERROR - Error processing product: '>=' not supported between instances of 'int' and 'NoneType'
2025-01-06 16:11:47,293 - ERROR - Error processing product: '>=' not supported between instances of 'int' and 'NoneType'
2025-01-06 16:11:47,293 - ERROR - Error processing product: '>=' not supported between instances of 'int' and 'NoneType'
2025-01-06 16:11:47,293 - ERROR - Error processing product: '>=' not supported between instances of 'int' and 'NoneType'
2025-01-06 16:11:47,293 - ERROR - Error processing product: '>=' not supported between instances of 'int' and 'NoneType'
2025-01-06 16:11:47,294 - ERROR - Error processing product: '>=' not supported between instances of 'int' and 'NoneType'
2025-01-06 16:11:47,294 - ERROR - Error processing product: '>=' not supported between instances of 'int' and 'NoneType'
2025-01-06 16:11:47,294 - ERROR - Error processing product: '>=' not supported between instances of 'int' and 'NoneType'
2025-01-06 16:11:47,294 - ERROR - Error processing product: '>=' not supported between instances of 'int' and 'NoneType'
2025-01-06 16:11:47,294 - ERROR - Error processing product: '>=' not supported between instances of 'int' and 'NoneType'
2025-01-06 16:11:47,295 - ERROR - Error processing product: '>=' not supported between instances of 'int' and 'NoneType'
2025-01-06 16:11:47,295 - ERROR - Error processing product: '>=' not supported between instances of 'int' and 'NoneType'
2025-01-06 16:11:47,295 - ERROR - Error processing product: '>=' not supported between instances of 'int' and 'NoneType'
2025-01-06 16:11:47,295 - ERROR - Error processing product: '>=' not supported between instances of 'int' and 'NoneType'
2025-01-06 16:11:47,295 - ERROR - Error processing product: '>=' not supported between instances of 'int' and 'NoneType'
2025-01-06 16:11:47,295 - ERROR - Error processing product: '>=' not supported between instances of 'int' and 'NoneType'
2025-01-06 16:11:47,296 - ERROR - Error processing product: '>=' not supported between instances of 'int' and 'NoneType'
