2025-01-06 16:52:19,838 - INFO - Logging initialized. Log file: logs\2025-01-06_instance_6.log
2025-01-06 16:52:23,629 - WARNING - 
------------------------------------------------------------
PROGRAM INITIALIZED 2025-01-06 16:52:23.628896
------------------------------------------------------------
2025-01-06 16:52:28,811 - INFO - PostgreSQL connection pool initialized.
2025-01-06 16:52:28,996 - INFO - S3Manager initialized for bucket militaria-images
2025-01-06 16:52:29,953 - INFO - 
------------------------------------------------------------
                 AVAILABILITY CHECK #0 INITIATED 
                     2025-01-06 16:52:29.952973          
------------------------------------------------------------
2025-01-06 16:52:29,955 - ERROR - Error during availability check loop: JsonManager.validate_json_profile() takes 1 positional argument but 2 were given
2025-01-06 16:52:32,064 - INFO - 
------------------------------------------------------------
                    NEW INSTANCE STARTED                    
------------------------------------------------------------
2025-01-06 16:52:32,064 - INFO - MILITARIA SITE      : SEAFORTH_MILITARY_COLLECTABLES
2025-01-06 16:52:32,065 - INFO - PRODUCTS URL        : https://seaforthmilitaria.com/shop.php?pg=0
2025-01-06 16:52:32,065 - INFO - CYCLES RUN          : 0
2025-01-06 16:52:32,065 - INFO - PRODUCTS PROCESSED  : 0
2025-01-06 16:52:32,065 - INFO - TIMESTAMP           : 2025-01-06 16:52:32.064828
2025-01-06 16:52:32,066 - ERROR - One of the values is None before comparison. consecutiveMatches=0, targetMatch=None
2025-01-06 16:52:32,537 - INFO - Skipping image upload for product: https://seaforthmilitaria.com/shop.php?code=52758 as images are already uploaded.
2025-01-06 16:52:32,538 - ERROR - One of the values is None before comparison. consecutiveMatches=1, targetMatch=None
2025-01-06 16:52:33,004 - INFO - Skipping image upload for product: https://seaforthmilitaria.com/shop.php?code=52766 as images are already uploaded.
2025-01-06 16:52:33,004 - ERROR - One of the values is None before comparison. consecutiveMatches=2, targetMatch=None
2025-01-06 16:52:33,470 - INFO - Skipping image upload for product: https://seaforthmilitaria.com/shop.php?code=52767 as images are already uploaded.
2025-01-06 16:52:33,470 - ERROR - One of the values is None before comparison. consecutiveMatches=3, targetMatch=None
2025-01-06 16:52:33,932 - INFO - Skipping image upload for product: https://seaforthmilitaria.com/shop.php?code=52784 as images are already uploaded.
2025-01-06 16:52:33,932 - ERROR - One of the values is None before comparison. consecutiveMatches=4, targetMatch=None
2025-01-06 16:52:34,391 - INFO - Skipping image upload for product: https://seaforthmilitaria.com/shop.php?code=52785 as images are already uploaded.
2025-01-06 16:52:34,391 - ERROR - One of the values is None before comparison. consecutiveMatches=5, targetMatch=None
2025-01-06 16:52:34,851 - INFO - Skipping image upload for product: https://seaforthmilitaria.com/shop.php?code=52772 as images are already uploaded.
2025-01-06 16:52:34,851 - ERROR - One of the values is None before comparison. consecutiveMatches=6, targetMatch=None
2025-01-06 16:52:35,305 - INFO - Skipping image upload for product: https://seaforthmilitaria.com/shop.php?code=52779 as images are already uploaded.
2025-01-06 16:52:35,305 - ERROR - One of the values is None before comparison. consecutiveMatches=7, targetMatch=None
2025-01-06 16:52:35,775 - INFO - Skipping image upload for product: https://seaforthmilitaria.com/shop.php?code=52774 as images are already uploaded.
2025-01-06 16:52:35,776 - ERROR - One of the values is None before comparison. consecutiveMatches=8, targetMatch=None
2025-01-06 16:52:36,232 - INFO - Skipping image upload for product: https://seaforthmilitaria.com/shop.php?code=52782 as images are already uploaded.
2025-01-06 16:52:36,233 - ERROR - One of the values is None before comparison. consecutiveMatches=9, targetMatch=None
2025-01-06 16:52:36,689 - INFO - Skipping image upload for product: https://seaforthmilitaria.com/shop.php?code=52781 as images are already uploaded.
2025-01-06 16:52:37,038 - INFO - 
------------------------------------------------------------
                    NEW INSTANCE STARTED                    
------------------------------------------------------------
2025-01-06 16:52:37,039 - INFO - MILITARIA SITE      : SEAFORTH_MILITARY_COLLECTABLES
2025-01-06 16:52:37,039 - INFO - PRODUCTS URL        : https://seaforthmilitaria.com/shop.php?pg=1
2025-01-06 16:52:37,039 - INFO - CYCLES RUN          : 0
2025-01-06 16:52:37,039 - INFO - PRODUCTS PROCESSED  : 0
2025-01-06 16:52:37,039 - INFO - TIMESTAMP           : 2025-01-06 16:52:37.038120
2025-01-06 16:52:37,039 - ERROR - One of the values is None before comparison. consecutiveMatches=10, targetMatch=None
