2025-01-06 16:41:35,331 - INFO - Logging initialized. Log file: logs\2025-01-06_instance_5.log
2025-01-06 16:41:37,438 - WARNING - 
------------------------------------------------------------
PROGRAM INITIALIZED 2025-01-06 16:41:37.438472
------------------------------------------------------------
2025-01-06 16:41:42,461 - INFO - PostgreSQL connection pool initialized.
2025-01-06 16:41:42,646 - INFO - S3Manager initialized for bucket militaria-images
2025-01-06 16:41:43,779 - INFO - 
------------------------------------------------------------
                 AVAILABILITY CHECK #0 INITIATED 
                     2025-01-06 16:41:43.779214          
------------------------------------------------------------
2025-01-06 16:41:43,789 - ERROR - Error during availability check loop: JsonManager.validate_json_profile() takes 1 positional argument but 2 were given
2025-01-06 16:41:48,951 - INFO - 
------------------------------------------------------------
                    NEW INSTANCE STARTED                    
------------------------------------------------------------
2025-01-06 16:41:48,951 - INFO - MILITARIA SITE      : MILITARIA_PLAZA
2025-01-06 16:41:48,951 - INFO - PRODUCTS URL        : https://militariaplaza.nl/archive-38/results,0
2025-01-06 16:41:48,953 - INFO - CYCLES RUN          : 0
2025-01-06 16:41:48,953 - INFO - PRODUCTS PROCESSED  : 0
2025-01-06 16:41:48,953 - INFO - TIMESTAMP           : 2025-01-06 16:41:48.951561
2025-01-06 16:41:48,953 - ERROR - Error processing product: '>=' not supported between instances of 'int' and 'NoneType'
2025-01-06 16:41:48,953 - ERROR - Error processing product: '>=' not supported between instances of 'int' and 'NoneType'
2025-01-06 16:41:48,953 - ERROR - Error processing product: '>=' not supported between instances of 'int' and 'NoneType'
2025-01-06 16:41:48,953 - ERROR - Error processing product: '>=' not supported between instances of 'int' and 'NoneType'
2025-01-06 16:41:48,954 - ERROR - Error processing product: '>=' not supported between instances of 'int' and 'NoneType'
2025-01-06 16:41:48,954 - ERROR - Error processing product: '>=' not supported between instances of 'int' and 'NoneType'
2025-01-06 16:41:48,954 - ERROR - Error processing product: '>=' not supported between instances of 'int' and 'NoneType'
2025-01-06 16:41:48,954 - ERROR - Error processing product: '>=' not supported between instances of 'int' and 'NoneType'
2025-01-06 16:41:48,954 - ERROR - Error processing product: '>=' not supported between instances of 'int' and 'NoneType'
2025-01-06 16:41:48,954 - ERROR - Error processing product: '>=' not supported between instances of 'int' and 'NoneType'
2025-01-06 16:41:48,954 - ERROR - Error processing product: '>=' not supported between instances of 'int' and 'NoneType'
2025-01-06 16:41:48,954 - ERROR - Error processing product: '>=' not supported between instances of 'int' and 'NoneType'
2025-01-06 16:41:48,954 - ERROR - Error processing product: '>=' not supported between instances of 'int' and 'NoneType'
2025-01-06 16:41:48,954 - ERROR - Error processing product: '>=' not supported between instances of 'int' and 'NoneType'
2025-01-06 16:41:48,954 - ERROR - Error processing product: '>=' not supported between instances of 'int' and 'NoneType'
2025-01-06 16:41:48,954 - ERROR - Error processing product: '>=' not supported between instances of 'int' and 'NoneType'
2025-01-06 16:41:48,955 - ERROR - Error processing product: '>=' not supported between instances of 'int' and 'NoneType'
2025-01-06 16:41:48,955 - ERROR - Error processing product: '>=' not supported between instances of 'int' and 'NoneType'
2025-01-06 16:41:48,955 - ERROR - Error processing product: '>=' not supported between instances of 'int' and 'NoneType'
2025-01-06 16:41:48,955 - ERROR - Error processing product: '>=' not supported between instances of 'int' and 'NoneType'
2025-01-06 16:41:48,955 - ERROR - Error processing product: '>=' not supported between instances of 'int' and 'NoneType'
2025-01-06 16:41:48,955 - ERROR - Error processing product: '>=' not supported between instances of 'int' and 'NoneType'
2025-01-06 16:41:48,955 - ERROR - Error processing product: '>=' not supported between instances of 'int' and 'NoneType'
2025-01-06 16:41:48,955 - ERROR - Error processing product: '>=' not supported between instances of 'int' and 'NoneType'
2025-01-06 16:41:48,955 - ERROR - Error processing product: '>=' not supported between instances of 'int' and 'NoneType'
2025-01-06 16:41:48,956 - ERROR - Error processing product: '>=' not supported between instances of 'int' and 'NoneType'
2025-01-06 16:41:48,956 - ERROR - Error processing product: '>=' not supported between instances of 'int' and 'NoneType'
2025-01-06 16:41:48,956 - ERROR - Error processing product: '>=' not supported between instances of 'int' and 'NoneType'
2025-01-06 16:41:48,956 - ERROR - Error processing product: '>=' not supported between instances of 'int' and 'NoneType'
2025-01-06 16:41:48,956 - ERROR - Error processing product: '>=' not supported between instances of 'int' and 'NoneType'
2025-01-06 16:41:48,956 - ERROR - Error processing product: '>=' not supported between instances of 'int' and 'NoneType'
2025-01-06 16:41:48,956 - ERROR - Error processing product: '>=' not supported between instances of 'int' and 'NoneType'
2025-01-06 16:41:48,956 - ERROR - Error processing product: '>=' not supported between instances of 'int' and 'NoneType'
2025-01-06 16:41:48,957 - ERROR - Error processing product: '>=' not supported between instances of 'int' and 'NoneType'
2025-01-06 16:41:48,957 - ERROR - Error processing product: '>=' not supported between instances of 'int' and 'NoneType'
2025-01-06 16:41:48,957 - ERROR - Error processing product: '>=' not supported between instances of 'int' and 'NoneType'
2025-01-06 16:41:48,957 - ERROR - Error processing product: '>=' not supported between instances of 'int' and 'NoneType'
2025-01-06 16:41:48,957 - ERROR - Error processing product: '>=' not supported between instances of 'int' and 'NoneType'
2025-01-06 16:41:48,957 - ERROR - Error processing product: '>=' not supported between instances of 'int' and 'NoneType'
2025-01-06 16:41:48,957 - ERROR - Error processing product: '>=' not supported between instances of 'int' and 'NoneType'
2025-01-06 16:41:48,958 - ERROR - Error processing product: '>=' not supported between instances of 'int' and 'NoneType'
2025-01-06 16:41:48,958 - ERROR - Error processing product: '>=' not supported between instances of 'int' and 'NoneType'
2025-01-06 16:41:48,958 - ERROR - Error processing product: '>=' not supported between instances of 'int' and 'NoneType'
2025-01-06 16:41:48,958 - ERROR - Error processing product: '>=' not supported between instances of 'int' and 'NoneType'
2025-01-06 16:41:48,958 - ERROR - Error processing product: '>=' not supported between instances of 'int' and 'NoneType'
2025-01-06 16:41:48,958 - ERROR - Error processing product: '>=' not supported between instances of 'int' and 'NoneType'
2025-01-06 16:41:48,958 - ERROR - Error processing product: '>=' not supported between instances of 'int' and 'NoneType'
2025-01-06 16:41:48,958 - ERROR - Error processing product: '>=' not supported between instances of 'int' and 'NoneType'
2025-01-06 16:41:48,959 - ERROR - Error processing product: '>=' not supported between instances of 'int' and 'NoneType'
2025-01-06 16:41:48,959 - ERROR - Error processing product: '>=' not supported between instances of 'int' and 'NoneType'
2025-01-06 16:41:50,701 - INFO - 
------------------------------------------------------------
                    NEW INSTANCE STARTED                    
------------------------------------------------------------
2025-01-06 16:41:50,702 - INFO - MILITARIA SITE      : MILITARIA_PLAZA
2025-01-06 16:41:50,702 - INFO - PRODUCTS URL        : https://militariaplaza.nl/archive-38/results,50
2025-01-06 16:41:50,702 - INFO - CYCLES RUN          : 0
2025-01-06 16:41:50,702 - INFO - PRODUCTS PROCESSED  : 0
2025-01-06 16:41:50,702 - INFO - TIMESTAMP           : 2025-01-06 16:41:50.701910
2025-01-06 16:41:50,703 - ERROR - Error processing product: '>=' not supported between instances of 'int' and 'NoneType'
2025-01-06 16:41:50,703 - ERROR - Error processing product: '>=' not supported between instances of 'int' and 'NoneType'
2025-01-06 16:41:50,703 - ERROR - Error processing product: '>=' not supported between instances of 'int' and 'NoneType'
2025-01-06 16:41:50,703 - ERROR - Error processing product: '>=' not supported between instances of 'int' and 'NoneType'
2025-01-06 16:41:50,703 - ERROR - Error processing product: '>=' not supported between instances of 'int' and 'NoneType'
2025-01-06 16:41:50,703 - ERROR - Error processing product: '>=' not supported between instances of 'int' and 'NoneType'
2025-01-06 16:41:50,703 - ERROR - Error processing product: '>=' not supported between instances of 'int' and 'NoneType'
2025-01-06 16:41:50,703 - ERROR - Error processing product: '>=' not supported between instances of 'int' and 'NoneType'
2025-01-06 16:41:50,703 - ERROR - Error processing product: '>=' not supported between instances of 'int' and 'NoneType'
2025-01-06 16:41:50,703 - ERROR - Error processing product: '>=' not supported between instances of 'int' and 'NoneType'
2025-01-06 16:41:50,705 - ERROR - Error processing product: '>=' not supported between instances of 'int' and 'NoneType'
2025-01-06 16:41:50,705 - ERROR - Error processing product: '>=' not supported between instances of 'int' and 'NoneType'
2025-01-06 16:41:50,705 - ERROR - Error processing product: '>=' not supported between instances of 'int' and 'NoneType'
2025-01-06 16:41:50,705 - ERROR - Error processing product: '>=' not supported between instances of 'int' and 'NoneType'
2025-01-06 16:41:50,705 - ERROR - Error processing product: '>=' not supported between instances of 'int' and 'NoneType'
2025-01-06 16:41:50,705 - ERROR - Error processing product: '>=' not supported between instances of 'int' and 'NoneType'
2025-01-06 16:41:50,705 - ERROR - Error processing product: '>=' not supported between instances of 'int' and 'NoneType'
2025-01-06 16:41:50,705 - ERROR - Error processing product: '>=' not supported between instances of 'int' and 'NoneType'
2025-01-06 16:41:50,705 - ERROR - Error processing product: '>=' not supported between instances of 'int' and 'NoneType'
2025-01-06 16:41:50,706 - ERROR - Error processing product: '>=' not supported between instances of 'int' and 'NoneType'
2025-01-06 16:41:50,706 - ERROR - Error processing product: '>=' not supported between instances of 'int' and 'NoneType'
2025-01-06 16:41:50,706 - ERROR - Error processing product: '>=' not supported between instances of 'int' and 'NoneType'
2025-01-06 16:41:50,706 - ERROR - Error processing product: '>=' not supported between instances of 'int' and 'NoneType'
2025-01-06 16:41:50,706 - ERROR - Error processing product: '>=' not supported between instances of 'int' and 'NoneType'
2025-01-06 16:41:50,706 - ERROR - Error processing product: '>=' not supported between instances of 'int' and 'NoneType'
2025-01-06 16:41:50,706 - ERROR - Error processing product: '>=' not supported between instances of 'int' and 'NoneType'
2025-01-06 16:41:50,706 - ERROR - Error processing product: '>=' not supported between instances of 'int' and 'NoneType'
2025-01-06 16:41:50,707 - ERROR - Error processing product: '>=' not supported between instances of 'int' and 'NoneType'
2025-01-06 16:41:50,707 - ERROR - Error processing product: '>=' not supported between instances of 'int' and 'NoneType'
2025-01-06 16:41:50,707 - ERROR - Error processing product: '>=' not supported between instances of 'int' and 'NoneType'
2025-01-06 16:41:50,707 - ERROR - Error processing product: '>=' not supported between instances of 'int' and 'NoneType'
2025-01-06 16:41:50,707 - ERROR - Error processing product: '>=' not supported between instances of 'int' and 'NoneType'
2025-01-06 16:41:50,707 - ERROR - Error processing product: '>=' not supported between instances of 'int' and 'NoneType'
2025-01-06 16:41:50,707 - ERROR - Error processing product: '>=' not supported between instances of 'int' and 'NoneType'
2025-01-06 16:41:50,708 - ERROR - Error processing product: '>=' not supported between instances of 'int' and 'NoneType'
2025-01-06 16:41:50,708 - ERROR - Error processing product: '>=' not supported between instances of 'int' and 'NoneType'
2025-01-06 16:41:50,708 - ERROR - Error processing product: '>=' not supported between instances of 'int' and 'NoneType'
2025-01-06 16:41:50,708 - ERROR - Error processing product: '>=' not supported between instances of 'int' and 'NoneType'
2025-01-06 16:41:50,708 - ERROR - Error processing product: '>=' not supported between instances of 'int' and 'NoneType'
2025-01-06 16:41:50,708 - ERROR - Error processing product: '>=' not supported between instances of 'int' and 'NoneType'
2025-01-06 16:41:50,708 - ERROR - Error processing product: '>=' not supported between instances of 'int' and 'NoneType'
2025-01-06 16:41:50,708 - ERROR - Error processing product: '>=' not supported between instances of 'int' and 'NoneType'
2025-01-06 16:41:50,709 - ERROR - Error processing product: '>=' not supported between instances of 'int' and 'NoneType'
2025-01-06 16:41:50,709 - ERROR - Error processing product: '>=' not supported between instances of 'int' and 'NoneType'
2025-01-06 16:41:50,709 - ERROR - Error processing product: '>=' not supported between instances of 'int' and 'NoneType'
2025-01-06 16:41:50,709 - ERROR - Error processing product: '>=' not supported between instances of 'int' and 'NoneType'
2025-01-06 16:41:50,709 - ERROR - Error processing product: '>=' not supported between instances of 'int' and 'NoneType'
2025-01-06 16:41:50,709 - ERROR - Error processing product: '>=' not supported between instances of 'int' and 'NoneType'
2025-01-06 16:41:50,709 - ERROR - Error processing product: '>=' not supported between instances of 'int' and 'NoneType'
2025-01-06 16:41:50,709 - ERROR - Error processing product: '>=' not supported between instances of 'int' and 'NoneType'
2025-01-06 16:41:52,287 - INFO - 
------------------------------------------------------------
                    NEW INSTANCE STARTED                    
------------------------------------------------------------
2025-01-06 16:41:52,288 - INFO - MILITARIA SITE      : MILITARIA_PLAZA
2025-01-06 16:41:52,288 - INFO - PRODUCTS URL        : https://militariaplaza.nl/archive-38/results,100
2025-01-06 16:41:52,288 - INFO - CYCLES RUN          : 0
2025-01-06 16:41:52,288 - INFO - PRODUCTS PROCESSED  : 0
2025-01-06 16:41:52,288 - INFO - TIMESTAMP           : 2025-01-06 16:41:52.287699
2025-01-06 16:41:52,288 - ERROR - Error processing product: '>=' not supported between instances of 'int' and 'NoneType'
2025-01-06 16:41:52,288 - ERROR - Error processing product: '>=' not supported between instances of 'int' and 'NoneType'
2025-01-06 16:41:52,289 - ERROR - Error processing product: '>=' not supported between instances of 'int' and 'NoneType'
2025-01-06 16:41:52,289 - ERROR - Error processing product: '>=' not supported between instances of 'int' and 'NoneType'
2025-01-06 16:41:52,289 - ERROR - Error processing product: '>=' not supported between instances of 'int' and 'NoneType'
2025-01-06 16:41:52,289 - ERROR - Error processing product: '>=' not supported between instances of 'int' and 'NoneType'
2025-01-06 16:41:52,289 - ERROR - Error processing product: '>=' not supported between instances of 'int' and 'NoneType'
2025-01-06 16:41:52,289 - ERROR - Error processing product: '>=' not supported between instances of 'int' and 'NoneType'
2025-01-06 16:41:52,289 - ERROR - Error processing product: '>=' not supported between instances of 'int' and 'NoneType'
2025-01-06 16:41:52,289 - ERROR - Error processing product: '>=' not supported between instances of 'int' and 'NoneType'
2025-01-06 16:41:52,290 - ERROR - Error processing product: '>=' not supported between instances of 'int' and 'NoneType'
2025-01-06 16:41:52,290 - ERROR - Error processing product: '>=' not supported between instances of 'int' and 'NoneType'
2025-01-06 16:41:52,290 - ERROR - Error processing product: '>=' not supported between instances of 'int' and 'NoneType'
2025-01-06 16:41:52,290 - ERROR - Error processing product: '>=' not supported between instances of 'int' and 'NoneType'
2025-01-06 16:41:52,290 - ERROR - Error processing product: '>=' not supported between instances of 'int' and 'NoneType'
2025-01-06 16:41:52,290 - ERROR - Error processing product: '>=' not supported between instances of 'int' and 'NoneType'
2025-01-06 16:41:52,290 - ERROR - Error processing product: '>=' not supported between instances of 'int' and 'NoneType'
2025-01-06 16:41:52,290 - ERROR - Error processing product: '>=' not supported between instances of 'int' and 'NoneType'
2025-01-06 16:41:52,291 - ERROR - Error processing product: '>=' not supported between instances of 'int' and 'NoneType'
2025-01-06 16:41:52,291 - ERROR - Error processing product: '>=' not supported between instances of 'int' and 'NoneType'
2025-01-06 16:41:52,291 - ERROR - Error processing product: '>=' not supported between instances of 'int' and 'NoneType'
2025-01-06 16:41:52,291 - ERROR - Error processing product: '>=' not supported between instances of 'int' and 'NoneType'
2025-01-06 16:41:52,291 - ERROR - Error processing product: '>=' not supported between instances of 'int' and 'NoneType'
2025-01-06 16:41:52,291 - ERROR - Error processing product: '>=' not supported between instances of 'int' and 'NoneType'
2025-01-06 16:41:52,291 - ERROR - Error processing product: '>=' not supported between instances of 'int' and 'NoneType'
2025-01-06 16:41:52,291 - ERROR - Error processing product: '>=' not supported between instances of 'int' and 'NoneType'
2025-01-06 16:41:52,291 - ERROR - Error processing product: '>=' not supported between instances of 'int' and 'NoneType'
2025-01-06 16:41:52,291 - ERROR - Error processing product: '>=' not supported between instances of 'int' and 'NoneType'
2025-01-06 16:41:52,292 - ERROR - Error processing product: '>=' not supported between instances of 'int' and 'NoneType'
2025-01-06 16:41:52,292 - ERROR - Error processing product: '>=' not supported between instances of 'int' and 'NoneType'
2025-01-06 16:41:52,292 - ERROR - Error processing product: '>=' not supported between instances of 'int' and 'NoneType'
2025-01-06 16:41:52,292 - ERROR - Error processing product: '>=' not supported between instances of 'int' and 'NoneType'
2025-01-06 16:41:52,292 - ERROR - Error processing product: '>=' not supported between instances of 'int' and 'NoneType'
2025-01-06 16:41:52,292 - ERROR - Error processing product: '>=' not supported between instances of 'int' and 'NoneType'
2025-01-06 16:41:52,292 - ERROR - Error processing product: '>=' not supported between instances of 'int' and 'NoneType'
2025-01-06 16:41:52,292 - ERROR - Error processing product: '>=' not supported between instances of 'int' and 'NoneType'
2025-01-06 16:41:52,292 - ERROR - Error processing product: '>=' not supported between instances of 'int' and 'NoneType'
2025-01-06 16:41:52,292 - ERROR - Error processing product: '>=' not supported between instances of 'int' and 'NoneType'
2025-01-06 16:41:52,293 - ERROR - Error processing product: '>=' not supported between instances of 'int' and 'NoneType'
2025-01-06 16:41:52,293 - ERROR - Error processing product: '>=' not supported between instances of 'int' and 'NoneType'
2025-01-06 16:41:52,293 - ERROR - Error processing product: '>=' not supported between instances of 'int' and 'NoneType'
2025-01-06 16:41:52,293 - ERROR - Error processing product: '>=' not supported between instances of 'int' and 'NoneType'
2025-01-06 16:41:52,293 - ERROR - Error processing product: '>=' not supported between instances of 'int' and 'NoneType'
2025-01-06 16:41:52,293 - ERROR - Error processing product: '>=' not supported between instances of 'int' and 'NoneType'
2025-01-06 16:41:52,294 - ERROR - Error processing product: '>=' not supported between instances of 'int' and 'NoneType'
2025-01-06 16:41:52,294 - ERROR - Error processing product: '>=' not supported between instances of 'int' and 'NoneType'
2025-01-06 16:41:52,294 - ERROR - Error processing product: '>=' not supported between instances of 'int' and 'NoneType'
2025-01-06 16:41:52,294 - ERROR - Error processing product: '>=' not supported between instances of 'int' and 'NoneType'
2025-01-06 16:41:52,294 - ERROR - Error processing product: '>=' not supported between instances of 'int' and 'NoneType'
2025-01-06 16:41:52,294 - ERROR - Error processing product: '>=' not supported between instances of 'int' and 'NoneType'
