2025-01-06 16:11:11,564 - INFO - Logging initialized. Log file: logs\2025-01-06_instance_2.log
2025-01-06 16:11:14,380 - WARNING - 
------------------------------------------------------------
PROGRAM INITIALIZED 2025-01-06 16:11:14.380332
------------------------------------------------------------
2025-01-06 16:11:19,543 - INFO - PostgreSQL connection pool initialized.
2025-01-06 16:11:20,055 - INFO - S3Manager initialized for bucket militaria-images
2025-01-06 16:11:21,212 - INFO - 
------------------------------------------------------------
                 AVAILABILITY CHECK #0 INITIATED 
                     2025-01-06 16:11:21.212698          
------------------------------------------------------------
2025-01-06 16:11:21,215 - ERROR - Error during availability check loop: JsonManager.validate_json_profile() takes 1 positional argument but 2 were given
2025-01-06 16:11:25,428 - INFO - 
------------------------------------------------------------
                    NEW INSTANCE STARTED                    
------------------------------------------------------------
2025-01-06 16:11:25,428 - INFO - MILITARIA SITE      : SEAFORTH_MILITARY_COLLECTABLES
2025-01-06 16:11:25,428 - INFO - PRODUCTS URL        : https://seaforthmilitaria.com/shop.php?pg=0
2025-01-06 16:11:25,429 - INFO - CYCLES RUN          : 0
2025-01-06 16:11:25,429 - INFO - PRODUCTS PROCESSED  : 0
2025-01-06 16:11:25,429 - INFO - TIMESTAMP           : 2025-01-06 16:11:25.428701
2025-01-06 16:11:25,429 - ERROR - Error processing product: '>=' not supported between instances of 'int' and 'NoneType'
2025-01-06 16:11:25,429 - ERROR - Error processing product: '>=' not supported between instances of 'int' and 'NoneType'
2025-01-06 16:11:25,430 - ERROR - Error processing product: '>=' not supported between instances of 'int' and 'NoneType'
2025-01-06 16:11:25,430 - ERROR - Error processing product: '>=' not supported between instances of 'int' and 'NoneType'
2025-01-06 16:11:25,430 - ERROR - Error processing product: '>=' not supported between instances of 'int' and 'NoneType'
2025-01-06 16:11:25,430 - ERROR - Error processing product: '>=' not supported between instances of 'int' and 'NoneType'
2025-01-06 16:11:25,430 - ERROR - Error processing product: '>=' not supported between instances of 'int' and 'NoneType'
2025-01-06 16:11:25,430 - ERROR - Error processing product: '>=' not supported between instances of 'int' and 'NoneType'
2025-01-06 16:11:25,430 - ERROR - Error processing product: '>=' not supported between instances of 'int' and 'NoneType'
2025-01-06 16:11:25,431 - ERROR - Error processing product: '>=' not supported between instances of 'int' and 'NoneType'
2025-01-06 16:11:25,772 - INFO - 
------------------------------------------------------------
                    NEW INSTANCE STARTED                    
------------------------------------------------------------
2025-01-06 16:11:25,772 - INFO - MILITARIA SITE      : SEAFORTH_MILITARY_COLLECTABLES
2025-01-06 16:11:25,773 - INFO - PRODUCTS URL        : https://seaforthmilitaria.com/shop.php?pg=1
2025-01-06 16:11:25,773 - INFO - CYCLES RUN          : 0
2025-01-06 16:11:25,773 - INFO - PRODUCTS PROCESSED  : 0
2025-01-06 16:11:25,773 - INFO - TIMESTAMP           : 2025-01-06 16:11:25.772097
2025-01-06 16:11:25,774 - ERROR - Error processing product: '>=' not supported between instances of 'int' and 'NoneType'
2025-01-06 16:11:25,774 - ERROR - Error processing product: '>=' not supported between instances of 'int' and 'NoneType'
2025-01-06 16:11:25,774 - ERROR - Error processing product: '>=' not supported between instances of 'int' and 'NoneType'
2025-01-06 16:11:25,774 - ERROR - Error processing product: '>=' not supported between instances of 'int' and 'NoneType'
2025-01-06 16:11:25,774 - ERROR - Error processing product: '>=' not supported between instances of 'int' and 'NoneType'
2025-01-06 16:11:25,774 - ERROR - Error processing product: '>=' not supported between instances of 'int' and 'NoneType'
2025-01-06 16:11:25,775 - ERROR - Error processing product: '>=' not supported between instances of 'int' and 'NoneType'
2025-01-06 16:11:25,775 - ERROR - Error processing product: '>=' not supported between instances of 'int' and 'NoneType'
2025-01-06 16:11:25,775 - ERROR - Error processing product: '>=' not supported between instances of 'int' and 'NoneType'
2025-01-06 16:11:25,775 - ERROR - Error processing product: '>=' not supported between instances of 'int' and 'NoneType'
2025-01-06 16:11:26,113 - INFO - 
------------------------------------------------------------
                    NEW INSTANCE STARTED                    
------------------------------------------------------------
2025-01-06 16:11:26,113 - INFO - MILITARIA SITE      : SEAFORTH_MILITARY_COLLECTABLES
2025-01-06 16:11:26,114 - INFO - PRODUCTS URL        : https://seaforthmilitaria.com/shop.php?pg=2
2025-01-06 16:11:26,114 - INFO - CYCLES RUN          : 0
2025-01-06 16:11:26,114 - INFO - PRODUCTS PROCESSED  : 0
2025-01-06 16:11:26,114 - INFO - TIMESTAMP           : 2025-01-06 16:11:26.113228
2025-01-06 16:11:26,114 - ERROR - Error processing product: '>=' not supported between instances of 'int' and 'NoneType'
2025-01-06 16:11:26,114 - ERROR - Error processing product: '>=' not supported between instances of 'int' and 'NoneType'
2025-01-06 16:11:26,115 - ERROR - Error processing product: '>=' not supported between instances of 'int' and 'NoneType'
2025-01-06 16:11:26,115 - ERROR - Error processing product: '>=' not supported between instances of 'int' and 'NoneType'
2025-01-06 16:11:26,115 - ERROR - Error processing product: '>=' not supported between instances of 'int' and 'NoneType'
2025-01-06 16:11:26,115 - ERROR - Error processing product: '>=' not supported between instances of 'int' and 'NoneType'
2025-01-06 16:11:26,115 - ERROR - Error processing product: '>=' not supported between instances of 'int' and 'NoneType'
2025-01-06 16:11:26,115 - ERROR - Error processing product: '>=' not supported between instances of 'int' and 'NoneType'
2025-01-06 16:11:26,116 - ERROR - Error processing product: '>=' not supported between instances of 'int' and 'NoneType'
2025-01-06 16:11:26,116 - ERROR - Error processing product: '>=' not supported between instances of 'int' and 'NoneType'
2025-01-06 16:11:26,455 - INFO - 
------------------------------------------------------------
                    NEW INSTANCE STARTED                    
------------------------------------------------------------
2025-01-06 16:11:26,456 - INFO - MILITARIA SITE      : SEAFORTH_MILITARY_COLLECTABLES
2025-01-06 16:11:26,456 - INFO - PRODUCTS URL        : https://seaforthmilitaria.com/shop.php?pg=3
2025-01-06 16:11:26,456 - INFO - CYCLES RUN          : 0
2025-01-06 16:11:26,457 - INFO - PRODUCTS PROCESSED  : 0
2025-01-06 16:11:26,457 - INFO - TIMESTAMP           : 2025-01-06 16:11:26.455799
2025-01-06 16:11:26,457 - ERROR - Error processing product: '>=' not supported between instances of 'int' and 'NoneType'
2025-01-06 16:11:26,457 - ERROR - Error processing product: '>=' not supported between instances of 'int' and 'NoneType'
2025-01-06 16:11:26,457 - ERROR - Error processing product: '>=' not supported between instances of 'int' and 'NoneType'
2025-01-06 16:11:26,457 - ERROR - Error processing product: '>=' not supported between instances of 'int' and 'NoneType'
2025-01-06 16:11:26,458 - ERROR - Error processing product: '>=' not supported between instances of 'int' and 'NoneType'
2025-01-06 16:11:26,458 - ERROR - Error processing product: '>=' not supported between instances of 'int' and 'NoneType'
2025-01-06 16:11:26,458 - ERROR - Error processing product: '>=' not supported between instances of 'int' and 'NoneType'
2025-01-06 16:11:26,458 - ERROR - Error processing product: '>=' not supported between instances of 'int' and 'NoneType'
2025-01-06 16:11:26,458 - ERROR - Error processing product: '>=' not supported between instances of 'int' and 'NoneType'
2025-01-06 16:11:26,458 - ERROR - Error processing product: '>=' not supported between instances of 'int' and 'NoneType'
2025-01-06 16:11:26,801 - INFO - 
------------------------------------------------------------
                    NEW INSTANCE STARTED                    
------------------------------------------------------------
2025-01-06 16:11:26,802 - INFO - MILITARIA SITE      : SEAFORTH_MILITARY_COLLECTABLES
2025-01-06 16:11:26,802 - INFO - PRODUCTS URL        : https://seaforthmilitaria.com/shop.php?pg=4
2025-01-06 16:11:26,803 - INFO - CYCLES RUN          : 0
2025-01-06 16:11:26,803 - INFO - PRODUCTS PROCESSED  : 0
2025-01-06 16:11:26,803 - INFO - TIMESTAMP           : 2025-01-06 16:11:26.801912
2025-01-06 16:11:26,804 - ERROR - Error processing product: '>=' not supported between instances of 'int' and 'NoneType'
2025-01-06 16:11:26,804 - ERROR - Error processing product: '>=' not supported between instances of 'int' and 'NoneType'
2025-01-06 16:11:26,804 - ERROR - Error processing product: '>=' not supported between instances of 'int' and 'NoneType'
2025-01-06 16:11:26,804 - ERROR - Error processing product: '>=' not supported between instances of 'int' and 'NoneType'
2025-01-06 16:11:26,804 - ERROR - Error processing product: '>=' not supported between instances of 'int' and 'NoneType'
2025-01-06 16:11:26,804 - ERROR - Error processing product: '>=' not supported between instances of 'int' and 'NoneType'
2025-01-06 16:11:26,804 - ERROR - Error processing product: '>=' not supported between instances of 'int' and 'NoneType'
2025-01-06 16:11:26,804 - ERROR - Error processing product: '>=' not supported between instances of 'int' and 'NoneType'
2025-01-06 16:11:26,804 - ERROR - Error processing product: '>=' not supported between instances of 'int' and 'NoneType'
2025-01-06 16:11:26,805 - ERROR - Error processing product: '>=' not supported between instances of 'int' and 'NoneType'
2025-01-06 16:11:27,161 - INFO - 
------------------------------------------------------------
                    NEW INSTANCE STARTED                    
------------------------------------------------------------
2025-01-06 16:11:27,162 - INFO - MILITARIA SITE      : SEAFORTH_MILITARY_COLLECTABLES
2025-01-06 16:11:27,162 - INFO - PRODUCTS URL        : https://seaforthmilitaria.com/shop.php?pg=5
2025-01-06 16:11:27,162 - INFO - CYCLES RUN          : 0
2025-01-06 16:11:27,163 - INFO - PRODUCTS PROCESSED  : 0
2025-01-06 16:11:27,164 - INFO - TIMESTAMP           : 2025-01-06 16:11:27.161722
2025-01-06 16:11:27,164 - ERROR - Error processing product: '>=' not supported between instances of 'int' and 'NoneType'
2025-01-06 16:11:27,164 - ERROR - Error processing product: '>=' not supported between instances of 'int' and 'NoneType'
2025-01-06 16:11:27,164 - ERROR - Error processing product: '>=' not supported between instances of 'int' and 'NoneType'
2025-01-06 16:11:27,164 - ERROR - Error processing product: '>=' not supported between instances of 'int' and 'NoneType'
2025-01-06 16:11:27,164 - ERROR - Error processing product: '>=' not supported between instances of 'int' and 'NoneType'
2025-01-06 16:11:27,164 - ERROR - Error processing product: '>=' not supported between instances of 'int' and 'NoneType'
2025-01-06 16:11:27,164 - ERROR - Error processing product: '>=' not supported between instances of 'int' and 'NoneType'
2025-01-06 16:11:27,165 - ERROR - Error processing product: '>=' not supported between instances of 'int' and 'NoneType'
2025-01-06 16:11:27,165 - ERROR - Error processing product: '>=' not supported between instances of 'int' and 'NoneType'
2025-01-06 16:11:27,165 - ERROR - Error processing product: '>=' not supported between instances of 'int' and 'NoneType'
2025-01-06 16:11:27,502 - INFO - 
------------------------------------------------------------
                    NEW INSTANCE STARTED                    
------------------------------------------------------------
2025-01-06 16:11:27,503 - INFO - MILITARIA SITE      : SEAFORTH_MILITARY_COLLECTABLES
2025-01-06 16:11:27,504 - INFO - PRODUCTS URL        : https://seaforthmilitaria.com/shop.php?pg=6
2025-01-06 16:11:27,504 - INFO - CYCLES RUN          : 0
2025-01-06 16:11:27,504 - INFO - PRODUCTS PROCESSED  : 0
2025-01-06 16:11:27,504 - INFO - TIMESTAMP           : 2025-01-06 16:11:27.502800
2025-01-06 16:11:27,504 - ERROR - Error processing product: '>=' not supported between instances of 'int' and 'NoneType'
2025-01-06 16:11:27,504 - ERROR - Error processing product: '>=' not supported between instances of 'int' and 'NoneType'
2025-01-06 16:11:27,504 - ERROR - Error processing product: '>=' not supported between instances of 'int' and 'NoneType'
2025-01-06 16:11:27,505 - ERROR - Error processing product: '>=' not supported between instances of 'int' and 'NoneType'
2025-01-06 16:11:27,505 - ERROR - Error processing product: '>=' not supported between instances of 'int' and 'NoneType'
2025-01-06 16:11:27,505 - ERROR - Error processing product: '>=' not supported between instances of 'int' and 'NoneType'
2025-01-06 16:11:27,505 - ERROR - Error processing product: '>=' not supported between instances of 'int' and 'NoneType'
2025-01-06 16:11:27,505 - ERROR - Error processing product: '>=' not supported between instances of 'int' and 'NoneType'
2025-01-06 16:11:27,505 - ERROR - Error processing product: '>=' not supported between instances of 'int' and 'NoneType'
2025-01-06 16:11:27,505 - ERROR - Error processing product: '>=' not supported between instances of 'int' and 'NoneType'
