2025-01-03 11:12:40,493 - INFO - Logging initialized. Log file: logs\2025-01-03_instance_2.log
2025-01-03 11:12:44,139 - WARNING - 
------------------------------------------------------------
PROGRAM INITIALIZED 2025-01-03 11:12:44.139089
------------------------------------------------------------
2025-01-03 11:12:49,307 - INFO - PostgreSQL connection pool initialized.
2025-01-03 11:12:49,497 - INFO - S3Manager initialized for bucket militaria-images
2025-01-03 11:14:51,579 - INFO - 
------------------------------------------------------------
                    NEW INSTANCE STARTED                    
------------------------------------------------------------
2025-01-03 11:14:51,580 - INFO - MILITARIA SITE      : SEAFORTH_MILITARY_COLLECTABLES
2025-01-03 11:14:51,580 - INFO - PRODUCTS URL        : https://seaforthmilitaria.com/shop.php?pg=0
2025-01-03 11:14:51,580 - INFO - CYCLES RUN          : 0
2025-01-03 11:14:51,581 - INFO - PRODUCTS PROCESSED  : 0
2025-01-03 11:14:51,581 - INFO - TIMESTAMP           : 2025-01-03 11:14:51.579806
2025-01-03 11:14:52,053 - INFO - Skipping image upload for product: https://seaforthmilitaria.com/shop.php?code=52758 as images are already uploaded.
2025-01-03 11:14:52,519 - INFO - Skipping image upload for product: https://seaforthmilitaria.com/shop.php?code=52766 as images are already uploaded.
2025-01-03 11:14:52,985 - INFO - Skipping image upload for product: https://seaforthmilitaria.com/shop.php?code=52767 as images are already uploaded.
2025-01-03 11:14:53,451 - INFO - Skipping image upload for product: https://seaforthmilitaria.com/shop.php?code=52784 as images are already uploaded.
2025-01-03 11:14:53,913 - INFO - Skipping image upload for product: https://seaforthmilitaria.com/shop.php?code=52785 as images are already uploaded.
2025-01-03 11:14:54,384 - INFO - Skipping image upload for product: https://seaforthmilitaria.com/shop.php?code=52772 as images are already uploaded.
2025-01-03 11:14:54,850 - INFO - Skipping image upload for product: https://seaforthmilitaria.com/shop.php?code=52779 as images are already uploaded.
2025-01-03 11:14:55,318 - INFO - Skipping image upload for product: https://seaforthmilitaria.com/shop.php?code=52774 as images are already uploaded.
2025-01-03 11:14:55,784 - INFO - Skipping image upload for product: https://seaforthmilitaria.com/shop.php?code=52782 as images are already uploaded.
2025-01-03 11:14:56,252 - INFO - Skipping image upload for product: https://seaforthmilitaria.com/shop.php?code=52781 as images are already uploaded.
2025-01-03 11:14:56,581 - INFO - 
------------------------------------------------------------
                    NEW INSTANCE STARTED                    
------------------------------------------------------------
2025-01-03 11:14:56,582 - INFO - MILITARIA SITE      : SEAFORTH_MILITARY_COLLECTABLES
2025-01-03 11:14:56,582 - INFO - PRODUCTS URL        : https://seaforthmilitaria.com/shop.php?pg=1
2025-01-03 11:14:56,583 - INFO - CYCLES RUN          : 0
2025-01-03 11:14:56,583 - INFO - PRODUCTS PROCESSED  : 0
2025-01-03 11:14:56,583 - INFO - TIMESTAMP           : 2025-01-03 11:14:56.581464
2025-01-03 11:14:57,054 - INFO - Skipping image upload for product: https://seaforthmilitaria.com/shop.php?code=52758 as images are already uploaded.
2025-01-03 11:14:57,554 - INFO - Skipping image upload for product: https://seaforthmilitaria.com/shop.php?code=52766 as images are already uploaded.
2025-01-03 11:14:58,020 - INFO - Skipping image upload for product: https://seaforthmilitaria.com/shop.php?code=52767 as images are already uploaded.
2025-01-03 11:14:58,495 - INFO - Skipping image upload for product: https://seaforthmilitaria.com/shop.php?code=52784 as images are already uploaded.
2025-01-03 11:14:58,965 - INFO - Skipping image upload for product: https://seaforthmilitaria.com/shop.php?code=52785 as images are already uploaded.
2025-01-03 11:14:59,826 - INFO - Skipping image upload for product: https://seaforthmilitaria.com/shop.php?code=52772 as images are already uploaded.
2025-01-03 11:15:00,292 - INFO - Skipping image upload for product: https://seaforthmilitaria.com/shop.php?code=52779 as images are already uploaded.
2025-01-03 11:15:00,758 - INFO - Skipping image upload for product: https://seaforthmilitaria.com/shop.php?code=52774 as images are already uploaded.
2025-01-03 11:15:01,235 - INFO - Skipping image upload for product: https://seaforthmilitaria.com/shop.php?code=52782 as images are already uploaded.
2025-01-03 11:15:01,697 - INFO - Skipping image upload for product: https://seaforthmilitaria.com/shop.php?code=52781 as images are already uploaded.
2025-01-03 11:15:02,028 - INFO - 
------------------------------------------------------------
                    NEW INSTANCE STARTED                    
------------------------------------------------------------
2025-01-03 11:15:02,029 - INFO - MILITARIA SITE      : SEAFORTH_MILITARY_COLLECTABLES
2025-01-03 11:15:02,030 - INFO - PRODUCTS URL        : https://seaforthmilitaria.com/shop.php?pg=2
2025-01-03 11:15:02,030 - INFO - CYCLES RUN          : 0
2025-01-03 11:15:02,030 - INFO - PRODUCTS PROCESSED  : 0
2025-01-03 11:15:02,030 - INFO - TIMESTAMP           : 2025-01-03 11:15:02.028649
2025-01-03 11:15:07,066 - INFO - Uploaded to S3: SEAFORTH_MILITARY_COLLECTABLES/297008/297008-1.jpg
2025-01-03 11:15:09,592 - INFO - Uploaded to S3: SEAFORTH_MILITARY_COLLECTABLES/297008/297008-2.jpg
2025-01-03 11:15:10,546 - INFO - Product 'https://seaforthmilitaria.com/shop.php?code=52776' was updated or inserted successfully.
2025-01-03 11:15:11,333 - WARNING - Unable to retrieve product PRICE.
2025-01-03 11:15:11,333 - WARNING - AttributeError while evaluating price element: 'NoneType' object has no attribute 'group'
2025-01-03 11:15:13,923 - INFO - Uploaded to S3: SEAFORTH_MILITARY_COLLECTABLES/297009/297009-1.jpg
2025-01-03 11:15:16,314 - INFO - Uploaded to S3: SEAFORTH_MILITARY_COLLECTABLES/297009/297009-2.jpg
2025-01-03 11:15:18,844 - INFO - Uploaded to S3: SEAFORTH_MILITARY_COLLECTABLES/297009/297009-3.jpg
2025-01-03 11:15:21,283 - INFO - Uploaded to S3: SEAFORTH_MILITARY_COLLECTABLES/297009/297009-4.jpg
2025-01-03 11:15:22,715 - INFO - Product 'https://seaforthmilitaria.com/shop.php?code=52775' was updated or inserted successfully.
2025-01-03 11:15:23,510 - WARNING - Unable to retrieve product PRICE.
2025-01-03 11:15:23,510 - WARNING - AttributeError while evaluating price element: 'NoneType' object has no attribute 'group'
2025-01-03 11:15:26,054 - INFO - Uploaded to S3: SEAFORTH_MILITARY_COLLECTABLES/297010/297010-1.jpg
2025-01-03 11:15:28,211 - INFO - Uploaded to S3: SEAFORTH_MILITARY_COLLECTABLES/297010/297010-2.jpg
2025-01-03 11:15:30,368 - INFO - Uploaded to S3: SEAFORTH_MILITARY_COLLECTABLES/297010/297010-3.jpg
2025-01-03 11:15:31,806 - INFO - Product 'https://seaforthmilitaria.com/shop.php?code=52778' was updated or inserted successfully.
2025-01-03 11:15:32,602 - WARNING - Unable to retrieve product PRICE.
2025-01-03 11:15:32,602 - WARNING - AttributeError while evaluating price element: 'NoneType' object has no attribute 'group'
2025-01-03 11:15:35,140 - INFO - Uploaded to S3: SEAFORTH_MILITARY_COLLECTABLES/297011/297011-1.jpg
2025-01-03 11:15:36,600 - INFO - Product 'https://seaforthmilitaria.com/shop.php?code=52777' was updated or inserted successfully.
2025-01-03 11:15:37,408 - WARNING - Unable to retrieve product PRICE.
2025-01-03 11:15:37,409 - WARNING - AttributeError while evaluating price element: 'NoneType' object has no attribute 'group'
2025-01-03 11:15:40,408 - INFO - Uploaded to S3: SEAFORTH_MILITARY_COLLECTABLES/297012/297012-1.jpg
2025-01-03 11:15:42,804 - INFO - Uploaded to S3: SEAFORTH_MILITARY_COLLECTABLES/297012/297012-2.jpg
2025-01-03 11:15:45,275 - INFO - Uploaded to S3: SEAFORTH_MILITARY_COLLECTABLES/297012/297012-3.jpg
2025-01-03 11:15:46,752 - INFO - Product 'https://seaforthmilitaria.com/shop.php?code=52780' was updated or inserted successfully.
2025-01-03 11:15:47,222 - INFO - Skipping image upload for product: https://seaforthmilitaria.com/shop.php?code=52745 as images are already uploaded.
2025-01-03 11:15:47,685 - INFO - Skipping image upload for product: https://seaforthmilitaria.com/shop.php?code=52760 as images are already uploaded.
2025-01-03 11:15:48,148 - INFO - Skipping image upload for product: https://seaforthmilitaria.com/shop.php?code=52756 as images are already uploaded.
2025-01-03 11:15:48,612 - INFO - Skipping image upload for product: https://seaforthmilitaria.com/shop.php?code=52765 as images are already uploaded.
2025-01-03 11:15:49,079 - INFO - Skipping image upload for product: https://seaforthmilitaria.com/shop.php?code=52757 as images are already uploaded.
2025-01-03 11:15:49,427 - INFO - 
------------------------------------------------------------
                    NEW INSTANCE STARTED                    
------------------------------------------------------------
2025-01-03 11:15:49,428 - INFO - MILITARIA SITE      : SEAFORTH_MILITARY_COLLECTABLES
2025-01-03 11:15:49,429 - INFO - PRODUCTS URL        : https://seaforthmilitaria.com/shop.php?pg=3
2025-01-03 11:15:49,429 - INFO - CYCLES RUN          : 0
2025-01-03 11:15:49,429 - INFO - PRODUCTS PROCESSED  : 0
2025-01-03 11:15:49,429 - INFO - TIMESTAMP           : 2025-01-03 11:15:49.427882
2025-01-03 11:15:50,059 - INFO - Skipping image upload for product: https://seaforthmilitaria.com/shop.php?code=52761 as images are already uploaded.
2025-01-03 11:15:50,526 - INFO - Skipping image upload for product: https://seaforthmilitaria.com/shop.php?code=52769 as images are already uploaded.
2025-01-03 11:15:50,996 - INFO - Skipping image upload for product: https://seaforthmilitaria.com/shop.php?code=52768 as images are already uploaded.
2025-01-03 11:15:51,463 - INFO - Skipping image upload for product: https://seaforthmilitaria.com/shop.php?code=52759 as images are already uploaded.
2025-01-03 11:15:51,926 - INFO - Skipping image upload for product: https://seaforthmilitaria.com/shop.php?code=52770 as images are already uploaded.
2025-01-03 11:15:52,399 - INFO - Skipping image upload for product: https://seaforthmilitaria.com/shop.php?code=52771 as images are already uploaded.
2025-01-03 11:15:52,865 - INFO - Skipping image upload for product: https://seaforthmilitaria.com/shop.php?code=52763 as images are already uploaded.
2025-01-03 11:15:53,335 - INFO - Skipping image upload for product: https://seaforthmilitaria.com/shop.php?code=52762 as images are already uploaded.
2025-01-03 11:15:53,796 - INFO - Skipping image upload for product: https://seaforthmilitaria.com/shop.php?code=52753 as images are already uploaded.
2025-01-03 11:15:54,257 - INFO - Skipping image upload for product: https://seaforthmilitaria.com/shop.php?code=52752 as images are already uploaded.
2025-01-03 11:15:54,584 - INFO - 
------------------------------------------------------------
                    NEW INSTANCE STARTED                    
------------------------------------------------------------
2025-01-03 11:15:54,584 - INFO - MILITARIA SITE      : SEAFORTH_MILITARY_COLLECTABLES
2025-01-03 11:15:54,585 - INFO - PRODUCTS URL        : https://seaforthmilitaria.com/shop.php?pg=4
2025-01-03 11:15:54,585 - INFO - CYCLES RUN          : 0
2025-01-03 11:15:54,585 - INFO - PRODUCTS PROCESSED  : 0
2025-01-03 11:15:54,585 - INFO - TIMESTAMP           : 2025-01-03 11:15:54.584203
2025-01-03 11:15:55,063 - INFO - Skipping image upload for product: https://seaforthmilitaria.com/shop.php?code=52755 as images are already uploaded.
2025-01-03 11:15:55,531 - INFO - Skipping image upload for product: https://seaforthmilitaria.com/shop.php?code=52754 as images are already uploaded.
2025-01-03 11:15:56,000 - INFO - Skipping image upload for product: https://seaforthmilitaria.com/shop.php?code=52748 as images are already uploaded.
2025-01-03 11:15:56,464 - INFO - Skipping image upload for product: https://seaforthmilitaria.com/shop.php?code=52749 as images are already uploaded.
2025-01-03 11:15:56,936 - INFO - Skipping image upload for product: https://seaforthmilitaria.com/shop.php?code=52750 as images are already uploaded.
2025-01-03 11:15:57,410 - INFO - Skipping image upload for product: https://seaforthmilitaria.com/shop.php?code=52744 as images are already uploaded.
2025-01-03 11:15:57,876 - INFO - Skipping image upload for product: https://seaforthmilitaria.com/shop.php?code=52746 as images are already uploaded.
2025-01-03 11:15:58,344 - INFO - Skipping image upload for product: https://seaforthmilitaria.com/shop.php?code=52751 as images are already uploaded.
2025-01-03 11:15:58,812 - INFO - Skipping image upload for product: https://seaforthmilitaria.com/shop.php?code=52741 as images are already uploaded.
2025-01-03 11:15:58,813 - WARNING - Target match count (25) reached. Terminating site processing.
2025-01-03 11:15:58,813 - INFO - 
------------------------------------------------------------
                    INSTANCE TERMINATED                     
------------------------------------------------------------
2025-01-03 11:15:58,813 - INFO - MILITARIA SITE      : SEAFORTH_MILITARY_COLLECTABLES
2025-01-03 11:15:58,814 - INFO - CONSECUTIVE MATCHES : 25 / 25
2025-01-03 11:15:58,814 - INFO - CYCLES RUN          : 0
2025-01-03 11:15:58,814 - INFO - PRODUCTS PROCESSED  : 0
2025-01-03 11:15:58,815 - INFO - TIMESTAMP           : 2025-01-03 11:15:58.813977
2025-01-03 11:15:58,815 - WARNING - Successfully processed site: SEAFORTH_MILITARY_COLLECTABLES
2025-01-03 11:16:00,361 - INFO - 
------------------------------------------------------------
                    NEW INSTANCE STARTED                    
------------------------------------------------------------
2025-01-03 11:16:00,362 - INFO - MILITARIA SITE      : SMI_MILITARIA
2025-01-03 11:16:00,362 - INFO - PRODUCTS URL        : https://smimilitaria.com/shop.php?pg=0
2025-01-03 11:16:00,362 - INFO - CYCLES RUN          : 0
2025-01-03 11:16:00,362 - INFO - PRODUCTS PROCESSED  : 0
2025-01-03 11:16:00,363 - INFO - TIMESTAMP           : 2025-01-03 11:16:00.361143
2025-01-03 11:16:00,829 - INFO - Skipping image upload for product: https://smimilitaria.com/shop.php?code=50387 as images are already uploaded.
2025-01-03 11:16:01,299 - INFO - Skipping image upload for product: https://smimilitaria.com/shop.php?code=50291 as images are already uploaded.
2025-01-03 11:16:01,768 - INFO - Skipping image upload for product: https://smimilitaria.com/shop.php?code=50534 as images are already uploaded.
2025-01-03 11:16:02,354 - INFO - Skipping image upload for product: https://smimilitaria.com/shop.php?code=50748 as images are already uploaded.
2025-01-03 11:16:02,831 - INFO - Skipping image upload for product: https://smimilitaria.com/shop.php?code=50747 as images are already uploaded.
2025-01-03 11:16:03,292 - INFO - Skipping image upload for product: https://smimilitaria.com/shop.php?code=50746 as images are already uploaded.
2025-01-03 11:16:03,760 - INFO - Skipping image upload for product: https://smimilitaria.com/shop.php?code=50741 as images are already uploaded.
2025-01-03 11:16:04,235 - INFO - Skipping image upload for product: https://smimilitaria.com/shop.php?code=50739 as images are already uploaded.
2025-01-03 11:16:04,729 - INFO - Skipping image upload for product: https://smimilitaria.com/shop.php?code=50738 as images are already uploaded.
2025-01-03 11:16:05,202 - INFO - Skipping image upload for product: https://smimilitaria.com/shop.php?code=50735 as images are already uploaded.
2025-01-03 11:16:05,537 - INFO - 
------------------------------------------------------------
                    NEW INSTANCE STARTED                    
------------------------------------------------------------
2025-01-03 11:16:05,537 - INFO - MILITARIA SITE      : SMI_MILITARIA
2025-01-03 11:16:05,537 - INFO - PRODUCTS URL        : https://smimilitaria.com/shop.php?pg=1
2025-01-03 11:16:05,537 - INFO - CYCLES RUN          : 0
2025-01-03 11:16:05,538 - INFO - PRODUCTS PROCESSED  : 0
2025-01-03 11:16:05,538 - INFO - TIMESTAMP           : 2025-01-03 11:16:05.537199
2025-01-03 11:16:06,007 - INFO - Skipping image upload for product: https://smimilitaria.com/shop.php?code=50387 as images are already uploaded.
2025-01-03 11:16:06,471 - INFO - Skipping image upload for product: https://smimilitaria.com/shop.php?code=50291 as images are already uploaded.
2025-01-03 11:16:06,934 - INFO - Skipping image upload for product: https://smimilitaria.com/shop.php?code=50534 as images are already uploaded.
2025-01-03 11:16:07,398 - INFO - Skipping image upload for product: https://smimilitaria.com/shop.php?code=50748 as images are already uploaded.
2025-01-03 11:16:07,884 - INFO - Skipping image upload for product: https://smimilitaria.com/shop.php?code=50747 as images are already uploaded.
2025-01-03 11:16:08,350 - INFO - Skipping image upload for product: https://smimilitaria.com/shop.php?code=50746 as images are already uploaded.
2025-01-03 11:16:08,816 - INFO - Skipping image upload for product: https://smimilitaria.com/shop.php?code=50741 as images are already uploaded.
2025-01-03 11:16:09,313 - INFO - Skipping image upload for product: https://smimilitaria.com/shop.php?code=50739 as images are already uploaded.
2025-01-03 11:16:09,793 - INFO - Skipping image upload for product: https://smimilitaria.com/shop.php?code=50738 as images are already uploaded.
2025-01-03 11:16:10,267 - INFO - Skipping image upload for product: https://smimilitaria.com/shop.php?code=50735 as images are already uploaded.
2025-01-03 11:16:10,604 - INFO - 
------------------------------------------------------------
                    NEW INSTANCE STARTED                    
------------------------------------------------------------
2025-01-03 11:16:10,605 - INFO - MILITARIA SITE      : SMI_MILITARIA
2025-01-03 11:16:10,605 - INFO - PRODUCTS URL        : https://smimilitaria.com/shop.php?pg=2
2025-01-03 11:16:10,606 - INFO - CYCLES RUN          : 0
2025-01-03 11:16:10,606 - INFO - PRODUCTS PROCESSED  : 0
2025-01-03 11:16:10,606 - INFO - TIMESTAMP           : 2025-01-03 11:16:10.604740
2025-01-03 11:16:11,077 - INFO - Skipping image upload for product: https://smimilitaria.com/shop.php?code=50734 as images are already uploaded.
2025-01-03 11:16:11,551 - INFO - Skipping image upload for product: https://smimilitaria.com/shop.php?code=50733 as images are already uploaded.
2025-01-03 11:16:12,019 - INFO - Skipping image upload for product: https://smimilitaria.com/shop.php?code=50732 as images are already uploaded.
2025-01-03 11:16:12,487 - INFO - Skipping image upload for product: https://smimilitaria.com/shop.php?code=50731 as images are already uploaded.
2025-01-03 11:16:12,968 - INFO - Skipping image upload for product: https://smimilitaria.com/shop.php?code=50730 as images are already uploaded.
2025-01-03 11:16:12,968 - WARNING - Target match count (25) reached. Terminating site processing.
2025-01-03 11:16:12,969 - INFO - 
------------------------------------------------------------
                    INSTANCE TERMINATED                     
------------------------------------------------------------
2025-01-03 11:16:12,969 - INFO - MILITARIA SITE      : SMI_MILITARIA
2025-01-03 11:16:12,969 - INFO - CONSECUTIVE MATCHES : 25 / 25
2025-01-03 11:16:12,969 - INFO - CYCLES RUN          : 0
2025-01-03 11:16:12,970 - INFO - PRODUCTS PROCESSED  : 0
2025-01-03 11:16:12,970 - INFO - TIMESTAMP           : 2025-01-03 11:16:12.969135
2025-01-03 11:16:12,970 - WARNING - Successfully processed site: SMI_MILITARIA
2025-01-03 11:16:14,528 - INFO - 
------------------------------------------------------------
                    NEW INSTANCE STARTED                    
------------------------------------------------------------
2025-01-03 11:16:14,529 - INFO - MILITARIA SITE      : SOLDIER_BEAR_MILITARIA
2025-01-03 11:16:14,529 - INFO - PRODUCTS URL        : https://soldierbearmilitaria.com/shop.php?pg=0
2025-01-03 11:16:14,529 - INFO - CYCLES RUN          : 0
2025-01-03 11:16:14,529 - INFO - PRODUCTS PROCESSED  : 0
2025-01-03 11:16:14,529 - INFO - TIMESTAMP           : 2025-01-03 11:16:14.528672
2025-01-03 11:16:15,001 - INFO - Skipping image upload for product: https://soldierbearmilitaria.com/shop.php?code=101 as images are already uploaded.
2025-01-03 11:16:15,468 - INFO - Skipping image upload for product: https://soldierbearmilitaria.com/shop.php?code=99 as images are already uploaded.
2025-01-03 11:16:15,945 - INFO - Skipping image upload for product: https://soldierbearmilitaria.com/shop.php?code=98 as images are already uploaded.
2025-01-03 11:16:16,410 - INFO - Skipping image upload for product: https://soldierbearmilitaria.com/shop.php?code=97 as images are already uploaded.
2025-01-03 11:16:16,896 - INFO - Skipping image upload for product: https://soldierbearmilitaria.com/shop.php?code=96 as images are already uploaded.
2025-01-03 11:16:17,364 - INFO - Skipping image upload for product: https://soldierbearmilitaria.com/shop.php?code=95 as images are already uploaded.
2025-01-03 11:16:17,830 - INFO - Skipping image upload for product: https://soldierbearmilitaria.com/shop.php?code=94 as images are already uploaded.
2025-01-03 11:16:18,293 - INFO - Skipping image upload for product: https://soldierbearmilitaria.com/shop.php?code=93 as images are already uploaded.
2025-01-03 11:16:18,760 - INFO - Skipping image upload for product: https://soldierbearmilitaria.com/shop.php?code=92 as images are already uploaded.
2025-01-03 11:16:19,244 - INFO - Skipping image upload for product: https://soldierbearmilitaria.com/shop.php?code=89 as images are already uploaded.
2025-01-03 11:16:19,574 - INFO - 
------------------------------------------------------------
                    NEW INSTANCE STARTED                    
------------------------------------------------------------
2025-01-03 11:16:19,574 - INFO - MILITARIA SITE      : SOLDIER_BEAR_MILITARIA
2025-01-03 11:16:19,574 - INFO - PRODUCTS URL        : https://soldierbearmilitaria.com/shop.php?pg=1
2025-01-03 11:16:19,575 - INFO - CYCLES RUN          : 0
2025-01-03 11:16:19,575 - INFO - PRODUCTS PROCESSED  : 0
2025-01-03 11:16:19,575 - INFO - TIMESTAMP           : 2025-01-03 11:16:19.574097
2025-01-03 11:16:20,040 - INFO - Skipping image upload for product: https://soldierbearmilitaria.com/shop.php?code=101 as images are already uploaded.
2025-01-03 11:16:20,507 - INFO - Skipping image upload for product: https://soldierbearmilitaria.com/shop.php?code=99 as images are already uploaded.
2025-01-03 11:16:20,975 - INFO - Skipping image upload for product: https://soldierbearmilitaria.com/shop.php?code=98 as images are already uploaded.
2025-01-03 11:16:21,439 - INFO - Skipping image upload for product: https://soldierbearmilitaria.com/shop.php?code=97 as images are already uploaded.
2025-01-03 11:16:21,915 - INFO - Skipping image upload for product: https://soldierbearmilitaria.com/shop.php?code=96 as images are already uploaded.
2025-01-03 11:16:22,390 - INFO - Skipping image upload for product: https://soldierbearmilitaria.com/shop.php?code=95 as images are already uploaded.
2025-01-03 11:16:22,853 - INFO - Skipping image upload for product: https://soldierbearmilitaria.com/shop.php?code=94 as images are already uploaded.
2025-01-03 11:16:23,323 - INFO - Skipping image upload for product: https://soldierbearmilitaria.com/shop.php?code=93 as images are already uploaded.
2025-01-03 11:16:23,789 - INFO - Skipping image upload for product: https://soldierbearmilitaria.com/shop.php?code=92 as images are already uploaded.
2025-01-03 11:16:24,259 - INFO - Skipping image upload for product: https://soldierbearmilitaria.com/shop.php?code=89 as images are already uploaded.
2025-01-03 11:16:24,590 - INFO - 
------------------------------------------------------------
                    NEW INSTANCE STARTED                    
------------------------------------------------------------
2025-01-03 11:16:24,590 - INFO - MILITARIA SITE      : SOLDIER_BEAR_MILITARIA
2025-01-03 11:16:24,590 - INFO - PRODUCTS URL        : https://soldierbearmilitaria.com/shop.php?pg=2
2025-01-03 11:16:24,591 - INFO - CYCLES RUN          : 0
2025-01-03 11:16:24,591 - INFO - PRODUCTS PROCESSED  : 0
2025-01-03 11:16:24,591 - INFO - TIMESTAMP           : 2025-01-03 11:16:24.590006
2025-01-03 11:16:25,062 - INFO - Skipping image upload for product: https://soldierbearmilitaria.com/shop.php?code=82 as images are already uploaded.
2025-01-03 11:16:25,530 - INFO - Skipping image upload for product: https://soldierbearmilitaria.com/shop.php?code=79 as images are already uploaded.
2025-01-03 11:16:25,998 - INFO - Skipping image upload for product: https://soldierbearmilitaria.com/shop.php?code=75 as images are already uploaded.
2025-01-03 11:16:26,464 - INFO - Skipping image upload for product: https://soldierbearmilitaria.com/shop.php?code=74 as images are already uploaded.
2025-01-03 11:16:26,935 - INFO - Skipping image upload for product: https://soldierbearmilitaria.com/shop.php?code=72 as images are already uploaded.
2025-01-03 11:16:26,936 - WARNING - Target match count (25) reached. Terminating site processing.
2025-01-03 11:16:26,936 - INFO - 
------------------------------------------------------------
                    INSTANCE TERMINATED                     
------------------------------------------------------------
2025-01-03 11:16:26,936 - INFO - MILITARIA SITE      : SOLDIER_BEAR_MILITARIA
2025-01-03 11:16:26,936 - INFO - CONSECUTIVE MATCHES : 25 / 25
2025-01-03 11:16:26,937 - INFO - CYCLES RUN          : 0
2025-01-03 11:16:26,937 - INFO - PRODUCTS PROCESSED  : 0
2025-01-03 11:16:26,937 - INFO - TIMESTAMP           : 2025-01-03 11:16:26.936150
2025-01-03 11:16:26,937 - WARNING - Successfully processed site: SOLDIER_BEAR_MILITARIA
2025-01-03 11:16:28,387 - INFO - 
------------------------------------------------------------
                    NEW INSTANCE STARTED                    
------------------------------------------------------------
2025-01-03 11:16:28,387 - INFO - MILITARIA SITE      : SPECIAL_BADGE_SERVICES
2025-01-03 11:16:28,387 - INFO - PRODUCTS URL        : https://specialbadgeservices.com/shop.php?pg=0
2025-01-03 11:16:28,388 - INFO - CYCLES RUN          : 0
2025-01-03 11:16:28,388 - INFO - PRODUCTS PROCESSED  : 0
2025-01-03 11:16:28,388 - INFO - TIMESTAMP           : 2025-01-03 11:16:28.387453
2025-01-03 11:16:28,860 - INFO - Skipping image upload for product: https://specialbadgeservices.com/shop.php?code=259 as images are already uploaded.
2025-01-03 11:16:29,364 - INFO - Skipping image upload for product: https://specialbadgeservices.com/shop.php?code=260 as images are already uploaded.
2025-01-03 11:16:29,839 - INFO - Skipping image upload for product: https://specialbadgeservices.com/shop.php?code=262 as images are already uploaded.
2025-01-03 11:16:30,309 - INFO - Skipping image upload for product: https://specialbadgeservices.com/shop.php?code=268 as images are already uploaded.
2025-01-03 11:16:30,778 - INFO - Skipping image upload for product: https://specialbadgeservices.com/shop.php?code=261 as images are already uploaded.
2025-01-03 11:16:31,239 - INFO - Skipping image upload for product: https://specialbadgeservices.com/shop.php?code=263 as images are already uploaded.
